2023-07-10 14:21:17,201 WARN (NacosLogging.java:64)- Load Logback Configuration of Nacos fail, message: org/slf4j/impl/StaticLoggerBinder
2023-07-10 14:21:17,206 WARN (NacosLogging.java:64)- Load Logback Configuration of Nacos fail, message: org/slf4j/impl/StaticLoggerBinder
2023-07-10 14:21:17,224 INFO (LocalConfigInfoProcessor.java:68)- LOCAL_SNAPSHOT_PATH:C:\Users\yisheng\nacos\config
2023-07-10 14:21:17,226 INFO (RpcClientFactory.java:94)- [RpcClientFactory] create a new rpc client of cc1463a3-8522-4d12-b1d3-00c0f5689148_config-0
2023-07-10 14:21:17,239 INFO (LoggerUtils.java:60)- [cc1463a3-8522-4d12-b1d3-00c0f5689148_config-0] Register server push request handler:com.alibaba.nacos.client.config.impl.ClientWorker$ConfigRpcTransportClient$$Lambda$651/0x0000000800fc7288
2023-07-10 14:21:17,245 INFO (LoggerUtils.java:60)- [cc1463a3-8522-4d12-b1d3-00c0f5689148_config-0] Register server push request handler:com.alibaba.nacos.client.config.impl.ClientWorker$ConfigRpcTransportClient$$Lambda$652/0x0000000800fc76a8
2023-07-10 14:21:17,246 INFO (LoggerUtils.java:60)- [cc1463a3-8522-4d12-b1d3-00c0f5689148_config-0] Registry connection listener to current client:com.alibaba.nacos.client.config.impl.ClientWorker$ConfigRpcTransportClient$1
2023-07-10 14:21:17,246 INFO (LoggerUtils.java:60)- [cc1463a3-8522-4d12-b1d3-00c0f5689148_config-0] RpcClient init, ServerListFactory = com.alibaba.nacos.client.config.impl.ClientWorker$ConfigRpcTransportClient$2
2023-07-10 14:21:17,254 INFO (LoggerUtils.java:60)- [cc1463a3-8522-4d12-b1d3-00c0f5689148_config-0] Try to connect to server on start up, server: {serverIp = '127.0.0.1', server main port = 8848}
2023-07-10 14:21:17,939 INFO (LoggerUtils.java:60)- [cc1463a3-8522-4d12-b1d3-00c0f5689148_config-0] Success to connect to server [127.0.0.1:8848] on start up, connectionId = 1688970077755_127.0.0.1_65007
2023-07-10 14:21:17,940 INFO (LoggerUtils.java:60)- [cc1463a3-8522-4d12-b1d3-00c0f5689148_config-0] Notify connected event to listeners.
2023-07-10 14:21:17,940 INFO (LoggerUtils.java:60)- [cc1463a3-8522-4d12-b1d3-00c0f5689148_config-0] Register server push request handler:com.alibaba.nacos.common.remote.client.RpcClient$ConnectResetRequestHandler
2023-07-10 14:21:17,940 INFO (ClientWorker.java:638)- [cc1463a3-8522-4d12-b1d3-00c0f5689148_config-0] Connected,notify listen context...
2023-07-10 14:21:17,940 INFO (LoggerUtils.java:60)- [cc1463a3-8522-4d12-b1d3-00c0f5689148_config-0] Register server push request handler:com.alibaba.nacos.common.remote.client.RpcClient$$Lambda$671/0x00000008010f6be0
2023-07-10 14:21:17,968 INFO (Limiter.java:62)- limitTime:5.0
2023-07-10 14:21:17,980 INFO (JvmUtil.java:54)- isMultiInstance:false
2023-07-10 14:21:17,994 WARN (NacosPropertySourceBuilder.java:87)- Ignore the empty nacos configuration and get it based on dataId[novel-rabbitmq.yml] & group[DEFAULT_GROUP]
2023-07-10 14:21:18,000 WARN (NacosPropertySourceBuilder.java:87)- Ignore the empty nacos configuration and get it based on dataId[novel-news-service] & group[DEFAULT_GROUP]
2023-07-10 14:21:18,006 WARN (NacosPropertySourceBuilder.java:87)- Ignore the empty nacos configuration and get it based on dataId[novel-news-service.yml] & group[DEFAULT_GROUP]
2023-07-10 14:21:18,010 WARN (NacosPropertySourceBuilder.java:87)- Ignore the empty nacos configuration and get it based on dataId[novel-news-service-common.yml] & group[DEFAULT_GROUP]
2023-07-10 14:21:18,016 WARN (NacosPropertySourceBuilder.java:87)- Ignore the empty nacos configuration and get it based on dataId[novel-news-service-dev.yml] & group[DEFAULT_GROUP]
2023-07-10 14:21:18,017 INFO (PropertySourceBootstrapConfiguration.java:108)- Located property source: [BootstrapPropertySource {name='bootstrapProperties-novel-news-service-dev.yml,DEFAULT_GROUP'}, BootstrapPropertySource {name='bootstrapProperties-novel-news-service-common.yml,DEFAULT_GROUP'}, BootstrapPropertySource {name='bootstrapProperties-novel-news-service.yml,DEFAULT_GROUP'}, BootstrapPropertySource {name='bootstrapProperties-novel-news-service,DEFAULT_GROUP'}, BootstrapPropertySource {name='bootstrapProperties-novel-rabbitmq.yml,DEFAULT_GROUP'}, BootstrapPropertySource {name='bootstrapProperties-novel-redis.yml,DEFAULT_GROUP'}, BootstrapPropertySource {name='bootstrapProperties-novel-mysql.yml,DEFAULT_GROUP'}]
2023-07-10 14:21:18,023 INFO (SpringApplication.java:638)- The following 2 profiles are active: "common", "dev"
2023-07-10 14:21:19,103 INFO (RepositoryConfigurationDelegate.java:291)- Multiple Spring Data modules found, entering strict repository configuration mode
2023-07-10 14:21:19,106 INFO (RepositoryConfigurationDelegate.java:138)- Bootstrapping Spring Data Redis repositories in DEFAULT mode.
2023-07-10 14:21:19,125 INFO (RepositoryConfigurationDelegate.java:208)- Finished Spring Data repository scanning in 7 ms. Found 0 Redis repository interfaces.
2023-07-10 14:21:19,375 INFO (GenericScope.java:282)- BeanFactory id=38afff4e-7e52-32f0-b72a-41fc61bdfafd
2023-07-10 14:21:20,042 WARN (Bootstrap.java:68)- UT026010: Buffer pool was not set on WebSocketDeploymentInfo, the default pool will be used
2023-07-10 14:21:20,059 INFO (ServletContextImpl.java:372)- Initializing Spring embedded WebApplicationContext
2023-07-10 14:21:20,059 INFO (ServletWebServerApplicationContext.java:291)- Root WebApplicationContext: initialization completed in 2022 ms
2023-07-10 14:21:20,810 INFO (Version.java:41)- Redisson 3.19.1
2023-07-10 14:21:21,087 INFO (ConnectionPool.java:162)- 1 connections initialized for 127.0.0.1/127.0.0.1:6379
2023-07-10 14:21:21,115 INFO (ConnectionPool.java:162)- 24 connections initialized for 127.0.0.1/127.0.0.1:6379
2023-07-10 14:21:21,578 INFO (SentinelWebMvcConfigurer.java:52)- [Sentinel Starter] register SentinelWebInterceptor with urlPatterns: [/**].
2023-07-10 14:21:22,842 INFO (StdSchedulerFactory.java:1220)- Using default implementation for ThreadExecutor
2023-07-10 14:21:22,851 INFO (SchedulerSignalerImpl.java:61)- Initialized Scheduler Signaller of type: class org.quartz.core.SchedulerSignalerImpl
2023-07-10 14:21:22,852 INFO (QuartzScheduler.java:229)- Quartz Scheduler v.2.3.2 created.
2023-07-10 14:21:22,854 INFO (RAMJobStore.java:155)- RAMJobStore initialized.
2023-07-10 14:21:22,855 INFO (QuartzScheduler.java:294)- Scheduler meta-data: Quartz Scheduler (v2.3.2) 'quartzScheduler' with instanceId 'NON_CLUSTERED'
  Scheduler class: 'org.quartz.core.QuartzScheduler' - running locally.
  NOT STARTED.
  Currently in standby mode.
  Number of jobs executed: 0
  Using thread pool 'org.quartz.simpl.SimpleThreadPool' - with 10 threads.
  Using job-store 'org.quartz.simpl.RAMJobStore' - which does not support persistence. and is not clustered.

2023-07-10 14:21:22,855 INFO (StdSchedulerFactory.java:1374)- Quartz scheduler 'quartzScheduler' initialized from an externally provided properties instance.
2023-07-10 14:21:22,855 INFO (StdSchedulerFactory.java:1378)- Quartz scheduler version: 2.3.2
2023-07-10 14:21:22,855 INFO (QuartzScheduler.java:2293)- JobFactory set to: org.springframework.scheduling.quartz.SpringBeanJobFactory@29db9746
2023-07-10 14:21:23,322 INFO (EndpointLinksResolver.java:58)- Exposing 21 endpoint(s) beneath base path '/actuator'
2023-07-10 14:21:23,434 WARN (LocalVariableTableParameterNameDiscoverer.java:123)- Using deprecated '-debug' fallback for parameter name resolution. Compile the affected code with '-parameters' instead or avoid its introspection: org.springframework.amqp.rabbit.core.RabbitAdmin
2023-07-10 14:21:23,474 INFO (Undertow.java:120)- starting server: Undertow - 2.3.4.Final
2023-07-10 14:21:23,489 INFO (Xnio.java:95)- XNIO version 3.8.8.Final
2023-07-10 14:21:23,497 INFO (NioXnio.java:58)- XNIO NIO Implementation Version 3.8.8.Final
2023-07-10 14:21:23,549 INFO (Version.java:55)- JBoss Threads version 3.5.0.Final
2023-07-10 14:21:23,642 INFO (UndertowWebServer.java:121)- Undertow started on port(s) 9030 (http)
2023-07-10 14:21:23,649 INFO (SearchableProperties.java:197)- properties search order:PROPERTIES->JVM->ENV->DEFAULT_SETTING
2023-07-10 14:21:23,650 INFO (InitUtils.java:61)- initializer namespace from System Property : null
2023-07-10 14:21:23,651 INFO (InitUtils.java:65)- initializer namespace from System Environment :null
2023-07-10 14:21:23,652 INFO (InitUtils.java:72)- initializer namespace from System Property :
2023-07-10 14:21:23,667 INFO (ClientAuthPluginManager.java:56)- [ClientAuthPluginManager] Load ClientAuthService com.alibaba.nacos.client.auth.impl.NacosClientAuthServiceImpl success.
2023-07-10 14:21:23,667 INFO (ClientAuthPluginManager.java:56)- [ClientAuthPluginManager] Load ClientAuthService com.alibaba.nacos.client.auth.ram.RamClientAuthServiceImpl success.
2023-07-10 14:21:23,673 INFO (RpcClientFactory.java:94)- [RpcClientFactory] create a new rpc client of 7e96540a-fa6b-431e-a286-ac305777e53d
2023-07-10 14:21:23,677 INFO (LoggerUtils.java:60)- [7e96540a-fa6b-431e-a286-ac305777e53d] RpcClient init, ServerListFactory = com.alibaba.nacos.client.naming.core.ServerListManager
2023-07-10 14:21:23,678 INFO (LoggerUtils.java:60)- [7e96540a-fa6b-431e-a286-ac305777e53d] Registry connection listener to current client:com.alibaba.nacos.client.naming.remote.gprc.redo.NamingGrpcRedoService
2023-07-10 14:21:23,679 INFO (LoggerUtils.java:60)- [7e96540a-fa6b-431e-a286-ac305777e53d] Register server push request handler:com.alibaba.nacos.client.naming.remote.gprc.NamingPushRequestHandler
2023-07-10 14:21:23,680 INFO (LoggerUtils.java:60)- [7e96540a-fa6b-431e-a286-ac305777e53d] Try to connect to server on start up, server: {serverIp = '127.0.0.1', server main port = 8848}
2023-07-10 14:21:23,813 INFO (LoggerUtils.java:60)- [7e96540a-fa6b-431e-a286-ac305777e53d] Success to connect to server [127.0.0.1:8848] on start up, connectionId = 1688970083693_127.0.0.1_65041
2023-07-10 14:21:23,814 INFO (LoggerUtils.java:60)- [7e96540a-fa6b-431e-a286-ac305777e53d] Notify connected event to listeners.
2023-07-10 14:21:23,814 INFO (LoggerUtils.java:60)- [7e96540a-fa6b-431e-a286-ac305777e53d] Register server push request handler:com.alibaba.nacos.common.remote.client.RpcClient$ConnectResetRequestHandler
2023-07-10 14:21:23,815 INFO (NamingGrpcRedoService.java:78)- Grpc connection connect
2023-07-10 14:21:23,815 INFO (LoggerUtils.java:60)- [7e96540a-fa6b-431e-a286-ac305777e53d] Register server push request handler:com.alibaba.nacos.common.remote.client.RpcClient$$Lambda$671/0x00000008010f6be0
2023-07-10 14:21:23,817 INFO (NamingGrpcClientProxy.java:120)- [REGISTER-SERVICE] public registering service novel-news-service with instance Instance{instanceId='null', ip='192.168.43.1', port=9030, weight=1.0, healthy=true, enabled=true, ephemeral=true, clusterName='DEFAULT', serviceName='null', metadata={preserved.register.source=SPRING_CLOUD}}
2023-07-10 14:21:23,830 INFO (NacosServiceRegistry.java:76)- nacos registry, DEFAULT_GROUP novel-news-service 192.168.43.1:9030 register finished
2023-07-10 14:21:23,923 INFO (SchedulerFactoryBean.java:729)- Starting Quartz Scheduler now
2023-07-10 14:21:23,924 INFO (QuartzScheduler.java:547)- Scheduler quartzScheduler_$_NON_CLUSTERED started.
2023-07-10 14:21:23,950 INFO (StartupInfoLogger.java:57)- Started NovelNewsApplication in 8.008 seconds (process running for 8.537)
2023-07-10 14:21:23,957 INFO (CacheData.java:67)- nacos.cache.data.init.snapshot = true 
2023-07-10 14:21:23,958 INFO (ClientWorker.java:379)- [fixed-127.0.0.1_8848] [subscribe] novel-news-service+DEFAULT_GROUP
2023-07-10 14:21:23,970 INFO (CacheData.java:197)- [fixed-127.0.0.1_8848] [add-listener] ok, tenant=, dataId=novel-news-service, group=DEFAULT_GROUP, cnt=1
2023-07-10 14:21:23,970 INFO (NacosContextRefresher.java:129)- [Nacos Config] Listening config: dataId=novel-news-service, group=DEFAULT_GROUP
2023-07-10 14:21:23,971 INFO (ClientWorker.java:379)- [fixed-127.0.0.1_8848] [subscribe] novel-news-service-common.yml+DEFAULT_GROUP
2023-07-10 14:21:23,972 INFO (CacheData.java:197)- [fixed-127.0.0.1_8848] [add-listener] ok, tenant=, dataId=novel-news-service-common.yml, group=DEFAULT_GROUP, cnt=1
2023-07-10 14:21:23,972 INFO (NacosContextRefresher.java:129)- [Nacos Config] Listening config: dataId=novel-news-service-common.yml, group=DEFAULT_GROUP
2023-07-10 14:21:23,974 INFO (ClientWorker.java:379)- [fixed-127.0.0.1_8848] [subscribe] novel-mysql.yml+DEFAULT_GROUP
2023-07-10 14:21:23,974 INFO (CacheData.java:197)- [fixed-127.0.0.1_8848] [add-listener] ok, tenant=, dataId=novel-mysql.yml, group=DEFAULT_GROUP, cnt=1
2023-07-10 14:21:23,974 INFO (NacosContextRefresher.java:129)- [Nacos Config] Listening config: dataId=novel-mysql.yml, group=DEFAULT_GROUP
2023-07-10 14:21:23,975 INFO (ClientWorker.java:379)- [fixed-127.0.0.1_8848] [subscribe] novel-redis.yml+DEFAULT_GROUP
2023-07-10 14:21:23,975 INFO (CacheData.java:197)- [fixed-127.0.0.1_8848] [add-listener] ok, tenant=, dataId=novel-redis.yml, group=DEFAULT_GROUP, cnt=1
2023-07-10 14:21:23,976 INFO (NacosContextRefresher.java:129)- [Nacos Config] Listening config: dataId=novel-redis.yml, group=DEFAULT_GROUP
2023-07-10 14:21:23,976 INFO (ClientWorker.java:379)- [fixed-127.0.0.1_8848] [subscribe] novel-rabbitmq.yml+DEFAULT_GROUP
2023-07-10 14:21:23,976 INFO (CacheData.java:197)- [fixed-127.0.0.1_8848] [add-listener] ok, tenant=, dataId=novel-rabbitmq.yml, group=DEFAULT_GROUP, cnt=1
2023-07-10 14:21:23,977 INFO (NacosContextRefresher.java:129)- [Nacos Config] Listening config: dataId=novel-rabbitmq.yml, group=DEFAULT_GROUP
2023-07-10 14:21:23,978 INFO (ClientWorker.java:379)- [fixed-127.0.0.1_8848] [subscribe] novel-news-service-dev.yml+DEFAULT_GROUP
2023-07-10 14:21:23,978 INFO (CacheData.java:197)- [fixed-127.0.0.1_8848] [add-listener] ok, tenant=, dataId=novel-news-service-dev.yml, group=DEFAULT_GROUP, cnt=1
2023-07-10 14:21:23,978 INFO (NacosContextRefresher.java:129)- [Nacos Config] Listening config: dataId=novel-news-service-dev.yml, group=DEFAULT_GROUP
2023-07-10 14:21:23,979 INFO (ClientWorker.java:379)- [fixed-127.0.0.1_8848] [subscribe] novel-news-service.yml+DEFAULT_GROUP
2023-07-10 14:21:23,979 INFO (CacheData.java:197)- [fixed-127.0.0.1_8848] [add-listener] ok, tenant=, dataId=novel-news-service.yml, group=DEFAULT_GROUP, cnt=1
2023-07-10 14:21:23,979 INFO (NacosContextRefresher.java:129)- [Nacos Config] Listening config: dataId=novel-news-service.yml, group=DEFAULT_GROUP
2023-07-10 14:21:24,319 INFO (ServletContextImpl.java:372)- Initializing Spring DispatcherServlet 'dispatcherServlet'
2023-07-10 14:21:24,320 INFO (FrameworkServlet.java:532)- Initializing Servlet 'dispatcherServlet'
2023-07-10 14:21:24,322 INFO (FrameworkServlet.java:554)- Completed initialization in 2 ms
2023-07-10 14:21:24,350 INFO (AbstractConnectionFactory.java:630)- Attempting to connect to: [192.168.10.110:5672]
2023-07-10 14:21:32,093 INFO (HikariDataSource.java:110)- HikariPool-1 - Starting...
2023-07-10 14:21:32,342 INFO (HikariPool.java:565)- HikariPool-1 - Added connection com.mysql.cj.jdbc.ConnectionImpl@20fb59ee
2023-07-10 14:21:32,348 INFO (HikariDataSource.java:123)- HikariPool-1 - Start completed.
2023-07-10 14:21:32,357 DEBUG (BaseJdbcLogger.java:137)- ==>  Preparing: SELECT id,category_id,category_name,source_name,title,create_time,update_time FROM news_info ORDER BY create_time DESC limit 2
2023-07-10 14:21:32,383 DEBUG (BaseJdbcLogger.java:137)- ==> Parameters: 
2023-07-10 14:21:32,435 DEBUG (BaseJdbcLogger.java:137)- <==      Total: 2
2023-07-10 14:21:48,410 INFO (AbstractConnectionFactory.java:630)- Attempting to connect to: [192.168.10.110:5672]
2023-07-10 14:22:12,472 INFO (AbstractConnectionFactory.java:630)- Attempting to connect to: [192.168.10.110:5672]
2023-07-10 14:22:33,501 WARN (AbstractHealthIndicator.java:94)- Rabbit health check failed
org.springframework.amqp.AmqpConnectException: java.net.ConnectException: Connection timed out: no further information
	at org.springframework.amqp.rabbit.support.RabbitExceptionTranslator.convertRabbitAccessException(RabbitExceptionTranslator.java:61)
	at org.springframework.amqp.rabbit.connection.AbstractConnectionFactory.createBareConnection(AbstractConnectionFactory.java:594)
	at org.springframework.amqp.rabbit.connection.CachingConnectionFactory.createConnection(CachingConnectionFactory.java:687)
	at org.springframework.amqp.rabbit.connection.ConnectionFactoryUtils.createConnection(ConnectionFactoryUtils.java:257)
	at org.springframework.amqp.rabbit.core.RabbitTemplate.doExecute(RabbitTemplate.java:2225)
	at org.springframework.amqp.rabbit.core.RabbitTemplate.lambda$execute$13(RabbitTemplate.java:2187)
	at org.springframework.retry.support.RetryTemplate.doExecute(RetryTemplate.java:329)
	at org.springframework.retry.support.RetryTemplate.execute(RetryTemplate.java:225)
	at org.springframework.amqp.rabbit.core.RabbitTemplate.execute(RabbitTemplate.java:2186)
	at org.springframework.amqp.rabbit.core.RabbitTemplate.execute(RabbitTemplate.java:2178)
	at org.springframework.boot.actuate.amqp.RabbitHealthIndicator.getVersion(RabbitHealthIndicator.java:49)
	at org.springframework.boot.actuate.amqp.RabbitHealthIndicator.doHealthCheck(RabbitHealthIndicator.java:44)
	at org.springframework.boot.actuate.health.AbstractHealthIndicator.health(AbstractHealthIndicator.java:82)
	at org.springframework.boot.actuate.health.HealthIndicator.getHealth(HealthIndicator.java:37)
	at org.springframework.boot.actuate.health.HealthEndpoint.getHealth(HealthEndpoint.java:82)
	at org.springframework.boot.actuate.health.HealthEndpoint.getHealth(HealthEndpoint.java:41)
	at org.springframework.boot.actuate.health.HealthEndpointSupport.getLoggedHealth(HealthEndpointSupport.java:172)
	at org.springframework.boot.actuate.health.HealthEndpointSupport.getContribution(HealthEndpointSupport.java:145)
	at org.springframework.boot.actuate.health.HealthEndpointSupport.getAggregateContribution(HealthEndpointSupport.java:156)
	at org.springframework.boot.actuate.health.HealthEndpointSupport.getContribution(HealthEndpointSupport.java:141)
	at org.springframework.boot.actuate.health.HealthEndpointSupport.getHealth(HealthEndpointSupport.java:110)
	at org.springframework.boot.actuate.health.HealthEndpointSupport.getHealth(HealthEndpointSupport.java:81)
	at org.springframework.boot.actuate.health.HealthEndpoint.health(HealthEndpoint.java:76)
	at org.springframework.boot.actuate.health.HealthEndpoint.health(HealthEndpoint.java:66)
	at java.base/jdk.internal.reflect.NativeMethodAccessorImpl.invoke0(Native Method)
	at java.base/jdk.internal.reflect.NativeMethodAccessorImpl.invoke(NativeMethodAccessorImpl.java:77)
	at java.base/jdk.internal.reflect.DelegatingMethodAccessorImpl.invoke(DelegatingMethodAccessorImpl.java:43)
	at java.base/java.lang.reflect.Method.invoke(Method.java:568)
	at org.springframework.util.ReflectionUtils.invokeMethod(ReflectionUtils.java:281)
	at org.springframework.boot.actuate.endpoint.invoke.reflect.ReflectiveOperationInvoker.invoke(ReflectiveOperationInvoker.java:74)
	at org.springframework.boot.actuate.endpoint.annotation.AbstractDiscoveredOperation.invoke(AbstractDiscoveredOperation.java:60)
	at org.springframework.boot.actuate.endpoint.jmx.EndpointMBean.invoke(EndpointMBean.java:124)
	at org.springframework.boot.actuate.endpoint.jmx.EndpointMBean.invoke(EndpointMBean.java:97)
	at java.management/com.sun.jmx.interceptor.DefaultMBeanServerInterceptor.invoke(DefaultMBeanServerInterceptor.java:814)
	at java.management/com.sun.jmx.mbeanserver.JmxMBeanServer.invoke(JmxMBeanServer.java:802)
	at java.management.rmi/javax.management.remote.rmi.RMIConnectionImpl.doOperation(RMIConnectionImpl.java:1472)
	at java.management.rmi/javax.management.remote.rmi.RMIConnectionImpl$PrivilegedOperation.run(RMIConnectionImpl.java:1310)
	at java.management.rmi/javax.management.remote.rmi.RMIConnectionImpl.doPrivilegedOperation(RMIConnectionImpl.java:1405)
	at java.management.rmi/javax.management.remote.rmi.RMIConnectionImpl.invoke(RMIConnectionImpl.java:829)
	at java.base/jdk.internal.reflect.GeneratedMethodAccessor50.invoke(Unknown Source)
	at java.base/jdk.internal.reflect.DelegatingMethodAccessorImpl.invoke(DelegatingMethodAccessorImpl.java:43)
	at java.base/java.lang.reflect.Method.invoke(Method.java:568)
	at java.rmi/sun.rmi.server.UnicastServerRef.dispatch(UnicastServerRef.java:360)
	at java.rmi/sun.rmi.transport.Transport$1.run(Transport.java:200)
	at java.rmi/sun.rmi.transport.Transport$1.run(Transport.java:197)
	at java.base/java.security.AccessController.doPrivileged(AccessController.java:712)
	at java.rmi/sun.rmi.transport.Transport.serviceCall(Transport.java:196)
	at java.rmi/sun.rmi.transport.tcp.TCPTransport.handleMessages(TCPTransport.java:587)
	at java.rmi/sun.rmi.transport.tcp.TCPTransport$ConnectionHandler.run0(TCPTransport.java:828)
	at java.rmi/sun.rmi.transport.tcp.TCPTransport$ConnectionHandler.lambda$run$0(TCPTransport.java:705)
	at java.base/java.security.AccessController.doPrivileged(AccessController.java:399)
	at java.rmi/sun.rmi.transport.tcp.TCPTransport$ConnectionHandler.run(TCPTransport.java:704)
	at java.base/java.util.concurrent.ThreadPoolExecutor.runWorker(ThreadPoolExecutor.java:1136)
	at java.base/java.util.concurrent.ThreadPoolExecutor$Worker.run(ThreadPoolExecutor.java:635)
	at java.base/java.lang.Thread.run(Thread.java:833)
Caused by: java.net.ConnectException: Connection timed out: no further information
	at java.base/sun.nio.ch.Net.pollConnect(Native Method)
	at java.base/sun.nio.ch.Net.pollConnectNow(Net.java:672)
	at java.base/sun.nio.ch.NioSocketImpl.timedFinishConnect(NioSocketImpl.java:549)
	at java.base/sun.nio.ch.NioSocketImpl.connect(NioSocketImpl.java:597)
	at java.base/java.net.SocksSocketImpl.connect(SocksSocketImpl.java:327)
	at java.base/java.net.Socket.connect(Socket.java:633)
	at com.rabbitmq.client.impl.SocketFrameHandlerFactory.create(SocketFrameHandlerFactory.java:59)
	at com.rabbitmq.client.ConnectionFactory.newConnection(ConnectionFactory.java:1223)
	at com.rabbitmq.client.ConnectionFactory.newConnection(ConnectionFactory.java:1173)
	at org.springframework.amqp.rabbit.connection.AbstractConnectionFactory.connectAddresses(AbstractConnectionFactory.java:632)
	at org.springframework.amqp.rabbit.connection.AbstractConnectionFactory.connect(AbstractConnectionFactory.java:607)
	at org.springframework.amqp.rabbit.connection.AbstractConnectionFactory.createBareConnection(AbstractConnectionFactory.java:557)
	... 53 common frames omitted
2023-07-10 14:22:33,510 WARN (HealthEndpointSupport.java:181)- Health contributor org.springframework.boot.actuate.amqp.RabbitHealthIndicator (rabbit) took 69163ms to respond
2023-07-10 14:50:19,109 DEBUG (BaseJdbcLogger.java:137)- ==>  Preparing: SELECT id,category_id,category_name,source_name,title,create_time,update_time FROM news_info ORDER BY create_time DESC limit 2
2023-07-10 14:50:19,110 DEBUG (BaseJdbcLogger.java:137)- ==> Parameters: 
2023-07-10 14:50:19,115 DEBUG (BaseJdbcLogger.java:137)- <==      Total: 2
2023-07-10 15:51:31,470 WARN (HttpClientBeanHolder.java:102)- [HttpClientBeanHolder] Start destroying common HttpClient
2023-07-10 15:51:31,470 WARN (NotifyCenter.java:136)- [NotifyCenter] Start destroying Publisher
2023-07-10 15:51:31,472 WARN (NotifyCenter.java:153)- [NotifyCenter] Destruction of the end
2023-07-10 15:51:31,476 WARN (HttpClientBeanHolder.java:111)- [HttpClientBeanHolder] Destruction of the end
2023-07-10 15:51:31,552 INFO (QuartzScheduler.java:585)- Scheduler quartzScheduler_$_NON_CLUSTERED paused.
2023-07-10 15:51:31,564 INFO (Undertow.java:259)- stopping server: Undertow - 2.3.4.Final
2023-07-10 15:51:31,586 INFO (ServletContextImpl.java:372)- Destroying Spring FrameworkServlet 'dispatcherServlet'
2023-07-10 15:51:31,627 INFO (SchedulerFactoryBean.java:847)- Shutting down Quartz Scheduler
2023-07-10 15:51:31,628 INFO (QuartzScheduler.java:666)- Scheduler quartzScheduler_$_NON_CLUSTERED shutting down.
2023-07-10 15:51:31,628 INFO (QuartzScheduler.java:585)- Scheduler quartzScheduler_$_NON_CLUSTERED paused.
2023-07-10 15:51:31,629 INFO (QuartzScheduler.java:740)- Scheduler quartzScheduler_$_NON_CLUSTERED shutdown complete.
2023-07-10 15:51:31,653 INFO (NacosServiceRegistry.java:95)- De-registering from Nacos Server now...
2023-07-10 15:51:31,655 INFO (NamingGrpcClientProxy.java:216)- [DEREGISTER-SERVICE] public deregistering service novel-news-service with instance: Instance{instanceId='null', ip='192.168.43.1', port=9030, weight=1.0, healthy=true, enabled=true, ephemeral=true, clusterName='DEFAULT', serviceName='null', metadata={}}
2023-07-10 15:51:31,660 INFO (NacosServiceRegistry.java:115)- De-registration finished.
2023-07-10 15:51:31,664 INFO (ServiceInfoHolder.java:256)- com.alibaba.nacos.client.naming.cache.ServiceInfoHolder do shutdown begin
2023-07-10 15:51:31,664 INFO (FailoverReactor.java:133)- com.alibaba.nacos.client.naming.backups.FailoverReactor do shutdown begin
2023-07-10 15:51:31,664 INFO (FailoverReactor.java:135)- com.alibaba.nacos.client.naming.backups.FailoverReactor do shutdown stop
2023-07-10 15:51:31,664 INFO (ServiceInfoHolder.java:258)- com.alibaba.nacos.client.naming.cache.ServiceInfoHolder do shutdown stop
2023-07-10 15:51:31,664 INFO (NamingClientProxyDelegate.java:204)- com.alibaba.nacos.client.naming.remote.NamingClientProxyDelegate do shutdown begin
2023-07-10 15:51:31,665 INFO (ServiceInfoUpdateService.java:143)- com.alibaba.nacos.client.naming.core.ServiceInfoUpdateService do shutdown begin
2023-07-10 15:51:31,666 INFO (ServiceInfoUpdateService.java:145)- com.alibaba.nacos.client.naming.core.ServiceInfoUpdateService do shutdown stop
2023-07-10 15:51:31,666 INFO (ServerListManager.java:194)- com.alibaba.nacos.client.naming.core.ServerListManager do shutdown begin
2023-07-10 15:51:31,666 WARN (NamingHttpClientManager.java:74)- [NamingHttpClientManager] Start destroying NacosRestTemplate
2023-07-10 15:51:31,667 WARN (NamingHttpClientManager.java:81)- [NamingHttpClientManager] Destruction of the end
2023-07-10 15:51:31,667 INFO (ServerListManager.java:199)- com.alibaba.nacos.client.naming.core.ServerListManager do shutdown stop
2023-07-10 15:51:31,667 INFO (NamingHttpClientProxy.java:484)- com.alibaba.nacos.client.naming.remote.http.NamingHttpClientProxy do shutdown begin
2023-07-10 15:51:31,667 WARN (NamingHttpClientManager.java:74)- [NamingHttpClientManager] Start destroying NacosRestTemplate
2023-07-10 15:51:31,667 WARN (NamingHttpClientManager.java:81)- [NamingHttpClientManager] Destruction of the end
2023-07-10 15:51:31,668 INFO (NamingHttpClientProxy.java:486)- com.alibaba.nacos.client.naming.remote.http.NamingHttpClientProxy do shutdown stop
2023-07-10 15:51:31,668 INFO (RpcClient.java:425)- Shutdown rpc client, set status to shutdown
2023-07-10 15:51:31,668 INFO (RpcClient.java:427)- Shutdown client event executor java.util.concurrent.ScheduledThreadPoolExecutor@428181c3[Running, pool size = 2, active threads = 2, queued tasks = 0, completed tasks = 0]
2023-07-10 15:51:31,669 INFO (RpcClient.java:580)- Close current connection 1688970083693_127.0.0.1_65041
2023-07-10 15:51:31,671 INFO (LoggerUtils.java:60)- [1688970083693_127.0.0.1_65041]Ignore complete event,isRunning:false,isAbandon=false
2023-07-10 15:51:31,689 INFO (GrpcClient.java:140)- Shutdown grpc executor java.util.concurrent.ThreadPoolExecutor@1591719e[Running, pool size = 4, active threads = 0, queued tasks = 0, completed tasks = 1113]
2023-07-10 15:51:31,689 INFO (NamingGrpcRedoService.java:292)- Shutdown grpc redo service executor java.util.concurrent.ScheduledThreadPoolExecutor@4bd7e8d8[Running, pool size = 1, active threads = 0, queued tasks = 1, completed tasks = 1801]
2023-07-10 15:51:31,690 INFO (CredentialWatcher.java:106)- [null] CredentialWatcher is stopped
2023-07-10 15:51:31,691 INFO (CredentialService.java:100)- [null] CredentialService is freed
2023-07-10 15:51:31,691 INFO (NamingClientProxyDelegate.java:211)- com.alibaba.nacos.client.naming.remote.NamingClientProxyDelegate do shutdown stop
2023-07-10 15:51:31,749 INFO (HikariDataSource.java:350)- HikariPool-1 - Shutdown initiated...
2023-07-10 15:51:31,754 INFO (HikariDataSource.java:352)- HikariPool-1 - Shutdown completed.
