2023-07-20 15:44:49,949 WARN (NacosLogging.java:64)- Load Logback Configuration of Nacos fail, message: org/slf4j/impl/StaticLoggerBinder
2023-07-20 15:44:49,956 WARN (NacosLogging.java:64)- Load Logback Configuration of Nacos fail, message: org/slf4j/impl/StaticLoggerBinder
2023-07-20 15:44:50,126 INFO (LocalConfigInfoProcessor.java:68)- LOCAL_SNAPSHOT_PATH:C:\Users\yisheng\nacos\config
2023-07-20 15:44:50,131 INFO (RpcClientFactory.java:94)- [RpcClientFactory] create a new rpc client of 94fb7e07-ee5c-4f67-bc02-45deb1cd3158_config-0
2023-07-20 15:44:50,230 INFO (LoggerUtils.java:60)- [94fb7e07-ee5c-4f67-bc02-45deb1cd3158_config-0] Register server push request handler:com.alibaba.nacos.client.config.impl.ClientWorker$ConfigRpcTransportClient$$Lambda$651/0x0000000800fc5488
2023-07-20 15:44:50,246 INFO (LoggerUtils.java:60)- [94fb7e07-ee5c-4f67-bc02-45deb1cd3158_config-0] Register server push request handler:com.alibaba.nacos.client.config.impl.ClientWorker$ConfigRpcTransportClient$$Lambda$652/0x0000000800fc58a8
2023-07-20 15:44:50,253 INFO (LoggerUtils.java:60)- [94fb7e07-ee5c-4f67-bc02-45deb1cd3158_config-0] Registry connection listener to current client:com.alibaba.nacos.client.config.impl.ClientWorker$ConfigRpcTransportClient$1
2023-07-20 15:44:50,255 INFO (LoggerUtils.java:60)- [94fb7e07-ee5c-4f67-bc02-45deb1cd3158_config-0] RpcClient init, ServerListFactory = com.alibaba.nacos.client.config.impl.ClientWorker$ConfigRpcTransportClient$2
2023-07-20 15:44:50,306 INFO (LoggerUtils.java:60)- [94fb7e07-ee5c-4f67-bc02-45deb1cd3158_config-0] Try to connect to server on start up, server: {serverIp = '127.0.0.1', server main port = 8848}
2023-07-20 15:44:51,855 INFO (LoggerUtils.java:60)- [94fb7e07-ee5c-4f67-bc02-45deb1cd3158_config-0] Success to connect to server [127.0.0.1:8848] on start up, connectionId = 1689839091594_127.0.0.1_49898
2023-07-20 15:44:51,857 INFO (LoggerUtils.java:60)- [94fb7e07-ee5c-4f67-bc02-45deb1cd3158_config-0] Notify connected event to listeners.
2023-07-20 15:44:51,857 INFO (ClientWorker.java:638)- [94fb7e07-ee5c-4f67-bc02-45deb1cd3158_config-0] Connected,notify listen context...
2023-07-20 15:44:51,857 INFO (LoggerUtils.java:60)- [94fb7e07-ee5c-4f67-bc02-45deb1cd3158_config-0] Register server push request handler:com.alibaba.nacos.common.remote.client.RpcClient$ConnectResetRequestHandler
2023-07-20 15:44:51,858 INFO (LoggerUtils.java:60)- [94fb7e07-ee5c-4f67-bc02-45deb1cd3158_config-0] Register server push request handler:com.alibaba.nacos.common.remote.client.RpcClient$$Lambda$671/0x00000008010f6bf8
2023-07-20 15:44:51,953 INFO (Limiter.java:62)- limitTime:5.0
2023-07-20 15:44:51,971 INFO (JvmUtil.java:54)- isMultiInstance:false
2023-07-20 15:44:52,006 WARN (NacosPropertySourceBuilder.java:87)- Ignore the empty nacos configuration and get it based on dataId[novel-news-service] & group[DEFAULT_GROUP]
2023-07-20 15:44:52,015 WARN (NacosPropertySourceBuilder.java:87)- Ignore the empty nacos configuration and get it based on dataId[novel-news-service.yml] & group[DEFAULT_GROUP]
2023-07-20 15:44:52,022 WARN (NacosPropertySourceBuilder.java:87)- Ignore the empty nacos configuration and get it based on dataId[novel-news-service-common.yml] & group[DEFAULT_GROUP]
2023-07-20 15:44:52,029 WARN (NacosPropertySourceBuilder.java:87)- Ignore the empty nacos configuration and get it based on dataId[novel-news-service-dev.yml] & group[DEFAULT_GROUP]
2023-07-20 15:44:52,031 INFO (PropertySourceBootstrapConfiguration.java:108)- Located property source: [BootstrapPropertySource {name='bootstrapProperties-novel-news-service-dev.yml,DEFAULT_GROUP'}, BootstrapPropertySource {name='bootstrapProperties-novel-news-service-common.yml,DEFAULT_GROUP'}, BootstrapPropertySource {name='bootstrapProperties-novel-news-service.yml,DEFAULT_GROUP'}, BootstrapPropertySource {name='bootstrapProperties-novel-news-service,DEFAULT_GROUP'}, BootstrapPropertySource {name='bootstrapProperties-novel-rabbitmq.yml,DEFAULT_GROUP'}, BootstrapPropertySource {name='bootstrapProperties-novel-redis.yml,DEFAULT_GROUP'}, BootstrapPropertySource {name='bootstrapProperties-novel-mysql.yml,DEFAULT_GROUP'}]
2023-07-20 15:44:52,040 INFO (SpringApplication.java:638)- The following 2 profiles are active: "common", "dev"
2023-07-20 15:44:54,447 INFO (RepositoryConfigurationDelegate.java:291)- Multiple Spring Data modules found, entering strict repository configuration mode
2023-07-20 15:44:54,453 INFO (RepositoryConfigurationDelegate.java:138)- Bootstrapping Spring Data Redis repositories in DEFAULT mode.
2023-07-20 15:44:54,499 INFO (RepositoryConfigurationDelegate.java:208)- Finished Spring Data repository scanning in 21 ms. Found 0 Redis repository interfaces.
2023-07-20 15:44:55,074 INFO (GenericScope.java:282)- BeanFactory id=65745d27-3ec1-3b85-baea-68a2eece2786
2023-07-20 15:44:56,116 WARN (Bootstrap.java:68)- UT026010: Buffer pool was not set on WebSocketDeploymentInfo, the default pool will be used
2023-07-20 15:44:56,135 INFO (ServletContextImpl.java:372)- Initializing Spring embedded WebApplicationContext
2023-07-20 15:44:56,135 INFO (ServletWebServerApplicationContext.java:291)- Root WebApplicationContext: initialization completed in 4069 ms
2023-07-20 15:44:57,115 INFO (Version.java:41)- Redisson 3.19.1
2023-07-20 15:44:57,610 WARN (AbstractApplicationContext.java:592)- Exception encountered during context initialization - cancelling refresh attempt: org.springframework.beans.factory.UnsatisfiedDependencyException: Error creating bean with name 'lockAspect' defined in file [E:\IDEA-workspace\novel-cloud\novel-cloud-master\novel-core\novel-config\target\classes\io\github\xxyopen\novel\config\aspect\LockAspect.class]: Unsatisfied dependency expressed through constructor parameter 0: Error creating bean with name 'redisson' defined in class path resource [org/redisson/spring/starter/RedissonAutoConfiguration.class]: Failed to instantiate [org.redisson.api.RedissonClient]: Factory method 'redisson' threw exception with message: Unable to connect to Redis server: 127.0.0.1/127.0.0.1:6379
2023-07-20 15:44:57,646 INFO (ConditionEvaluationReportLogger.java:82)- 

Error starting ApplicationContext. To display the condition evaluation report re-run your application with 'debug' enabled.
2023-07-20 15:44:57,697 ERROR (SpringApplication.java:822)- Application run failed
org.springframework.beans.factory.UnsatisfiedDependencyException: Error creating bean with name 'lockAspect' defined in file [E:\IDEA-workspace\novel-cloud\novel-cloud-master\novel-core\novel-config\target\classes\io\github\xxyopen\novel\config\aspect\LockAspect.class]: Unsatisfied dependency expressed through constructor parameter 0: Error creating bean with name 'redisson' defined in class path resource [org/redisson/spring/starter/RedissonAutoConfiguration.class]: Failed to instantiate [org.redisson.api.RedissonClient]: Factory method 'redisson' threw exception with message: Unable to connect to Redis server: 127.0.0.1/127.0.0.1:6379
	at org.springframework.beans.factory.support.ConstructorResolver.createArgumentArray(ConstructorResolver.java:798)
	at org.springframework.beans.factory.support.ConstructorResolver.autowireConstructor(ConstructorResolver.java:245)
	at org.springframework.beans.factory.support.AbstractAutowireCapableBeanFactory.autowireConstructor(AbstractAutowireCapableBeanFactory.java:1352)
	at org.springframework.beans.factory.support.AbstractAutowireCapableBeanFactory.createBeanInstance(AbstractAutowireCapableBeanFactory.java:1189)
	at org.springframework.beans.factory.support.AbstractAutowireCapableBeanFactory.doCreateBean(AbstractAutowireCapableBeanFactory.java:560)
	at org.springframework.beans.factory.support.AbstractAutowireCapableBeanFactory.createBean(AbstractAutowireCapableBeanFactory.java:520)
	at org.springframework.beans.factory.support.AbstractBeanFactory.lambda$doGetBean$0(AbstractBeanFactory.java:326)
	at org.springframework.beans.factory.support.DefaultSingletonBeanRegistry.getSingleton(DefaultSingletonBeanRegistry.java:234)
	at org.springframework.beans.factory.support.AbstractBeanFactory.doGetBean(AbstractBeanFactory.java:324)
	at org.springframework.beans.factory.support.AbstractBeanFactory.getBean(AbstractBeanFactory.java:200)
	at org.springframework.beans.factory.support.DefaultListableBeanFactory.preInstantiateSingletons(DefaultListableBeanFactory.java:973)
	at org.springframework.context.support.AbstractApplicationContext.finishBeanFactoryInitialization(AbstractApplicationContext.java:917)
	at org.springframework.context.support.AbstractApplicationContext.refresh(AbstractApplicationContext.java:584)
	at org.springframework.boot.web.servlet.context.ServletWebServerApplicationContext.refresh(ServletWebServerApplicationContext.java:146)
	at org.springframework.boot.SpringApplication.refresh(SpringApplication.java:732)
	at org.springframework.boot.SpringApplication.refreshContext(SpringApplication.java:434)
	at org.springframework.boot.SpringApplication.run(SpringApplication.java:310)
	at org.springframework.boot.SpringApplication.run(SpringApplication.java:1304)
	at org.springframework.boot.SpringApplication.run(SpringApplication.java:1293)
	at io.github.xxyopen.novel.news.NovelNewsApplication.main(NovelNewsApplication.java:16)
Caused by: org.springframework.beans.factory.BeanCreationException: Error creating bean with name 'redisson' defined in class path resource [org/redisson/spring/starter/RedissonAutoConfiguration.class]: Failed to instantiate [org.redisson.api.RedissonClient]: Factory method 'redisson' threw exception with message: Unable to connect to Redis server: 127.0.0.1/127.0.0.1:6379
	at org.springframework.beans.factory.support.ConstructorResolver.instantiate(ConstructorResolver.java:657)
	at org.springframework.beans.factory.support.ConstructorResolver.instantiateUsingFactoryMethod(ConstructorResolver.java:491)
	at org.springframework.beans.factory.support.AbstractAutowireCapableBeanFactory.instantiateUsingFactoryMethod(AbstractAutowireCapableBeanFactory.java:1332)
	at org.springframework.beans.factory.support.AbstractAutowireCapableBeanFactory.createBeanInstance(AbstractAutowireCapableBeanFactory.java:1162)
	at org.springframework.beans.factory.support.AbstractAutowireCapableBeanFactory.doCreateBean(AbstractAutowireCapableBeanFactory.java:560)
	at org.springframework.beans.factory.support.AbstractAutowireCapableBeanFactory.createBean(AbstractAutowireCapableBeanFactory.java:520)
	at org.springframework.beans.factory.support.AbstractBeanFactory.lambda$doGetBean$0(AbstractBeanFactory.java:326)
	at org.springframework.beans.factory.support.DefaultSingletonBeanRegistry.getSingleton(DefaultSingletonBeanRegistry.java:234)
	at org.springframework.beans.factory.support.AbstractBeanFactory.doGetBean(AbstractBeanFactory.java:324)
	at org.springframework.beans.factory.support.AbstractBeanFactory.getBean(AbstractBeanFactory.java:200)
	at org.springframework.beans.factory.config.DependencyDescriptor.resolveCandidate(DependencyDescriptor.java:254)
	at org.springframework.beans.factory.support.DefaultListableBeanFactory.doResolveDependency(DefaultListableBeanFactory.java:1417)
	at org.springframework.beans.factory.support.DefaultListableBeanFactory.resolveDependency(DefaultListableBeanFactory.java:1337)
	at org.springframework.beans.factory.support.ConstructorResolver.resolveAutowiredArgument(ConstructorResolver.java:885)
	at org.springframework.beans.factory.support.ConstructorResolver.createArgumentArray(ConstructorResolver.java:789)
	... 19 common frames omitted
Caused by: org.springframework.beans.BeanInstantiationException: Failed to instantiate [org.redisson.api.RedissonClient]: Factory method 'redisson' threw exception with message: Unable to connect to Redis server: 127.0.0.1/127.0.0.1:6379
	at org.springframework.beans.factory.support.SimpleInstantiationStrategy.instantiate(SimpleInstantiationStrategy.java:171)
	at org.springframework.beans.factory.support.ConstructorResolver.instantiate(ConstructorResolver.java:653)
	... 33 common frames omitted
Caused by: org.redisson.client.RedisConnectionException: Unable to connect to Redis server: 127.0.0.1/127.0.0.1:6379
	at org.redisson.connection.pool.ConnectionPool.lambda$createConnection$0(ConnectionPool.java:154)
	at java.base/java.util.concurrent.CompletableFuture.uniWhenComplete(CompletableFuture.java:863)
	at java.base/java.util.concurrent.CompletableFuture$UniWhenComplete.tryFire(CompletableFuture.java:841)
	at java.base/java.util.concurrent.CompletableFuture.postComplete(CompletableFuture.java:510)
	at java.base/java.util.concurrent.CompletableFuture.completeExceptionally(CompletableFuture.java:2162)
	at org.redisson.connection.pool.ConnectionPool.promiseFailure(ConnectionPool.java:318)
	at org.redisson.connection.pool.ConnectionPool.lambda$createConnection$6(ConnectionPool.java:277)
	at java.base/java.util.concurrent.CompletableFuture.uniWhenComplete(CompletableFuture.java:863)
	at java.base/java.util.concurrent.CompletableFuture$UniWhenComplete.tryFire(CompletableFuture.java:841)
	at java.base/java.util.concurrent.CompletableFuture.postComplete(CompletableFuture.java:510)
	at java.base/java.util.concurrent.CompletableFuture.completeExceptionally(CompletableFuture.java:2162)
	at org.redisson.client.RedisClient$1$2.run(RedisClient.java:250)
	at io.netty.util.concurrent.AbstractEventExecutor.runTask(AbstractEventExecutor.java:174)
	at io.netty.util.concurrent.AbstractEventExecutor.safeExecute(AbstractEventExecutor.java:167)
	at io.netty.util.concurrent.SingleThreadEventExecutor.runAllTasks(SingleThreadEventExecutor.java:470)
	at io.netty.channel.nio.NioEventLoop.run(NioEventLoop.java:569)
	at io.netty.util.concurrent.SingleThreadEventExecutor$4.run(SingleThreadEventExecutor.java:997)
	at io.netty.util.internal.ThreadExecutorMap$2.run(ThreadExecutorMap.java:74)
	at io.netty.util.concurrent.FastThreadLocalRunnable.run(FastThreadLocalRunnable.java:30)
	at java.base/java.lang.Thread.run(Thread.java:833)
Caused by: java.util.concurrent.CompletionException: io.netty.channel.AbstractChannel$AnnotatedConnectException: Connection refused: no further information: 127.0.0.1/127.0.0.1:6379
	at java.base/java.util.concurrent.CompletableFuture.encodeRelay(CompletableFuture.java:368)
	at java.base/java.util.concurrent.CompletableFuture.completeRelay(CompletableFuture.java:377)
	at java.base/java.util.concurrent.CompletableFuture$UniRelay.tryFire(CompletableFuture.java:1097)
	... 11 common frames omitted
Caused by: io.netty.channel.AbstractChannel$AnnotatedConnectException: Connection refused: no further information: 127.0.0.1/127.0.0.1:6379
Caused by: java.net.ConnectException: Connection refused: no further information
	at java.base/sun.nio.ch.Net.pollConnect(Native Method)
	at java.base/sun.nio.ch.Net.pollConnectNow(Net.java:672)
	at java.base/sun.nio.ch.SocketChannelImpl.finishConnect(SocketChannelImpl.java:946)
	at io.netty.channel.socket.nio.NioSocketChannel.doFinishConnect(NioSocketChannel.java:337)
	at io.netty.channel.nio.AbstractNioChannel$AbstractNioUnsafe.finishConnect(AbstractNioChannel.java:334)
	at io.netty.channel.nio.NioEventLoop.processSelectedKey(NioEventLoop.java:776)
	at io.netty.channel.nio.NioEventLoop.processSelectedKeysOptimized(NioEventLoop.java:724)
	at io.netty.channel.nio.NioEventLoop.processSelectedKeys(NioEventLoop.java:650)
	at io.netty.channel.nio.NioEventLoop.run(NioEventLoop.java:562)
	at io.netty.util.concurrent.SingleThreadEventExecutor$4.run(SingleThreadEventExecutor.java:997)
	at io.netty.util.internal.ThreadExecutorMap$2.run(ThreadExecutorMap.java:74)
	at io.netty.util.concurrent.FastThreadLocalRunnable.run(FastThreadLocalRunnable.java:30)
	at java.base/java.lang.Thread.run(Thread.java:833)
2023-07-20 15:44:57,902 WARN (HttpClientBeanHolder.java:102)- [HttpClientBeanHolder] Start destroying common HttpClient
2023-07-20 15:44:57,903 WARN (NotifyCenter.java:136)- [NotifyCenter] Start destroying Publisher
2023-07-20 15:44:57,903 WARN (HttpClientBeanHolder.java:111)- [HttpClientBeanHolder] Destruction of the end
2023-07-20 15:44:57,903 WARN (NotifyCenter.java:153)- [NotifyCenter] Destruction of the end
2023-07-20 15:51:15,464 WARN (NacosLogging.java:64)- Load Logback Configuration of Nacos fail, message: org/slf4j/impl/StaticLoggerBinder
2023-07-20 15:51:15,468 WARN (NacosLogging.java:64)- Load Logback Configuration of Nacos fail, message: org/slf4j/impl/StaticLoggerBinder
2023-07-20 15:51:15,494 INFO (LocalConfigInfoProcessor.java:68)- LOCAL_SNAPSHOT_PATH:C:\Users\yisheng\nacos\config
2023-07-20 15:51:15,502 INFO (RpcClientFactory.java:94)- [RpcClientFactory] create a new rpc client of 1e87f98f-5741-451e-87b2-2894215c298a_config-0
2023-07-20 15:51:15,523 INFO (LoggerUtils.java:60)- [1e87f98f-5741-451e-87b2-2894215c298a_config-0] Register server push request handler:com.alibaba.nacos.client.config.impl.ClientWorker$ConfigRpcTransportClient$$Lambda$651/0x0000000800fc5d88
2023-07-20 15:51:15,524 INFO (LoggerUtils.java:60)- [1e87f98f-5741-451e-87b2-2894215c298a_config-0] Register server push request handler:com.alibaba.nacos.client.config.impl.ClientWorker$ConfigRpcTransportClient$$Lambda$652/0x0000000800fc61a8
2023-07-20 15:51:15,524 INFO (LoggerUtils.java:60)- [1e87f98f-5741-451e-87b2-2894215c298a_config-0] Registry connection listener to current client:com.alibaba.nacos.client.config.impl.ClientWorker$ConfigRpcTransportClient$1
2023-07-20 15:51:15,525 INFO (LoggerUtils.java:60)- [1e87f98f-5741-451e-87b2-2894215c298a_config-0] RpcClient init, ServerListFactory = com.alibaba.nacos.client.config.impl.ClientWorker$ConfigRpcTransportClient$2
2023-07-20 15:51:15,533 INFO (LoggerUtils.java:60)- [1e87f98f-5741-451e-87b2-2894215c298a_config-0] Try to connect to server on start up, server: {serverIp = '127.0.0.1', server main port = 8848}
2023-07-20 15:51:16,508 INFO (LoggerUtils.java:60)- [1e87f98f-5741-451e-87b2-2894215c298a_config-0] Success to connect to server [127.0.0.1:8848] on start up, connectionId = 1689839476281_127.0.0.1_63299
2023-07-20 15:51:16,521 INFO (LoggerUtils.java:60)- [1e87f98f-5741-451e-87b2-2894215c298a_config-0] Notify connected event to listeners.
2023-07-20 15:51:16,522 INFO (ClientWorker.java:638)- [1e87f98f-5741-451e-87b2-2894215c298a_config-0] Connected,notify listen context...
2023-07-20 15:51:16,522 INFO (LoggerUtils.java:60)- [1e87f98f-5741-451e-87b2-2894215c298a_config-0] Register server push request handler:com.alibaba.nacos.common.remote.client.RpcClient$ConnectResetRequestHandler
2023-07-20 15:51:16,523 INFO (LoggerUtils.java:60)- [1e87f98f-5741-451e-87b2-2894215c298a_config-0] Register server push request handler:com.alibaba.nacos.common.remote.client.RpcClient$$Lambda$671/0x00000008010f7dc0
2023-07-20 15:51:16,622 INFO (Limiter.java:62)- limitTime:5.0
2023-07-20 15:51:16,655 INFO (JvmUtil.java:54)- isMultiInstance:false
2023-07-20 15:51:16,720 WARN (NacosPropertySourceBuilder.java:87)- Ignore the empty nacos configuration and get it based on dataId[novel-news-service] & group[DEFAULT_GROUP]
2023-07-20 15:51:16,735 WARN (NacosPropertySourceBuilder.java:87)- Ignore the empty nacos configuration and get it based on dataId[novel-news-service.yml] & group[DEFAULT_GROUP]
2023-07-20 15:51:16,759 WARN (NacosPropertySourceBuilder.java:87)- Ignore the empty nacos configuration and get it based on dataId[novel-news-service-common.yml] & group[DEFAULT_GROUP]
2023-07-20 15:51:16,787 WARN (NacosPropertySourceBuilder.java:87)- Ignore the empty nacos configuration and get it based on dataId[novel-news-service-dev.yml] & group[DEFAULT_GROUP]
2023-07-20 15:51:16,788 INFO (PropertySourceBootstrapConfiguration.java:108)- Located property source: [BootstrapPropertySource {name='bootstrapProperties-novel-news-service-dev.yml,DEFAULT_GROUP'}, BootstrapPropertySource {name='bootstrapProperties-novel-news-service-common.yml,DEFAULT_GROUP'}, BootstrapPropertySource {name='bootstrapProperties-novel-news-service.yml,DEFAULT_GROUP'}, BootstrapPropertySource {name='bootstrapProperties-novel-news-service,DEFAULT_GROUP'}, BootstrapPropertySource {name='bootstrapProperties-novel-rabbitmq.yml,DEFAULT_GROUP'}, BootstrapPropertySource {name='bootstrapProperties-novel-redis.yml,DEFAULT_GROUP'}, BootstrapPropertySource {name='bootstrapProperties-novel-mysql.yml,DEFAULT_GROUP'}]
2023-07-20 15:51:16,797 INFO (SpringApplication.java:638)- The following 2 profiles are active: "common", "dev"
2023-07-20 15:51:18,465 INFO (RepositoryConfigurationDelegate.java:291)- Multiple Spring Data modules found, entering strict repository configuration mode
2023-07-20 15:51:18,470 INFO (RepositoryConfigurationDelegate.java:138)- Bootstrapping Spring Data Redis repositories in DEFAULT mode.
2023-07-20 15:51:18,506 INFO (RepositoryConfigurationDelegate.java:208)- Finished Spring Data repository scanning in 9 ms. Found 0 Redis repository interfaces.
2023-07-20 15:51:18,804 INFO (GenericScope.java:282)- BeanFactory id=65745d27-3ec1-3b85-baea-68a2eece2786
2023-07-20 15:51:20,490 WARN (Bootstrap.java:68)- UT026010: Buffer pool was not set on WebSocketDeploymentInfo, the default pool will be used
2023-07-20 15:51:20,518 INFO (ServletContextImpl.java:372)- Initializing Spring embedded WebApplicationContext
2023-07-20 15:51:20,519 INFO (ServletWebServerApplicationContext.java:291)- Root WebApplicationContext: initialization completed in 3696 ms
2023-07-20 15:51:21,678 INFO (Version.java:41)- Redisson 3.19.1
2023-07-20 15:51:22,055 INFO (ConnectionPool.java:162)- 1 connections initialized for 127.0.0.1/127.0.0.1:6379
2023-07-20 15:51:22,099 INFO (ConnectionPool.java:162)- 24 connections initialized for 127.0.0.1/127.0.0.1:6379
2023-07-20 15:51:22,963 INFO (SentinelWebMvcConfigurer.java:52)- [Sentinel Starter] register SentinelWebInterceptor with urlPatterns: [/**].
2023-07-20 15:51:25,049 INFO (InetUtils.java:170)- Cannot determine local hostname
2023-07-20 15:51:25,993 INFO (StdSchedulerFactory.java:1220)- Using default implementation for ThreadExecutor
2023-07-20 15:51:26,014 INFO (SchedulerSignalerImpl.java:61)- Initialized Scheduler Signaller of type: class org.quartz.core.SchedulerSignalerImpl
2023-07-20 15:51:26,014 INFO (QuartzScheduler.java:229)- Quartz Scheduler v.2.3.2 created.
2023-07-20 15:51:26,016 INFO (RAMJobStore.java:155)- RAMJobStore initialized.
2023-07-20 15:51:26,018 INFO (QuartzScheduler.java:294)- Scheduler meta-data: Quartz Scheduler (v2.3.2) 'quartzScheduler' with instanceId 'NON_CLUSTERED'
  Scheduler class: 'org.quartz.core.QuartzScheduler' - running locally.
  NOT STARTED.
  Currently in standby mode.
  Number of jobs executed: 0
  Using thread pool 'org.quartz.simpl.SimpleThreadPool' - with 10 threads.
  Using job-store 'org.quartz.simpl.RAMJobStore' - which does not support persistence. and is not clustered.

2023-07-20 15:51:26,019 INFO (StdSchedulerFactory.java:1374)- Quartz scheduler 'quartzScheduler' initialized from an externally provided properties instance.
2023-07-20 15:51:26,019 INFO (StdSchedulerFactory.java:1378)- Quartz scheduler version: 2.3.2
2023-07-20 15:51:26,019 INFO (QuartzScheduler.java:2293)- JobFactory set to: org.springframework.scheduling.quartz.SpringBeanJobFactory@4a83740e
2023-07-20 15:51:28,149 INFO (InetUtils.java:170)- Cannot determine local hostname
2023-07-20 15:51:28,228 INFO (EndpointLinksResolver.java:58)- Exposing 21 endpoint(s) beneath base path '/actuator'
2023-07-20 15:51:28,341 WARN (LocalVariableTableParameterNameDiscoverer.java:123)- Using deprecated '-debug' fallback for parameter name resolution. Compile the affected code with '-parameters' instead or avoid its introspection: org.springframework.amqp.rabbit.core.RabbitAdmin
2023-07-20 15:51:28,373 INFO (Undertow.java:120)- starting server: Undertow - 2.3.4.Final
2023-07-20 15:51:28,381 INFO (Xnio.java:95)- XNIO version 3.8.8.Final
2023-07-20 15:51:28,389 INFO (NioXnio.java:58)- XNIO NIO Implementation Version 3.8.8.Final
2023-07-20 15:51:28,414 INFO (Version.java:55)- JBoss Threads version 3.5.0.Final
2023-07-20 15:51:28,455 INFO (UndertowWebServer.java:121)- Undertow started on port(s) 9030 (http)
2023-07-20 15:51:28,459 INFO (SearchableProperties.java:197)- properties search order:PROPERTIES->JVM->ENV->DEFAULT_SETTING
2023-07-20 15:51:28,460 INFO (InitUtils.java:61)- initializer namespace from System Property : null
2023-07-20 15:51:28,461 INFO (InitUtils.java:65)- initializer namespace from System Environment :null
2023-07-20 15:51:28,461 INFO (InitUtils.java:72)- initializer namespace from System Property :
2023-07-20 15:51:28,471 INFO (ClientAuthPluginManager.java:56)- [ClientAuthPluginManager] Load ClientAuthService com.alibaba.nacos.client.auth.impl.NacosClientAuthServiceImpl success.
2023-07-20 15:51:28,471 INFO (ClientAuthPluginManager.java:56)- [ClientAuthPluginManager] Load ClientAuthService com.alibaba.nacos.client.auth.ram.RamClientAuthServiceImpl success.
2023-07-20 15:51:28,474 INFO (RpcClientFactory.java:94)- [RpcClientFactory] create a new rpc client of 0b12c7fd-4c52-4268-afc8-c1aaac06a4b6
2023-07-20 15:51:28,476 INFO (LoggerUtils.java:60)- [0b12c7fd-4c52-4268-afc8-c1aaac06a4b6] RpcClient init, ServerListFactory = com.alibaba.nacos.client.naming.core.ServerListManager
2023-07-20 15:51:28,477 INFO (LoggerUtils.java:60)- [0b12c7fd-4c52-4268-afc8-c1aaac06a4b6] Registry connection listener to current client:com.alibaba.nacos.client.naming.remote.gprc.redo.NamingGrpcRedoService
2023-07-20 15:51:28,477 INFO (LoggerUtils.java:60)- [0b12c7fd-4c52-4268-afc8-c1aaac06a4b6] Register server push request handler:com.alibaba.nacos.client.naming.remote.gprc.NamingPushRequestHandler
2023-07-20 15:51:28,478 INFO (LoggerUtils.java:60)- [0b12c7fd-4c52-4268-afc8-c1aaac06a4b6] Try to connect to server on start up, server: {serverIp = '127.0.0.1', server main port = 8848}
2023-07-20 15:51:28,598 INFO (LoggerUtils.java:60)- [0b12c7fd-4c52-4268-afc8-c1aaac06a4b6] Success to connect to server [127.0.0.1:8848] on start up, connectionId = 1689839488483_127.0.0.1_63423
2023-07-20 15:51:28,598 INFO (LoggerUtils.java:60)- [0b12c7fd-4c52-4268-afc8-c1aaac06a4b6] Register server push request handler:com.alibaba.nacos.common.remote.client.RpcClient$ConnectResetRequestHandler
2023-07-20 15:51:28,598 INFO (LoggerUtils.java:60)- [0b12c7fd-4c52-4268-afc8-c1aaac06a4b6] Notify connected event to listeners.
2023-07-20 15:51:28,599 INFO (NamingGrpcRedoService.java:78)- Grpc connection connect
2023-07-20 15:51:28,599 INFO (LoggerUtils.java:60)- [0b12c7fd-4c52-4268-afc8-c1aaac06a4b6] Register server push request handler:com.alibaba.nacos.common.remote.client.RpcClient$$Lambda$671/0x00000008010f7dc0
2023-07-20 15:51:28,599 INFO (NamingGrpcClientProxy.java:120)- [REGISTER-SERVICE] public registering service novel-news-service with instance Instance{instanceId='null', ip='192.168.43.1', port=9030, weight=1.0, healthy=true, enabled=true, ephemeral=true, clusterName='DEFAULT', serviceName='null', metadata={preserved.register.source=SPRING_CLOUD}}
2023-07-20 15:51:28,609 INFO (NacosServiceRegistry.java:76)- nacos registry, DEFAULT_GROUP novel-news-service 192.168.43.1:9030 register finished
2023-07-20 15:51:29,708 INFO (InetUtils.java:170)- Cannot determine local hostname
2023-07-20 15:51:29,708 INFO (SchedulerFactoryBean.java:729)- Starting Quartz Scheduler now
2023-07-20 15:51:29,708 INFO (QuartzScheduler.java:547)- Scheduler quartzScheduler_$_NON_CLUSTERED started.
2023-07-20 15:51:29,723 INFO (StartupInfoLogger.java:57)- Started NovelNewsApplication in 17.94 seconds (process running for 18.736)
2023-07-20 15:51:29,728 INFO (CacheData.java:67)- nacos.cache.data.init.snapshot = true 
2023-07-20 15:51:29,729 INFO (ClientWorker.java:379)- [fixed-127.0.0.1_8848] [subscribe] novel-news-service+DEFAULT_GROUP
2023-07-20 15:51:29,735 INFO (CacheData.java:197)- [fixed-127.0.0.1_8848] [add-listener] ok, tenant=, dataId=novel-news-service, group=DEFAULT_GROUP, cnt=1
2023-07-20 15:51:29,736 INFO (NacosContextRefresher.java:129)- [Nacos Config] Listening config: dataId=novel-news-service, group=DEFAULT_GROUP
2023-07-20 15:51:29,736 INFO (ClientWorker.java:379)- [fixed-127.0.0.1_8848] [subscribe] novel-news-service-common.yml+DEFAULT_GROUP
2023-07-20 15:51:29,736 INFO (CacheData.java:197)- [fixed-127.0.0.1_8848] [add-listener] ok, tenant=, dataId=novel-news-service-common.yml, group=DEFAULT_GROUP, cnt=1
2023-07-20 15:51:29,737 INFO (NacosContextRefresher.java:129)- [Nacos Config] Listening config: dataId=novel-news-service-common.yml, group=DEFAULT_GROUP
2023-07-20 15:51:29,737 INFO (ClientWorker.java:379)- [fixed-127.0.0.1_8848] [subscribe] novel-mysql.yml+DEFAULT_GROUP
2023-07-20 15:51:29,737 INFO (CacheData.java:197)- [fixed-127.0.0.1_8848] [add-listener] ok, tenant=, dataId=novel-mysql.yml, group=DEFAULT_GROUP, cnt=1
2023-07-20 15:51:29,738 INFO (NacosContextRefresher.java:129)- [Nacos Config] Listening config: dataId=novel-mysql.yml, group=DEFAULT_GROUP
2023-07-20 15:51:29,738 INFO (ClientWorker.java:379)- [fixed-127.0.0.1_8848] [subscribe] novel-redis.yml+DEFAULT_GROUP
2023-07-20 15:51:29,739 INFO (CacheData.java:197)- [fixed-127.0.0.1_8848] [add-listener] ok, tenant=, dataId=novel-redis.yml, group=DEFAULT_GROUP, cnt=1
2023-07-20 15:51:29,740 INFO (NacosContextRefresher.java:129)- [Nacos Config] Listening config: dataId=novel-redis.yml, group=DEFAULT_GROUP
2023-07-20 15:51:29,741 INFO (ClientWorker.java:379)- [fixed-127.0.0.1_8848] [subscribe] novel-rabbitmq.yml+DEFAULT_GROUP
2023-07-20 15:51:29,741 INFO (CacheData.java:197)- [fixed-127.0.0.1_8848] [add-listener] ok, tenant=, dataId=novel-rabbitmq.yml, group=DEFAULT_GROUP, cnt=1
2023-07-20 15:51:29,741 INFO (NacosContextRefresher.java:129)- [Nacos Config] Listening config: dataId=novel-rabbitmq.yml, group=DEFAULT_GROUP
2023-07-20 15:51:29,741 INFO (ClientWorker.java:379)- [fixed-127.0.0.1_8848] [subscribe] novel-news-service-dev.yml+DEFAULT_GROUP
2023-07-20 15:51:29,742 INFO (CacheData.java:197)- [fixed-127.0.0.1_8848] [add-listener] ok, tenant=, dataId=novel-news-service-dev.yml, group=DEFAULT_GROUP, cnt=1
2023-07-20 15:51:29,742 INFO (NacosContextRefresher.java:129)- [Nacos Config] Listening config: dataId=novel-news-service-dev.yml, group=DEFAULT_GROUP
2023-07-20 15:51:29,742 INFO (ClientWorker.java:379)- [fixed-127.0.0.1_8848] [subscribe] novel-news-service.yml+DEFAULT_GROUP
2023-07-20 15:51:29,742 INFO (CacheData.java:197)- [fixed-127.0.0.1_8848] [add-listener] ok, tenant=, dataId=novel-news-service.yml, group=DEFAULT_GROUP, cnt=1
2023-07-20 15:51:29,742 INFO (NacosContextRefresher.java:129)- [Nacos Config] Listening config: dataId=novel-news-service.yml, group=DEFAULT_GROUP
2023-07-20 15:51:30,134 INFO (ServletContextImpl.java:372)- Initializing Spring DispatcherServlet 'dispatcherServlet'
2023-07-20 15:51:30,135 INFO (FrameworkServlet.java:532)- Initializing Servlet 'dispatcherServlet'
2023-07-20 15:51:30,140 INFO (FrameworkServlet.java:554)- Completed initialization in 5 ms
2023-07-20 15:51:30,174 INFO (AbstractConnectionFactory.java:630)- Attempting to connect to: [192.168.10.110:5672]
2023-07-20 15:51:54,226 INFO (AbstractConnectionFactory.java:630)- Attempting to connect to: [192.168.10.110:5672]
2023-07-20 15:52:18,289 INFO (AbstractConnectionFactory.java:630)- Attempting to connect to: [192.168.10.110:5672]
2023-07-20 15:52:39,335 WARN (AbstractHealthIndicator.java:94)- Rabbit health check failed
org.springframework.amqp.AmqpConnectException: java.net.ConnectException: Connection timed out: no further information
	at org.springframework.amqp.rabbit.support.RabbitExceptionTranslator.convertRabbitAccessException(RabbitExceptionTranslator.java:61)
	at org.springframework.amqp.rabbit.connection.AbstractConnectionFactory.createBareConnection(AbstractConnectionFactory.java:594)
	at org.springframework.amqp.rabbit.connection.CachingConnectionFactory.createConnection(CachingConnectionFactory.java:687)
	at org.springframework.amqp.rabbit.connection.ConnectionFactoryUtils.createConnection(ConnectionFactoryUtils.java:257)
	at org.springframework.amqp.rabbit.core.RabbitTemplate.doExecute(RabbitTemplate.java:2225)
	at org.springframework.amqp.rabbit.core.RabbitTemplate.lambda$execute$13(RabbitTemplate.java:2187)
	at org.springframework.retry.support.RetryTemplate.doExecute(RetryTemplate.java:329)
	at org.springframework.retry.support.RetryTemplate.execute(RetryTemplate.java:225)
	at org.springframework.amqp.rabbit.core.RabbitTemplate.execute(RabbitTemplate.java:2186)
	at org.springframework.amqp.rabbit.core.RabbitTemplate.execute(RabbitTemplate.java:2178)
	at org.springframework.boot.actuate.amqp.RabbitHealthIndicator.getVersion(RabbitHealthIndicator.java:49)
	at org.springframework.boot.actuate.amqp.RabbitHealthIndicator.doHealthCheck(RabbitHealthIndicator.java:44)
	at org.springframework.boot.actuate.health.AbstractHealthIndicator.health(AbstractHealthIndicator.java:82)
	at org.springframework.boot.actuate.health.HealthIndicator.getHealth(HealthIndicator.java:37)
	at org.springframework.boot.actuate.health.HealthEndpoint.getHealth(HealthEndpoint.java:82)
	at org.springframework.boot.actuate.health.HealthEndpoint.getHealth(HealthEndpoint.java:41)
	at org.springframework.boot.actuate.health.HealthEndpointSupport.getLoggedHealth(HealthEndpointSupport.java:172)
	at org.springframework.boot.actuate.health.HealthEndpointSupport.getContribution(HealthEndpointSupport.java:145)
	at org.springframework.boot.actuate.health.HealthEndpointSupport.getAggregateContribution(HealthEndpointSupport.java:156)
	at org.springframework.boot.actuate.health.HealthEndpointSupport.getContribution(HealthEndpointSupport.java:141)
	at org.springframework.boot.actuate.health.HealthEndpointSupport.getHealth(HealthEndpointSupport.java:110)
	at org.springframework.boot.actuate.health.HealthEndpointSupport.getHealth(HealthEndpointSupport.java:81)
	at org.springframework.boot.actuate.health.HealthEndpoint.health(HealthEndpoint.java:76)
	at org.springframework.boot.actuate.health.HealthEndpoint.health(HealthEndpoint.java:66)
	at java.base/jdk.internal.reflect.NativeMethodAccessorImpl.invoke0(Native Method)
	at java.base/jdk.internal.reflect.NativeMethodAccessorImpl.invoke(NativeMethodAccessorImpl.java:77)
	at java.base/jdk.internal.reflect.DelegatingMethodAccessorImpl.invoke(DelegatingMethodAccessorImpl.java:43)
	at java.base/java.lang.reflect.Method.invoke(Method.java:568)
	at org.springframework.util.ReflectionUtils.invokeMethod(ReflectionUtils.java:281)
	at org.springframework.boot.actuate.endpoint.invoke.reflect.ReflectiveOperationInvoker.invoke(ReflectiveOperationInvoker.java:74)
	at org.springframework.boot.actuate.endpoint.annotation.AbstractDiscoveredOperation.invoke(AbstractDiscoveredOperation.java:60)
	at org.springframework.boot.actuate.endpoint.jmx.EndpointMBean.invoke(EndpointMBean.java:124)
	at org.springframework.boot.actuate.endpoint.jmx.EndpointMBean.invoke(EndpointMBean.java:97)
	at java.management/com.sun.jmx.interceptor.DefaultMBeanServerInterceptor.invoke(DefaultMBeanServerInterceptor.java:814)
	at java.management/com.sun.jmx.mbeanserver.JmxMBeanServer.invoke(JmxMBeanServer.java:802)
	at java.management.rmi/javax.management.remote.rmi.RMIConnectionImpl.doOperation(RMIConnectionImpl.java:1472)
	at java.management.rmi/javax.management.remote.rmi.RMIConnectionImpl$PrivilegedOperation.run(RMIConnectionImpl.java:1310)
	at java.management.rmi/javax.management.remote.rmi.RMIConnectionImpl.doPrivilegedOperation(RMIConnectionImpl.java:1405)
	at java.management.rmi/javax.management.remote.rmi.RMIConnectionImpl.invoke(RMIConnectionImpl.java:829)
	at java.base/jdk.internal.reflect.GeneratedMethodAccessor51.invoke(Unknown Source)
	at java.base/jdk.internal.reflect.DelegatingMethodAccessorImpl.invoke(DelegatingMethodAccessorImpl.java:43)
	at java.base/java.lang.reflect.Method.invoke(Method.java:568)
	at java.rmi/sun.rmi.server.UnicastServerRef.dispatch(UnicastServerRef.java:360)
	at java.rmi/sun.rmi.transport.Transport$1.run(Transport.java:200)
	at java.rmi/sun.rmi.transport.Transport$1.run(Transport.java:197)
	at java.base/java.security.AccessController.doPrivileged(AccessController.java:712)
	at java.rmi/sun.rmi.transport.Transport.serviceCall(Transport.java:196)
	at java.rmi/sun.rmi.transport.tcp.TCPTransport.handleMessages(TCPTransport.java:587)
	at java.rmi/sun.rmi.transport.tcp.TCPTransport$ConnectionHandler.run0(TCPTransport.java:828)
	at java.rmi/sun.rmi.transport.tcp.TCPTransport$ConnectionHandler.lambda$run$0(TCPTransport.java:705)
	at java.base/java.security.AccessController.doPrivileged(AccessController.java:399)
	at java.rmi/sun.rmi.transport.tcp.TCPTransport$ConnectionHandler.run(TCPTransport.java:704)
	at java.base/java.util.concurrent.ThreadPoolExecutor.runWorker(ThreadPoolExecutor.java:1136)
	at java.base/java.util.concurrent.ThreadPoolExecutor$Worker.run(ThreadPoolExecutor.java:635)
	at java.base/java.lang.Thread.run(Thread.java:833)
Caused by: java.net.ConnectException: Connection timed out: no further information
	at java.base/sun.nio.ch.Net.pollConnect(Native Method)
	at java.base/sun.nio.ch.Net.pollConnectNow(Net.java:672)
	at java.base/sun.nio.ch.NioSocketImpl.timedFinishConnect(NioSocketImpl.java:549)
	at java.base/sun.nio.ch.NioSocketImpl.connect(NioSocketImpl.java:597)
	at java.base/java.net.SocksSocketImpl.connect(SocksSocketImpl.java:327)
	at java.base/java.net.Socket.connect(Socket.java:633)
	at com.rabbitmq.client.impl.SocketFrameHandlerFactory.create(SocketFrameHandlerFactory.java:59)
	at com.rabbitmq.client.ConnectionFactory.newConnection(ConnectionFactory.java:1223)
	at com.rabbitmq.client.ConnectionFactory.newConnection(ConnectionFactory.java:1173)
	at org.springframework.amqp.rabbit.connection.AbstractConnectionFactory.connectAddresses(AbstractConnectionFactory.java:632)
	at org.springframework.amqp.rabbit.connection.AbstractConnectionFactory.connect(AbstractConnectionFactory.java:607)
	at org.springframework.amqp.rabbit.connection.AbstractConnectionFactory.createBareConnection(AbstractConnectionFactory.java:557)
	... 53 common frames omitted
2023-07-20 15:52:39,343 WARN (HealthEndpointSupport.java:181)- Health contributor org.springframework.boot.actuate.amqp.RabbitHealthIndicator (rabbit) took 69176ms to respond
2023-07-20 15:52:39,348 INFO (HikariDataSource.java:110)- HikariPool-1 - Starting...
2023-07-20 15:52:39,511 INFO (HikariPool.java:565)- HikariPool-1 - Added connection com.mysql.cj.jdbc.ConnectionImpl@52ae3679
2023-07-20 15:52:39,519 INFO (HikariDataSource.java:123)- HikariPool-1 - Start completed.
2023-07-20 16:00:28,888 DEBUG (BaseJdbcLogger.java:137)- ==>  Preparing: SELECT id,category_id,category_name,source_name,title,create_time,update_time FROM news_info ORDER BY create_time DESC limit 2
2023-07-20 16:00:28,925 DEBUG (BaseJdbcLogger.java:137)- ==> Parameters: 
2023-07-20 16:00:28,973 DEBUG (BaseJdbcLogger.java:137)- <==      Total: 2
2023-07-20 23:02:05,156 WARN (NotifyCenter.java:136)- [NotifyCenter] Start destroying Publisher
2023-07-20 23:02:05,156 WARN (HttpClientBeanHolder.java:102)- [HttpClientBeanHolder] Start destroying common HttpClient
2023-07-20 23:02:05,180 WARN (NotifyCenter.java:153)- [NotifyCenter] Destruction of the end
2023-07-20 23:02:05,207 WARN (HttpClientBeanHolder.java:111)- [HttpClientBeanHolder] Destruction of the end
2023-07-20 23:02:05,380 INFO (QuartzScheduler.java:585)- Scheduler quartzScheduler_$_NON_CLUSTERED paused.
2023-07-20 23:02:05,421 INFO (Undertow.java:259)- stopping server: Undertow - 2.3.4.Final
2023-07-20 23:02:05,502 INFO (ServletContextImpl.java:372)- Destroying Spring FrameworkServlet 'dispatcherServlet'
2023-07-20 23:02:05,623 INFO (SchedulerFactoryBean.java:847)- Shutting down Quartz Scheduler
2023-07-20 23:02:05,624 INFO (QuartzScheduler.java:666)- Scheduler quartzScheduler_$_NON_CLUSTERED shutting down.
2023-07-20 23:02:05,624 INFO (QuartzScheduler.java:585)- Scheduler quartzScheduler_$_NON_CLUSTERED paused.
2023-07-20 23:02:05,626 INFO (QuartzScheduler.java:740)- Scheduler quartzScheduler_$_NON_CLUSTERED shutdown complete.
2023-07-20 23:02:05,695 INFO (NacosServiceRegistry.java:95)- De-registering from Nacos Server now...
2023-07-20 23:02:05,698 INFO (NamingGrpcClientProxy.java:216)- [DEREGISTER-SERVICE] public deregistering service novel-news-service with instance: Instance{instanceId='null', ip='192.168.43.1', port=9030, weight=1.0, healthy=true, enabled=true, ephemeral=true, clusterName='DEFAULT', serviceName='null', metadata={}}
2023-07-20 23:02:05,729 INFO (NacosServiceRegistry.java:115)- De-registration finished.
2023-07-20 23:02:05,736 INFO (ServiceInfoHolder.java:256)- com.alibaba.nacos.client.naming.cache.ServiceInfoHolder do shutdown begin
2023-07-20 23:02:05,736 INFO (FailoverReactor.java:133)- com.alibaba.nacos.client.naming.backups.FailoverReactor do shutdown begin
2023-07-20 23:02:05,738 INFO (FailoverReactor.java:135)- com.alibaba.nacos.client.naming.backups.FailoverReactor do shutdown stop
2023-07-20 23:02:05,738 INFO (ServiceInfoHolder.java:258)- com.alibaba.nacos.client.naming.cache.ServiceInfoHolder do shutdown stop
2023-07-20 23:02:05,738 INFO (NamingClientProxyDelegate.java:204)- com.alibaba.nacos.client.naming.remote.NamingClientProxyDelegate do shutdown begin
2023-07-20 23:02:05,739 INFO (ServiceInfoUpdateService.java:143)- com.alibaba.nacos.client.naming.core.ServiceInfoUpdateService do shutdown begin
2023-07-20 23:02:05,739 INFO (ServiceInfoUpdateService.java:145)- com.alibaba.nacos.client.naming.core.ServiceInfoUpdateService do shutdown stop
2023-07-20 23:02:05,739 INFO (ServerListManager.java:194)- com.alibaba.nacos.client.naming.core.ServerListManager do shutdown begin
2023-07-20 23:02:05,739 WARN (NamingHttpClientManager.java:74)- [NamingHttpClientManager] Start destroying NacosRestTemplate
2023-07-20 23:02:05,740 WARN (NamingHttpClientManager.java:81)- [NamingHttpClientManager] Destruction of the end
2023-07-20 23:02:05,740 INFO (ServerListManager.java:199)- com.alibaba.nacos.client.naming.core.ServerListManager do shutdown stop
2023-07-20 23:02:05,740 INFO (NamingHttpClientProxy.java:484)- com.alibaba.nacos.client.naming.remote.http.NamingHttpClientProxy do shutdown begin
2023-07-20 23:02:05,740 WARN (NamingHttpClientManager.java:74)- [NamingHttpClientManager] Start destroying NacosRestTemplate
2023-07-20 23:02:05,740 WARN (NamingHttpClientManager.java:81)- [NamingHttpClientManager] Destruction of the end
2023-07-20 23:02:05,740 INFO (NamingHttpClientProxy.java:486)- com.alibaba.nacos.client.naming.remote.http.NamingHttpClientProxy do shutdown stop
2023-07-20 23:02:05,741 INFO (RpcClient.java:425)- Shutdown rpc client, set status to shutdown
2023-07-20 23:02:05,742 INFO (RpcClient.java:427)- Shutdown client event executor java.util.concurrent.ScheduledThreadPoolExecutor@5dcb7fdb[Running, pool size = 2, active threads = 2, queued tasks = 0, completed tasks = 0]
2023-07-20 23:02:05,743 INFO (RpcClient.java:580)- Close current connection 1689839488483_127.0.0.1_63423
2023-07-20 23:02:05,746 INFO (LoggerUtils.java:60)- [1689839488483_127.0.0.1_63423]Ignore complete event,isRunning:false,isAbandon=false
2023-07-20 23:02:05,783 INFO (GrpcClient.java:140)- Shutdown grpc executor java.util.concurrent.ThreadPoolExecutor@bef75a4[Running, pool size = 4, active threads = 0, queued tasks = 0, completed tasks = 5259]
2023-07-20 23:02:05,783 INFO (NamingGrpcRedoService.java:292)- Shutdown grpc redo service executor java.util.concurrent.ScheduledThreadPoolExecutor@5f3210fa[Running, pool size = 1, active threads = 0, queued tasks = 1, completed tasks = 8607]
2023-07-20 23:02:05,785 INFO (CredentialWatcher.java:106)- [null] CredentialWatcher is stopped
2023-07-20 23:02:05,785 INFO (CredentialService.java:100)- [null] CredentialService is freed
2023-07-20 23:02:05,786 INFO (NamingClientProxyDelegate.java:211)- com.alibaba.nacos.client.naming.remote.NamingClientProxyDelegate do shutdown stop
2023-07-20 23:02:05,893 INFO (HikariDataSource.java:350)- HikariPool-1 - Shutdown initiated...
2023-07-20 23:02:05,901 INFO (HikariDataSource.java:352)- HikariPool-1 - Shutdown completed.
