2023-07-21 09:26:26,827 WARN (NacosLogging.java:64)- Load Logback Configuration of Nacos fail, message: org/slf4j/impl/StaticLoggerBinder
2023-07-21 09:26:26,841 WARN (NacosLogging.java:64)- Load Logback Configuration of Nacos fail, message: org/slf4j/impl/StaticLoggerBinder
2023-07-21 09:26:26,879 INFO (LocalConfigInfoProcessor.java:68)- LOCAL_SNAPSHOT_PATH:C:\Users\yisheng\nacos\config
2023-07-21 09:26:26,885 INFO (RpcClientFactory.java:94)- [RpcClientFactory] create a new rpc client of fa90c796-0d98-4720-8813-4aee8372c791_config-0
2023-07-21 09:26:26,906 INFO (LoggerUtils.java:60)- [fa90c796-0d98-4720-8813-4aee8372c791_config-0] Register server push request handler:com.alibaba.nacos.client.config.impl.ClientWorker$ConfigRpcTransportClient$$Lambda$651/0x0000000800fc6270
2023-07-21 09:26:26,908 INFO (LoggerUtils.java:60)- [fa90c796-0d98-4720-8813-4aee8372c791_config-0] Register server push request handler:com.alibaba.nacos.client.config.impl.ClientWorker$ConfigRpcTransportClient$$Lambda$652/0x0000000800fc6690
2023-07-21 09:26:26,909 INFO (LoggerUtils.java:60)- [fa90c796-0d98-4720-8813-4aee8372c791_config-0] Registry connection listener to current client:com.alibaba.nacos.client.config.impl.ClientWorker$ConfigRpcTransportClient$1
2023-07-21 09:26:26,910 INFO (LoggerUtils.java:60)- [fa90c796-0d98-4720-8813-4aee8372c791_config-0] RpcClient init, ServerListFactory = com.alibaba.nacos.client.config.impl.ClientWorker$ConfigRpcTransportClient$2
2023-07-21 09:26:26,920 INFO (LoggerUtils.java:60)- [fa90c796-0d98-4720-8813-4aee8372c791_config-0] Try to connect to server on start up, server: {serverIp = '127.0.0.1', server main port = 8848}
2023-07-21 09:26:27,804 INFO (LoggerUtils.java:60)- [fa90c796-0d98-4720-8813-4aee8372c791_config-0] Success to connect to server [127.0.0.1:8848] on start up, connectionId = 1689902787595_127.0.0.1_55594
2023-07-21 09:26:27,805 INFO (LoggerUtils.java:60)- [fa90c796-0d98-4720-8813-4aee8372c791_config-0] Notify connected event to listeners.
2023-07-21 09:26:27,805 INFO (LoggerUtils.java:60)- [fa90c796-0d98-4720-8813-4aee8372c791_config-0] Register server push request handler:com.alibaba.nacos.common.remote.client.RpcClient$ConnectResetRequestHandler
2023-07-21 09:26:27,805 INFO (ClientWorker.java:638)- [fa90c796-0d98-4720-8813-4aee8372c791_config-0] Connected,notify listen context...
2023-07-21 09:26:27,805 INFO (LoggerUtils.java:60)- [fa90c796-0d98-4720-8813-4aee8372c791_config-0] Register server push request handler:com.alibaba.nacos.common.remote.client.RpcClient$$Lambda$671/0x00000008010f8000
2023-07-21 09:26:27,843 INFO (Limiter.java:62)- limitTime:5.0
2023-07-21 09:26:27,858 INFO (JvmUtil.java:54)- isMultiInstance:false
2023-07-21 09:26:27,890 WARN (NacosPropertySourceBuilder.java:87)- Ignore the empty nacos configuration and get it based on dataId[novel-news-service] & group[DEFAULT_GROUP]
2023-07-21 09:26:27,897 WARN (NacosPropertySourceBuilder.java:87)- Ignore the empty nacos configuration and get it based on dataId[novel-news-service.yml] & group[DEFAULT_GROUP]
2023-07-21 09:26:27,904 WARN (NacosPropertySourceBuilder.java:87)- Ignore the empty nacos configuration and get it based on dataId[novel-news-service-common.yml] & group[DEFAULT_GROUP]
2023-07-21 09:26:27,909 WARN (NacosPropertySourceBuilder.java:87)- Ignore the empty nacos configuration and get it based on dataId[novel-news-service-dev.yml] & group[DEFAULT_GROUP]
2023-07-21 09:26:27,909 INFO (PropertySourceBootstrapConfiguration.java:108)- Located property source: [BootstrapPropertySource {name='bootstrapProperties-novel-news-service-dev.yml,DEFAULT_GROUP'}, BootstrapPropertySource {name='bootstrapProperties-novel-news-service-common.yml,DEFAULT_GROUP'}, BootstrapPropertySource {name='bootstrapProperties-novel-news-service.yml,DEFAULT_GROUP'}, BootstrapPropertySource {name='bootstrapProperties-novel-news-service,DEFAULT_GROUP'}, BootstrapPropertySource {name='bootstrapProperties-novel-rabbitmq.yml,DEFAULT_GROUP'}, BootstrapPropertySource {name='bootstrapProperties-novel-redis.yml,DEFAULT_GROUP'}, BootstrapPropertySource {name='bootstrapProperties-novel-mysql.yml,DEFAULT_GROUP'}]
2023-07-21 09:26:27,918 INFO (SpringApplication.java:638)- The following 2 profiles are active: "common", "dev"
2023-07-21 09:26:31,354 INFO (RepositoryConfigurationDelegate.java:291)- Multiple Spring Data modules found, entering strict repository configuration mode
2023-07-21 09:26:31,363 INFO (RepositoryConfigurationDelegate.java:138)- Bootstrapping Spring Data Redis repositories in DEFAULT mode.
2023-07-21 09:26:31,482 INFO (RepositoryConfigurationDelegate.java:208)- Finished Spring Data repository scanning in 12 ms. Found 0 Redis repository interfaces.
2023-07-21 09:26:32,082 INFO (GenericScope.java:282)- BeanFactory id=65745d27-3ec1-3b85-baea-68a2eece2786
2023-07-21 09:26:33,795 WARN (Bootstrap.java:68)- UT026010: Buffer pool was not set on WebSocketDeploymentInfo, the default pool will be used
2023-07-21 09:26:33,842 INFO (ServletContextImpl.java:372)- Initializing Spring embedded WebApplicationContext
2023-07-21 09:26:33,842 INFO (ServletWebServerApplicationContext.java:291)- Root WebApplicationContext: initialization completed in 5904 ms
2023-07-21 09:26:35,098 INFO (Version.java:41)- Redisson 3.19.1
2023-07-21 09:26:35,681 INFO (ConnectionPool.java:162)- 1 connections initialized for 127.0.0.1/127.0.0.1:6379
2023-07-21 09:26:35,753 INFO (ConnectionPool.java:162)- 24 connections initialized for 127.0.0.1/127.0.0.1:6379
2023-07-21 09:26:36,995 INFO (SentinelWebMvcConfigurer.java:52)- [Sentinel Starter] register SentinelWebInterceptor with urlPatterns: [/**].
2023-07-21 09:26:39,876 INFO (InetUtils.java:170)- Cannot determine local hostname
2023-07-21 09:26:42,289 INFO (StdSchedulerFactory.java:1220)- Using default implementation for ThreadExecutor
2023-07-21 09:26:42,337 INFO (SchedulerSignalerImpl.java:61)- Initialized Scheduler Signaller of type: class org.quartz.core.SchedulerSignalerImpl
2023-07-21 09:26:42,338 INFO (QuartzScheduler.java:229)- Quartz Scheduler v.2.3.2 created.
2023-07-21 09:26:42,342 INFO (RAMJobStore.java:155)- RAMJobStore initialized.
2023-07-21 09:26:42,346 INFO (QuartzScheduler.java:294)- Scheduler meta-data: Quartz Scheduler (v2.3.2) 'quartzScheduler' with instanceId 'NON_CLUSTERED'
  Scheduler class: 'org.quartz.core.QuartzScheduler' - running locally.
  NOT STARTED.
  Currently in standby mode.
  Number of jobs executed: 0
  Using thread pool 'org.quartz.simpl.SimpleThreadPool' - with 10 threads.
  Using job-store 'org.quartz.simpl.RAMJobStore' - which does not support persistence. and is not clustered.

2023-07-21 09:26:42,347 INFO (StdSchedulerFactory.java:1374)- Quartz scheduler 'quartzScheduler' initialized from an externally provided properties instance.
2023-07-21 09:26:42,348 INFO (StdSchedulerFactory.java:1378)- Quartz scheduler version: 2.3.2
2023-07-21 09:26:42,348 INFO (QuartzScheduler.java:2293)- JobFactory set to: org.springframework.scheduling.quartz.SpringBeanJobFactory@c9a8e12
2023-07-21 09:26:44,297 INFO (InetUtils.java:170)- Cannot determine local hostname
2023-07-21 09:26:44,419 INFO (EndpointLinksResolver.java:58)- Exposing 21 endpoint(s) beneath base path '/actuator'
2023-07-21 09:26:44,683 WARN (LocalVariableTableParameterNameDiscoverer.java:123)- Using deprecated '-debug' fallback for parameter name resolution. Compile the affected code with '-parameters' instead or avoid its introspection: org.springframework.amqp.rabbit.core.RabbitAdmin
2023-07-21 09:26:44,791 INFO (Undertow.java:120)- starting server: Undertow - 2.3.4.Final
2023-07-21 09:26:44,803 INFO (Xnio.java:95)- XNIO version 3.8.8.Final
2023-07-21 09:26:44,816 INFO (NioXnio.java:58)- XNIO NIO Implementation Version 3.8.8.Final
2023-07-21 09:26:44,857 INFO (Version.java:55)- JBoss Threads version 3.5.0.Final
2023-07-21 09:26:45,006 INFO (UndertowWebServer.java:121)- Undertow started on port(s) 9030 (http)
2023-07-21 09:26:45,013 INFO (SearchableProperties.java:197)- properties search order:PROPERTIES->JVM->ENV->DEFAULT_SETTING
2023-07-21 09:26:45,014 INFO (InitUtils.java:61)- initializer namespace from System Property : null
2023-07-21 09:26:45,015 INFO (InitUtils.java:65)- initializer namespace from System Environment :null
2023-07-21 09:26:45,016 INFO (InitUtils.java:72)- initializer namespace from System Property :
2023-07-21 09:26:45,032 INFO (ClientAuthPluginManager.java:56)- [ClientAuthPluginManager] Load ClientAuthService com.alibaba.nacos.client.auth.impl.NacosClientAuthServiceImpl success.
2023-07-21 09:26:45,032 INFO (ClientAuthPluginManager.java:56)- [ClientAuthPluginManager] Load ClientAuthService com.alibaba.nacos.client.auth.ram.RamClientAuthServiceImpl success.
2023-07-21 09:26:45,039 INFO (RpcClientFactory.java:94)- [RpcClientFactory] create a new rpc client of fdc1b0f7-c8e7-4b6b-a7f5-1c67e3a2b9cd
2023-07-21 09:26:45,041 INFO (LoggerUtils.java:60)- [fdc1b0f7-c8e7-4b6b-a7f5-1c67e3a2b9cd] RpcClient init, ServerListFactory = com.alibaba.nacos.client.naming.core.ServerListManager
2023-07-21 09:26:45,042 INFO (LoggerUtils.java:60)- [fdc1b0f7-c8e7-4b6b-a7f5-1c67e3a2b9cd] Registry connection listener to current client:com.alibaba.nacos.client.naming.remote.gprc.redo.NamingGrpcRedoService
2023-07-21 09:26:45,043 INFO (LoggerUtils.java:60)- [fdc1b0f7-c8e7-4b6b-a7f5-1c67e3a2b9cd] Register server push request handler:com.alibaba.nacos.client.naming.remote.gprc.NamingPushRequestHandler
2023-07-21 09:26:45,044 INFO (LoggerUtils.java:60)- [fdc1b0f7-c8e7-4b6b-a7f5-1c67e3a2b9cd] Try to connect to server on start up, server: {serverIp = '127.0.0.1', server main port = 8848}
2023-07-21 09:26:45,243 INFO (LoggerUtils.java:60)- [fdc1b0f7-c8e7-4b6b-a7f5-1c67e3a2b9cd] Success to connect to server [127.0.0.1:8848] on start up, connectionId = 1689902805059_127.0.0.1_55684
2023-07-21 09:26:45,243 INFO (LoggerUtils.java:60)- [fdc1b0f7-c8e7-4b6b-a7f5-1c67e3a2b9cd] Notify connected event to listeners.
2023-07-21 09:26:45,243 INFO (NamingGrpcRedoService.java:78)- Grpc connection connect
2023-07-21 09:26:45,243 INFO (LoggerUtils.java:60)- [fdc1b0f7-c8e7-4b6b-a7f5-1c67e3a2b9cd] Register server push request handler:com.alibaba.nacos.common.remote.client.RpcClient$ConnectResetRequestHandler
2023-07-21 09:26:45,244 INFO (LoggerUtils.java:60)- [fdc1b0f7-c8e7-4b6b-a7f5-1c67e3a2b9cd] Register server push request handler:com.alibaba.nacos.common.remote.client.RpcClient$$Lambda$671/0x00000008010f8000
2023-07-21 09:26:45,246 INFO (NamingGrpcClientProxy.java:120)- [REGISTER-SERVICE] public registering service novel-news-service with instance Instance{instanceId='null', ip='192.168.43.1', port=9030, weight=1.0, healthy=true, enabled=true, ephemeral=true, clusterName='DEFAULT', serviceName='null', metadata={preserved.register.source=SPRING_CLOUD}}
2023-07-21 09:26:45,360 INFO (NacosServiceRegistry.java:76)- nacos registry, DEFAULT_GROUP novel-news-service 192.168.43.1:9030 register finished
2023-07-21 09:26:46,524 INFO (InetUtils.java:170)- Cannot determine local hostname
2023-07-21 09:26:46,524 INFO (SchedulerFactoryBean.java:729)- Starting Quartz Scheduler now
2023-07-21 09:26:46,525 INFO (QuartzScheduler.java:547)- Scheduler quartzScheduler_$_NON_CLUSTERED started.
2023-07-21 09:26:46,554 INFO (StartupInfoLogger.java:57)- Started NovelNewsApplication in 24.392 seconds (process running for 25.115)
2023-07-21 09:26:46,563 INFO (CacheData.java:67)- nacos.cache.data.init.snapshot = true 
2023-07-21 09:26:46,564 INFO (ClientWorker.java:379)- [fixed-127.0.0.1_8848] [subscribe] novel-news-service+DEFAULT_GROUP
2023-07-21 09:26:46,574 INFO (CacheData.java:197)- [fixed-127.0.0.1_8848] [add-listener] ok, tenant=, dataId=novel-news-service, group=DEFAULT_GROUP, cnt=1
2023-07-21 09:26:46,574 INFO (NacosContextRefresher.java:129)- [Nacos Config] Listening config: dataId=novel-news-service, group=DEFAULT_GROUP
2023-07-21 09:26:46,575 INFO (ClientWorker.java:379)- [fixed-127.0.0.1_8848] [subscribe] novel-news-service-common.yml+DEFAULT_GROUP
2023-07-21 09:26:46,575 INFO (CacheData.java:197)- [fixed-127.0.0.1_8848] [add-listener] ok, tenant=, dataId=novel-news-service-common.yml, group=DEFAULT_GROUP, cnt=1
2023-07-21 09:26:46,575 INFO (NacosContextRefresher.java:129)- [Nacos Config] Listening config: dataId=novel-news-service-common.yml, group=DEFAULT_GROUP
2023-07-21 09:26:46,577 INFO (ClientWorker.java:379)- [fixed-127.0.0.1_8848] [subscribe] novel-mysql.yml+DEFAULT_GROUP
2023-07-21 09:26:46,578 INFO (CacheData.java:197)- [fixed-127.0.0.1_8848] [add-listener] ok, tenant=, dataId=novel-mysql.yml, group=DEFAULT_GROUP, cnt=1
2023-07-21 09:26:46,579 INFO (NacosContextRefresher.java:129)- [Nacos Config] Listening config: dataId=novel-mysql.yml, group=DEFAULT_GROUP
2023-07-21 09:26:46,580 INFO (ClientWorker.java:379)- [fixed-127.0.0.1_8848] [subscribe] novel-redis.yml+DEFAULT_GROUP
2023-07-21 09:26:46,581 INFO (CacheData.java:197)- [fixed-127.0.0.1_8848] [add-listener] ok, tenant=, dataId=novel-redis.yml, group=DEFAULT_GROUP, cnt=1
2023-07-21 09:26:46,581 INFO (NacosContextRefresher.java:129)- [Nacos Config] Listening config: dataId=novel-redis.yml, group=DEFAULT_GROUP
2023-07-21 09:26:46,582 INFO (ClientWorker.java:379)- [fixed-127.0.0.1_8848] [subscribe] novel-rabbitmq.yml+DEFAULT_GROUP
2023-07-21 09:26:46,586 INFO (CacheData.java:197)- [fixed-127.0.0.1_8848] [add-listener] ok, tenant=, dataId=novel-rabbitmq.yml, group=DEFAULT_GROUP, cnt=1
2023-07-21 09:26:46,587 INFO (NacosContextRefresher.java:129)- [Nacos Config] Listening config: dataId=novel-rabbitmq.yml, group=DEFAULT_GROUP
2023-07-21 09:26:46,587 INFO (ClientWorker.java:379)- [fixed-127.0.0.1_8848] [subscribe] novel-news-service-dev.yml+DEFAULT_GROUP
2023-07-21 09:26:46,587 INFO (CacheData.java:197)- [fixed-127.0.0.1_8848] [add-listener] ok, tenant=, dataId=novel-news-service-dev.yml, group=DEFAULT_GROUP, cnt=1
2023-07-21 09:26:46,588 INFO (NacosContextRefresher.java:129)- [Nacos Config] Listening config: dataId=novel-news-service-dev.yml, group=DEFAULT_GROUP
2023-07-21 09:26:46,588 INFO (ClientWorker.java:379)- [fixed-127.0.0.1_8848] [subscribe] novel-news-service.yml+DEFAULT_GROUP
2023-07-21 09:26:46,588 INFO (CacheData.java:197)- [fixed-127.0.0.1_8848] [add-listener] ok, tenant=, dataId=novel-news-service.yml, group=DEFAULT_GROUP, cnt=1
2023-07-21 09:26:46,588 INFO (NacosContextRefresher.java:129)- [Nacos Config] Listening config: dataId=novel-news-service.yml, group=DEFAULT_GROUP
2023-07-21 09:26:47,105 INFO (ServletContextImpl.java:372)- Initializing Spring DispatcherServlet 'dispatcherServlet'
2023-07-21 09:26:47,105 INFO (FrameworkServlet.java:532)- Initializing Servlet 'dispatcherServlet'
2023-07-21 09:26:47,108 INFO (FrameworkServlet.java:554)- Completed initialization in 2 ms
2023-07-21 09:26:47,162 INFO (AbstractConnectionFactory.java:630)- Attempting to connect to: [192.168.10.110:5672]
2023-07-21 09:26:54,731 INFO (HikariDataSource.java:110)- HikariPool-1 - Starting...
2023-07-21 09:26:55,147 INFO (HikariPool.java:565)- HikariPool-1 - Added connection com.mysql.cj.jdbc.ConnectionImpl@67af66c6
2023-07-21 09:26:55,154 INFO (HikariDataSource.java:123)- HikariPool-1 - Start completed.
2023-07-21 09:26:55,166 DEBUG (BaseJdbcLogger.java:137)- ==>  Preparing: SELECT id,category_id,category_name,source_name,title,create_time,update_time FROM news_info ORDER BY create_time DESC limit 2
2023-07-21 09:26:55,222 DEBUG (BaseJdbcLogger.java:137)- ==> Parameters: 
2023-07-21 09:26:55,281 DEBUG (BaseJdbcLogger.java:137)- <==      Total: 2
2023-07-21 09:27:11,190 INFO (AbstractConnectionFactory.java:630)- Attempting to connect to: [192.168.10.110:5672]
2023-07-21 09:27:35,232 INFO (AbstractConnectionFactory.java:630)- Attempting to connect to: [192.168.10.110:5672]
2023-07-21 09:27:56,287 WARN (AbstractHealthIndicator.java:94)- Rabbit health check failed
org.springframework.amqp.AmqpConnectException: java.net.ConnectException: Connection timed out: no further information
	at org.springframework.amqp.rabbit.support.RabbitExceptionTranslator.convertRabbitAccessException(RabbitExceptionTranslator.java:61)
	at org.springframework.amqp.rabbit.connection.AbstractConnectionFactory.createBareConnection(AbstractConnectionFactory.java:594)
	at org.springframework.amqp.rabbit.connection.CachingConnectionFactory.createConnection(CachingConnectionFactory.java:687)
	at org.springframework.amqp.rabbit.connection.ConnectionFactoryUtils.createConnection(ConnectionFactoryUtils.java:257)
	at org.springframework.amqp.rabbit.core.RabbitTemplate.doExecute(RabbitTemplate.java:2225)
	at org.springframework.amqp.rabbit.core.RabbitTemplate.lambda$execute$13(RabbitTemplate.java:2187)
	at org.springframework.retry.support.RetryTemplate.doExecute(RetryTemplate.java:329)
	at org.springframework.retry.support.RetryTemplate.execute(RetryTemplate.java:225)
	at org.springframework.amqp.rabbit.core.RabbitTemplate.execute(RabbitTemplate.java:2186)
	at org.springframework.amqp.rabbit.core.RabbitTemplate.execute(RabbitTemplate.java:2178)
	at org.springframework.boot.actuate.amqp.RabbitHealthIndicator.getVersion(RabbitHealthIndicator.java:49)
	at org.springframework.boot.actuate.amqp.RabbitHealthIndicator.doHealthCheck(RabbitHealthIndicator.java:44)
	at org.springframework.boot.actuate.health.AbstractHealthIndicator.health(AbstractHealthIndicator.java:82)
	at org.springframework.boot.actuate.health.HealthIndicator.getHealth(HealthIndicator.java:37)
	at org.springframework.boot.actuate.health.HealthEndpoint.getHealth(HealthEndpoint.java:82)
	at org.springframework.boot.actuate.health.HealthEndpoint.getHealth(HealthEndpoint.java:41)
	at org.springframework.boot.actuate.health.HealthEndpointSupport.getLoggedHealth(HealthEndpointSupport.java:172)
	at org.springframework.boot.actuate.health.HealthEndpointSupport.getContribution(HealthEndpointSupport.java:145)
	at org.springframework.boot.actuate.health.HealthEndpointSupport.getAggregateContribution(HealthEndpointSupport.java:156)
	at org.springframework.boot.actuate.health.HealthEndpointSupport.getContribution(HealthEndpointSupport.java:141)
	at org.springframework.boot.actuate.health.HealthEndpointSupport.getHealth(HealthEndpointSupport.java:110)
	at org.springframework.boot.actuate.health.HealthEndpointSupport.getHealth(HealthEndpointSupport.java:81)
	at org.springframework.boot.actuate.health.HealthEndpoint.health(HealthEndpoint.java:76)
	at org.springframework.boot.actuate.health.HealthEndpoint.health(HealthEndpoint.java:66)
	at java.base/jdk.internal.reflect.NativeMethodAccessorImpl.invoke0(Native Method)
	at java.base/jdk.internal.reflect.NativeMethodAccessorImpl.invoke(NativeMethodAccessorImpl.java:77)
	at java.base/jdk.internal.reflect.DelegatingMethodAccessorImpl.invoke(DelegatingMethodAccessorImpl.java:43)
	at java.base/java.lang.reflect.Method.invoke(Method.java:568)
	at org.springframework.util.ReflectionUtils.invokeMethod(ReflectionUtils.java:281)
	at org.springframework.boot.actuate.endpoint.invoke.reflect.ReflectiveOperationInvoker.invoke(ReflectiveOperationInvoker.java:74)
	at org.springframework.boot.actuate.endpoint.annotation.AbstractDiscoveredOperation.invoke(AbstractDiscoveredOperation.java:60)
	at org.springframework.boot.actuate.endpoint.jmx.EndpointMBean.invoke(EndpointMBean.java:124)
	at org.springframework.boot.actuate.endpoint.jmx.EndpointMBean.invoke(EndpointMBean.java:97)
	at java.management/com.sun.jmx.interceptor.DefaultMBeanServerInterceptor.invoke(DefaultMBeanServerInterceptor.java:814)
	at java.management/com.sun.jmx.mbeanserver.JmxMBeanServer.invoke(JmxMBeanServer.java:802)
	at java.management.rmi/javax.management.remote.rmi.RMIConnectionImpl.doOperation(RMIConnectionImpl.java:1472)
	at java.management.rmi/javax.management.remote.rmi.RMIConnectionImpl$PrivilegedOperation.run(RMIConnectionImpl.java:1310)
	at java.management.rmi/javax.management.remote.rmi.RMIConnectionImpl.doPrivilegedOperation(RMIConnectionImpl.java:1405)
	at java.management.rmi/javax.management.remote.rmi.RMIConnectionImpl.invoke(RMIConnectionImpl.java:829)
	at java.base/jdk.internal.reflect.GeneratedMethodAccessor54.invoke(Unknown Source)
	at java.base/jdk.internal.reflect.DelegatingMethodAccessorImpl.invoke(DelegatingMethodAccessorImpl.java:43)
	at java.base/java.lang.reflect.Method.invoke(Method.java:568)
	at java.rmi/sun.rmi.server.UnicastServerRef.dispatch(UnicastServerRef.java:360)
	at java.rmi/sun.rmi.transport.Transport$1.run(Transport.java:200)
	at java.rmi/sun.rmi.transport.Transport$1.run(Transport.java:197)
	at java.base/java.security.AccessController.doPrivileged(AccessController.java:712)
	at java.rmi/sun.rmi.transport.Transport.serviceCall(Transport.java:196)
	at java.rmi/sun.rmi.transport.tcp.TCPTransport.handleMessages(TCPTransport.java:587)
	at java.rmi/sun.rmi.transport.tcp.TCPTransport$ConnectionHandler.run0(TCPTransport.java:828)
	at java.rmi/sun.rmi.transport.tcp.TCPTransport$ConnectionHandler.lambda$run$0(TCPTransport.java:705)
	at java.base/java.security.AccessController.doPrivileged(AccessController.java:399)
	at java.rmi/sun.rmi.transport.tcp.TCPTransport$ConnectionHandler.run(TCPTransport.java:704)
	at java.base/java.util.concurrent.ThreadPoolExecutor.runWorker(ThreadPoolExecutor.java:1136)
	at java.base/java.util.concurrent.ThreadPoolExecutor$Worker.run(ThreadPoolExecutor.java:635)
	at java.base/java.lang.Thread.run(Thread.java:833)
Caused by: java.net.ConnectException: Connection timed out: no further information
	at java.base/sun.nio.ch.Net.pollConnect(Native Method)
	at java.base/sun.nio.ch.Net.pollConnectNow(Net.java:672)
	at java.base/sun.nio.ch.NioSocketImpl.timedFinishConnect(NioSocketImpl.java:549)
	at java.base/sun.nio.ch.NioSocketImpl.connect(NioSocketImpl.java:597)
	at java.base/java.net.SocksSocketImpl.connect(SocksSocketImpl.java:327)
	at java.base/java.net.Socket.connect(Socket.java:633)
	at com.rabbitmq.client.impl.SocketFrameHandlerFactory.create(SocketFrameHandlerFactory.java:59)
	at com.rabbitmq.client.ConnectionFactory.newConnection(ConnectionFactory.java:1223)
	at com.rabbitmq.client.ConnectionFactory.newConnection(ConnectionFactory.java:1173)
	at org.springframework.amqp.rabbit.connection.AbstractConnectionFactory.connectAddresses(AbstractConnectionFactory.java:632)
	at org.springframework.amqp.rabbit.connection.AbstractConnectionFactory.connect(AbstractConnectionFactory.java:607)
	at org.springframework.amqp.rabbit.connection.AbstractConnectionFactory.createBareConnection(AbstractConnectionFactory.java:557)
	... 53 common frames omitted
2023-07-21 09:27:56,291 WARN (HealthEndpointSupport.java:181)- Health contributor org.springframework.boot.actuate.amqp.RabbitHealthIndicator (rabbit) took 69138ms to respond
2023-07-21 11:56:42,468 WARN (HttpClientBeanHolder.java:102)- [HttpClientBeanHolder] Start destroying common HttpClient
2023-07-21 11:56:42,468 WARN (NotifyCenter.java:136)- [NotifyCenter] Start destroying Publisher
2023-07-21 11:56:42,487 WARN (NotifyCenter.java:153)- [NotifyCenter] Destruction of the end
2023-07-21 11:56:42,507 WARN (HttpClientBeanHolder.java:111)- [HttpClientBeanHolder] Destruction of the end
2023-07-21 11:56:42,654 INFO (QuartzScheduler.java:585)- Scheduler quartzScheduler_$_NON_CLUSTERED paused.
2023-07-21 11:56:42,678 INFO (Undertow.java:259)- stopping server: Undertow - 2.3.4.Final
2023-07-21 11:56:42,730 INFO (ServletContextImpl.java:372)- Destroying Spring FrameworkServlet 'dispatcherServlet'
2023-07-21 11:56:42,798 INFO (SchedulerFactoryBean.java:847)- Shutting down Quartz Scheduler
2023-07-21 11:56:42,798 INFO (QuartzScheduler.java:666)- Scheduler quartzScheduler_$_NON_CLUSTERED shutting down.
2023-07-21 11:56:42,799 INFO (QuartzScheduler.java:585)- Scheduler quartzScheduler_$_NON_CLUSTERED paused.
2023-07-21 11:56:42,799 INFO (QuartzScheduler.java:740)- Scheduler quartzScheduler_$_NON_CLUSTERED shutdown complete.
2023-07-21 11:56:42,839 INFO (NacosServiceRegistry.java:95)- De-registering from Nacos Server now...
2023-07-21 11:56:42,843 INFO (NamingGrpcClientProxy.java:216)- [DEREGISTER-SERVICE] public deregistering service novel-news-service with instance: Instance{instanceId='null', ip='192.168.43.1', port=9030, weight=1.0, healthy=true, enabled=true, ephemeral=true, clusterName='DEFAULT', serviceName='null', metadata={}}
2023-07-21 11:56:42,864 INFO (NacosServiceRegistry.java:115)- De-registration finished.
2023-07-21 11:56:42,871 INFO (ServiceInfoHolder.java:256)- com.alibaba.nacos.client.naming.cache.ServiceInfoHolder do shutdown begin
2023-07-21 11:56:42,872 INFO (FailoverReactor.java:133)- com.alibaba.nacos.client.naming.backups.FailoverReactor do shutdown begin
2023-07-21 11:56:42,873 INFO (FailoverReactor.java:135)- com.alibaba.nacos.client.naming.backups.FailoverReactor do shutdown stop
2023-07-21 11:56:42,873 INFO (ServiceInfoHolder.java:258)- com.alibaba.nacos.client.naming.cache.ServiceInfoHolder do shutdown stop
2023-07-21 11:56:42,873 INFO (NamingClientProxyDelegate.java:204)- com.alibaba.nacos.client.naming.remote.NamingClientProxyDelegate do shutdown begin
2023-07-21 11:56:42,874 INFO (ServiceInfoUpdateService.java:143)- com.alibaba.nacos.client.naming.core.ServiceInfoUpdateService do shutdown begin
2023-07-21 11:56:42,874 INFO (ServiceInfoUpdateService.java:145)- com.alibaba.nacos.client.naming.core.ServiceInfoUpdateService do shutdown stop
2023-07-21 11:56:42,875 INFO (ServerListManager.java:194)- com.alibaba.nacos.client.naming.core.ServerListManager do shutdown begin
2023-07-21 11:56:42,875 WARN (NamingHttpClientManager.java:74)- [NamingHttpClientManager] Start destroying NacosRestTemplate
2023-07-21 11:56:42,876 WARN (NamingHttpClientManager.java:81)- [NamingHttpClientManager] Destruction of the end
2023-07-21 11:56:42,876 INFO (ServerListManager.java:199)- com.alibaba.nacos.client.naming.core.ServerListManager do shutdown stop
2023-07-21 11:56:42,877 INFO (NamingHttpClientProxy.java:484)- com.alibaba.nacos.client.naming.remote.http.NamingHttpClientProxy do shutdown begin
2023-07-21 11:56:42,877 WARN (NamingHttpClientManager.java:74)- [NamingHttpClientManager] Start destroying NacosRestTemplate
2023-07-21 11:56:42,877 WARN (NamingHttpClientManager.java:81)- [NamingHttpClientManager] Destruction of the end
2023-07-21 11:56:42,877 INFO (NamingHttpClientProxy.java:486)- com.alibaba.nacos.client.naming.remote.http.NamingHttpClientProxy do shutdown stop
2023-07-21 11:56:42,877 INFO (RpcClient.java:425)- Shutdown rpc client, set status to shutdown
2023-07-21 11:56:42,878 INFO (RpcClient.java:427)- Shutdown client event executor java.util.concurrent.ScheduledThreadPoolExecutor@1538f755[Running, pool size = 2, active threads = 2, queued tasks = 0, completed tasks = 0]
2023-07-21 11:56:42,879 INFO (RpcClient.java:580)- Close current connection 1689902805059_127.0.0.1_55684
2023-07-21 11:56:42,882 INFO (LoggerUtils.java:60)- [1689902805059_127.0.0.1_55684]Ignore complete event,isRunning:false,isAbandon=false
2023-07-21 11:56:42,901 INFO (GrpcClient.java:140)- Shutdown grpc executor java.util.concurrent.ThreadPoolExecutor@55c5d514[Running, pool size = 4, active threads = 0, queued tasks = 0, completed tasks = 1836]
2023-07-21 11:56:42,902 INFO (NamingGrpcRedoService.java:292)- Shutdown grpc redo service executor java.util.concurrent.ScheduledThreadPoolExecutor@321297fe[Running, pool size = 1, active threads = 0, queued tasks = 1, completed tasks = 2997]
2023-07-21 11:56:42,903 INFO (CredentialWatcher.java:106)- [null] CredentialWatcher is stopped
2023-07-21 11:56:42,903 INFO (CredentialService.java:100)- [null] CredentialService is freed
2023-07-21 11:56:42,903 INFO (NamingClientProxyDelegate.java:211)- com.alibaba.nacos.client.naming.remote.NamingClientProxyDelegate do shutdown stop
2023-07-21 11:56:42,970 INFO (HikariDataSource.java:350)- HikariPool-1 - Shutdown initiated...
2023-07-21 11:56:42,978 INFO (HikariDataSource.java:352)- HikariPool-1 - Shutdown completed.
2023-07-21 19:32:18,612 WARN (NacosLogging.java:64)- Load Logback Configuration of Nacos fail, message: org/slf4j/impl/StaticLoggerBinder
2023-07-21 19:32:18,617 WARN (NacosLogging.java:64)- Load Logback Configuration of Nacos fail, message: org/slf4j/impl/StaticLoggerBinder
2023-07-21 19:32:18,643 INFO (LocalConfigInfoProcessor.java:68)- LOCAL_SNAPSHOT_PATH:C:\Users\yisheng\nacos\config
2023-07-21 19:32:18,648 INFO (RpcClientFactory.java:94)- [RpcClientFactory] create a new rpc client of 0f0d1f3b-98e9-4cc2-8e79-7effd9007b90_config-0
2023-07-21 19:32:18,677 INFO (LoggerUtils.java:60)- [0f0d1f3b-98e9-4cc2-8e79-7effd9007b90_config-0] Register server push request handler:com.alibaba.nacos.client.config.impl.ClientWorker$ConfigRpcTransportClient$$Lambda$651/0x0000000800fc64c0
2023-07-21 19:32:18,678 INFO (LoggerUtils.java:60)- [0f0d1f3b-98e9-4cc2-8e79-7effd9007b90_config-0] Register server push request handler:com.alibaba.nacos.client.config.impl.ClientWorker$ConfigRpcTransportClient$$Lambda$652/0x0000000800fc68e0
2023-07-21 19:32:18,679 INFO (LoggerUtils.java:60)- [0f0d1f3b-98e9-4cc2-8e79-7effd9007b90_config-0] Registry connection listener to current client:com.alibaba.nacos.client.config.impl.ClientWorker$ConfigRpcTransportClient$1
2023-07-21 19:32:18,680 INFO (LoggerUtils.java:60)- [0f0d1f3b-98e9-4cc2-8e79-7effd9007b90_config-0] RpcClient init, ServerListFactory = com.alibaba.nacos.client.config.impl.ClientWorker$ConfigRpcTransportClient$2
2023-07-21 19:32:18,693 INFO (LoggerUtils.java:60)- [0f0d1f3b-98e9-4cc2-8e79-7effd9007b90_config-0] Try to connect to server on start up, server: {serverIp = '127.0.0.1', server main port = 8848}
2023-07-21 19:32:20,131 INFO (LoggerUtils.java:60)- [0f0d1f3b-98e9-4cc2-8e79-7effd9007b90_config-0] Success to connect to server [127.0.0.1:8848] on start up, connectionId = 1689939139730_127.0.0.1_64239
2023-07-21 19:32:20,134 INFO (LoggerUtils.java:60)- [0f0d1f3b-98e9-4cc2-8e79-7effd9007b90_config-0] Notify connected event to listeners.
2023-07-21 19:32:20,136 INFO (ClientWorker.java:638)- [0f0d1f3b-98e9-4cc2-8e79-7effd9007b90_config-0] Connected,notify listen context...
2023-07-21 19:32:20,137 INFO (LoggerUtils.java:60)- [0f0d1f3b-98e9-4cc2-8e79-7effd9007b90_config-0] Register server push request handler:com.alibaba.nacos.common.remote.client.RpcClient$ConnectResetRequestHandler
2023-07-21 19:32:20,143 INFO (LoggerUtils.java:60)- [0f0d1f3b-98e9-4cc2-8e79-7effd9007b90_config-0] Register server push request handler:com.alibaba.nacos.common.remote.client.RpcClient$$Lambda$671/0x00000008010f8000
2023-07-21 19:32:20,352 INFO (Limiter.java:62)- limitTime:5.0
2023-07-21 19:32:20,416 INFO (JvmUtil.java:54)- isMultiInstance:false
2023-07-21 19:32:20,556 WARN (NacosPropertySourceBuilder.java:87)- Ignore the empty nacos configuration and get it based on dataId[novel-news-service] & group[DEFAULT_GROUP]
2023-07-21 19:32:20,590 WARN (NacosPropertySourceBuilder.java:87)- Ignore the empty nacos configuration and get it based on dataId[novel-news-service.yml] & group[DEFAULT_GROUP]
2023-07-21 19:32:20,618 WARN (NacosPropertySourceBuilder.java:87)- Ignore the empty nacos configuration and get it based on dataId[novel-news-service-common.yml] & group[DEFAULT_GROUP]
2023-07-21 19:32:20,655 WARN (NacosPropertySourceBuilder.java:87)- Ignore the empty nacos configuration and get it based on dataId[novel-news-service-dev.yml] & group[DEFAULT_GROUP]
2023-07-21 19:32:20,659 INFO (PropertySourceBootstrapConfiguration.java:108)- Located property source: [BootstrapPropertySource {name='bootstrapProperties-novel-news-service-dev.yml,DEFAULT_GROUP'}, BootstrapPropertySource {name='bootstrapProperties-novel-news-service-common.yml,DEFAULT_GROUP'}, BootstrapPropertySource {name='bootstrapProperties-novel-news-service.yml,DEFAULT_GROUP'}, BootstrapPropertySource {name='bootstrapProperties-novel-news-service,DEFAULT_GROUP'}, BootstrapPropertySource {name='bootstrapProperties-novel-rabbitmq.yml,DEFAULT_GROUP'}, BootstrapPropertySource {name='bootstrapProperties-novel-redis.yml,DEFAULT_GROUP'}, BootstrapPropertySource {name='bootstrapProperties-novel-mysql.yml,DEFAULT_GROUP'}]
2023-07-21 19:32:20,671 INFO (SpringApplication.java:638)- The following 2 profiles are active: "common", "dev"
2023-07-21 19:32:22,870 INFO (RepositoryConfigurationDelegate.java:291)- Multiple Spring Data modules found, entering strict repository configuration mode
2023-07-21 19:32:22,877 INFO (RepositoryConfigurationDelegate.java:138)- Bootstrapping Spring Data Redis repositories in DEFAULT mode.
2023-07-21 19:32:22,914 INFO (RepositoryConfigurationDelegate.java:208)- Finished Spring Data repository scanning in 13 ms. Found 0 Redis repository interfaces.
2023-07-21 19:32:23,408 INFO (GenericScope.java:282)- BeanFactory id=65745d27-3ec1-3b85-baea-68a2eece2786
2023-07-21 19:32:24,528 WARN (Bootstrap.java:68)- UT026010: Buffer pool was not set on WebSocketDeploymentInfo, the default pool will be used
2023-07-21 19:32:24,550 INFO (ServletContextImpl.java:372)- Initializing Spring embedded WebApplicationContext
2023-07-21 19:32:24,551 INFO (ServletWebServerApplicationContext.java:291)- Root WebApplicationContext: initialization completed in 3807 ms
2023-07-21 19:32:26,163 INFO (Version.java:41)- Redisson 3.19.1
2023-07-21 19:32:26,896 INFO (ConnectionPool.java:162)- 1 connections initialized for 127.0.0.1/127.0.0.1:6379
2023-07-21 19:32:26,990 INFO (ConnectionPool.java:162)- 24 connections initialized for 127.0.0.1/127.0.0.1:6379
2023-07-21 19:32:27,811 INFO (SentinelWebMvcConfigurer.java:52)- [Sentinel Starter] register SentinelWebInterceptor with urlPatterns: [/**].
2023-07-21 19:32:30,290 INFO (InetUtils.java:170)- Cannot determine local hostname
2023-07-21 19:32:30,969 INFO (StdSchedulerFactory.java:1220)- Using default implementation for ThreadExecutor
2023-07-21 19:32:30,981 INFO (SchedulerSignalerImpl.java:61)- Initialized Scheduler Signaller of type: class org.quartz.core.SchedulerSignalerImpl
2023-07-21 19:32:30,981 INFO (QuartzScheduler.java:229)- Quartz Scheduler v.2.3.2 created.
2023-07-21 19:32:30,984 INFO (RAMJobStore.java:155)- RAMJobStore initialized.
2023-07-21 19:32:30,985 INFO (QuartzScheduler.java:294)- Scheduler meta-data: Quartz Scheduler (v2.3.2) 'quartzScheduler' with instanceId 'NON_CLUSTERED'
  Scheduler class: 'org.quartz.core.QuartzScheduler' - running locally.
  NOT STARTED.
  Currently in standby mode.
  Number of jobs executed: 0
  Using thread pool 'org.quartz.simpl.SimpleThreadPool' - with 10 threads.
  Using job-store 'org.quartz.simpl.RAMJobStore' - which does not support persistence. and is not clustered.

2023-07-21 19:32:30,985 INFO (StdSchedulerFactory.java:1374)- Quartz scheduler 'quartzScheduler' initialized from an externally provided properties instance.
2023-07-21 19:32:30,985 INFO (StdSchedulerFactory.java:1378)- Quartz scheduler version: 2.3.2
2023-07-21 19:32:30,985 INFO (QuartzScheduler.java:2293)- JobFactory set to: org.springframework.scheduling.quartz.SpringBeanJobFactory@6b8de9dc
2023-07-21 19:32:32,687 INFO (InetUtils.java:170)- Cannot determine local hostname
2023-07-21 19:32:33,188 INFO (EndpointLinksResolver.java:58)- Exposing 21 endpoint(s) beneath base path '/actuator'
2023-07-21 19:32:33,356 WARN (LocalVariableTableParameterNameDiscoverer.java:123)- Using deprecated '-debug' fallback for parameter name resolution. Compile the affected code with '-parameters' instead or avoid its introspection: org.springframework.amqp.rabbit.core.RabbitAdmin
2023-07-21 19:32:33,419 INFO (Undertow.java:120)- starting server: Undertow - 2.3.4.Final
2023-07-21 19:32:33,432 INFO (Xnio.java:95)- XNIO version 3.8.8.Final
2023-07-21 19:32:33,442 INFO (NioXnio.java:58)- XNIO NIO Implementation Version 3.8.8.Final
2023-07-21 19:32:33,482 INFO (Version.java:55)- JBoss Threads version 3.5.0.Final
2023-07-21 19:32:33,541 INFO (UndertowWebServer.java:121)- Undertow started on port(s) 9030 (http)
2023-07-21 19:32:33,545 INFO (SearchableProperties.java:197)- properties search order:PROPERTIES->JVM->ENV->DEFAULT_SETTING
2023-07-21 19:32:33,546 INFO (InitUtils.java:61)- initializer namespace from System Property : null
2023-07-21 19:32:33,547 INFO (InitUtils.java:65)- initializer namespace from System Environment :null
2023-07-21 19:32:33,547 INFO (InitUtils.java:72)- initializer namespace from System Property :
2023-07-21 19:32:33,559 INFO (ClientAuthPluginManager.java:56)- [ClientAuthPluginManager] Load ClientAuthService com.alibaba.nacos.client.auth.impl.NacosClientAuthServiceImpl success.
2023-07-21 19:32:33,560 INFO (ClientAuthPluginManager.java:56)- [ClientAuthPluginManager] Load ClientAuthService com.alibaba.nacos.client.auth.ram.RamClientAuthServiceImpl success.
2023-07-21 19:32:33,564 INFO (RpcClientFactory.java:94)- [RpcClientFactory] create a new rpc client of 43f4bda2-2e41-49b5-9b7c-bb0c2cec83af
2023-07-21 19:32:33,566 INFO (LoggerUtils.java:60)- [43f4bda2-2e41-49b5-9b7c-bb0c2cec83af] RpcClient init, ServerListFactory = com.alibaba.nacos.client.naming.core.ServerListManager
2023-07-21 19:32:33,566 INFO (LoggerUtils.java:60)- [43f4bda2-2e41-49b5-9b7c-bb0c2cec83af] Registry connection listener to current client:com.alibaba.nacos.client.naming.remote.gprc.redo.NamingGrpcRedoService
2023-07-21 19:32:33,567 INFO (LoggerUtils.java:60)- [43f4bda2-2e41-49b5-9b7c-bb0c2cec83af] Register server push request handler:com.alibaba.nacos.client.naming.remote.gprc.NamingPushRequestHandler
2023-07-21 19:32:33,567 INFO (LoggerUtils.java:60)- [43f4bda2-2e41-49b5-9b7c-bb0c2cec83af] Try to connect to server on start up, server: {serverIp = '127.0.0.1', server main port = 8848}
2023-07-21 19:32:33,680 INFO (LoggerUtils.java:60)- [43f4bda2-2e41-49b5-9b7c-bb0c2cec83af] Success to connect to server [127.0.0.1:8848] on start up, connectionId = 1689939153573_127.0.0.1_64337
2023-07-21 19:32:33,681 INFO (LoggerUtils.java:60)- [43f4bda2-2e41-49b5-9b7c-bb0c2cec83af] Register server push request handler:com.alibaba.nacos.common.remote.client.RpcClient$ConnectResetRequestHandler
2023-07-21 19:32:33,681 INFO (LoggerUtils.java:60)- [43f4bda2-2e41-49b5-9b7c-bb0c2cec83af] Notify connected event to listeners.
2023-07-21 19:32:33,681 INFO (NamingGrpcRedoService.java:78)- Grpc connection connect
2023-07-21 19:32:33,681 INFO (LoggerUtils.java:60)- [43f4bda2-2e41-49b5-9b7c-bb0c2cec83af] Register server push request handler:com.alibaba.nacos.common.remote.client.RpcClient$$Lambda$671/0x00000008010f8000
2023-07-21 19:32:33,682 INFO (NamingGrpcClientProxy.java:120)- [REGISTER-SERVICE] public registering service novel-news-service with instance Instance{instanceId='null', ip='192.168.43.1', port=9030, weight=1.0, healthy=true, enabled=true, ephemeral=true, clusterName='DEFAULT', serviceName='null', metadata={preserved.register.source=SPRING_CLOUD}}
2023-07-21 19:32:33,691 INFO (NacosServiceRegistry.java:76)- nacos registry, DEFAULT_GROUP novel-news-service 192.168.43.1:9030 register finished
2023-07-21 19:32:34,804 INFO (InetUtils.java:170)- Cannot determine local hostname
2023-07-21 19:32:34,804 INFO (SchedulerFactoryBean.java:729)- Starting Quartz Scheduler now
2023-07-21 19:32:34,804 INFO (QuartzScheduler.java:547)- Scheduler quartzScheduler_$_NON_CLUSTERED started.
2023-07-21 19:32:34,831 INFO (StartupInfoLogger.java:57)- Started NovelNewsApplication in 20.834 seconds (process running for 21.771)
2023-07-21 19:32:34,836 INFO (CacheData.java:67)- nacos.cache.data.init.snapshot = true 
2023-07-21 19:32:34,837 INFO (ClientWorker.java:379)- [fixed-127.0.0.1_8848] [subscribe] novel-news-service+DEFAULT_GROUP
2023-07-21 19:32:34,849 INFO (CacheData.java:197)- [fixed-127.0.0.1_8848] [add-listener] ok, tenant=, dataId=novel-news-service, group=DEFAULT_GROUP, cnt=1
2023-07-21 19:32:34,849 INFO (NacosContextRefresher.java:129)- [Nacos Config] Listening config: dataId=novel-news-service, group=DEFAULT_GROUP
2023-07-21 19:32:34,850 INFO (ClientWorker.java:379)- [fixed-127.0.0.1_8848] [subscribe] novel-news-service-common.yml+DEFAULT_GROUP
2023-07-21 19:32:34,850 INFO (CacheData.java:197)- [fixed-127.0.0.1_8848] [add-listener] ok, tenant=, dataId=novel-news-service-common.yml, group=DEFAULT_GROUP, cnt=1
2023-07-21 19:32:34,850 INFO (NacosContextRefresher.java:129)- [Nacos Config] Listening config: dataId=novel-news-service-common.yml, group=DEFAULT_GROUP
2023-07-21 19:32:34,851 INFO (ClientWorker.java:379)- [fixed-127.0.0.1_8848] [subscribe] novel-mysql.yml+DEFAULT_GROUP
2023-07-21 19:32:34,852 INFO (CacheData.java:197)- [fixed-127.0.0.1_8848] [add-listener] ok, tenant=, dataId=novel-mysql.yml, group=DEFAULT_GROUP, cnt=1
2023-07-21 19:32:34,852 INFO (NacosContextRefresher.java:129)- [Nacos Config] Listening config: dataId=novel-mysql.yml, group=DEFAULT_GROUP
2023-07-21 19:32:34,853 INFO (ClientWorker.java:379)- [fixed-127.0.0.1_8848] [subscribe] novel-redis.yml+DEFAULT_GROUP
2023-07-21 19:32:34,853 INFO (CacheData.java:197)- [fixed-127.0.0.1_8848] [add-listener] ok, tenant=, dataId=novel-redis.yml, group=DEFAULT_GROUP, cnt=1
2023-07-21 19:32:34,854 INFO (NacosContextRefresher.java:129)- [Nacos Config] Listening config: dataId=novel-redis.yml, group=DEFAULT_GROUP
2023-07-21 19:32:34,855 INFO (ClientWorker.java:379)- [fixed-127.0.0.1_8848] [subscribe] novel-rabbitmq.yml+DEFAULT_GROUP
2023-07-21 19:32:34,855 INFO (CacheData.java:197)- [fixed-127.0.0.1_8848] [add-listener] ok, tenant=, dataId=novel-rabbitmq.yml, group=DEFAULT_GROUP, cnt=1
2023-07-21 19:32:34,855 INFO (NacosContextRefresher.java:129)- [Nacos Config] Listening config: dataId=novel-rabbitmq.yml, group=DEFAULT_GROUP
2023-07-21 19:32:34,856 INFO (ClientWorker.java:379)- [fixed-127.0.0.1_8848] [subscribe] novel-news-service-dev.yml+DEFAULT_GROUP
2023-07-21 19:32:34,856 INFO (CacheData.java:197)- [fixed-127.0.0.1_8848] [add-listener] ok, tenant=, dataId=novel-news-service-dev.yml, group=DEFAULT_GROUP, cnt=1
2023-07-21 19:32:34,856 INFO (NacosContextRefresher.java:129)- [Nacos Config] Listening config: dataId=novel-news-service-dev.yml, group=DEFAULT_GROUP
2023-07-21 19:32:34,857 INFO (ClientWorker.java:379)- [fixed-127.0.0.1_8848] [subscribe] novel-news-service.yml+DEFAULT_GROUP
2023-07-21 19:32:34,858 INFO (CacheData.java:197)- [fixed-127.0.0.1_8848] [add-listener] ok, tenant=, dataId=novel-news-service.yml, group=DEFAULT_GROUP, cnt=1
2023-07-21 19:32:34,858 INFO (NacosContextRefresher.java:129)- [Nacos Config] Listening config: dataId=novel-news-service.yml, group=DEFAULT_GROUP
2023-07-21 19:32:35,031 INFO (ServletContextImpl.java:372)- Initializing Spring DispatcherServlet 'dispatcherServlet'
2023-07-21 19:32:35,031 INFO (FrameworkServlet.java:532)- Initializing Servlet 'dispatcherServlet'
2023-07-21 19:32:35,034 INFO (FrameworkServlet.java:554)- Completed initialization in 2 ms
2023-07-21 19:32:35,074 INFO (AbstractConnectionFactory.java:630)- Attempting to connect to: [192.168.10.110:5672]
2023-07-21 19:32:59,126 INFO (AbstractConnectionFactory.java:630)- Attempting to connect to: [192.168.10.110:5672]
2023-07-21 19:33:23,173 INFO (AbstractConnectionFactory.java:630)- Attempting to connect to: [192.168.10.110:5672]
2023-07-21 19:33:44,218 WARN (AbstractHealthIndicator.java:94)- Rabbit health check failed
org.springframework.amqp.AmqpConnectException: java.net.ConnectException: Connection timed out: no further information
	at org.springframework.amqp.rabbit.support.RabbitExceptionTranslator.convertRabbitAccessException(RabbitExceptionTranslator.java:61)
	at org.springframework.amqp.rabbit.connection.AbstractConnectionFactory.createBareConnection(AbstractConnectionFactory.java:594)
	at org.springframework.amqp.rabbit.connection.CachingConnectionFactory.createConnection(CachingConnectionFactory.java:687)
	at org.springframework.amqp.rabbit.connection.ConnectionFactoryUtils.createConnection(ConnectionFactoryUtils.java:257)
	at org.springframework.amqp.rabbit.core.RabbitTemplate.doExecute(RabbitTemplate.java:2225)
	at org.springframework.amqp.rabbit.core.RabbitTemplate.lambda$execute$13(RabbitTemplate.java:2187)
	at org.springframework.retry.support.RetryTemplate.doExecute(RetryTemplate.java:329)
	at org.springframework.retry.support.RetryTemplate.execute(RetryTemplate.java:225)
	at org.springframework.amqp.rabbit.core.RabbitTemplate.execute(RabbitTemplate.java:2186)
	at org.springframework.amqp.rabbit.core.RabbitTemplate.execute(RabbitTemplate.java:2178)
	at org.springframework.boot.actuate.amqp.RabbitHealthIndicator.getVersion(RabbitHealthIndicator.java:49)
	at org.springframework.boot.actuate.amqp.RabbitHealthIndicator.doHealthCheck(RabbitHealthIndicator.java:44)
	at org.springframework.boot.actuate.health.AbstractHealthIndicator.health(AbstractHealthIndicator.java:82)
	at org.springframework.boot.actuate.health.HealthIndicator.getHealth(HealthIndicator.java:37)
	at org.springframework.boot.actuate.health.HealthEndpoint.getHealth(HealthEndpoint.java:82)
	at org.springframework.boot.actuate.health.HealthEndpoint.getHealth(HealthEndpoint.java:41)
	at org.springframework.boot.actuate.health.HealthEndpointSupport.getLoggedHealth(HealthEndpointSupport.java:172)
	at org.springframework.boot.actuate.health.HealthEndpointSupport.getContribution(HealthEndpointSupport.java:145)
	at org.springframework.boot.actuate.health.HealthEndpointSupport.getAggregateContribution(HealthEndpointSupport.java:156)
	at org.springframework.boot.actuate.health.HealthEndpointSupport.getContribution(HealthEndpointSupport.java:141)
	at org.springframework.boot.actuate.health.HealthEndpointSupport.getHealth(HealthEndpointSupport.java:110)
	at org.springframework.boot.actuate.health.HealthEndpointSupport.getHealth(HealthEndpointSupport.java:81)
	at org.springframework.boot.actuate.health.HealthEndpoint.health(HealthEndpoint.java:76)
	at org.springframework.boot.actuate.health.HealthEndpoint.health(HealthEndpoint.java:66)
	at java.base/jdk.internal.reflect.NativeMethodAccessorImpl.invoke0(Native Method)
	at java.base/jdk.internal.reflect.NativeMethodAccessorImpl.invoke(NativeMethodAccessorImpl.java:77)
	at java.base/jdk.internal.reflect.DelegatingMethodAccessorImpl.invoke(DelegatingMethodAccessorImpl.java:43)
	at java.base/java.lang.reflect.Method.invoke(Method.java:568)
	at org.springframework.util.ReflectionUtils.invokeMethod(ReflectionUtils.java:281)
	at org.springframework.boot.actuate.endpoint.invoke.reflect.ReflectiveOperationInvoker.invoke(ReflectiveOperationInvoker.java:74)
	at org.springframework.boot.actuate.endpoint.annotation.AbstractDiscoveredOperation.invoke(AbstractDiscoveredOperation.java:60)
	at org.springframework.boot.actuate.endpoint.jmx.EndpointMBean.invoke(EndpointMBean.java:124)
	at org.springframework.boot.actuate.endpoint.jmx.EndpointMBean.invoke(EndpointMBean.java:97)
	at java.management/com.sun.jmx.interceptor.DefaultMBeanServerInterceptor.invoke(DefaultMBeanServerInterceptor.java:814)
	at java.management/com.sun.jmx.mbeanserver.JmxMBeanServer.invoke(JmxMBeanServer.java:802)
	at java.management.rmi/javax.management.remote.rmi.RMIConnectionImpl.doOperation(RMIConnectionImpl.java:1472)
	at java.management.rmi/javax.management.remote.rmi.RMIConnectionImpl$PrivilegedOperation.run(RMIConnectionImpl.java:1310)
	at java.management.rmi/javax.management.remote.rmi.RMIConnectionImpl.doPrivilegedOperation(RMIConnectionImpl.java:1405)
	at java.management.rmi/javax.management.remote.rmi.RMIConnectionImpl.invoke(RMIConnectionImpl.java:829)
	at java.base/jdk.internal.reflect.GeneratedMethodAccessor53.invoke(Unknown Source)
	at java.base/jdk.internal.reflect.DelegatingMethodAccessorImpl.invoke(DelegatingMethodAccessorImpl.java:43)
	at java.base/java.lang.reflect.Method.invoke(Method.java:568)
	at java.rmi/sun.rmi.server.UnicastServerRef.dispatch(UnicastServerRef.java:360)
	at java.rmi/sun.rmi.transport.Transport$1.run(Transport.java:200)
	at java.rmi/sun.rmi.transport.Transport$1.run(Transport.java:197)
	at java.base/java.security.AccessController.doPrivileged(AccessController.java:712)
	at java.rmi/sun.rmi.transport.Transport.serviceCall(Transport.java:196)
	at java.rmi/sun.rmi.transport.tcp.TCPTransport.handleMessages(TCPTransport.java:587)
	at java.rmi/sun.rmi.transport.tcp.TCPTransport$ConnectionHandler.run0(TCPTransport.java:828)
	at java.rmi/sun.rmi.transport.tcp.TCPTransport$ConnectionHandler.lambda$run$0(TCPTransport.java:705)
	at java.base/java.security.AccessController.doPrivileged(AccessController.java:399)
	at java.rmi/sun.rmi.transport.tcp.TCPTransport$ConnectionHandler.run(TCPTransport.java:704)
	at java.base/java.util.concurrent.ThreadPoolExecutor.runWorker(ThreadPoolExecutor.java:1136)
	at java.base/java.util.concurrent.ThreadPoolExecutor$Worker.run(ThreadPoolExecutor.java:635)
	at java.base/java.lang.Thread.run(Thread.java:833)
Caused by: java.net.ConnectException: Connection timed out: no further information
	at java.base/sun.nio.ch.Net.pollConnect(Native Method)
	at java.base/sun.nio.ch.Net.pollConnectNow(Net.java:672)
	at java.base/sun.nio.ch.NioSocketImpl.timedFinishConnect(NioSocketImpl.java:549)
	at java.base/sun.nio.ch.NioSocketImpl.connect(NioSocketImpl.java:597)
	at java.base/java.net.SocksSocketImpl.connect(SocksSocketImpl.java:327)
	at java.base/java.net.Socket.connect(Socket.java:633)
	at com.rabbitmq.client.impl.SocketFrameHandlerFactory.create(SocketFrameHandlerFactory.java:59)
	at com.rabbitmq.client.ConnectionFactory.newConnection(ConnectionFactory.java:1223)
	at com.rabbitmq.client.ConnectionFactory.newConnection(ConnectionFactory.java:1173)
	at org.springframework.amqp.rabbit.connection.AbstractConnectionFactory.connectAddresses(AbstractConnectionFactory.java:632)
	at org.springframework.amqp.rabbit.connection.AbstractConnectionFactory.connect(AbstractConnectionFactory.java:607)
	at org.springframework.amqp.rabbit.connection.AbstractConnectionFactory.createBareConnection(AbstractConnectionFactory.java:557)
	... 53 common frames omitted
2023-07-21 19:33:44,227 WARN (HealthEndpointSupport.java:181)- Health contributor org.springframework.boot.actuate.amqp.RabbitHealthIndicator (rabbit) took 69155ms to respond
2023-07-21 19:33:44,236 INFO (HikariDataSource.java:110)- HikariPool-1 - Starting...
2023-07-21 19:33:44,651 INFO (HikariPool.java:565)- HikariPool-1 - Added connection com.mysql.cj.jdbc.ConnectionImpl@5bf030b3
2023-07-21 19:33:44,682 INFO (HikariDataSource.java:123)- HikariPool-1 - Start completed.
2023-07-21 20:22:25,779 WARN (HttpClientBeanHolder.java:102)- [HttpClientBeanHolder] Start destroying common HttpClient
2023-07-21 20:22:25,779 WARN (NotifyCenter.java:136)- [NotifyCenter] Start destroying Publisher
2023-07-21 20:22:25,780 WARN (NotifyCenter.java:153)- [NotifyCenter] Destruction of the end
2023-07-21 20:22:25,780 WARN (HttpClientBeanHolder.java:111)- [HttpClientBeanHolder] Destruction of the end
2023-07-21 20:22:25,813 INFO (QuartzScheduler.java:585)- Scheduler quartzScheduler_$_NON_CLUSTERED paused.
2023-07-21 20:22:25,817 INFO (Undertow.java:259)- stopping server: Undertow - 2.3.4.Final
2023-07-21 20:22:25,837 INFO (ServletContextImpl.java:372)- Destroying Spring FrameworkServlet 'dispatcherServlet'
2023-07-21 20:22:25,850 INFO (SchedulerFactoryBean.java:847)- Shutting down Quartz Scheduler
2023-07-21 20:22:25,851 INFO (QuartzScheduler.java:666)- Scheduler quartzScheduler_$_NON_CLUSTERED shutting down.
2023-07-21 20:22:25,851 INFO (QuartzScheduler.java:585)- Scheduler quartzScheduler_$_NON_CLUSTERED paused.
2023-07-21 20:22:25,851 INFO (QuartzScheduler.java:740)- Scheduler quartzScheduler_$_NON_CLUSTERED shutdown complete.
2023-07-21 20:22:25,865 INFO (NacosServiceRegistry.java:95)- De-registering from Nacos Server now...
2023-07-21 20:22:25,866 INFO (NamingGrpcClientProxy.java:216)- [DEREGISTER-SERVICE] public deregistering service novel-news-service with instance: Instance{instanceId='null', ip='192.168.43.1', port=9030, weight=1.0, healthy=true, enabled=true, ephemeral=true, clusterName='DEFAULT', serviceName='null', metadata={}}
2023-07-21 20:22:25,868 INFO (NacosServiceRegistry.java:115)- De-registration finished.
2023-07-21 20:22:25,870 INFO (ServiceInfoHolder.java:256)- com.alibaba.nacos.client.naming.cache.ServiceInfoHolder do shutdown begin
2023-07-21 20:22:25,870 INFO (FailoverReactor.java:133)- com.alibaba.nacos.client.naming.backups.FailoverReactor do shutdown begin
2023-07-21 20:22:25,871 INFO (FailoverReactor.java:135)- com.alibaba.nacos.client.naming.backups.FailoverReactor do shutdown stop
2023-07-21 20:22:25,871 INFO (ServiceInfoHolder.java:258)- com.alibaba.nacos.client.naming.cache.ServiceInfoHolder do shutdown stop
2023-07-21 20:22:25,871 INFO (NamingClientProxyDelegate.java:204)- com.alibaba.nacos.client.naming.remote.NamingClientProxyDelegate do shutdown begin
2023-07-21 20:22:25,871 INFO (ServiceInfoUpdateService.java:143)- com.alibaba.nacos.client.naming.core.ServiceInfoUpdateService do shutdown begin
2023-07-21 20:22:25,871 INFO (ServiceInfoUpdateService.java:145)- com.alibaba.nacos.client.naming.core.ServiceInfoUpdateService do shutdown stop
2023-07-21 20:22:25,871 INFO (ServerListManager.java:194)- com.alibaba.nacos.client.naming.core.ServerListManager do shutdown begin
2023-07-21 20:22:25,871 WARN (NamingHttpClientManager.java:74)- [NamingHttpClientManager] Start destroying NacosRestTemplate
2023-07-21 20:22:25,872 WARN (NamingHttpClientManager.java:81)- [NamingHttpClientManager] Destruction of the end
2023-07-21 20:22:25,872 INFO (ServerListManager.java:199)- com.alibaba.nacos.client.naming.core.ServerListManager do shutdown stop
2023-07-21 20:22:25,872 INFO (NamingHttpClientProxy.java:484)- com.alibaba.nacos.client.naming.remote.http.NamingHttpClientProxy do shutdown begin
2023-07-21 20:22:25,872 WARN (NamingHttpClientManager.java:74)- [NamingHttpClientManager] Start destroying NacosRestTemplate
2023-07-21 20:22:25,872 WARN (NamingHttpClientManager.java:81)- [NamingHttpClientManager] Destruction of the end
2023-07-21 20:22:25,873 INFO (NamingHttpClientProxy.java:486)- com.alibaba.nacos.client.naming.remote.http.NamingHttpClientProxy do shutdown stop
2023-07-21 20:22:25,873 INFO (RpcClient.java:425)- Shutdown rpc client, set status to shutdown
2023-07-21 20:22:25,873 INFO (RpcClient.java:427)- Shutdown client event executor java.util.concurrent.ScheduledThreadPoolExecutor@1ba5fde0[Running, pool size = 2, active threads = 2, queued tasks = 0, completed tasks = 0]
2023-07-21 20:22:25,874 INFO (RpcClient.java:580)- Close current connection 1689939153573_127.0.0.1_64337
2023-07-21 20:22:25,875 INFO (LoggerUtils.java:60)- [1689939153573_127.0.0.1_64337]Ignore complete event,isRunning:false,isAbandon=false
2023-07-21 20:22:25,879 INFO (GrpcClient.java:140)- Shutdown grpc executor java.util.concurrent.ThreadPoolExecutor@16a981f0[Running, pool size = 4, active threads = 0, queued tasks = 0, completed tasks = 621]
2023-07-21 20:22:25,881 INFO (NamingGrpcRedoService.java:292)- Shutdown grpc redo service executor java.util.concurrent.ScheduledThreadPoolExecutor@2967fe8a[Running, pool size = 1, active threads = 0, queued tasks = 1, completed tasks = 996]
2023-07-21 20:22:25,881 INFO (CredentialWatcher.java:106)- [null] CredentialWatcher is stopped
2023-07-21 20:22:25,881 INFO (CredentialService.java:100)- [null] CredentialService is freed
2023-07-21 20:22:25,881 INFO (NamingClientProxyDelegate.java:211)- com.alibaba.nacos.client.naming.remote.NamingClientProxyDelegate do shutdown stop
2023-07-21 20:22:25,916 INFO (HikariDataSource.java:350)- HikariPool-1 - Shutdown initiated...
2023-07-21 20:22:25,919 INFO (HikariDataSource.java:352)- HikariPool-1 - Shutdown completed.
