2023-07-14 16:18:37,110 WARN (NacosLogging.java:64)- Load Logback Configuration of Nacos fail, message: org/slf4j/impl/StaticLoggerBinder
2023-07-14 16:18:37,115 WARN (NacosLogging.java:64)- Load Logback Configuration of Nacos fail, message: org/slf4j/impl/StaticLoggerBinder
2023-07-14 16:18:37,130 INFO (LocalConfigInfoProcessor.java:68)- LOCAL_SNAPSHOT_PATH:C:\Users\yisheng\nacos\config
2023-07-14 16:18:37,134 INFO (RpcClientFactory.java:94)- [RpcClientFactory] create a new rpc client of 7df0af84-7d94-4fb8-8bb4-43a9b9981cbf_config-0
2023-07-14 16:18:37,146 INFO (LoggerUtils.java:60)- [7df0af84-7d94-4fb8-8bb4-43a9b9981cbf_config-0] Register server push request handler:com.alibaba.nacos.client.config.impl.ClientWorker$ConfigRpcTransportClient$$Lambda$651/0x0000000800fc7480
2023-07-14 16:18:37,147 INFO (LoggerUtils.java:60)- [7df0af84-7d94-4fb8-8bb4-43a9b9981cbf_config-0] Register server push request handler:com.alibaba.nacos.client.config.impl.ClientWorker$ConfigRpcTransportClient$$Lambda$652/0x0000000800fc78a0
2023-07-14 16:18:37,147 INFO (LoggerUtils.java:60)- [7df0af84-7d94-4fb8-8bb4-43a9b9981cbf_config-0] Registry connection listener to current client:com.alibaba.nacos.client.config.impl.ClientWorker$ConfigRpcTransportClient$1
2023-07-14 16:18:37,148 INFO (LoggerUtils.java:60)- [7df0af84-7d94-4fb8-8bb4-43a9b9981cbf_config-0] RpcClient init, ServerListFactory = com.alibaba.nacos.client.config.impl.ClientWorker$ConfigRpcTransportClient$2
2023-07-14 16:18:37,154 INFO (LoggerUtils.java:60)- [7df0af84-7d94-4fb8-8bb4-43a9b9981cbf_config-0] Try to connect to server on start up, server: {serverIp = '127.0.0.1', server main port = 8848}
2023-07-14 16:18:37,854 INFO (LoggerUtils.java:60)- [7df0af84-7d94-4fb8-8bb4-43a9b9981cbf_config-0] Success to connect to server [127.0.0.1:8848] on start up, connectionId = 1689322717652_127.0.0.1_64752
2023-07-14 16:18:37,854 INFO (LoggerUtils.java:60)- [7df0af84-7d94-4fb8-8bb4-43a9b9981cbf_config-0] Notify connected event to listeners.
2023-07-14 16:18:37,855 INFO (ClientWorker.java:638)- [7df0af84-7d94-4fb8-8bb4-43a9b9981cbf_config-0] Connected,notify listen context...
2023-07-14 16:18:37,855 INFO (LoggerUtils.java:60)- [7df0af84-7d94-4fb8-8bb4-43a9b9981cbf_config-0] Register server push request handler:com.alibaba.nacos.common.remote.client.RpcClient$ConnectResetRequestHandler
2023-07-14 16:18:37,855 INFO (LoggerUtils.java:60)- [7df0af84-7d94-4fb8-8bb4-43a9b9981cbf_config-0] Register server push request handler:com.alibaba.nacos.common.remote.client.RpcClient$$Lambda$671/0x00000008010f6aa8
2023-07-14 16:18:37,894 INFO (Limiter.java:62)- limitTime:5.0
2023-07-14 16:18:37,906 INFO (JvmUtil.java:54)- isMultiInstance:false
2023-07-14 16:18:37,922 WARN (NacosPropertySourceBuilder.java:87)- Ignore the empty nacos configuration and get it based on dataId[novel-rabbitmq.yml] & group[DEFAULT_GROUP]
2023-07-14 16:18:37,926 WARN (NacosPropertySourceBuilder.java:87)- Ignore the empty nacos configuration and get it based on dataId[novel-user-service] & group[DEFAULT_GROUP]
2023-07-14 16:18:37,930 WARN (NacosPropertySourceBuilder.java:87)- Ignore the empty nacos configuration and get it based on dataId[novel-user-service.yml] & group[DEFAULT_GROUP]
2023-07-14 16:18:37,935 WARN (NacosPropertySourceBuilder.java:87)- Ignore the empty nacos configuration and get it based on dataId[novel-user-service-common.yml] & group[DEFAULT_GROUP]
2023-07-14 16:18:37,939 WARN (NacosPropertySourceBuilder.java:87)- Ignore the empty nacos configuration and get it based on dataId[novel-user-service-dev.yml] & group[DEFAULT_GROUP]
2023-07-14 16:18:37,939 INFO (PropertySourceBootstrapConfiguration.java:108)- Located property source: [BootstrapPropertySource {name='bootstrapProperties-novel-user-service-dev.yml,DEFAULT_GROUP'}, BootstrapPropertySource {name='bootstrapProperties-novel-user-service-common.yml,DEFAULT_GROUP'}, BootstrapPropertySource {name='bootstrapProperties-novel-user-service.yml,DEFAULT_GROUP'}, BootstrapPropertySource {name='bootstrapProperties-novel-user-service,DEFAULT_GROUP'}, BootstrapPropertySource {name='bootstrapProperties-novel-rabbitmq.yml,DEFAULT_GROUP'}, BootstrapPropertySource {name='bootstrapProperties-novel-redis.yml,DEFAULT_GROUP'}, BootstrapPropertySource {name='bootstrapProperties-novel-mysql.yml,DEFAULT_GROUP'}]
2023-07-14 16:18:37,944 INFO (SpringApplication.java:638)- The following 2 profiles are active: "common", "dev"
2023-07-14 16:18:38,907 INFO (RepositoryConfigurationDelegate.java:291)- Multiple Spring Data modules found, entering strict repository configuration mode
2023-07-14 16:18:38,910 INFO (RepositoryConfigurationDelegate.java:138)- Bootstrapping Spring Data Redis repositories in DEFAULT mode.
2023-07-14 16:18:38,931 INFO (RepositoryConfigurationDelegate.java:208)- Finished Spring Data repository scanning in 9 ms. Found 0 Redis repository interfaces.
2023-07-14 16:18:39,147 INFO (GenericScope.java:282)- BeanFactory id=edc6c518-94d6-30b9-8104-670a327698bb
2023-07-14 16:18:39,879 WARN (Bootstrap.java:68)- UT026010: Buffer pool was not set on WebSocketDeploymentInfo, the default pool will be used
2023-07-14 16:18:39,899 INFO (ServletContextImpl.java:372)- Initializing Spring embedded WebApplicationContext
2023-07-14 16:18:39,899 INFO (ServletWebServerApplicationContext.java:291)- Root WebApplicationContext: initialization completed in 1939 ms
2023-07-14 16:18:40,689 INFO (Version.java:41)- Redisson 3.19.1
2023-07-14 16:18:40,985 INFO (ConnectionPool.java:162)- 1 connections initialized for 127.0.0.1/127.0.0.1:6379
2023-07-14 16:18:41,017 INFO (ConnectionPool.java:162)- 24 connections initialized for 127.0.0.1/127.0.0.1:6379
2023-07-14 16:18:41,446 INFO (FeignClientFactoryBean.java:437)- For 'novel-book-service' URL not provided. Will try picking an instance via load-balancing.
2023-07-14 16:18:41,677 INFO (SentinelWebMvcConfigurer.java:52)- [Sentinel Starter] register SentinelWebInterceptor with urlPatterns: [/**].
2023-07-14 16:18:42,956 INFO (StdSchedulerFactory.java:1220)- Using default implementation for ThreadExecutor
2023-07-14 16:18:42,970 INFO (SchedulerSignalerImpl.java:61)- Initialized Scheduler Signaller of type: class org.quartz.core.SchedulerSignalerImpl
2023-07-14 16:18:42,970 INFO (QuartzScheduler.java:229)- Quartz Scheduler v.2.3.2 created.
2023-07-14 16:18:42,971 INFO (RAMJobStore.java:155)- RAMJobStore initialized.
2023-07-14 16:18:42,972 INFO (QuartzScheduler.java:294)- Scheduler meta-data: Quartz Scheduler (v2.3.2) 'quartzScheduler' with instanceId 'NON_CLUSTERED'
  Scheduler class: 'org.quartz.core.QuartzScheduler' - running locally.
  NOT STARTED.
  Currently in standby mode.
  Number of jobs executed: 0
  Using thread pool 'org.quartz.simpl.SimpleThreadPool' - with 10 threads.
  Using job-store 'org.quartz.simpl.RAMJobStore' - which does not support persistence. and is not clustered.

2023-07-14 16:18:42,972 INFO (StdSchedulerFactory.java:1374)- Quartz scheduler 'quartzScheduler' initialized from an externally provided properties instance.
2023-07-14 16:18:42,972 INFO (StdSchedulerFactory.java:1378)- Quartz scheduler version: 2.3.2
2023-07-14 16:18:42,972 INFO (QuartzScheduler.java:2293)- JobFactory set to: org.springframework.scheduling.quartz.SpringBeanJobFactory@794c22cd
2023-07-14 16:18:43,392 INFO (EndpointLinksResolver.java:58)- Exposing 21 endpoint(s) beneath base path '/actuator'
2023-07-14 16:18:43,580 WARN (LocalVariableTableParameterNameDiscoverer.java:123)- Using deprecated '-debug' fallback for parameter name resolution. Compile the affected code with '-parameters' instead or avoid its introspection: org.springframework.amqp.rabbit.core.RabbitAdmin
2023-07-14 16:18:43,607 INFO (Undertow.java:120)- starting server: Undertow - 2.3.4.Final
2023-07-14 16:18:43,614 INFO (Xnio.java:95)- XNIO version 3.8.8.Final
2023-07-14 16:18:43,622 INFO (NioXnio.java:58)- XNIO NIO Implementation Version 3.8.8.Final
2023-07-14 16:18:43,643 INFO (Version.java:55)- JBoss Threads version 3.5.0.Final
2023-07-14 16:18:43,711 INFO (UndertowWebServer.java:121)- Undertow started on port(s) 9060 (http)
2023-07-14 16:18:43,714 INFO (SearchableProperties.java:197)- properties search order:PROPERTIES->JVM->ENV->DEFAULT_SETTING
2023-07-14 16:18:43,716 INFO (InitUtils.java:61)- initializer namespace from System Property : null
2023-07-14 16:18:43,716 INFO (InitUtils.java:65)- initializer namespace from System Environment :null
2023-07-14 16:18:43,716 INFO (InitUtils.java:72)- initializer namespace from System Property :
2023-07-14 16:18:43,722 INFO (ClientAuthPluginManager.java:56)- [ClientAuthPluginManager] Load ClientAuthService com.alibaba.nacos.client.auth.impl.NacosClientAuthServiceImpl success.
2023-07-14 16:18:43,723 INFO (ClientAuthPluginManager.java:56)- [ClientAuthPluginManager] Load ClientAuthService com.alibaba.nacos.client.auth.ram.RamClientAuthServiceImpl success.
2023-07-14 16:18:43,726 INFO (RpcClientFactory.java:94)- [RpcClientFactory] create a new rpc client of c23e00ea-f94e-480b-a156-ed94f3bfa838
2023-07-14 16:18:43,727 INFO (LoggerUtils.java:60)- [c23e00ea-f94e-480b-a156-ed94f3bfa838] RpcClient init, ServerListFactory = com.alibaba.nacos.client.naming.core.ServerListManager
2023-07-14 16:18:43,727 INFO (LoggerUtils.java:60)- [c23e00ea-f94e-480b-a156-ed94f3bfa838] Registry connection listener to current client:com.alibaba.nacos.client.naming.remote.gprc.redo.NamingGrpcRedoService
2023-07-14 16:18:43,728 INFO (LoggerUtils.java:60)- [c23e00ea-f94e-480b-a156-ed94f3bfa838] Register server push request handler:com.alibaba.nacos.client.naming.remote.gprc.NamingPushRequestHandler
2023-07-14 16:18:43,728 INFO (LoggerUtils.java:60)- [c23e00ea-f94e-480b-a156-ed94f3bfa838] Try to connect to server on start up, server: {serverIp = '127.0.0.1', server main port = 8848}
2023-07-14 16:18:43,848 INFO (LoggerUtils.java:60)- [c23e00ea-f94e-480b-a156-ed94f3bfa838] Success to connect to server [127.0.0.1:8848] on start up, connectionId = 1689322723732_127.0.0.1_64779
2023-07-14 16:18:43,848 INFO (LoggerUtils.java:60)- [c23e00ea-f94e-480b-a156-ed94f3bfa838] Register server push request handler:com.alibaba.nacos.common.remote.client.RpcClient$ConnectResetRequestHandler
2023-07-14 16:18:43,848 INFO (LoggerUtils.java:60)- [c23e00ea-f94e-480b-a156-ed94f3bfa838] Notify connected event to listeners.
2023-07-14 16:18:43,848 INFO (NamingGrpcRedoService.java:78)- Grpc connection connect
2023-07-14 16:18:43,848 INFO (LoggerUtils.java:60)- [c23e00ea-f94e-480b-a156-ed94f3bfa838] Register server push request handler:com.alibaba.nacos.common.remote.client.RpcClient$$Lambda$671/0x00000008010f6aa8
2023-07-14 16:18:43,849 INFO (NamingGrpcClientProxy.java:120)- [REGISTER-SERVICE] public registering service novel-user-service with instance Instance{instanceId='null', ip='192.168.43.1', port=9060, weight=1.0, healthy=true, enabled=true, ephemeral=true, clusterName='DEFAULT', serviceName='null', metadata={preserved.register.source=SPRING_CLOUD}}
2023-07-14 16:18:43,857 INFO (NacosServiceRegistry.java:76)- nacos registry, DEFAULT_GROUP novel-user-service 192.168.43.1:9060 register finished
2023-07-14 16:18:43,927 INFO (SchedulerFactoryBean.java:729)- Starting Quartz Scheduler now
2023-07-14 16:18:43,928 INFO (QuartzScheduler.java:547)- Scheduler quartzScheduler_$_NON_CLUSTERED started.
2023-07-14 16:18:43,942 INFO (StartupInfoLogger.java:57)- Started NovelUserApplication in 8.304 seconds (process running for 8.928)
2023-07-14 16:18:43,945 INFO (CacheData.java:67)- nacos.cache.data.init.snapshot = true 
2023-07-14 16:18:43,946 INFO (ClientWorker.java:379)- [fixed-127.0.0.1_8848] [subscribe] novel-user-service+DEFAULT_GROUP
2023-07-14 16:18:43,953 INFO (CacheData.java:197)- [fixed-127.0.0.1_8848] [add-listener] ok, tenant=, dataId=novel-user-service, group=DEFAULT_GROUP, cnt=1
2023-07-14 16:18:43,953 INFO (NacosContextRefresher.java:129)- [Nacos Config] Listening config: dataId=novel-user-service, group=DEFAULT_GROUP
2023-07-14 16:18:43,954 INFO (ClientWorker.java:379)- [fixed-127.0.0.1_8848] [subscribe] novel-user-service.yml+DEFAULT_GROUP
2023-07-14 16:18:43,954 INFO (CacheData.java:197)- [fixed-127.0.0.1_8848] [add-listener] ok, tenant=, dataId=novel-user-service.yml, group=DEFAULT_GROUP, cnt=1
2023-07-14 16:18:43,954 INFO (NacosContextRefresher.java:129)- [Nacos Config] Listening config: dataId=novel-user-service.yml, group=DEFAULT_GROUP
2023-07-14 16:18:43,954 INFO (ClientWorker.java:379)- [fixed-127.0.0.1_8848] [subscribe] novel-mysql.yml+DEFAULT_GROUP
2023-07-14 16:18:43,955 INFO (CacheData.java:197)- [fixed-127.0.0.1_8848] [add-listener] ok, tenant=, dataId=novel-mysql.yml, group=DEFAULT_GROUP, cnt=1
2023-07-14 16:18:43,955 INFO (NacosContextRefresher.java:129)- [Nacos Config] Listening config: dataId=novel-mysql.yml, group=DEFAULT_GROUP
2023-07-14 16:18:43,955 INFO (ClientWorker.java:379)- [fixed-127.0.0.1_8848] [subscribe] novel-redis.yml+DEFAULT_GROUP
2023-07-14 16:18:43,955 INFO (CacheData.java:197)- [fixed-127.0.0.1_8848] [add-listener] ok, tenant=, dataId=novel-redis.yml, group=DEFAULT_GROUP, cnt=1
2023-07-14 16:18:43,956 INFO (NacosContextRefresher.java:129)- [Nacos Config] Listening config: dataId=novel-redis.yml, group=DEFAULT_GROUP
2023-07-14 16:18:43,956 INFO (ClientWorker.java:379)- [fixed-127.0.0.1_8848] [subscribe] novel-rabbitmq.yml+DEFAULT_GROUP
2023-07-14 16:18:43,956 INFO (CacheData.java:197)- [fixed-127.0.0.1_8848] [add-listener] ok, tenant=, dataId=novel-rabbitmq.yml, group=DEFAULT_GROUP, cnt=1
2023-07-14 16:18:43,956 INFO (NacosContextRefresher.java:129)- [Nacos Config] Listening config: dataId=novel-rabbitmq.yml, group=DEFAULT_GROUP
2023-07-14 16:18:43,956 INFO (ClientWorker.java:379)- [fixed-127.0.0.1_8848] [subscribe] novel-user-service-dev.yml+DEFAULT_GROUP
2023-07-14 16:18:43,956 INFO (CacheData.java:197)- [fixed-127.0.0.1_8848] [add-listener] ok, tenant=, dataId=novel-user-service-dev.yml, group=DEFAULT_GROUP, cnt=1
2023-07-14 16:18:43,956 INFO (NacosContextRefresher.java:129)- [Nacos Config] Listening config: dataId=novel-user-service-dev.yml, group=DEFAULT_GROUP
2023-07-14 16:18:43,958 INFO (ClientWorker.java:379)- [fixed-127.0.0.1_8848] [subscribe] novel-user-service-common.yml+DEFAULT_GROUP
2023-07-14 16:18:43,958 INFO (CacheData.java:197)- [fixed-127.0.0.1_8848] [add-listener] ok, tenant=, dataId=novel-user-service-common.yml, group=DEFAULT_GROUP, cnt=1
2023-07-14 16:18:43,958 INFO (NacosContextRefresher.java:129)- [Nacos Config] Listening config: dataId=novel-user-service-common.yml, group=DEFAULT_GROUP
2023-07-14 16:18:44,363 INFO (ServletContextImpl.java:372)- Initializing Spring DispatcherServlet 'dispatcherServlet'
2023-07-14 16:18:44,364 INFO (FrameworkServlet.java:532)- Initializing Servlet 'dispatcherServlet'
2023-07-14 16:18:44,366 INFO (FrameworkServlet.java:554)- Completed initialization in 2 ms
2023-07-14 16:18:44,393 INFO (AbstractConnectionFactory.java:630)- Attempting to connect to: [192.168.10.110:5672]
2023-07-14 16:19:08,457 INFO (AbstractConnectionFactory.java:630)- Attempting to connect to: [192.168.10.110:5672]
2023-07-14 16:19:32,484 INFO (AbstractConnectionFactory.java:630)- Attempting to connect to: [192.168.10.110:5672]
2023-07-14 16:19:53,532 WARN (AbstractHealthIndicator.java:94)- Rabbit health check failed
org.springframework.amqp.AmqpConnectException: java.net.ConnectException: Connection timed out: no further information
	at org.springframework.amqp.rabbit.support.RabbitExceptionTranslator.convertRabbitAccessException(RabbitExceptionTranslator.java:61)
	at org.springframework.amqp.rabbit.connection.AbstractConnectionFactory.createBareConnection(AbstractConnectionFactory.java:594)
	at org.springframework.amqp.rabbit.connection.CachingConnectionFactory.createConnection(CachingConnectionFactory.java:687)
	at org.springframework.amqp.rabbit.connection.ConnectionFactoryUtils.createConnection(ConnectionFactoryUtils.java:257)
	at org.springframework.amqp.rabbit.core.RabbitTemplate.doExecute(RabbitTemplate.java:2225)
	at org.springframework.amqp.rabbit.core.RabbitTemplate.lambda$execute$13(RabbitTemplate.java:2187)
	at org.springframework.retry.support.RetryTemplate.doExecute(RetryTemplate.java:329)
	at org.springframework.retry.support.RetryTemplate.execute(RetryTemplate.java:225)
	at org.springframework.amqp.rabbit.core.RabbitTemplate.execute(RabbitTemplate.java:2186)
	at org.springframework.amqp.rabbit.core.RabbitTemplate.execute(RabbitTemplate.java:2178)
	at org.springframework.boot.actuate.amqp.RabbitHealthIndicator.getVersion(RabbitHealthIndicator.java:49)
	at org.springframework.boot.actuate.amqp.RabbitHealthIndicator.doHealthCheck(RabbitHealthIndicator.java:44)
	at org.springframework.boot.actuate.health.AbstractHealthIndicator.health(AbstractHealthIndicator.java:82)
	at org.springframework.boot.actuate.health.HealthIndicator.getHealth(HealthIndicator.java:37)
	at org.springframework.boot.actuate.health.HealthEndpoint.getHealth(HealthEndpoint.java:82)
	at org.springframework.boot.actuate.health.HealthEndpoint.getHealth(HealthEndpoint.java:41)
	at org.springframework.boot.actuate.health.HealthEndpointSupport.getLoggedHealth(HealthEndpointSupport.java:172)
	at org.springframework.boot.actuate.health.HealthEndpointSupport.getContribution(HealthEndpointSupport.java:145)
	at org.springframework.boot.actuate.health.HealthEndpointSupport.getAggregateContribution(HealthEndpointSupport.java:156)
	at org.springframework.boot.actuate.health.HealthEndpointSupport.getContribution(HealthEndpointSupport.java:141)
	at org.springframework.boot.actuate.health.HealthEndpointSupport.getHealth(HealthEndpointSupport.java:110)
	at org.springframework.boot.actuate.health.HealthEndpointSupport.getHealth(HealthEndpointSupport.java:81)
	at org.springframework.boot.actuate.health.HealthEndpoint.health(HealthEndpoint.java:76)
	at org.springframework.boot.actuate.health.HealthEndpoint.health(HealthEndpoint.java:66)
	at java.base/jdk.internal.reflect.NativeMethodAccessorImpl.invoke0(Native Method)
	at java.base/jdk.internal.reflect.NativeMethodAccessorImpl.invoke(NativeMethodAccessorImpl.java:77)
	at java.base/jdk.internal.reflect.DelegatingMethodAccessorImpl.invoke(DelegatingMethodAccessorImpl.java:43)
	at java.base/java.lang.reflect.Method.invoke(Method.java:568)
	at org.springframework.util.ReflectionUtils.invokeMethod(ReflectionUtils.java:281)
	at org.springframework.boot.actuate.endpoint.invoke.reflect.ReflectiveOperationInvoker.invoke(ReflectiveOperationInvoker.java:74)
	at org.springframework.boot.actuate.endpoint.annotation.AbstractDiscoveredOperation.invoke(AbstractDiscoveredOperation.java:60)
	at org.springframework.boot.actuate.endpoint.jmx.EndpointMBean.invoke(EndpointMBean.java:124)
	at org.springframework.boot.actuate.endpoint.jmx.EndpointMBean.invoke(EndpointMBean.java:97)
	at java.management/com.sun.jmx.interceptor.DefaultMBeanServerInterceptor.invoke(DefaultMBeanServerInterceptor.java:814)
	at java.management/com.sun.jmx.mbeanserver.JmxMBeanServer.invoke(JmxMBeanServer.java:802)
	at java.management.rmi/javax.management.remote.rmi.RMIConnectionImpl.doOperation(RMIConnectionImpl.java:1472)
	at java.management.rmi/javax.management.remote.rmi.RMIConnectionImpl$PrivilegedOperation.run(RMIConnectionImpl.java:1310)
	at java.management.rmi/javax.management.remote.rmi.RMIConnectionImpl.doPrivilegedOperation(RMIConnectionImpl.java:1405)
	at java.management.rmi/javax.management.remote.rmi.RMIConnectionImpl.invoke(RMIConnectionImpl.java:829)
	at java.base/jdk.internal.reflect.GeneratedMethodAccessor52.invoke(Unknown Source)
	at java.base/jdk.internal.reflect.DelegatingMethodAccessorImpl.invoke(DelegatingMethodAccessorImpl.java:43)
	at java.base/java.lang.reflect.Method.invoke(Method.java:568)
	at java.rmi/sun.rmi.server.UnicastServerRef.dispatch(UnicastServerRef.java:360)
	at java.rmi/sun.rmi.transport.Transport$1.run(Transport.java:200)
	at java.rmi/sun.rmi.transport.Transport$1.run(Transport.java:197)
	at java.base/java.security.AccessController.doPrivileged(AccessController.java:712)
	at java.rmi/sun.rmi.transport.Transport.serviceCall(Transport.java:196)
	at java.rmi/sun.rmi.transport.tcp.TCPTransport.handleMessages(TCPTransport.java:587)
	at java.rmi/sun.rmi.transport.tcp.TCPTransport$ConnectionHandler.run0(TCPTransport.java:828)
	at java.rmi/sun.rmi.transport.tcp.TCPTransport$ConnectionHandler.lambda$run$0(TCPTransport.java:705)
	at java.base/java.security.AccessController.doPrivileged(AccessController.java:399)
	at java.rmi/sun.rmi.transport.tcp.TCPTransport$ConnectionHandler.run(TCPTransport.java:704)
	at java.base/java.util.concurrent.ThreadPoolExecutor.runWorker(ThreadPoolExecutor.java:1136)
	at java.base/java.util.concurrent.ThreadPoolExecutor$Worker.run(ThreadPoolExecutor.java:635)
	at java.base/java.lang.Thread.run(Thread.java:833)
Caused by: java.net.ConnectException: Connection timed out: no further information
	at java.base/sun.nio.ch.Net.pollConnect(Native Method)
	at java.base/sun.nio.ch.Net.pollConnectNow(Net.java:672)
	at java.base/sun.nio.ch.NioSocketImpl.timedFinishConnect(NioSocketImpl.java:549)
	at java.base/sun.nio.ch.NioSocketImpl.connect(NioSocketImpl.java:597)
	at java.base/java.net.SocksSocketImpl.connect(SocksSocketImpl.java:327)
	at java.base/java.net.Socket.connect(Socket.java:633)
	at com.rabbitmq.client.impl.SocketFrameHandlerFactory.create(SocketFrameHandlerFactory.java:59)
	at com.rabbitmq.client.ConnectionFactory.newConnection(ConnectionFactory.java:1223)
	at com.rabbitmq.client.ConnectionFactory.newConnection(ConnectionFactory.java:1173)
	at org.springframework.amqp.rabbit.connection.AbstractConnectionFactory.connectAddresses(AbstractConnectionFactory.java:632)
	at org.springframework.amqp.rabbit.connection.AbstractConnectionFactory.connect(AbstractConnectionFactory.java:607)
	at org.springframework.amqp.rabbit.connection.AbstractConnectionFactory.createBareConnection(AbstractConnectionFactory.java:557)
	... 53 common frames omitted
2023-07-14 16:19:53,541 WARN (HealthEndpointSupport.java:181)- Health contributor org.springframework.boot.actuate.amqp.RabbitHealthIndicator (rabbit) took 69151ms to respond
2023-07-14 16:19:53,552 INFO (HikariDataSource.java:110)- HikariPool-1 - Starting...
2023-07-14 16:19:53,911 INFO (HikariPool.java:565)- HikariPool-1 - Added connection com.mysql.cj.jdbc.ConnectionImpl@7b2eca11
2023-07-14 16:19:53,917 INFO (HikariDataSource.java:123)- HikariPool-1 - Start completed.
2023-07-14 16:40:17,055 WARN (HttpClientBeanHolder.java:102)- [HttpClientBeanHolder] Start destroying common HttpClient
2023-07-14 16:40:17,055 WARN (NotifyCenter.java:136)- [NotifyCenter] Start destroying Publisher
2023-07-14 16:40:17,057 WARN (NotifyCenter.java:153)- [NotifyCenter] Destruction of the end
2023-07-14 16:40:17,057 WARN (HttpClientBeanHolder.java:111)- [HttpClientBeanHolder] Destruction of the end
2023-07-14 16:40:17,131 INFO (QuartzScheduler.java:585)- Scheduler quartzScheduler_$_NON_CLUSTERED paused.
2023-07-14 16:40:17,138 INFO (Undertow.java:259)- stopping server: Undertow - 2.3.4.Final
2023-07-14 16:40:17,157 INFO (ServletContextImpl.java:372)- Destroying Spring FrameworkServlet 'dispatcherServlet'
2023-07-14 16:40:17,173 INFO (SchedulerFactoryBean.java:847)- Shutting down Quartz Scheduler
2023-07-14 16:40:17,176 INFO (QuartzScheduler.java:666)- Scheduler quartzScheduler_$_NON_CLUSTERED shutting down.
2023-07-14 16:40:17,176 INFO (QuartzScheduler.java:585)- Scheduler quartzScheduler_$_NON_CLUSTERED paused.
2023-07-14 16:40:17,176 INFO (QuartzScheduler.java:740)- Scheduler quartzScheduler_$_NON_CLUSTERED shutdown complete.
2023-07-14 16:40:17,186 INFO (NacosServiceRegistry.java:95)- De-registering from Nacos Server now...
2023-07-14 16:40:17,187 INFO (NamingGrpcClientProxy.java:216)- [DEREGISTER-SERVICE] public deregistering service novel-user-service with instance: Instance{instanceId='null', ip='192.168.43.1', port=9060, weight=1.0, healthy=true, enabled=true, ephemeral=true, clusterName='DEFAULT', serviceName='null', metadata={}}
2023-07-14 16:40:17,191 INFO (NacosServiceRegistry.java:115)- De-registration finished.
2023-07-14 16:40:17,194 INFO (ServiceInfoHolder.java:256)- com.alibaba.nacos.client.naming.cache.ServiceInfoHolder do shutdown begin
2023-07-14 16:40:17,195 INFO (FailoverReactor.java:133)- com.alibaba.nacos.client.naming.backups.FailoverReactor do shutdown begin
2023-07-14 16:40:17,195 INFO (FailoverReactor.java:135)- com.alibaba.nacos.client.naming.backups.FailoverReactor do shutdown stop
2023-07-14 16:40:17,195 INFO (ServiceInfoHolder.java:258)- com.alibaba.nacos.client.naming.cache.ServiceInfoHolder do shutdown stop
2023-07-14 16:40:17,195 INFO (NamingClientProxyDelegate.java:204)- com.alibaba.nacos.client.naming.remote.NamingClientProxyDelegate do shutdown begin
2023-07-14 16:40:17,196 INFO (ServiceInfoUpdateService.java:143)- com.alibaba.nacos.client.naming.core.ServiceInfoUpdateService do shutdown begin
2023-07-14 16:40:17,196 INFO (ServiceInfoUpdateService.java:145)- com.alibaba.nacos.client.naming.core.ServiceInfoUpdateService do shutdown stop
2023-07-14 16:40:17,196 INFO (ServerListManager.java:194)- com.alibaba.nacos.client.naming.core.ServerListManager do shutdown begin
2023-07-14 16:40:17,196 WARN (NamingHttpClientManager.java:74)- [NamingHttpClientManager] Start destroying NacosRestTemplate
2023-07-14 16:40:17,196 WARN (NamingHttpClientManager.java:81)- [NamingHttpClientManager] Destruction of the end
2023-07-14 16:40:17,196 INFO (ServerListManager.java:199)- com.alibaba.nacos.client.naming.core.ServerListManager do shutdown stop
2023-07-14 16:40:17,196 INFO (NamingHttpClientProxy.java:484)- com.alibaba.nacos.client.naming.remote.http.NamingHttpClientProxy do shutdown begin
2023-07-14 16:40:17,196 WARN (NamingHttpClientManager.java:74)- [NamingHttpClientManager] Start destroying NacosRestTemplate
2023-07-14 16:40:17,197 WARN (NamingHttpClientManager.java:81)- [NamingHttpClientManager] Destruction of the end
2023-07-14 16:40:17,197 INFO (NamingHttpClientProxy.java:486)- com.alibaba.nacos.client.naming.remote.http.NamingHttpClientProxy do shutdown stop
2023-07-14 16:40:17,197 INFO (RpcClient.java:425)- Shutdown rpc client, set status to shutdown
2023-07-14 16:40:17,197 INFO (RpcClient.java:427)- Shutdown client event executor java.util.concurrent.ScheduledThreadPoolExecutor@5f596c3d[Running, pool size = 2, active threads = 2, queued tasks = 0, completed tasks = 0]
2023-07-14 16:40:17,197 INFO (RpcClient.java:580)- Close current connection 1689322723732_127.0.0.1_64779
2023-07-14 16:40:17,199 INFO (LoggerUtils.java:60)- [1689322723732_127.0.0.1_64779]Ignore complete event,isRunning:false,isAbandon=false
2023-07-14 16:40:17,205 INFO (GrpcClient.java:140)- Shutdown grpc executor java.util.concurrent.ThreadPoolExecutor@236fb6eb[Running, pool size = 4, active threads = 0, queued tasks = 0, completed tasks = 282]
2023-07-14 16:40:17,205 INFO (NamingGrpcRedoService.java:292)- Shutdown grpc redo service executor java.util.concurrent.ScheduledThreadPoolExecutor@4821e1d2[Running, pool size = 1, active threads = 0, queued tasks = 1, completed tasks = 430]
2023-07-14 16:40:17,206 INFO (CredentialWatcher.java:106)- [null] CredentialWatcher is stopped
2023-07-14 16:40:17,206 INFO (CredentialService.java:100)- [null] CredentialService is freed
2023-07-14 16:40:17,207 INFO (NamingClientProxyDelegate.java:211)- com.alibaba.nacos.client.naming.remote.NamingClientProxyDelegate do shutdown stop
2023-07-14 16:40:17,232 INFO (HikariDataSource.java:350)- HikariPool-1 - Shutdown initiated...
2023-07-14 16:40:17,241 INFO (HikariDataSource.java:352)- HikariPool-1 - Shutdown completed.
2023-07-14 18:32:12,870 WARN (NacosLogging.java:64)- Load Logback Configuration of Nacos fail, message: org/slf4j/impl/StaticLoggerBinder
2023-07-14 18:32:12,873 WARN (NacosLogging.java:64)- Load Logback Configuration of Nacos fail, message: org/slf4j/impl/StaticLoggerBinder
2023-07-14 18:32:12,887 INFO (LocalConfigInfoProcessor.java:68)- LOCAL_SNAPSHOT_PATH:C:\Users\yisheng\nacos\config
2023-07-14 18:32:12,890 INFO (RpcClientFactory.java:94)- [RpcClientFactory] create a new rpc client of e05ee02c-d38c-415a-aa40-058bbb2a22be_config-0
2023-07-14 18:32:12,904 INFO (LoggerUtils.java:60)- [e05ee02c-d38c-415a-aa40-058bbb2a22be_config-0] Register server push request handler:com.alibaba.nacos.client.config.impl.ClientWorker$ConfigRpcTransportClient$$Lambda$651/0x0000000800fc5488
2023-07-14 18:32:12,905 INFO (LoggerUtils.java:60)- [e05ee02c-d38c-415a-aa40-058bbb2a22be_config-0] Register server push request handler:com.alibaba.nacos.client.config.impl.ClientWorker$ConfigRpcTransportClient$$Lambda$652/0x0000000800fc58a8
2023-07-14 18:32:12,905 INFO (LoggerUtils.java:60)- [e05ee02c-d38c-415a-aa40-058bbb2a22be_config-0] Registry connection listener to current client:com.alibaba.nacos.client.config.impl.ClientWorker$ConfigRpcTransportClient$1
2023-07-14 18:32:12,906 INFO (LoggerUtils.java:60)- [e05ee02c-d38c-415a-aa40-058bbb2a22be_config-0] RpcClient init, ServerListFactory = com.alibaba.nacos.client.config.impl.ClientWorker$ConfigRpcTransportClient$2
2023-07-14 18:32:12,912 INFO (LoggerUtils.java:60)- [e05ee02c-d38c-415a-aa40-058bbb2a22be_config-0] Try to connect to server on start up, server: {serverIp = '127.0.0.1', server main port = 8848}
2023-07-14 18:32:13,643 INFO (LoggerUtils.java:60)- [e05ee02c-d38c-415a-aa40-058bbb2a22be_config-0] Success to connect to server [127.0.0.1:8848] on start up, connectionId = 1689330733464_127.0.0.1_62119
2023-07-14 18:32:13,643 INFO (LoggerUtils.java:60)- [e05ee02c-d38c-415a-aa40-058bbb2a22be_config-0] Notify connected event to listeners.
2023-07-14 18:32:13,644 INFO (LoggerUtils.java:60)- [e05ee02c-d38c-415a-aa40-058bbb2a22be_config-0] Register server push request handler:com.alibaba.nacos.common.remote.client.RpcClient$ConnectResetRequestHandler
2023-07-14 18:32:13,644 INFO (ClientWorker.java:638)- [e05ee02c-d38c-415a-aa40-058bbb2a22be_config-0] Connected,notify listen context...
2023-07-14 18:32:13,645 INFO (LoggerUtils.java:60)- [e05ee02c-d38c-415a-aa40-058bbb2a22be_config-0] Register server push request handler:com.alibaba.nacos.common.remote.client.RpcClient$$Lambda$671/0x00000008010f6aa8
2023-07-14 18:32:13,675 INFO (Limiter.java:62)- limitTime:5.0
2023-07-14 18:32:13,688 INFO (JvmUtil.java:54)- isMultiInstance:false
2023-07-14 18:32:13,704 WARN (NacosPropertySourceBuilder.java:87)- Ignore the empty nacos configuration and get it based on dataId[novel-rabbitmq.yml] & group[DEFAULT_GROUP]
2023-07-14 18:32:13,709 WARN (NacosPropertySourceBuilder.java:87)- Ignore the empty nacos configuration and get it based on dataId[novel-user-service] & group[DEFAULT_GROUP]
2023-07-14 18:32:13,714 WARN (NacosPropertySourceBuilder.java:87)- Ignore the empty nacos configuration and get it based on dataId[novel-user-service.yml] & group[DEFAULT_GROUP]
2023-07-14 18:32:13,719 WARN (NacosPropertySourceBuilder.java:87)- Ignore the empty nacos configuration and get it based on dataId[novel-user-service-common.yml] & group[DEFAULT_GROUP]
2023-07-14 18:32:13,722 WARN (NacosPropertySourceBuilder.java:87)- Ignore the empty nacos configuration and get it based on dataId[novel-user-service-dev.yml] & group[DEFAULT_GROUP]
2023-07-14 18:32:13,723 INFO (PropertySourceBootstrapConfiguration.java:108)- Located property source: [BootstrapPropertySource {name='bootstrapProperties-novel-user-service-dev.yml,DEFAULT_GROUP'}, BootstrapPropertySource {name='bootstrapProperties-novel-user-service-common.yml,DEFAULT_GROUP'}, BootstrapPropertySource {name='bootstrapProperties-novel-user-service.yml,DEFAULT_GROUP'}, BootstrapPropertySource {name='bootstrapProperties-novel-user-service,DEFAULT_GROUP'}, BootstrapPropertySource {name='bootstrapProperties-novel-rabbitmq.yml,DEFAULT_GROUP'}, BootstrapPropertySource {name='bootstrapProperties-novel-redis.yml,DEFAULT_GROUP'}, BootstrapPropertySource {name='bootstrapProperties-novel-mysql.yml,DEFAULT_GROUP'}]
2023-07-14 18:32:13,732 INFO (SpringApplication.java:638)- The following 2 profiles are active: "common", "dev"
2023-07-14 18:32:14,984 INFO (RepositoryConfigurationDelegate.java:291)- Multiple Spring Data modules found, entering strict repository configuration mode
2023-07-14 18:32:14,987 INFO (RepositoryConfigurationDelegate.java:138)- Bootstrapping Spring Data Redis repositories in DEFAULT mode.
2023-07-14 18:32:15,010 INFO (RepositoryConfigurationDelegate.java:208)- Finished Spring Data repository scanning in 11 ms. Found 0 Redis repository interfaces.
2023-07-14 18:32:15,612 INFO (GenericScope.java:282)- BeanFactory id=edc6c518-94d6-30b9-8104-670a327698bb
2023-07-14 18:32:16,421 WARN (Bootstrap.java:68)- UT026010: Buffer pool was not set on WebSocketDeploymentInfo, the default pool will be used
2023-07-14 18:32:16,442 INFO (ServletContextImpl.java:372)- Initializing Spring embedded WebApplicationContext
2023-07-14 18:32:16,443 INFO (ServletWebServerApplicationContext.java:291)- Root WebApplicationContext: initialization completed in 2691 ms
2023-07-14 18:32:17,244 INFO (Version.java:41)- Redisson 3.19.1
2023-07-14 18:32:17,565 INFO (ConnectionPool.java:162)- 1 connections initialized for 127.0.0.1/127.0.0.1:6379
2023-07-14 18:32:17,599 INFO (ConnectionPool.java:162)- 24 connections initialized for 127.0.0.1/127.0.0.1:6379
2023-07-14 18:32:18,078 INFO (FeignClientFactoryBean.java:437)- For 'novel-book-service' URL not provided. Will try picking an instance via load-balancing.
2023-07-14 18:32:18,317 INFO (SentinelWebMvcConfigurer.java:52)- [Sentinel Starter] register SentinelWebInterceptor with urlPatterns: [/**].
2023-07-14 18:32:20,030 INFO (InetUtils.java:170)- Cannot determine local hostname
2023-07-14 18:32:20,486 INFO (StdSchedulerFactory.java:1220)- Using default implementation for ThreadExecutor
2023-07-14 18:32:20,496 INFO (SchedulerSignalerImpl.java:61)- Initialized Scheduler Signaller of type: class org.quartz.core.SchedulerSignalerImpl
2023-07-14 18:32:20,497 INFO (QuartzScheduler.java:229)- Quartz Scheduler v.2.3.2 created.
2023-07-14 18:32:20,498 INFO (RAMJobStore.java:155)- RAMJobStore initialized.
2023-07-14 18:32:20,499 INFO (QuartzScheduler.java:294)- Scheduler meta-data: Quartz Scheduler (v2.3.2) 'quartzScheduler' with instanceId 'NON_CLUSTERED'
  Scheduler class: 'org.quartz.core.QuartzScheduler' - running locally.
  NOT STARTED.
  Currently in standby mode.
  Number of jobs executed: 0
  Using thread pool 'org.quartz.simpl.SimpleThreadPool' - with 10 threads.
  Using job-store 'org.quartz.simpl.RAMJobStore' - which does not support persistence. and is not clustered.

2023-07-14 18:32:20,499 INFO (StdSchedulerFactory.java:1374)- Quartz scheduler 'quartzScheduler' initialized from an externally provided properties instance.
2023-07-14 18:32:20,499 INFO (StdSchedulerFactory.java:1378)- Quartz scheduler version: 2.3.2
2023-07-14 18:32:20,499 INFO (QuartzScheduler.java:2293)- JobFactory set to: org.springframework.scheduling.quartz.SpringBeanJobFactory@75564689
2023-07-14 18:32:21,903 INFO (InetUtils.java:170)- Cannot determine local hostname
2023-07-14 18:32:21,937 INFO (EndpointLinksResolver.java:58)- Exposing 21 endpoint(s) beneath base path '/actuator'
2023-07-14 18:32:22,103 WARN (LocalVariableTableParameterNameDiscoverer.java:123)- Using deprecated '-debug' fallback for parameter name resolution. Compile the affected code with '-parameters' instead or avoid its introspection: org.springframework.amqp.rabbit.core.RabbitAdmin
2023-07-14 18:32:22,135 INFO (Undertow.java:120)- starting server: Undertow - 2.3.4.Final
2023-07-14 18:32:22,144 INFO (Xnio.java:95)- XNIO version 3.8.8.Final
2023-07-14 18:32:22,153 INFO (NioXnio.java:58)- XNIO NIO Implementation Version 3.8.8.Final
2023-07-14 18:32:22,176 INFO (Version.java:55)- JBoss Threads version 3.5.0.Final
2023-07-14 18:32:22,212 INFO (UndertowWebServer.java:121)- Undertow started on port(s) 9060 (http)
2023-07-14 18:32:22,216 INFO (SearchableProperties.java:197)- properties search order:PROPERTIES->JVM->ENV->DEFAULT_SETTING
2023-07-14 18:32:22,216 INFO (InitUtils.java:61)- initializer namespace from System Property : null
2023-07-14 18:32:22,217 INFO (InitUtils.java:65)- initializer namespace from System Environment :null
2023-07-14 18:32:22,217 INFO (InitUtils.java:72)- initializer namespace from System Property :
2023-07-14 18:32:22,224 INFO (ClientAuthPluginManager.java:56)- [ClientAuthPluginManager] Load ClientAuthService com.alibaba.nacos.client.auth.impl.NacosClientAuthServiceImpl success.
2023-07-14 18:32:22,224 INFO (ClientAuthPluginManager.java:56)- [ClientAuthPluginManager] Load ClientAuthService com.alibaba.nacos.client.auth.ram.RamClientAuthServiceImpl success.
2023-07-14 18:32:22,227 INFO (RpcClientFactory.java:94)- [RpcClientFactory] create a new rpc client of 8100cbe3-b226-4d6b-be1c-5ed0fdcea147
2023-07-14 18:32:22,229 INFO (LoggerUtils.java:60)- [8100cbe3-b226-4d6b-be1c-5ed0fdcea147] RpcClient init, ServerListFactory = com.alibaba.nacos.client.naming.core.ServerListManager
2023-07-14 18:32:22,229 INFO (LoggerUtils.java:60)- [8100cbe3-b226-4d6b-be1c-5ed0fdcea147] Registry connection listener to current client:com.alibaba.nacos.client.naming.remote.gprc.redo.NamingGrpcRedoService
2023-07-14 18:32:22,229 INFO (LoggerUtils.java:60)- [8100cbe3-b226-4d6b-be1c-5ed0fdcea147] Register server push request handler:com.alibaba.nacos.client.naming.remote.gprc.NamingPushRequestHandler
2023-07-14 18:32:22,230 INFO (LoggerUtils.java:60)- [8100cbe3-b226-4d6b-be1c-5ed0fdcea147] Try to connect to server on start up, server: {serverIp = '127.0.0.1', server main port = 8848}
2023-07-14 18:32:22,354 INFO (LoggerUtils.java:60)- [8100cbe3-b226-4d6b-be1c-5ed0fdcea147] Success to connect to server [127.0.0.1:8848] on start up, connectionId = 1689330742234_127.0.0.1_62181
2023-07-14 18:32:22,354 INFO (LoggerUtils.java:60)- [8100cbe3-b226-4d6b-be1c-5ed0fdcea147] Register server push request handler:com.alibaba.nacos.common.remote.client.RpcClient$ConnectResetRequestHandler
2023-07-14 18:32:22,354 INFO (LoggerUtils.java:60)- [8100cbe3-b226-4d6b-be1c-5ed0fdcea147] Notify connected event to listeners.
2023-07-14 18:32:22,354 INFO (NamingGrpcRedoService.java:78)- Grpc connection connect
2023-07-14 18:32:22,354 INFO (LoggerUtils.java:60)- [8100cbe3-b226-4d6b-be1c-5ed0fdcea147] Register server push request handler:com.alibaba.nacos.common.remote.client.RpcClient$$Lambda$671/0x00000008010f6aa8
2023-07-14 18:32:22,356 INFO (NamingGrpcClientProxy.java:120)- [REGISTER-SERVICE] public registering service novel-user-service with instance Instance{instanceId='null', ip='192.168.43.1', port=9060, weight=1.0, healthy=true, enabled=true, ephemeral=true, clusterName='DEFAULT', serviceName='null', metadata={preserved.register.source=SPRING_CLOUD}}
2023-07-14 18:32:22,365 INFO (NacosServiceRegistry.java:76)- nacos registry, DEFAULT_GROUP novel-user-service 192.168.43.1:9060 register finished
2023-07-14 18:32:23,455 INFO (InetUtils.java:170)- Cannot determine local hostname
2023-07-14 18:32:23,455 INFO (SchedulerFactoryBean.java:729)- Starting Quartz Scheduler now
2023-07-14 18:32:23,455 INFO (QuartzScheduler.java:547)- Scheduler quartzScheduler_$_NON_CLUSTERED started.
2023-07-14 18:32:23,470 INFO (StartupInfoLogger.java:57)- Started NovelUserApplication in 13.929 seconds (process running for 14.621)
2023-07-14 18:32:23,474 INFO (CacheData.java:67)- nacos.cache.data.init.snapshot = true 
2023-07-14 18:32:23,475 INFO (ClientWorker.java:379)- [fixed-127.0.0.1_8848] [subscribe] novel-user-service+DEFAULT_GROUP
2023-07-14 18:32:23,481 INFO (CacheData.java:197)- [fixed-127.0.0.1_8848] [add-listener] ok, tenant=, dataId=novel-user-service, group=DEFAULT_GROUP, cnt=1
2023-07-14 18:32:23,481 INFO (NacosContextRefresher.java:129)- [Nacos Config] Listening config: dataId=novel-user-service, group=DEFAULT_GROUP
2023-07-14 18:32:23,481 INFO (ClientWorker.java:379)- [fixed-127.0.0.1_8848] [subscribe] novel-user-service.yml+DEFAULT_GROUP
2023-07-14 18:32:23,482 INFO (CacheData.java:197)- [fixed-127.0.0.1_8848] [add-listener] ok, tenant=, dataId=novel-user-service.yml, group=DEFAULT_GROUP, cnt=1
2023-07-14 18:32:23,482 INFO (NacosContextRefresher.java:129)- [Nacos Config] Listening config: dataId=novel-user-service.yml, group=DEFAULT_GROUP
2023-07-14 18:32:23,483 INFO (ClientWorker.java:379)- [fixed-127.0.0.1_8848] [subscribe] novel-mysql.yml+DEFAULT_GROUP
2023-07-14 18:32:23,483 INFO (CacheData.java:197)- [fixed-127.0.0.1_8848] [add-listener] ok, tenant=, dataId=novel-mysql.yml, group=DEFAULT_GROUP, cnt=1
2023-07-14 18:32:23,483 INFO (NacosContextRefresher.java:129)- [Nacos Config] Listening config: dataId=novel-mysql.yml, group=DEFAULT_GROUP
2023-07-14 18:32:23,484 INFO (ClientWorker.java:379)- [fixed-127.0.0.1_8848] [subscribe] novel-redis.yml+DEFAULT_GROUP
2023-07-14 18:32:23,484 INFO (CacheData.java:197)- [fixed-127.0.0.1_8848] [add-listener] ok, tenant=, dataId=novel-redis.yml, group=DEFAULT_GROUP, cnt=1
2023-07-14 18:32:23,484 INFO (NacosContextRefresher.java:129)- [Nacos Config] Listening config: dataId=novel-redis.yml, group=DEFAULT_GROUP
2023-07-14 18:32:23,484 INFO (ClientWorker.java:379)- [fixed-127.0.0.1_8848] [subscribe] novel-rabbitmq.yml+DEFAULT_GROUP
2023-07-14 18:32:23,484 INFO (CacheData.java:197)- [fixed-127.0.0.1_8848] [add-listener] ok, tenant=, dataId=novel-rabbitmq.yml, group=DEFAULT_GROUP, cnt=1
2023-07-14 18:32:23,484 INFO (NacosContextRefresher.java:129)- [Nacos Config] Listening config: dataId=novel-rabbitmq.yml, group=DEFAULT_GROUP
2023-07-14 18:32:23,484 INFO (ClientWorker.java:379)- [fixed-127.0.0.1_8848] [subscribe] novel-user-service-dev.yml+DEFAULT_GROUP
2023-07-14 18:32:23,484 INFO (CacheData.java:197)- [fixed-127.0.0.1_8848] [add-listener] ok, tenant=, dataId=novel-user-service-dev.yml, group=DEFAULT_GROUP, cnt=1
2023-07-14 18:32:23,485 INFO (NacosContextRefresher.java:129)- [Nacos Config] Listening config: dataId=novel-user-service-dev.yml, group=DEFAULT_GROUP
2023-07-14 18:32:23,485 INFO (ClientWorker.java:379)- [fixed-127.0.0.1_8848] [subscribe] novel-user-service-common.yml+DEFAULT_GROUP
2023-07-14 18:32:23,485 INFO (CacheData.java:197)- [fixed-127.0.0.1_8848] [add-listener] ok, tenant=, dataId=novel-user-service-common.yml, group=DEFAULT_GROUP, cnt=1
2023-07-14 18:32:23,485 INFO (NacosContextRefresher.java:129)- [Nacos Config] Listening config: dataId=novel-user-service-common.yml, group=DEFAULT_GROUP
2023-07-14 18:32:23,768 INFO (ServletContextImpl.java:372)- Initializing Spring DispatcherServlet 'dispatcherServlet'
2023-07-14 18:32:23,768 INFO (FrameworkServlet.java:532)- Initializing Servlet 'dispatcherServlet'
2023-07-14 18:32:23,771 INFO (FrameworkServlet.java:554)- Completed initialization in 3 ms
2023-07-14 18:32:23,810 INFO (AbstractConnectionFactory.java:630)- Attempting to connect to: [192.168.10.110:5672]
2023-07-14 18:32:47,849 INFO (AbstractConnectionFactory.java:630)- Attempting to connect to: [192.168.10.110:5672]
2023-07-14 18:33:11,902 INFO (AbstractConnectionFactory.java:630)- Attempting to connect to: [192.168.10.110:5672]
2023-07-14 18:33:32,931 WARN (AbstractHealthIndicator.java:94)- Rabbit health check failed
org.springframework.amqp.AmqpConnectException: java.net.ConnectException: Connection timed out: no further information
	at org.springframework.amqp.rabbit.support.RabbitExceptionTranslator.convertRabbitAccessException(RabbitExceptionTranslator.java:61)
	at org.springframework.amqp.rabbit.connection.AbstractConnectionFactory.createBareConnection(AbstractConnectionFactory.java:594)
	at org.springframework.amqp.rabbit.connection.CachingConnectionFactory.createConnection(CachingConnectionFactory.java:687)
	at org.springframework.amqp.rabbit.connection.ConnectionFactoryUtils.createConnection(ConnectionFactoryUtils.java:257)
	at org.springframework.amqp.rabbit.core.RabbitTemplate.doExecute(RabbitTemplate.java:2225)
	at org.springframework.amqp.rabbit.core.RabbitTemplate.lambda$execute$13(RabbitTemplate.java:2187)
	at org.springframework.retry.support.RetryTemplate.doExecute(RetryTemplate.java:329)
	at org.springframework.retry.support.RetryTemplate.execute(RetryTemplate.java:225)
	at org.springframework.amqp.rabbit.core.RabbitTemplate.execute(RabbitTemplate.java:2186)
	at org.springframework.amqp.rabbit.core.RabbitTemplate.execute(RabbitTemplate.java:2178)
	at org.springframework.boot.actuate.amqp.RabbitHealthIndicator.getVersion(RabbitHealthIndicator.java:49)
	at org.springframework.boot.actuate.amqp.RabbitHealthIndicator.doHealthCheck(RabbitHealthIndicator.java:44)
	at org.springframework.boot.actuate.health.AbstractHealthIndicator.health(AbstractHealthIndicator.java:82)
	at org.springframework.boot.actuate.health.HealthIndicator.getHealth(HealthIndicator.java:37)
	at org.springframework.boot.actuate.health.HealthEndpoint.getHealth(HealthEndpoint.java:82)
	at org.springframework.boot.actuate.health.HealthEndpoint.getHealth(HealthEndpoint.java:41)
	at org.springframework.boot.actuate.health.HealthEndpointSupport.getLoggedHealth(HealthEndpointSupport.java:172)
	at org.springframework.boot.actuate.health.HealthEndpointSupport.getContribution(HealthEndpointSupport.java:145)
	at org.springframework.boot.actuate.health.HealthEndpointSupport.getAggregateContribution(HealthEndpointSupport.java:156)
	at org.springframework.boot.actuate.health.HealthEndpointSupport.getContribution(HealthEndpointSupport.java:141)
	at org.springframework.boot.actuate.health.HealthEndpointSupport.getHealth(HealthEndpointSupport.java:110)
	at org.springframework.boot.actuate.health.HealthEndpointSupport.getHealth(HealthEndpointSupport.java:81)
	at org.springframework.boot.actuate.health.HealthEndpoint.health(HealthEndpoint.java:76)
	at org.springframework.boot.actuate.health.HealthEndpoint.health(HealthEndpoint.java:66)
	at java.base/jdk.internal.reflect.NativeMethodAccessorImpl.invoke0(Native Method)
	at java.base/jdk.internal.reflect.NativeMethodAccessorImpl.invoke(NativeMethodAccessorImpl.java:77)
	at java.base/jdk.internal.reflect.DelegatingMethodAccessorImpl.invoke(DelegatingMethodAccessorImpl.java:43)
	at java.base/java.lang.reflect.Method.invoke(Method.java:568)
	at org.springframework.util.ReflectionUtils.invokeMethod(ReflectionUtils.java:281)
	at org.springframework.boot.actuate.endpoint.invoke.reflect.ReflectiveOperationInvoker.invoke(ReflectiveOperationInvoker.java:74)
	at org.springframework.boot.actuate.endpoint.annotation.AbstractDiscoveredOperation.invoke(AbstractDiscoveredOperation.java:60)
	at org.springframework.boot.actuate.endpoint.jmx.EndpointMBean.invoke(EndpointMBean.java:124)
	at org.springframework.boot.actuate.endpoint.jmx.EndpointMBean.invoke(EndpointMBean.java:97)
	at java.management/com.sun.jmx.interceptor.DefaultMBeanServerInterceptor.invoke(DefaultMBeanServerInterceptor.java:814)
	at java.management/com.sun.jmx.mbeanserver.JmxMBeanServer.invoke(JmxMBeanServer.java:802)
	at java.management.rmi/javax.management.remote.rmi.RMIConnectionImpl.doOperation(RMIConnectionImpl.java:1472)
	at java.management.rmi/javax.management.remote.rmi.RMIConnectionImpl$PrivilegedOperation.run(RMIConnectionImpl.java:1310)
	at java.management.rmi/javax.management.remote.rmi.RMIConnectionImpl.doPrivilegedOperation(RMIConnectionImpl.java:1405)
	at java.management.rmi/javax.management.remote.rmi.RMIConnectionImpl.invoke(RMIConnectionImpl.java:829)
	at java.base/jdk.internal.reflect.GeneratedMethodAccessor52.invoke(Unknown Source)
	at java.base/jdk.internal.reflect.DelegatingMethodAccessorImpl.invoke(DelegatingMethodAccessorImpl.java:43)
	at java.base/java.lang.reflect.Method.invoke(Method.java:568)
	at java.rmi/sun.rmi.server.UnicastServerRef.dispatch(UnicastServerRef.java:360)
	at java.rmi/sun.rmi.transport.Transport$1.run(Transport.java:200)
	at java.rmi/sun.rmi.transport.Transport$1.run(Transport.java:197)
	at java.base/java.security.AccessController.doPrivileged(AccessController.java:712)
	at java.rmi/sun.rmi.transport.Transport.serviceCall(Transport.java:196)
	at java.rmi/sun.rmi.transport.tcp.TCPTransport.handleMessages(TCPTransport.java:587)
	at java.rmi/sun.rmi.transport.tcp.TCPTransport$ConnectionHandler.run0(TCPTransport.java:828)
	at java.rmi/sun.rmi.transport.tcp.TCPTransport$ConnectionHandler.lambda$run$0(TCPTransport.java:705)
	at java.base/java.security.AccessController.doPrivileged(AccessController.java:399)
	at java.rmi/sun.rmi.transport.tcp.TCPTransport$ConnectionHandler.run(TCPTransport.java:704)
	at java.base/java.util.concurrent.ThreadPoolExecutor.runWorker(ThreadPoolExecutor.java:1136)
	at java.base/java.util.concurrent.ThreadPoolExecutor$Worker.run(ThreadPoolExecutor.java:635)
	at java.base/java.lang.Thread.run(Thread.java:833)
Caused by: java.net.ConnectException: Connection timed out: no further information
	at java.base/sun.nio.ch.Net.pollConnect(Native Method)
	at java.base/sun.nio.ch.Net.pollConnectNow(Net.java:672)
	at java.base/sun.nio.ch.NioSocketImpl.timedFinishConnect(NioSocketImpl.java:549)
	at java.base/sun.nio.ch.NioSocketImpl.connect(NioSocketImpl.java:597)
	at java.base/java.net.SocksSocketImpl.connect(SocksSocketImpl.java:327)
	at java.base/java.net.Socket.connect(Socket.java:633)
	at com.rabbitmq.client.impl.SocketFrameHandlerFactory.create(SocketFrameHandlerFactory.java:59)
	at com.rabbitmq.client.ConnectionFactory.newConnection(ConnectionFactory.java:1223)
	at com.rabbitmq.client.ConnectionFactory.newConnection(ConnectionFactory.java:1173)
	at org.springframework.amqp.rabbit.connection.AbstractConnectionFactory.connectAddresses(AbstractConnectionFactory.java:632)
	at org.springframework.amqp.rabbit.connection.AbstractConnectionFactory.connect(AbstractConnectionFactory.java:607)
	at org.springframework.amqp.rabbit.connection.AbstractConnectionFactory.createBareConnection(AbstractConnectionFactory.java:557)
	... 53 common frames omitted
2023-07-14 18:33:32,942 WARN (HealthEndpointSupport.java:181)- Health contributor org.springframework.boot.actuate.amqp.RabbitHealthIndicator (rabbit) took 69132ms to respond
2023-07-14 18:33:32,953 INFO (HikariDataSource.java:110)- HikariPool-1 - Starting...
2023-07-14 18:33:33,356 INFO (HikariPool.java:565)- HikariPool-1 - Added connection com.mysql.cj.jdbc.ConnectionImpl@7ab5e300
2023-07-14 18:33:33,374 INFO (HikariDataSource.java:123)- HikariPool-1 - Start completed.
2023-07-14 18:34:37,509 DEBUG (BaseJdbcLogger.java:137)- ==>  Preparing: SELECT COUNT( * ) AS total FROM user_info WHERE (username = ?) limit 1
2023-07-14 18:34:37,562 DEBUG (BaseJdbcLogger.java:137)- ==> Parameters: 17865132637(String)
2023-07-14 18:34:37,624 DEBUG (BaseJdbcLogger.java:137)- <==      Total: 1
2023-07-14 18:34:37,630 DEBUG (BaseJdbcLogger.java:137)- ==>  Preparing: INSERT INTO user_info ( username, password, salt, nick_name, create_time, update_time ) VALUES ( ?, ?, ?, ?, ?, ? )
2023-07-14 18:34:37,632 DEBUG (BaseJdbcLogger.java:137)- ==> Parameters: 17865132637(String), 9802cea82ab338c4211ae3d38346e472(String), 0(String), 17865132637(String), 2023-07-14T18:34:37.626382200(LocalDateTime), 2023-07-14T18:34:37.626382200(LocalDateTime)
2023-07-14 18:34:37,647 DEBUG (BaseJdbcLogger.java:137)- <==    Updates: 1
2023-07-14 18:40:50,426 DEBUG (BaseJdbcLogger.java:137)- ==>  Preparing: SELECT COUNT( * ) AS total FROM user_info WHERE (username = ?) limit 1
2023-07-14 18:40:50,428 DEBUG (BaseJdbcLogger.java:137)- ==> Parameters: 17865132637(String)
2023-07-14 18:40:50,430 DEBUG (BaseJdbcLogger.java:137)- <==      Total: 1
2023-07-14 18:40:50,435 ERROR (CommonExceptionHandler.java:34)- 
io.github.xxyopen.novel.config.exception.BusinessException: 
2023-07-14 19:01:44,074 DEBUG (BaseJdbcLogger.java:137)- ==>  Preparing: SELECT id,username,password,salt,nick_name,user_photo,user_sex,account_balance,status,create_time,update_time FROM user_info WHERE (username = ?) limit 1
2023-07-14 19:01:44,076 DEBUG (BaseJdbcLogger.java:137)- ==> Parameters: 17865132637(String)
2023-07-14 19:01:44,083 DEBUG (BaseJdbcLogger.java:137)- <==      Total: 1
2023-07-14 20:18:12,422 DEBUG (BaseJdbcLogger.java:137)- ==>  Preparing: SELECT id,username,password,salt,nick_name,user_photo,user_sex,account_balance,status,create_time,update_time FROM user_info WHERE (username = ?) limit 1
2023-07-14 20:18:12,423 DEBUG (BaseJdbcLogger.java:137)- ==> Parameters: 17865132637(String)
2023-07-14 20:18:12,426 DEBUG (BaseJdbcLogger.java:137)- <==      Total: 1
2023-07-14 20:18:30,937 DEBUG (BaseJdbcLogger.java:137)- ==>  Preparing: SELECT id,username,password,salt,nick_name,user_photo,user_sex,account_balance,status,create_time,update_time FROM user_info WHERE (username = ?) limit 1
2023-07-14 20:18:30,938 DEBUG (BaseJdbcLogger.java:137)- ==> Parameters: 17865132637(String)
2023-07-14 20:18:30,939 DEBUG (BaseJdbcLogger.java:137)- <==      Total: 1
2023-07-14 20:39:31,941 ERROR (CommonExceptionHandler.java:34)- 
io.github.xxyopen.novel.config.exception.BusinessException: 
2023-07-14 21:40:58,136 ERROR (CommonExceptionHandler.java:34)- 
io.github.xxyopen.novel.config.exception.BusinessException: 
2023-07-14 21:41:01,925 ERROR (CommonExceptionHandler.java:34)- 
io.github.xxyopen.novel.config.exception.BusinessException: 
2023-07-14 21:41:09,046 DEBUG (BaseJdbcLogger.java:137)- ==>  Preparing: SELECT COUNT( * ) AS total FROM user_info WHERE (username = ?) limit 1
2023-07-14 21:41:09,047 DEBUG (BaseJdbcLogger.java:137)- ==> Parameters: 17865132637(String)
2023-07-14 21:41:09,049 DEBUG (BaseJdbcLogger.java:137)- <==      Total: 1
2023-07-14 21:41:09,050 ERROR (CommonExceptionHandler.java:34)- 
io.github.xxyopen.novel.config.exception.BusinessException: 
2023-07-14 21:41:12,936 DEBUG (BaseJdbcLogger.java:137)- ==>  Preparing: SELECT id,username,password,salt,nick_name,user_photo,user_sex,account_balance,status,create_time,update_time FROM user_info WHERE (username = ?) limit 1
2023-07-14 21:41:12,936 DEBUG (BaseJdbcLogger.java:137)- ==> Parameters: 17865132637(String)
2023-07-14 21:41:12,937 DEBUG (BaseJdbcLogger.java:137)- <==      Total: 1
2023-07-14 22:17:52,632 WARN (HttpClientBeanHolder.java:102)- [HttpClientBeanHolder] Start destroying common HttpClient
2023-07-14 22:17:52,632 WARN (NotifyCenter.java:136)- [NotifyCenter] Start destroying Publisher
2023-07-14 22:17:52,633 WARN (NotifyCenter.java:153)- [NotifyCenter] Destruction of the end
2023-07-14 22:17:52,633 WARN (HttpClientBeanHolder.java:111)- [HttpClientBeanHolder] Destruction of the end
2023-07-14 22:17:52,638 INFO (QuartzScheduler.java:585)- Scheduler quartzScheduler_$_NON_CLUSTERED paused.
2023-07-14 22:17:52,641 INFO (Undertow.java:259)- stopping server: Undertow - 2.3.4.Final
2023-07-14 22:17:52,648 INFO (ServletContextImpl.java:372)- Destroying Spring FrameworkServlet 'dispatcherServlet'
2023-07-14 22:17:52,660 INFO (SchedulerFactoryBean.java:847)- Shutting down Quartz Scheduler
2023-07-14 22:17:52,660 INFO (QuartzScheduler.java:666)- Scheduler quartzScheduler_$_NON_CLUSTERED shutting down.
2023-07-14 22:17:52,660 INFO (QuartzScheduler.java:585)- Scheduler quartzScheduler_$_NON_CLUSTERED paused.
2023-07-14 22:17:52,660 INFO (QuartzScheduler.java:740)- Scheduler quartzScheduler_$_NON_CLUSTERED shutdown complete.
2023-07-14 22:17:52,667 INFO (NacosServiceRegistry.java:95)- De-registering from Nacos Server now...
2023-07-14 22:17:52,668 INFO (NamingGrpcClientProxy.java:216)- [DEREGISTER-SERVICE] public deregistering service novel-user-service with instance: Instance{instanceId='null', ip='192.168.43.1', port=9060, weight=1.0, healthy=true, enabled=true, ephemeral=true, clusterName='DEFAULT', serviceName='null', metadata={}}
2023-07-14 22:17:52,670 INFO (NacosServiceRegistry.java:115)- De-registration finished.
2023-07-14 22:17:52,671 INFO (ServiceInfoHolder.java:256)- com.alibaba.nacos.client.naming.cache.ServiceInfoHolder do shutdown begin
2023-07-14 22:17:52,672 INFO (FailoverReactor.java:133)- com.alibaba.nacos.client.naming.backups.FailoverReactor do shutdown begin
2023-07-14 22:17:52,672 INFO (FailoverReactor.java:135)- com.alibaba.nacos.client.naming.backups.FailoverReactor do shutdown stop
2023-07-14 22:17:52,672 INFO (ServiceInfoHolder.java:258)- com.alibaba.nacos.client.naming.cache.ServiceInfoHolder do shutdown stop
2023-07-14 22:17:52,672 INFO (NamingClientProxyDelegate.java:204)- com.alibaba.nacos.client.naming.remote.NamingClientProxyDelegate do shutdown begin
2023-07-14 22:17:52,672 INFO (ServiceInfoUpdateService.java:143)- com.alibaba.nacos.client.naming.core.ServiceInfoUpdateService do shutdown begin
2023-07-14 22:17:52,672 INFO (ServiceInfoUpdateService.java:145)- com.alibaba.nacos.client.naming.core.ServiceInfoUpdateService do shutdown stop
2023-07-14 22:17:52,672 INFO (ServerListManager.java:194)- com.alibaba.nacos.client.naming.core.ServerListManager do shutdown begin
2023-07-14 22:17:52,672 WARN (NamingHttpClientManager.java:74)- [NamingHttpClientManager] Start destroying NacosRestTemplate
2023-07-14 22:17:52,672 WARN (NamingHttpClientManager.java:81)- [NamingHttpClientManager] Destruction of the end
2023-07-14 22:17:52,673 INFO (ServerListManager.java:199)- com.alibaba.nacos.client.naming.core.ServerListManager do shutdown stop
2023-07-14 22:17:52,673 INFO (NamingHttpClientProxy.java:484)- com.alibaba.nacos.client.naming.remote.http.NamingHttpClientProxy do shutdown begin
2023-07-14 22:17:52,673 WARN (NamingHttpClientManager.java:74)- [NamingHttpClientManager] Start destroying NacosRestTemplate
2023-07-14 22:17:52,673 WARN (NamingHttpClientManager.java:81)- [NamingHttpClientManager] Destruction of the end
2023-07-14 22:17:52,673 INFO (NamingHttpClientProxy.java:486)- com.alibaba.nacos.client.naming.remote.http.NamingHttpClientProxy do shutdown stop
2023-07-14 22:17:52,673 INFO (RpcClient.java:425)- Shutdown rpc client, set status to shutdown
2023-07-14 22:17:52,673 INFO (RpcClient.java:427)- Shutdown client event executor java.util.concurrent.ScheduledThreadPoolExecutor@3b15d82b[Running, pool size = 2, active threads = 2, queued tasks = 0, completed tasks = 0]
2023-07-14 22:17:52,673 INFO (RpcClient.java:580)- Close current connection 1689330742234_127.0.0.1_62181
2023-07-14 22:17:52,675 INFO (LoggerUtils.java:60)- [1689330742234_127.0.0.1_62181]Ignore complete event,isRunning:false,isAbandon=false
2023-07-14 22:17:52,680 INFO (GrpcClient.java:140)- Shutdown grpc executor java.util.concurrent.ThreadPoolExecutor@3d3b1dd8[Running, pool size = 4, active threads = 0, queued tasks = 0, completed tasks = 2740]
2023-07-14 22:17:52,680 INFO (NamingGrpcRedoService.java:292)- Shutdown grpc redo service executor java.util.concurrent.ScheduledThreadPoolExecutor@42bb4b7f[Running, pool size = 1, active threads = 0, queued tasks = 1, completed tasks = 4507]
2023-07-14 22:17:52,681 INFO (CredentialWatcher.java:106)- [null] CredentialWatcher is stopped
2023-07-14 22:17:52,681 INFO (CredentialService.java:100)- [null] CredentialService is freed
2023-07-14 22:17:52,681 INFO (NamingClientProxyDelegate.java:211)- com.alibaba.nacos.client.naming.remote.NamingClientProxyDelegate do shutdown stop
2023-07-14 22:17:52,776 INFO (HikariDataSource.java:350)- HikariPool-1 - Shutdown initiated...
2023-07-14 22:17:52,780 INFO (HikariDataSource.java:352)- HikariPool-1 - Shutdown completed.
