2023-07-10 14:22:05,702 WARN (NacosLogging.java:64)- Load Logback Configuration of Nacos fail, message: org/slf4j/impl/StaticLoggerBinder
2023-07-10 14:22:05,705 WARN (NacosLogging.java:64)- Load Logback Configuration of Nacos fail, message: org/slf4j/impl/StaticLoggerBinder
2023-07-10 14:22:05,720 INFO (LocalConfigInfoProcessor.java:68)- LOCAL_SNAPSHOT_PATH:C:\Users\yisheng\nacos\config
2023-07-10 14:22:05,721 INFO (RpcClientFactory.java:94)- [RpcClientFactory] create a new rpc client of d4b9ddc2-98d9-47a2-8f8b-e6d47bdb1236_config-0
2023-07-10 14:22:05,732 INFO (LoggerUtils.java:60)- [d4b9ddc2-98d9-47a2-8f8b-e6d47bdb1236_config-0] Register server push request handler:com.alibaba.nacos.client.config.impl.ClientWorker$ConfigRpcTransportClient$$Lambda$651/0x0000000800faeb68
2023-07-10 14:22:05,738 INFO (LoggerUtils.java:60)- [d4b9ddc2-98d9-47a2-8f8b-e6d47bdb1236_config-0] Register server push request handler:com.alibaba.nacos.client.config.impl.ClientWorker$ConfigRpcTransportClient$$Lambda$652/0x0000000800faef88
2023-07-10 14:22:05,739 INFO (LoggerUtils.java:60)- [d4b9ddc2-98d9-47a2-8f8b-e6d47bdb1236_config-0] Registry connection listener to current client:com.alibaba.nacos.client.config.impl.ClientWorker$ConfigRpcTransportClient$1
2023-07-10 14:22:05,739 INFO (LoggerUtils.java:60)- [d4b9ddc2-98d9-47a2-8f8b-e6d47bdb1236_config-0] RpcClient init, ServerListFactory = com.alibaba.nacos.client.config.impl.ClientWorker$ConfigRpcTransportClient$2
2023-07-10 14:22:05,744 INFO (LoggerUtils.java:60)- [d4b9ddc2-98d9-47a2-8f8b-e6d47bdb1236_config-0] Try to connect to server on start up, server: {serverIp = '127.0.0.1', server main port = 8848}
2023-07-10 14:22:06,354 INFO (LoggerUtils.java:60)- [d4b9ddc2-98d9-47a2-8f8b-e6d47bdb1236_config-0] Success to connect to server [127.0.0.1:8848] on start up, connectionId = 1688970126179_127.0.0.1_65110
2023-07-10 14:22:06,354 INFO (LoggerUtils.java:60)- [d4b9ddc2-98d9-47a2-8f8b-e6d47bdb1236_config-0] Notify connected event to listeners.
2023-07-10 14:22:06,355 INFO (LoggerUtils.java:60)- [d4b9ddc2-98d9-47a2-8f8b-e6d47bdb1236_config-0] Register server push request handler:com.alibaba.nacos.common.remote.client.RpcClient$ConnectResetRequestHandler
2023-07-10 14:22:06,355 INFO (ClientWorker.java:638)- [d4b9ddc2-98d9-47a2-8f8b-e6d47bdb1236_config-0] Connected,notify listen context...
2023-07-10 14:22:06,355 INFO (LoggerUtils.java:60)- [d4b9ddc2-98d9-47a2-8f8b-e6d47bdb1236_config-0] Register server push request handler:com.alibaba.nacos.common.remote.client.RpcClient$$Lambda$671/0x000000080111e180
2023-07-10 14:22:06,380 INFO (Limiter.java:62)- limitTime:5.0
2023-07-10 14:22:06,392 INFO (JvmUtil.java:54)- isMultiInstance:false
2023-07-10 14:22:06,413 WARN (NacosPropertySourceBuilder.java:87)- Ignore the empty nacos configuration and get it based on dataId[novel-rabbitmq.yml] & group[DEFAULT_GROUP]
2023-07-10 14:22:06,417 WARN (NacosPropertySourceBuilder.java:87)- Ignore the empty nacos configuration and get it based on dataId[novel-book-service] & group[DEFAULT_GROUP]
2023-07-10 14:22:06,422 WARN (NacosPropertySourceBuilder.java:87)- Ignore the empty nacos configuration and get it based on dataId[novel-book-service.yml] & group[DEFAULT_GROUP]
2023-07-10 14:22:06,427 WARN (NacosPropertySourceBuilder.java:87)- Ignore the empty nacos configuration and get it based on dataId[novel-book-service-common.yml] & group[DEFAULT_GROUP]
2023-07-10 14:22:06,432 WARN (NacosPropertySourceBuilder.java:87)- Ignore the empty nacos configuration and get it based on dataId[novel-book-service-dev.yml] & group[DEFAULT_GROUP]
2023-07-10 14:22:06,433 INFO (PropertySourceBootstrapConfiguration.java:108)- Located property source: [BootstrapPropertySource {name='bootstrapProperties-novel-book-service-dev.yml,DEFAULT_GROUP'}, BootstrapPropertySource {name='bootstrapProperties-novel-book-service-common.yml,DEFAULT_GROUP'}, BootstrapPropertySource {name='bootstrapProperties-novel-book-service.yml,DEFAULT_GROUP'}, BootstrapPropertySource {name='bootstrapProperties-novel-book-service,DEFAULT_GROUP'}, BootstrapPropertySource {name='bootstrapProperties-novel-rabbitmq.yml,DEFAULT_GROUP'}, BootstrapPropertySource {name='bootstrapProperties-novel-redis.yml,DEFAULT_GROUP'}, BootstrapPropertySource {name='bootstrapProperties-novel-mysql.yml,DEFAULT_GROUP'}]
2023-07-10 14:22:06,439 INFO (SpringApplication.java:638)- The following 2 profiles are active: "common", "dev"
2023-07-10 14:22:07,397 INFO (RepositoryConfigurationDelegate.java:291)- Multiple Spring Data modules found, entering strict repository configuration mode
2023-07-10 14:22:07,400 INFO (RepositoryConfigurationDelegate.java:138)- Bootstrapping Spring Data Redis repositories in DEFAULT mode.
2023-07-10 14:22:07,422 INFO (RepositoryConfigurationDelegate.java:208)- Finished Spring Data repository scanning in 11 ms. Found 0 Redis repository interfaces.
2023-07-10 14:22:07,623 INFO (GenericScope.java:282)- BeanFactory id=49d4bf34-4118-39ad-94a9-6d08f98f90fe
2023-07-10 14:22:08,197 WARN (Bootstrap.java:68)- UT026010: Buffer pool was not set on WebSocketDeploymentInfo, the default pool will be used
2023-07-10 14:22:08,221 INFO (ServletContextImpl.java:372)- Initializing Spring embedded WebApplicationContext
2023-07-10 14:22:08,222 INFO (ServletWebServerApplicationContext.java:291)- Root WebApplicationContext: initialization completed in 1766 ms
2023-07-10 14:22:09,173 INFO (FeignClientFactoryBean.java:437)- For 'novel-user-service' URL not provided. Will try picking an instance via load-balancing.
2023-07-10 14:22:09,468 INFO (Version.java:41)- Redisson 3.19.1
2023-07-10 14:22:09,707 INFO (ConnectionPool.java:162)- 1 connections initialized for 127.0.0.1/127.0.0.1:6379
2023-07-10 14:22:09,738 INFO (ConnectionPool.java:162)- 24 connections initialized for 127.0.0.1/127.0.0.1:6379
2023-07-10 14:22:10,030 INFO (SentinelWebMvcConfigurer.java:52)- [Sentinel Starter] register SentinelWebInterceptor with urlPatterns: [/**].
2023-07-10 14:22:11,120 INFO (StdSchedulerFactory.java:1220)- Using default implementation for ThreadExecutor
2023-07-10 14:22:11,129 INFO (SchedulerSignalerImpl.java:61)- Initialized Scheduler Signaller of type: class org.quartz.core.SchedulerSignalerImpl
2023-07-10 14:22:11,129 INFO (QuartzScheduler.java:229)- Quartz Scheduler v.2.3.2 created.
2023-07-10 14:22:11,130 INFO (RAMJobStore.java:155)- RAMJobStore initialized.
2023-07-10 14:22:11,131 INFO (QuartzScheduler.java:294)- Scheduler meta-data: Quartz Scheduler (v2.3.2) 'quartzScheduler' with instanceId 'NON_CLUSTERED'
  Scheduler class: 'org.quartz.core.QuartzScheduler' - running locally.
  NOT STARTED.
  Currently in standby mode.
  Number of jobs executed: 0
  Using thread pool 'org.quartz.simpl.SimpleThreadPool' - with 10 threads.
  Using job-store 'org.quartz.simpl.RAMJobStore' - which does not support persistence. and is not clustered.

2023-07-10 14:22:11,131 INFO (StdSchedulerFactory.java:1374)- Quartz scheduler 'quartzScheduler' initialized from an externally provided properties instance.
2023-07-10 14:22:11,131 INFO (StdSchedulerFactory.java:1378)- Quartz scheduler version: 2.3.2
2023-07-10 14:22:11,131 INFO (QuartzScheduler.java:2293)- JobFactory set to: org.springframework.scheduling.quartz.SpringBeanJobFactory@5b7b5484
2023-07-10 14:22:11,554 INFO (EndpointLinksResolver.java:58)- Exposing 21 endpoint(s) beneath base path '/actuator'
2023-07-10 14:22:11,666 WARN (LocalVariableTableParameterNameDiscoverer.java:123)- Using deprecated '-debug' fallback for parameter name resolution. Compile the affected code with '-parameters' instead or avoid its introspection: org.springframework.amqp.rabbit.core.RabbitAdmin
2023-07-10 14:22:11,691 INFO (Undertow.java:120)- starting server: Undertow - 2.3.4.Final
2023-07-10 14:22:11,699 INFO (Xnio.java:95)- XNIO version 3.8.8.Final
2023-07-10 14:22:11,706 INFO (NioXnio.java:58)- XNIO NIO Implementation Version 3.8.8.Final
2023-07-10 14:22:11,726 INFO (Version.java:55)- JBoss Threads version 3.5.0.Final
2023-07-10 14:22:11,765 INFO (UndertowWebServer.java:121)- Undertow started on port(s) 9020 (http)
2023-07-10 14:22:11,769 INFO (SearchableProperties.java:197)- properties search order:PROPERTIES->JVM->ENV->DEFAULT_SETTING
2023-07-10 14:22:11,770 INFO (InitUtils.java:61)- initializer namespace from System Property : null
2023-07-10 14:22:11,770 INFO (InitUtils.java:65)- initializer namespace from System Environment :null
2023-07-10 14:22:11,770 INFO (InitUtils.java:72)- initializer namespace from System Property :
2023-07-10 14:22:11,777 INFO (ClientAuthPluginManager.java:56)- [ClientAuthPluginManager] Load ClientAuthService com.alibaba.nacos.client.auth.impl.NacosClientAuthServiceImpl success.
2023-07-10 14:22:11,777 INFO (ClientAuthPluginManager.java:56)- [ClientAuthPluginManager] Load ClientAuthService com.alibaba.nacos.client.auth.ram.RamClientAuthServiceImpl success.
2023-07-10 14:22:11,781 INFO (RpcClientFactory.java:94)- [RpcClientFactory] create a new rpc client of e8e04229-2de8-4afa-968a-9f2c5f91997a
2023-07-10 14:22:11,783 INFO (LoggerUtils.java:60)- [e8e04229-2de8-4afa-968a-9f2c5f91997a] RpcClient init, ServerListFactory = com.alibaba.nacos.client.naming.core.ServerListManager
2023-07-10 14:22:11,783 INFO (LoggerUtils.java:60)- [e8e04229-2de8-4afa-968a-9f2c5f91997a] Registry connection listener to current client:com.alibaba.nacos.client.naming.remote.gprc.redo.NamingGrpcRedoService
2023-07-10 14:22:11,783 INFO (LoggerUtils.java:60)- [e8e04229-2de8-4afa-968a-9f2c5f91997a] Register server push request handler:com.alibaba.nacos.client.naming.remote.gprc.NamingPushRequestHandler
2023-07-10 14:22:11,784 INFO (LoggerUtils.java:60)- [e8e04229-2de8-4afa-968a-9f2c5f91997a] Try to connect to server on start up, server: {serverIp = '127.0.0.1', server main port = 8848}
2023-07-10 14:22:11,898 INFO (LoggerUtils.java:60)- [e8e04229-2de8-4afa-968a-9f2c5f91997a] Success to connect to server [127.0.0.1:8848] on start up, connectionId = 1688970131788_127.0.0.1_65140
2023-07-10 14:22:11,898 INFO (LoggerUtils.java:60)- [e8e04229-2de8-4afa-968a-9f2c5f91997a] Register server push request handler:com.alibaba.nacos.common.remote.client.RpcClient$ConnectResetRequestHandler
2023-07-10 14:22:11,898 INFO (LoggerUtils.java:60)- [e8e04229-2de8-4afa-968a-9f2c5f91997a] Notify connected event to listeners.
2023-07-10 14:22:11,898 INFO (LoggerUtils.java:60)- [e8e04229-2de8-4afa-968a-9f2c5f91997a] Register server push request handler:com.alibaba.nacos.common.remote.client.RpcClient$$Lambda$671/0x000000080111e180
2023-07-10 14:22:11,898 INFO (NamingGrpcRedoService.java:78)- Grpc connection connect
2023-07-10 14:22:11,899 INFO (NamingGrpcClientProxy.java:120)- [REGISTER-SERVICE] public registering service novel-book-service with instance Instance{instanceId='null', ip='192.168.43.1', port=9020, weight=1.0, healthy=true, enabled=true, ephemeral=true, clusterName='DEFAULT', serviceName='null', metadata={preserved.register.source=SPRING_CLOUD}}
2023-07-10 14:22:11,907 INFO (NacosServiceRegistry.java:76)- nacos registry, DEFAULT_GROUP novel-book-service 192.168.43.1:9020 register finished
2023-07-10 14:22:11,973 INFO (SchedulerFactoryBean.java:729)- Starting Quartz Scheduler now
2023-07-10 14:22:11,973 INFO (QuartzScheduler.java:547)- Scheduler quartzScheduler_$_NON_CLUSTERED started.
2023-07-10 14:22:11,987 INFO (StartupInfoLogger.java:57)- Started NovelBookApplication in 7.444 seconds (process running for 8.003)
2023-07-10 14:22:11,992 INFO (CacheData.java:67)- nacos.cache.data.init.snapshot = true 
2023-07-10 14:22:11,993 INFO (ClientWorker.java:379)- [fixed-127.0.0.1_8848] [subscribe] novel-book-service-common.yml+DEFAULT_GROUP
2023-07-10 14:22:12,001 INFO (CacheData.java:197)- [fixed-127.0.0.1_8848] [add-listener] ok, tenant=, dataId=novel-book-service-common.yml, group=DEFAULT_GROUP, cnt=1
2023-07-10 14:22:12,001 INFO (NacosContextRefresher.java:129)- [Nacos Config] Listening config: dataId=novel-book-service-common.yml, group=DEFAULT_GROUP
2023-07-10 14:22:12,002 INFO (ClientWorker.java:379)- [fixed-127.0.0.1_8848] [subscribe] novel-mysql.yml+DEFAULT_GROUP
2023-07-10 14:22:12,002 INFO (CacheData.java:197)- [fixed-127.0.0.1_8848] [add-listener] ok, tenant=, dataId=novel-mysql.yml, group=DEFAULT_GROUP, cnt=1
2023-07-10 14:22:12,002 INFO (NacosContextRefresher.java:129)- [Nacos Config] Listening config: dataId=novel-mysql.yml, group=DEFAULT_GROUP
2023-07-10 14:22:12,003 INFO (ClientWorker.java:379)- [fixed-127.0.0.1_8848] [subscribe] novel-redis.yml+DEFAULT_GROUP
2023-07-10 14:22:12,003 INFO (CacheData.java:197)- [fixed-127.0.0.1_8848] [add-listener] ok, tenant=, dataId=novel-redis.yml, group=DEFAULT_GROUP, cnt=1
2023-07-10 14:22:12,005 INFO (NacosContextRefresher.java:129)- [Nacos Config] Listening config: dataId=novel-redis.yml, group=DEFAULT_GROUP
2023-07-10 14:22:12,005 INFO (ClientWorker.java:379)- [fixed-127.0.0.1_8848] [subscribe] novel-book-service-dev.yml+DEFAULT_GROUP
2023-07-10 14:22:12,005 INFO (CacheData.java:197)- [fixed-127.0.0.1_8848] [add-listener] ok, tenant=, dataId=novel-book-service-dev.yml, group=DEFAULT_GROUP, cnt=1
2023-07-10 14:22:12,005 INFO (NacosContextRefresher.java:129)- [Nacos Config] Listening config: dataId=novel-book-service-dev.yml, group=DEFAULT_GROUP
2023-07-10 14:22:12,005 INFO (ClientWorker.java:379)- [fixed-127.0.0.1_8848] [subscribe] novel-rabbitmq.yml+DEFAULT_GROUP
2023-07-10 14:22:12,005 INFO (CacheData.java:197)- [fixed-127.0.0.1_8848] [add-listener] ok, tenant=, dataId=novel-rabbitmq.yml, group=DEFAULT_GROUP, cnt=1
2023-07-10 14:22:12,006 INFO (NacosContextRefresher.java:129)- [Nacos Config] Listening config: dataId=novel-rabbitmq.yml, group=DEFAULT_GROUP
2023-07-10 14:22:12,006 INFO (ClientWorker.java:379)- [fixed-127.0.0.1_8848] [subscribe] novel-book-service.yml+DEFAULT_GROUP
2023-07-10 14:22:12,006 INFO (CacheData.java:197)- [fixed-127.0.0.1_8848] [add-listener] ok, tenant=, dataId=novel-book-service.yml, group=DEFAULT_GROUP, cnt=1
2023-07-10 14:22:12,006 INFO (NacosContextRefresher.java:129)- [Nacos Config] Listening config: dataId=novel-book-service.yml, group=DEFAULT_GROUP
2023-07-10 14:22:12,006 INFO (ClientWorker.java:379)- [fixed-127.0.0.1_8848] [subscribe] novel-book-service+DEFAULT_GROUP
2023-07-10 14:22:12,007 INFO (CacheData.java:197)- [fixed-127.0.0.1_8848] [add-listener] ok, tenant=, dataId=novel-book-service, group=DEFAULT_GROUP, cnt=1
2023-07-10 14:22:12,007 INFO (NacosContextRefresher.java:129)- [Nacos Config] Listening config: dataId=novel-book-service, group=DEFAULT_GROUP
2023-07-10 14:22:12,172 INFO (ServletContextImpl.java:372)- Initializing Spring DispatcherServlet 'dispatcherServlet'
2023-07-10 14:22:12,172 INFO (FrameworkServlet.java:532)- Initializing Servlet 'dispatcherServlet'
2023-07-10 14:22:12,174 INFO (FrameworkServlet.java:554)- Completed initialization in 2 ms
2023-07-10 14:22:12,201 INFO (AbstractConnectionFactory.java:630)- Attempting to connect to: [192.168.10.110:5672]
2023-07-10 14:22:16,663 INFO (HikariDataSource.java:110)- HikariPool-1 - Starting...
2023-07-10 14:22:16,916 INFO (HikariPool.java:565)- HikariPool-1 - Added connection com.mysql.cj.jdbc.ConnectionImpl@2c428538
2023-07-10 14:22:16,925 INFO (HikariDataSource.java:123)- HikariPool-1 - Start completed.
2023-07-10 14:22:16,935 DEBUG (BaseJdbcLogger.java:137)- ==>  Preparing: SELECT id,work_direction,category_id,category_name,pic_url,book_name,author_id,author_name,book_desc,score,book_status,visit_count,word_count,comment_count,last_chapter_id,last_chapter_name,last_chapter_update_time,is_vip,create_time,update_time FROM book_info WHERE (word_count > ? AND word_count > ?) ORDER BY update_time DESC limit 30
2023-07-10 14:22:16,936 DEBUG (BaseJdbcLogger.java:137)- ==>  Preparing: SELECT id,work_direction,category_id,category_name,pic_url,book_name,author_id,author_name,book_desc,score,book_status,visit_count,word_count,comment_count,last_chapter_id,last_chapter_name,last_chapter_update_time,is_vip,create_time,update_time FROM book_info WHERE (word_count > ?) ORDER BY visit_count DESC limit 30
2023-07-10 14:22:16,947 DEBUG (BaseJdbcLogger.java:137)- ==>  Preparing: SELECT id,work_direction,category_id,category_name,pic_url,book_name,author_id,author_name,book_desc,score,book_status,visit_count,word_count,comment_count,last_chapter_id,last_chapter_name,last_chapter_update_time,is_vip,create_time,update_time FROM book_info WHERE (word_count > ? AND word_count > ?) ORDER BY create_time DESC limit 30
2023-07-10 14:22:16,962 DEBUG (BaseJdbcLogger.java:137)- ==>  Preparing: SELECT id,work_direction,category_id,category_name,pic_url,book_name,author_id,author_name,book_desc,score,book_status,visit_count,word_count,comment_count,last_chapter_id,last_chapter_name,last_chapter_update_time,is_vip,create_time,update_time FROM book_info WHERE (id IN (?,?,?,?,?,?,?,?,?,?,?,?,?,?,?,?,?,?,?,?,?,?,?,?,?,?,?,?,?,?,?))
2023-07-10 14:22:16,993 DEBUG (BaseJdbcLogger.java:137)- ==> Parameters: 0(Integer), 0(Integer)
2023-07-10 14:22:16,993 DEBUG (BaseJdbcLogger.java:137)- ==> Parameters: 0(Integer)
2023-07-10 14:22:16,993 DEBUG (BaseJdbcLogger.java:137)- ==> Parameters: 0(Integer), 0(Integer)
2023-07-10 14:22:16,994 DEBUG (BaseJdbcLogger.java:137)- ==> Parameters: 1334318182169681920(Long), 1334318497132552192(Long), 1334318818323963904(Long), 1334328310788882432(Long), 1334334734843609088(Long), 1334335471568912384(Long), 1337759637059973121(Long), 1337759773395824640(Long), 1337762752513486849(Long), 1337872061003993088(Long), 1337872316667793408(Long), 1337872488235798528(Long), 1337872597996539904(Long), 1337872898115768320(Long), 1337873148071120896(Long), 1337874646456864768(Long), 1337874812798767104(Long), 1337874951365988352(Long), 1337875255574663168(Long), 1337876581629038592(Long), 1337879143543476224(Long), 1337879206630002688(Long), 1337882606201475072(Long), 1337884719262470144(Long), 1337949399824781312(Long), 1337957605418520576(Long), 1337958745514233856(Long), 1337960531323047936(Long), 1337961040297644032(Long), 1337968514828390400(Long), 1337971702436515840(Long)
2023-07-10 14:22:17,066 DEBUG (BaseJdbcLogger.java:137)- <==      Total: 31
2023-07-10 14:22:17,067 DEBUG (BaseJdbcLogger.java:137)- <==      Total: 30
2023-07-10 14:22:17,069 DEBUG (BaseJdbcLogger.java:137)- <==      Total: 30
2023-07-10 14:22:17,071 DEBUG (BaseJdbcLogger.java:137)- <==      Total: 30
2023-07-10 14:22:36,252 INFO (AbstractConnectionFactory.java:630)- Attempting to connect to: [192.168.10.110:5672]
2023-07-10 14:23:00,296 INFO (AbstractConnectionFactory.java:630)- Attempting to connect to: [192.168.10.110:5672]
2023-07-10 14:23:21,335 WARN (AbstractHealthIndicator.java:94)- Rabbit health check failed
org.springframework.amqp.AmqpConnectException: java.net.ConnectException: Connection timed out: no further information
	at org.springframework.amqp.rabbit.support.RabbitExceptionTranslator.convertRabbitAccessException(RabbitExceptionTranslator.java:61)
	at org.springframework.amqp.rabbit.connection.AbstractConnectionFactory.createBareConnection(AbstractConnectionFactory.java:594)
	at org.springframework.amqp.rabbit.connection.CachingConnectionFactory.createConnection(CachingConnectionFactory.java:687)
	at org.springframework.amqp.rabbit.connection.ConnectionFactoryUtils.createConnection(ConnectionFactoryUtils.java:257)
	at org.springframework.amqp.rabbit.core.RabbitTemplate.doExecute(RabbitTemplate.java:2225)
	at org.springframework.amqp.rabbit.core.RabbitTemplate.lambda$execute$13(RabbitTemplate.java:2187)
	at org.springframework.retry.support.RetryTemplate.doExecute(RetryTemplate.java:329)
	at org.springframework.retry.support.RetryTemplate.execute(RetryTemplate.java:225)
	at org.springframework.amqp.rabbit.core.RabbitTemplate.execute(RabbitTemplate.java:2186)
	at org.springframework.amqp.rabbit.core.RabbitTemplate.execute(RabbitTemplate.java:2178)
	at org.springframework.boot.actuate.amqp.RabbitHealthIndicator.getVersion(RabbitHealthIndicator.java:49)
	at org.springframework.boot.actuate.amqp.RabbitHealthIndicator.doHealthCheck(RabbitHealthIndicator.java:44)
	at org.springframework.boot.actuate.health.AbstractHealthIndicator.health(AbstractHealthIndicator.java:82)
	at org.springframework.boot.actuate.health.HealthIndicator.getHealth(HealthIndicator.java:37)
	at org.springframework.boot.actuate.health.HealthEndpoint.getHealth(HealthEndpoint.java:82)
	at org.springframework.boot.actuate.health.HealthEndpoint.getHealth(HealthEndpoint.java:41)
	at org.springframework.boot.actuate.health.HealthEndpointSupport.getLoggedHealth(HealthEndpointSupport.java:172)
	at org.springframework.boot.actuate.health.HealthEndpointSupport.getContribution(HealthEndpointSupport.java:145)
	at org.springframework.boot.actuate.health.HealthEndpointSupport.getAggregateContribution(HealthEndpointSupport.java:156)
	at org.springframework.boot.actuate.health.HealthEndpointSupport.getContribution(HealthEndpointSupport.java:141)
	at org.springframework.boot.actuate.health.HealthEndpointSupport.getHealth(HealthEndpointSupport.java:110)
	at org.springframework.boot.actuate.health.HealthEndpointSupport.getHealth(HealthEndpointSupport.java:81)
	at org.springframework.boot.actuate.health.HealthEndpoint.health(HealthEndpoint.java:76)
	at org.springframework.boot.actuate.health.HealthEndpoint.health(HealthEndpoint.java:66)
	at java.base/jdk.internal.reflect.NativeMethodAccessorImpl.invoke0(Native Method)
	at java.base/jdk.internal.reflect.NativeMethodAccessorImpl.invoke(NativeMethodAccessorImpl.java:77)
	at java.base/jdk.internal.reflect.DelegatingMethodAccessorImpl.invoke(DelegatingMethodAccessorImpl.java:43)
	at java.base/java.lang.reflect.Method.invoke(Method.java:568)
	at org.springframework.util.ReflectionUtils.invokeMethod(ReflectionUtils.java:281)
	at org.springframework.boot.actuate.endpoint.invoke.reflect.ReflectiveOperationInvoker.invoke(ReflectiveOperationInvoker.java:74)
	at org.springframework.boot.actuate.endpoint.annotation.AbstractDiscoveredOperation.invoke(AbstractDiscoveredOperation.java:60)
	at org.springframework.boot.actuate.endpoint.jmx.EndpointMBean.invoke(EndpointMBean.java:124)
	at org.springframework.boot.actuate.endpoint.jmx.EndpointMBean.invoke(EndpointMBean.java:97)
	at java.management/com.sun.jmx.interceptor.DefaultMBeanServerInterceptor.invoke(DefaultMBeanServerInterceptor.java:814)
	at java.management/com.sun.jmx.mbeanserver.JmxMBeanServer.invoke(JmxMBeanServer.java:802)
	at java.management.rmi/javax.management.remote.rmi.RMIConnectionImpl.doOperation(RMIConnectionImpl.java:1472)
	at java.management.rmi/javax.management.remote.rmi.RMIConnectionImpl$PrivilegedOperation.run(RMIConnectionImpl.java:1310)
	at java.management.rmi/javax.management.remote.rmi.RMIConnectionImpl.doPrivilegedOperation(RMIConnectionImpl.java:1405)
	at java.management.rmi/javax.management.remote.rmi.RMIConnectionImpl.invoke(RMIConnectionImpl.java:829)
	at java.base/jdk.internal.reflect.GeneratedMethodAccessor50.invoke(Unknown Source)
	at java.base/jdk.internal.reflect.DelegatingMethodAccessorImpl.invoke(DelegatingMethodAccessorImpl.java:43)
	at java.base/java.lang.reflect.Method.invoke(Method.java:568)
	at java.rmi/sun.rmi.server.UnicastServerRef.dispatch(UnicastServerRef.java:360)
	at java.rmi/sun.rmi.transport.Transport$1.run(Transport.java:200)
	at java.rmi/sun.rmi.transport.Transport$1.run(Transport.java:197)
	at java.base/java.security.AccessController.doPrivileged(AccessController.java:712)
	at java.rmi/sun.rmi.transport.Transport.serviceCall(Transport.java:196)
	at java.rmi/sun.rmi.transport.tcp.TCPTransport.handleMessages(TCPTransport.java:587)
	at java.rmi/sun.rmi.transport.tcp.TCPTransport$ConnectionHandler.run0(TCPTransport.java:828)
	at java.rmi/sun.rmi.transport.tcp.TCPTransport$ConnectionHandler.lambda$run$0(TCPTransport.java:705)
	at java.base/java.security.AccessController.doPrivileged(AccessController.java:399)
	at java.rmi/sun.rmi.transport.tcp.TCPTransport$ConnectionHandler.run(TCPTransport.java:704)
	at java.base/java.util.concurrent.ThreadPoolExecutor.runWorker(ThreadPoolExecutor.java:1136)
	at java.base/java.util.concurrent.ThreadPoolExecutor$Worker.run(ThreadPoolExecutor.java:635)
	at java.base/java.lang.Thread.run(Thread.java:833)
Caused by: java.net.ConnectException: Connection timed out: no further information
	at java.base/sun.nio.ch.Net.pollConnect(Native Method)
	at java.base/sun.nio.ch.Net.pollConnectNow(Net.java:672)
	at java.base/sun.nio.ch.NioSocketImpl.timedFinishConnect(NioSocketImpl.java:549)
	at java.base/sun.nio.ch.NioSocketImpl.connect(NioSocketImpl.java:597)
	at java.base/java.net.SocksSocketImpl.connect(SocksSocketImpl.java:327)
	at java.base/java.net.Socket.connect(Socket.java:633)
	at com.rabbitmq.client.impl.SocketFrameHandlerFactory.create(SocketFrameHandlerFactory.java:59)
	at com.rabbitmq.client.ConnectionFactory.newConnection(ConnectionFactory.java:1223)
	at com.rabbitmq.client.ConnectionFactory.newConnection(ConnectionFactory.java:1173)
	at org.springframework.amqp.rabbit.connection.AbstractConnectionFactory.connectAddresses(AbstractConnectionFactory.java:632)
	at org.springframework.amqp.rabbit.connection.AbstractConnectionFactory.connect(AbstractConnectionFactory.java:607)
	at org.springframework.amqp.rabbit.connection.AbstractConnectionFactory.createBareConnection(AbstractConnectionFactory.java:557)
	... 53 common frames omitted
2023-07-10 14:23:21,345 WARN (HealthEndpointSupport.java:181)- Health contributor org.springframework.boot.actuate.amqp.RabbitHealthIndicator (rabbit) took 69146ms to respond
2023-07-10 14:50:19,106 DEBUG (BaseJdbcLogger.java:137)- ==>  Preparing: SELECT id,work_direction,category_id,category_name,pic_url,book_name,author_id,author_name,book_desc,score,book_status,visit_count,word_count,comment_count,last_chapter_id,last_chapter_name,last_chapter_update_time,is_vip,create_time,update_time FROM book_info WHERE (word_count > ? AND word_count > ?) ORDER BY update_time DESC limit 30
2023-07-10 14:50:19,107 DEBUG (BaseJdbcLogger.java:137)- ==> Parameters: 0(Integer), 0(Integer)
2023-07-10 14:50:19,117 DEBUG (BaseJdbcLogger.java:137)- <==      Total: 30
2023-07-10 14:57:08,246 DEBUG (BaseJdbcLogger.java:137)- ==>  Preparing: SELECT id,work_direction,category_id,category_name,pic_url,book_name,author_id,author_name,book_desc,score,book_status,visit_count,word_count,comment_count,last_chapter_id,last_chapter_name,last_chapter_update_time,is_vip,create_time,update_time FROM book_info WHERE id=?
2023-07-10 14:57:08,246 DEBUG (BaseJdbcLogger.java:137)- ==>  Preparing: SELECT id,work_direction,category_id,category_name,pic_url,book_name,author_id,author_name,book_desc,score,book_status,visit_count,word_count,comment_count,last_chapter_id,last_chapter_name,last_chapter_update_time,is_vip,create_time,update_time FROM book_info WHERE id=?
2023-07-10 14:57:08,246 DEBUG (BaseJdbcLogger.java:137)- ==>  Preparing: SELECT id,work_direction,category_id,category_name,pic_url,book_name,author_id,author_name,book_desc,score,book_status,visit_count,word_count,comment_count,last_chapter_id,last_chapter_name,last_chapter_update_time,is_vip,create_time,update_time FROM book_info WHERE id=?
2023-07-10 14:57:08,247 DEBUG (BaseJdbcLogger.java:137)- ==> Parameters: 1337873148071120896(Long)
2023-07-10 14:57:08,247 DEBUG (BaseJdbcLogger.java:137)- ==> Parameters: 1337873148071120896(Long)
2023-07-10 14:57:08,247 DEBUG (BaseJdbcLogger.java:137)- ==> Parameters: 1337873148071120896(Long)
2023-07-10 14:57:08,247 DEBUG (BaseJdbcLogger.java:137)- ==>  Preparing: SELECT COUNT( * ) AS total FROM book_comment WHERE (book_id = ?)
2023-07-10 14:57:08,248 DEBUG (BaseJdbcLogger.java:137)- ==> Parameters: 1337873148071120896(Long)
2023-07-10 14:57:08,249 DEBUG (BaseJdbcLogger.java:137)- <==      Total: 1
2023-07-10 14:57:08,249 DEBUG (BaseJdbcLogger.java:137)- <==      Total: 1
2023-07-10 14:57:08,249 DEBUG (BaseJdbcLogger.java:137)- <==      Total: 1
2023-07-10 14:57:08,253 DEBUG (BaseJdbcLogger.java:137)- <==      Total: 1
2023-07-10 14:57:08,253 DEBUG (BaseJdbcLogger.java:137)- ==>  Preparing: SELECT id,book_id,chapter_num,chapter_name,word_count,is_vip,create_time,update_time FROM book_chapter WHERE (book_id = ?) ORDER BY chapter_num ASC limit 1
2023-07-10 14:57:08,253 DEBUG (BaseJdbcLogger.java:137)- ==>  Preparing: SELECT id,book_id,chapter_num,chapter_name,word_count,is_vip,create_time,update_time FROM book_chapter WHERE (book_id = ?) ORDER BY chapter_num ASC limit 1
2023-07-10 14:57:08,253 DEBUG (BaseJdbcLogger.java:137)- ==>  Preparing: SELECT id,book_id,chapter_num,chapter_name,word_count,is_vip,create_time,update_time FROM book_chapter WHERE (book_id = ?) ORDER BY chapter_num ASC limit 1
2023-07-10 14:57:08,253 DEBUG (BaseJdbcLogger.java:137)- ==> Parameters: 1337873148071120896(Long)
2023-07-10 14:57:08,253 DEBUG (BaseJdbcLogger.java:137)- ==> Parameters: 1337873148071120896(Long)
2023-07-10 14:57:08,253 DEBUG (BaseJdbcLogger.java:137)- ==> Parameters: 1337873148071120896(Long)
2023-07-10 14:57:08,260 DEBUG (BaseJdbcLogger.java:137)- <==      Total: 1
2023-07-10 14:57:08,260 DEBUG (BaseJdbcLogger.java:137)- <==      Total: 1
2023-07-10 14:57:08,260 DEBUG (BaseJdbcLogger.java:137)- <==      Total: 1
2023-07-10 14:57:08,262 DEBUG (BaseJdbcLogger.java:137)- ==>  Preparing: SELECT id,book_id,chapter_num,chapter_name,word_count,is_vip,create_time,update_time FROM book_chapter WHERE id=?
2023-07-10 14:57:08,263 DEBUG (BaseJdbcLogger.java:137)- ==>  Preparing: SELECT id,work_direction,category_id,category_name,pic_url,book_name,author_id,author_name,book_desc,score,book_status,visit_count,word_count,comment_count,last_chapter_id,last_chapter_name,last_chapter_update_time,is_vip,create_time,update_time FROM book_info WHERE (category_id = ? AND word_count > ?) ORDER BY last_chapter_update_time DESC limit 500
2023-07-10 14:57:08,263 DEBUG (BaseJdbcLogger.java:137)- ==> Parameters: 1337873261300551680(Long)
2023-07-10 14:57:08,263 DEBUG (BaseJdbcLogger.java:137)- ==> Parameters: 5(Long), 0(Integer)
2023-07-10 14:57:08,264 DEBUG (BaseJdbcLogger.java:137)- <==      Total: 1
2023-07-10 14:57:08,266 DEBUG (BaseJdbcLogger.java:137)- <==      Total: 21
2023-07-10 14:57:08,269 DEBUG (BaseJdbcLogger.java:137)- ==>  Preparing: SELECT id,chapter_id,content,create_time,update_time FROM book_content WHERE (chapter_id = ?) limit 1
2023-07-10 14:57:08,270 DEBUG (BaseJdbcLogger.java:137)- ==> Parameters: 1337873261300551680(Long)
2023-07-10 14:57:08,270 DEBUG (BaseJdbcLogger.java:137)- ==>  Preparing: SELECT id,work_direction,category_id,category_name,pic_url,book_name,author_id,author_name,book_desc,score,book_status,visit_count,word_count,comment_count,last_chapter_id,last_chapter_name,last_chapter_update_time,is_vip,create_time,update_time FROM book_info WHERE id=?
2023-07-10 14:57:08,271 DEBUG (BaseJdbcLogger.java:137)- ==> Parameters: 1338018955243081728(Long)
2023-07-10 14:57:08,273 DEBUG (BaseJdbcLogger.java:137)- <==      Total: 1
2023-07-10 14:57:08,275 DEBUG (BaseJdbcLogger.java:137)- ==>  Preparing: SELECT id,book_id,chapter_num,chapter_name,word_count,is_vip,create_time,update_time FROM book_chapter WHERE (book_id = ?) ORDER BY chapter_num ASC limit 1
2023-07-10 14:57:08,278 DEBUG (BaseJdbcLogger.java:137)- ==> Parameters: 1338018955243081728(Long)
2023-07-10 14:57:08,278 DEBUG (BaseJdbcLogger.java:137)- <==      Total: 1
2023-07-10 14:57:08,281 DEBUG (BaseJdbcLogger.java:137)- <==      Total: 1
2023-07-10 14:57:08,281 DEBUG (BaseJdbcLogger.java:137)- ==>  Preparing: SELECT COUNT( * ) AS total FROM book_chapter WHERE (book_id = ?)
2023-07-10 14:57:08,281 DEBUG (BaseJdbcLogger.java:137)- ==> Parameters: 1337873148071120896(Long)
2023-07-10 14:57:08,281 DEBUG (BaseJdbcLogger.java:137)- ==>  Preparing: update book_info set visit_count = visit_count + 1 where id = ?
2023-07-10 14:57:08,282 DEBUG (BaseJdbcLogger.java:137)- ==>  Preparing: SELECT id,work_direction,category_id,category_name,pic_url,book_name,author_id,author_name,book_desc,score,book_status,visit_count,word_count,comment_count,last_chapter_id,last_chapter_name,last_chapter_update_time,is_vip,create_time,update_time FROM book_info WHERE id=?
2023-07-10 14:57:08,282 DEBUG (BaseJdbcLogger.java:137)- <==      Total: 1
2023-07-10 14:57:08,283 DEBUG (BaseJdbcLogger.java:137)- ==> Parameters: 1338095930611650560(Long)
2023-07-10 14:57:08,283 DEBUG (BaseJdbcLogger.java:137)- ==> Parameters: null
2023-07-10 14:57:08,284 DEBUG (BaseJdbcLogger.java:137)- <==      Total: 1
2023-07-10 14:57:08,286 DEBUG (BaseJdbcLogger.java:137)- <==    Updates: 0
2023-07-10 14:57:08,287 DEBUG (BaseJdbcLogger.java:137)- ==>  Preparing: SELECT id,book_id,chapter_num,chapter_name,word_count,is_vip,create_time,update_time FROM book_chapter WHERE (book_id = ?) ORDER BY chapter_num ASC limit 1
2023-07-10 14:57:08,288 DEBUG (BaseJdbcLogger.java:137)- ==> Parameters: 1338095930611650560(Long)
2023-07-10 14:57:08,291 DEBUG (BaseJdbcLogger.java:137)- <==      Total: 1
2023-07-10 14:57:08,293 DEBUG (BaseJdbcLogger.java:137)- ==>  Preparing: SELECT id,work_direction,category_id,category_name,pic_url,book_name,author_id,author_name,book_desc,score,book_status,visit_count,word_count,comment_count,last_chapter_id,last_chapter_name,last_chapter_update_time,is_vip,create_time,update_time FROM book_info WHERE id=?
2023-07-10 14:57:08,294 DEBUG (BaseJdbcLogger.java:137)- ==> Parameters: 1337884719262470144(Long)
2023-07-10 14:57:08,296 DEBUG (BaseJdbcLogger.java:137)- <==      Total: 1
2023-07-10 14:57:08,298 DEBUG (BaseJdbcLogger.java:137)- ==>  Preparing: SELECT id,book_id,chapter_num,chapter_name,word_count,is_vip,create_time,update_time FROM book_chapter WHERE (book_id = ?) ORDER BY chapter_num ASC limit 1
2023-07-10 14:57:08,300 DEBUG (BaseJdbcLogger.java:137)- ==> Parameters: 1337884719262470144(Long)
2023-07-10 14:57:08,302 DEBUG (BaseJdbcLogger.java:137)- <==      Total: 1
2023-07-10 14:57:08,303 DEBUG (BaseJdbcLogger.java:137)- ==>  Preparing: SELECT id,work_direction,category_id,category_name,pic_url,book_name,author_id,author_name,book_desc,score,book_status,visit_count,word_count,comment_count,last_chapter_id,last_chapter_name,last_chapter_update_time,is_vip,create_time,update_time FROM book_info WHERE id=?
2023-07-10 14:57:08,304 DEBUG (BaseJdbcLogger.java:137)- ==> Parameters: 1337879206630002688(Long)
2023-07-10 14:57:08,305 DEBUG (BaseJdbcLogger.java:137)- <==      Total: 1
2023-07-10 14:57:08,309 DEBUG (BaseJdbcLogger.java:137)- ==>  Preparing: SELECT id,book_id,chapter_num,chapter_name,word_count,is_vip,create_time,update_time FROM book_chapter WHERE (book_id = ?) ORDER BY chapter_num ASC limit 1
2023-07-10 14:57:08,310 DEBUG (BaseJdbcLogger.java:137)- ==> Parameters: 1337879206630002688(Long)
2023-07-10 14:57:08,312 DEBUG (BaseJdbcLogger.java:137)- <==      Total: 1
2023-07-10 14:57:10,099 WARN (JwtUtils.java:72)- JWT解析失败:null
2023-07-10 14:57:10,101 DEBUG (BookServiceImpl.java:455)- userId:null
2023-07-10 14:57:10,102 DEBUG (BaseJdbcLogger.java:137)- ==>  Preparing: SELECT id,book_id,chapter_num,chapter_name,word_count,is_vip,create_time,update_time FROM book_chapter WHERE id=?
2023-07-10 14:57:10,103 DEBUG (BaseJdbcLogger.java:137)- ==> Parameters: 1337873149631401984(Long)
2023-07-10 14:57:10,105 DEBUG (BaseJdbcLogger.java:137)- <==      Total: 1
2023-07-10 14:57:10,111 DEBUG (BaseJdbcLogger.java:137)- ==>  Preparing: SELECT id,chapter_id,content,create_time,update_time FROM book_content WHERE (chapter_id = ?) limit 1
2023-07-10 14:57:10,112 DEBUG (BaseJdbcLogger.java:137)- ==> Parameters: 1337873149631401984(Long)
2023-07-10 14:57:10,115 DEBUG (BaseJdbcLogger.java:137)- <==      Total: 1
2023-07-10 14:57:13,190 DEBUG (BaseJdbcLogger.java:137)- ==>  Preparing: SELECT id,book_id,chapter_num,chapter_name,word_count,is_vip,create_time,update_time FROM book_chapter WHERE (book_id = ? AND chapter_num > ?) ORDER BY chapter_num ASC limit 1
2023-07-10 14:57:13,191 DEBUG (BaseJdbcLogger.java:137)- ==> Parameters: 1337873148071120896(Long), 0(Integer)
2023-07-10 14:57:13,192 DEBUG (BaseJdbcLogger.java:137)- <==      Total: 1
2023-07-10 14:57:13,245 WARN (JwtUtils.java:72)- JWT解析失败:null
2023-07-10 14:57:13,245 DEBUG (BookServiceImpl.java:455)- userId:null
2023-07-10 14:57:13,245 DEBUG (BaseJdbcLogger.java:137)- ==>  Preparing: SELECT id,book_id,chapter_num,chapter_name,word_count,is_vip,create_time,update_time FROM book_chapter WHERE id=?
2023-07-10 14:57:13,247 DEBUG (BaseJdbcLogger.java:137)- ==> Parameters: 1337873151170711552(Long)
2023-07-10 14:57:13,248 DEBUG (BaseJdbcLogger.java:137)- <==      Total: 1
2023-07-10 14:57:13,252 DEBUG (BaseJdbcLogger.java:137)- ==>  Preparing: SELECT id,chapter_id,content,create_time,update_time FROM book_content WHERE (chapter_id = ?) limit 1
2023-07-10 14:57:13,253 DEBUG (BaseJdbcLogger.java:137)- ==> Parameters: 1337873151170711552(Long)
2023-07-10 14:57:13,254 DEBUG (BaseJdbcLogger.java:137)- <==      Total: 1
2023-07-10 14:57:18,569 DEBUG (BaseJdbcLogger.java:137)- ==>  Preparing: SELECT id,book_id,chapter_num,chapter_name,word_count,is_vip,create_time,update_time FROM book_chapter WHERE (book_id = ? AND chapter_num > ?) ORDER BY chapter_num ASC limit 1
2023-07-10 14:57:18,569 DEBUG (BaseJdbcLogger.java:137)- ==> Parameters: 1337873148071120896(Long), 1(Integer)
2023-07-10 14:57:18,570 DEBUG (BaseJdbcLogger.java:137)- <==      Total: 1
2023-07-10 14:57:18,639 WARN (JwtUtils.java:72)- JWT解析失败:null
2023-07-10 14:57:18,639 DEBUG (BookServiceImpl.java:455)- userId:null
2023-07-10 14:57:18,640 DEBUG (BaseJdbcLogger.java:137)- ==>  Preparing: SELECT id,book_id,chapter_num,chapter_name,word_count,is_vip,create_time,update_time FROM book_chapter WHERE id=?
2023-07-10 14:57:18,640 DEBUG (BaseJdbcLogger.java:137)- ==> Parameters: 1337873151938269184(Long)
2023-07-10 14:57:18,641 DEBUG (BaseJdbcLogger.java:137)- <==      Total: 1
2023-07-10 14:57:18,644 DEBUG (BaseJdbcLogger.java:137)- ==>  Preparing: SELECT id,chapter_id,content,create_time,update_time FROM book_content WHERE (chapter_id = ?) limit 1
2023-07-10 14:57:18,644 DEBUG (BaseJdbcLogger.java:137)- ==> Parameters: 1337873151938269184(Long)
2023-07-10 14:57:18,646 DEBUG (BaseJdbcLogger.java:137)- <==      Total: 1
2023-07-10 14:57:20,619 DEBUG (BaseJdbcLogger.java:137)- ==>  Preparing: SELECT id,book_id,chapter_num,chapter_name,word_count,is_vip,create_time,update_time FROM book_chapter WHERE (book_id = ?) ORDER BY chapter_num ASC
2023-07-10 14:57:20,619 DEBUG (BaseJdbcLogger.java:137)- ==> Parameters: 1337873148071120896(Long)
2023-07-10 14:57:20,625 DEBUG (BaseJdbcLogger.java:137)- <==      Total: 70
2023-07-10 14:57:25,281 WARN (JwtUtils.java:72)- JWT解析失败:null
2023-07-10 14:57:25,281 DEBUG (BookServiceImpl.java:455)- userId:null
2023-07-10 14:57:27,937 DEBUG (BaseJdbcLogger.java:137)- ==>  Preparing: SELECT id,work_direction,category_id,category_name,pic_url,book_name,author_id,author_name,book_desc,score,book_status,visit_count,word_count,comment_count,last_chapter_id,last_chapter_name,last_chapter_update_time,is_vip,create_time,update_time FROM book_info WHERE id=?
2023-07-10 14:57:27,937 DEBUG (BaseJdbcLogger.java:137)- ==>  Preparing: SELECT COUNT( * ) AS total FROM book_comment WHERE (book_id = ?)
2023-07-10 14:57:27,937 DEBUG (BaseJdbcLogger.java:137)- ==> Parameters: 1337874646456864768(Long)
2023-07-10 14:57:27,937 DEBUG (BaseJdbcLogger.java:137)- ==> Parameters: 1337873148071120896(Long)
2023-07-10 14:57:27,939 DEBUG (BaseJdbcLogger.java:137)- <==      Total: 1
2023-07-10 14:57:27,939 DEBUG (BaseJdbcLogger.java:137)- ==>  Preparing: SELECT COUNT( * ) AS total FROM book_chapter WHERE (book_id = ?)
2023-07-10 14:57:27,939 DEBUG (BaseJdbcLogger.java:137)- <==      Total: 1
2023-07-10 14:57:27,939 DEBUG (BaseJdbcLogger.java:137)- ==> Parameters: 1337873148071120896(Long)
2023-07-10 14:57:27,941 DEBUG (BaseJdbcLogger.java:137)- <==      Total: 1
2023-07-10 14:57:27,941 DEBUG (BaseJdbcLogger.java:137)- ==>  Preparing: SELECT id,book_id,chapter_num,chapter_name,word_count,is_vip,create_time,update_time FROM book_chapter WHERE (book_id = ?) ORDER BY chapter_num ASC limit 1
2023-07-10 14:57:27,942 DEBUG (BaseJdbcLogger.java:137)- ==> Parameters: 1337874646456864768(Long)
2023-07-10 14:57:27,944 DEBUG (BaseJdbcLogger.java:137)- <==      Total: 1
2023-07-10 14:57:27,953 DEBUG (BaseJdbcLogger.java:137)- ==>  Preparing: update book_info set visit_count = visit_count + 1 where id = ?
2023-07-10 14:57:27,954 DEBUG (BaseJdbcLogger.java:137)- ==> Parameters: null
2023-07-10 14:57:27,955 DEBUG (BaseJdbcLogger.java:137)- <==    Updates: 0
2023-07-10 14:57:29,045 DEBUG (BaseJdbcLogger.java:137)- ==>  Preparing: SELECT id,work_direction,category_id,category_name,pic_url,book_name,author_id,author_name,book_desc,score,book_status,visit_count,word_count,comment_count,last_chapter_id,last_chapter_name,last_chapter_update_time,is_vip,create_time,update_time FROM book_info WHERE (word_count > ? AND word_count > ?) ORDER BY update_time DESC limit 30
2023-07-10 14:57:29,046 DEBUG (BaseJdbcLogger.java:137)- ==> Parameters: 0(Integer), 0(Integer)
2023-07-10 14:57:29,048 DEBUG (BaseJdbcLogger.java:137)- ==>  Preparing: SELECT id,work_direction,category_id,category_name,pic_url,book_name,author_id,author_name,book_desc,score,book_status,visit_count,word_count,comment_count,last_chapter_id,last_chapter_name,last_chapter_update_time,is_vip,create_time,update_time FROM book_info WHERE (word_count > ? AND word_count > ?) ORDER BY create_time DESC limit 30
2023-07-10 14:57:29,048 DEBUG (BaseJdbcLogger.java:137)- ==> Parameters: 0(Integer), 0(Integer)
2023-07-10 14:57:29,049 DEBUG (BaseJdbcLogger.java:137)- <==      Total: 30
2023-07-10 14:57:29,052 DEBUG (BaseJdbcLogger.java:137)- <==      Total: 30
2023-07-10 14:57:36,873 DEBUG (BaseJdbcLogger.java:137)- ==>  Preparing: SELECT id,work_direction,name,sort,create_time,update_time FROM book_category WHERE (work_direction = ?)
2023-07-10 14:57:36,874 DEBUG (BaseJdbcLogger.java:137)- ==> Parameters: 0(Integer)
2023-07-10 14:57:36,877 DEBUG (BaseJdbcLogger.java:137)- <==      Total: 6
2023-07-10 14:58:53,663 DEBUG (BaseJdbcLogger.java:137)- ==>  Preparing: SELECT id,work_direction,category_id,category_name,pic_url,book_name,author_id,author_name,book_desc,score,book_status,visit_count,word_count,comment_count,last_chapter_id,last_chapter_name,last_chapter_update_time,is_vip,create_time,update_time FROM book_info WHERE (word_count > ? AND word_count > ?) ORDER BY update_time DESC limit 30
2023-07-10 14:58:53,665 DEBUG (BaseJdbcLogger.java:137)- ==> Parameters: 0(Integer), 0(Integer)
2023-07-10 14:58:53,667 DEBUG (BaseJdbcLogger.java:137)- <==      Total: 30
2023-07-10 15:51:31,497 WARN (HttpClientBeanHolder.java:102)- [HttpClientBeanHolder] Start destroying common HttpClient
2023-07-10 15:51:31,497 WARN (NotifyCenter.java:136)- [NotifyCenter] Start destroying Publisher
2023-07-10 15:51:31,498 WARN (NotifyCenter.java:153)- [NotifyCenter] Destruction of the end
2023-07-10 15:51:31,500 WARN (HttpClientBeanHolder.java:111)- [HttpClientBeanHolder] Destruction of the end
2023-07-10 15:51:31,575 INFO (QuartzScheduler.java:585)- Scheduler quartzScheduler_$_NON_CLUSTERED paused.
2023-07-10 15:51:31,579 INFO (Undertow.java:259)- stopping server: Undertow - 2.3.4.Final
2023-07-10 15:51:31,592 INFO (ServletContextImpl.java:372)- Destroying Spring FrameworkServlet 'dispatcherServlet'
2023-07-10 15:51:31,612 INFO (SchedulerFactoryBean.java:847)- Shutting down Quartz Scheduler
2023-07-10 15:51:31,612 INFO (QuartzScheduler.java:666)- Scheduler quartzScheduler_$_NON_CLUSTERED shutting down.
2023-07-10 15:51:31,612 INFO (QuartzScheduler.java:585)- Scheduler quartzScheduler_$_NON_CLUSTERED paused.
2023-07-10 15:51:31,613 INFO (QuartzScheduler.java:740)- Scheduler quartzScheduler_$_NON_CLUSTERED shutdown complete.
2023-07-10 15:51:31,627 INFO (NacosServiceRegistry.java:95)- De-registering from Nacos Server now...
2023-07-10 15:51:31,628 INFO (NamingGrpcClientProxy.java:216)- [DEREGISTER-SERVICE] public deregistering service novel-book-service with instance: Instance{instanceId='null', ip='192.168.43.1', port=9020, weight=1.0, healthy=true, enabled=true, ephemeral=true, clusterName='DEFAULT', serviceName='null', metadata={}}
2023-07-10 15:51:31,632 INFO (NacosServiceRegistry.java:115)- De-registration finished.
2023-07-10 15:51:31,635 INFO (ServiceInfoHolder.java:256)- com.alibaba.nacos.client.naming.cache.ServiceInfoHolder do shutdown begin
2023-07-10 15:51:31,636 INFO (FailoverReactor.java:133)- com.alibaba.nacos.client.naming.backups.FailoverReactor do shutdown begin
2023-07-10 15:51:31,637 INFO (FailoverReactor.java:135)- com.alibaba.nacos.client.naming.backups.FailoverReactor do shutdown stop
2023-07-10 15:51:31,637 INFO (ServiceInfoHolder.java:258)- com.alibaba.nacos.client.naming.cache.ServiceInfoHolder do shutdown stop
2023-07-10 15:51:31,638 INFO (NamingClientProxyDelegate.java:204)- com.alibaba.nacos.client.naming.remote.NamingClientProxyDelegate do shutdown begin
2023-07-10 15:51:31,638 INFO (ServiceInfoUpdateService.java:143)- com.alibaba.nacos.client.naming.core.ServiceInfoUpdateService do shutdown begin
2023-07-10 15:51:31,638 INFO (ServiceInfoUpdateService.java:145)- com.alibaba.nacos.client.naming.core.ServiceInfoUpdateService do shutdown stop
2023-07-10 15:51:31,639 INFO (ServerListManager.java:194)- com.alibaba.nacos.client.naming.core.ServerListManager do shutdown begin
2023-07-10 15:51:31,639 WARN (NamingHttpClientManager.java:74)- [NamingHttpClientManager] Start destroying NacosRestTemplate
2023-07-10 15:51:31,639 WARN (NamingHttpClientManager.java:81)- [NamingHttpClientManager] Destruction of the end
2023-07-10 15:51:31,639 INFO (ServerListManager.java:199)- com.alibaba.nacos.client.naming.core.ServerListManager do shutdown stop
2023-07-10 15:51:31,639 INFO (NamingHttpClientProxy.java:484)- com.alibaba.nacos.client.naming.remote.http.NamingHttpClientProxy do shutdown begin
2023-07-10 15:51:31,640 WARN (NamingHttpClientManager.java:74)- [NamingHttpClientManager] Start destroying NacosRestTemplate
2023-07-10 15:51:31,640 WARN (NamingHttpClientManager.java:81)- [NamingHttpClientManager] Destruction of the end
2023-07-10 15:51:31,640 INFO (NamingHttpClientProxy.java:486)- com.alibaba.nacos.client.naming.remote.http.NamingHttpClientProxy do shutdown stop
2023-07-10 15:51:31,640 INFO (RpcClient.java:425)- Shutdown rpc client, set status to shutdown
2023-07-10 15:51:31,641 INFO (RpcClient.java:427)- Shutdown client event executor java.util.concurrent.ScheduledThreadPoolExecutor@51ce2579[Running, pool size = 2, active threads = 2, queued tasks = 0, completed tasks = 0]
2023-07-10 15:51:31,641 INFO (RpcClient.java:580)- Close current connection 1688970131788_127.0.0.1_65140
2023-07-10 15:51:31,642 INFO (LoggerUtils.java:60)- [1688970131788_127.0.0.1_65140]Ignore complete event,isRunning:false,isAbandon=false
2023-07-10 15:51:31,650 INFO (GrpcClient.java:140)- Shutdown grpc executor java.util.concurrent.ThreadPoolExecutor@5ddb1050[Running, pool size = 4, active threads = 0, queued tasks = 0, completed tasks = 1099]
2023-07-10 15:51:31,650 INFO (NamingGrpcRedoService.java:292)- Shutdown grpc redo service executor java.util.concurrent.ScheduledThreadPoolExecutor@d71d671[Running, pool size = 1, active threads = 0, queued tasks = 1, completed tasks = 1785]
2023-07-10 15:51:31,651 INFO (CredentialWatcher.java:106)- [null] CredentialWatcher is stopped
2023-07-10 15:51:31,651 INFO (CredentialService.java:100)- [null] CredentialService is freed
2023-07-10 15:51:31,651 INFO (NamingClientProxyDelegate.java:211)- com.alibaba.nacos.client.naming.remote.NamingClientProxyDelegate do shutdown stop
2023-07-10 15:51:31,709 INFO (HikariDataSource.java:350)- HikariPool-1 - Shutdown initiated...
2023-07-10 15:51:31,713 INFO (HikariDataSource.java:352)- HikariPool-1 - Shutdown completed.
