2023-07-10 14:19:25,895 WARN (NacosLogging.java:64)- Load Logback Configuration of Nacos fail, message: org/slf4j/impl/StaticLoggerBinder
2023-07-10 14:19:25,901 WARN (NacosLogging.java:64)- Load Logback Configuration of Nacos fail, message: org/slf4j/impl/StaticLoggerBinder
2023-07-10 14:19:25,914 INFO (LocalConfigInfoProcessor.java:68)- LOCAL_SNAPSHOT_PATH:C:\Users\yisheng\nacos\config
2023-07-10 14:19:25,916 INFO (RpcClientFactory.java:94)- [RpcClientFactory] create a new rpc client of 29773604-bce4-4df3-a389-e0c179b8eee0_config-0
2023-07-10 14:19:25,933 INFO (LoggerUtils.java:60)- [29773604-bce4-4df3-a389-e0c179b8eee0_config-0] Register server push request handler:com.alibaba.nacos.client.config.impl.ClientWorker$ConfigRpcTransportClient$$Lambda$651/0x0000000800fc6710
2023-07-10 14:19:25,939 INFO (LoggerUtils.java:60)- [29773604-bce4-4df3-a389-e0c179b8eee0_config-0] Register server push request handler:com.alibaba.nacos.client.config.impl.ClientWorker$ConfigRpcTransportClient$$Lambda$652/0x0000000800fc6b30
2023-07-10 14:19:25,939 INFO (LoggerUtils.java:60)- [29773604-bce4-4df3-a389-e0c179b8eee0_config-0] Registry connection listener to current client:com.alibaba.nacos.client.config.impl.ClientWorker$ConfigRpcTransportClient$1
2023-07-10 14:19:25,940 INFO (LoggerUtils.java:60)- [29773604-bce4-4df3-a389-e0c179b8eee0_config-0] RpcClient init, ServerListFactory = com.alibaba.nacos.client.config.impl.ClientWorker$ConfigRpcTransportClient$2
2023-07-10 14:19:25,944 INFO (LoggerUtils.java:60)- [29773604-bce4-4df3-a389-e0c179b8eee0_config-0] Try to connect to server on start up, server: {serverIp = '127.0.0.1', server main port = 8848}
2023-07-10 14:19:26,589 INFO (LoggerUtils.java:60)- [29773604-bce4-4df3-a389-e0c179b8eee0_config-0] Success to connect to server [127.0.0.1:8848] on start up, connectionId = 1688969966410_127.0.0.1_64835
2023-07-10 14:19:26,590 INFO (LoggerUtils.java:60)- [29773604-bce4-4df3-a389-e0c179b8eee0_config-0] Notify connected event to listeners.
2023-07-10 14:19:26,591 INFO (LoggerUtils.java:60)- [29773604-bce4-4df3-a389-e0c179b8eee0_config-0] Register server push request handler:com.alibaba.nacos.common.remote.client.RpcClient$ConnectResetRequestHandler
2023-07-10 14:19:26,591 INFO (ClientWorker.java:638)- [29773604-bce4-4df3-a389-e0c179b8eee0_config-0] Connected,notify listen context...
2023-07-10 14:19:26,592 INFO (LoggerUtils.java:60)- [29773604-bce4-4df3-a389-e0c179b8eee0_config-0] Register server push request handler:com.alibaba.nacos.common.remote.client.RpcClient$$Lambda$671/0x00000008010f5d28
2023-07-10 14:19:26,621 INFO (Limiter.java:62)- limitTime:5.0
2023-07-10 14:19:26,640 INFO (JvmUtil.java:54)- isMultiInstance:false
2023-07-10 14:19:26,657 WARN (NacosPropertySourceBuilder.java:87)- Ignore the empty nacos configuration and get it based on dataId[novel-rabbitmq.yml] & group[DEFAULT_GROUP]
2023-07-10 14:19:26,663 WARN (NacosPropertySourceBuilder.java:87)- Ignore the empty nacos configuration and get it based on dataId[novel-home-service] & group[DEFAULT_GROUP]
2023-07-10 14:19:26,669 WARN (NacosPropertySourceBuilder.java:87)- Ignore the empty nacos configuration and get it based on dataId[novel-home-service.yml] & group[DEFAULT_GROUP]
2023-07-10 14:19:26,675 WARN (NacosPropertySourceBuilder.java:87)- Ignore the empty nacos configuration and get it based on dataId[novel-home-service-common.yml] & group[DEFAULT_GROUP]
2023-07-10 14:19:26,680 WARN (NacosPropertySourceBuilder.java:87)- Ignore the empty nacos configuration and get it based on dataId[novel-home-service-dev.yml] & group[DEFAULT_GROUP]
2023-07-10 14:19:26,681 INFO (PropertySourceBootstrapConfiguration.java:108)- Located property source: [BootstrapPropertySource {name='bootstrapProperties-novel-home-service-dev.yml,DEFAULT_GROUP'}, BootstrapPropertySource {name='bootstrapProperties-novel-home-service-common.yml,DEFAULT_GROUP'}, BootstrapPropertySource {name='bootstrapProperties-novel-home-service.yml,DEFAULT_GROUP'}, BootstrapPropertySource {name='bootstrapProperties-novel-home-service,DEFAULT_GROUP'}, BootstrapPropertySource {name='bootstrapProperties-novel-rabbitmq.yml,DEFAULT_GROUP'}, BootstrapPropertySource {name='bootstrapProperties-novel-redis.yml,DEFAULT_GROUP'}, BootstrapPropertySource {name='bootstrapProperties-novel-mysql.yml,DEFAULT_GROUP'}]
2023-07-10 14:19:26,687 INFO (SpringApplication.java:638)- The following 2 profiles are active: "common", "dev"
2023-07-10 14:19:27,704 INFO (RepositoryConfigurationDelegate.java:291)- Multiple Spring Data modules found, entering strict repository configuration mode
2023-07-10 14:19:27,706 INFO (RepositoryConfigurationDelegate.java:138)- Bootstrapping Spring Data Redis repositories in DEFAULT mode.
2023-07-10 14:19:27,722 INFO (RepositoryConfigurationDelegate.java:208)- Finished Spring Data repository scanning in 6 ms. Found 0 Redis repository interfaces.
2023-07-10 14:19:27,918 INFO (GenericScope.java:282)- BeanFactory id=bd0f5f76-5b7d-3c5b-ab85-87b78bd6fbbe
2023-07-10 14:19:28,602 WARN (Bootstrap.java:68)- UT026010: Buffer pool was not set on WebSocketDeploymentInfo, the default pool will be used
2023-07-10 14:19:28,619 INFO (ServletContextImpl.java:372)- Initializing Spring embedded WebApplicationContext
2023-07-10 14:19:28,620 INFO (ServletWebServerApplicationContext.java:291)- Root WebApplicationContext: initialization completed in 1917 ms
2023-07-10 14:19:29,265 INFO (FeignClientFactoryBean.java:437)- For 'novel-book-service' URL not provided. Will try picking an instance via load-balancing.
2023-07-10 14:19:29,605 INFO (Version.java:41)- Redisson 3.19.1
2023-07-10 14:19:29,853 WARN (AbstractApplicationContext.java:592)- Exception encountered during context initialization - cancelling refresh attempt: org.springframework.beans.factory.UnsatisfiedDependencyException: Error creating bean with name 'lockAspect' defined in file [E:\IDEA-workspace\novel-cloud\novel-cloud-master\novel-core\novel-config\target\classes\io\github\xxyopen\novel\config\aspect\LockAspect.class]: Unsatisfied dependency expressed through constructor parameter 0: Error creating bean with name 'redisson' defined in class path resource [org/redisson/spring/starter/RedissonAutoConfiguration.class]: Failed to instantiate [org.redisson.api.RedissonClient]: Factory method 'redisson' threw exception with message: Unable to connect to Redis server: 127.0.0.1/127.0.0.1:6379
2023-07-10 14:19:29,855 WARN (AbstractApplicationContext.java:1039)- Exception thrown from ApplicationListener handling ContextClosedEvent
org.springframework.beans.factory.BeanCreationNotAllowedException: Error creating bean with name 'rabbitConnectionFactory': Singleton bean creation not allowed while singletons of this factory are in destruction (Do not request a bean from a BeanFactory in a destroy method implementation!)
	at org.springframework.beans.factory.support.DefaultSingletonBeanRegistry.getSingleton(DefaultSingletonBeanRegistry.java:220)
	at org.springframework.beans.factory.support.AbstractBeanFactory.doGetBean(AbstractBeanFactory.java:324)
	at org.springframework.beans.factory.support.AbstractBeanFactory.getBean(AbstractBeanFactory.java:205)
	at org.springframework.context.event.AbstractApplicationEventMulticaster.retrieveApplicationListeners(AbstractApplicationEventMulticaster.java:264)
	at org.springframework.context.event.AbstractApplicationEventMulticaster.getApplicationListeners(AbstractApplicationEventMulticaster.java:221)
	at org.springframework.context.event.SimpleApplicationEventMulticaster.multicastEvent(SimpleApplicationEventMulticaster.java:138)
	at org.springframework.context.support.AbstractApplicationContext.publishEvent(AbstractApplicationContext.java:413)
	at org.springframework.context.support.AbstractApplicationContext.publishEvent(AbstractApplicationContext.java:419)
	at org.springframework.context.support.AbstractApplicationContext.publishEvent(AbstractApplicationContext.java:370)
	at org.springframework.context.support.AbstractApplicationContext.doClose(AbstractApplicationContext.java:1036)
	at org.springframework.context.support.AbstractApplicationContext.close(AbstractApplicationContext.java:1003)
	at org.springframework.cloud.context.named.NamedContextFactory.destroy(NamedContextFactory.java:113)
	at org.springframework.beans.factory.support.DisposableBeanAdapter.destroy(DisposableBeanAdapter.java:200)
	at org.springframework.beans.factory.support.DefaultSingletonBeanRegistry.destroyBean(DefaultSingletonBeanRegistry.java:587)
	at org.springframework.beans.factory.support.DefaultSingletonBeanRegistry.destroySingleton(DefaultSingletonBeanRegistry.java:559)
	at org.springframework.beans.factory.support.DefaultListableBeanFactory.destroySingleton(DefaultListableBeanFactory.java:1189)
	at org.springframework.beans.factory.support.DefaultSingletonBeanRegistry.destroySingletons(DefaultSingletonBeanRegistry.java:520)
	at org.springframework.beans.factory.support.DefaultListableBeanFactory.destroySingletons(DefaultListableBeanFactory.java:1182)
	at org.springframework.context.support.AbstractApplicationContext.destroyBeans(AbstractApplicationContext.java:1084)
	at org.springframework.context.support.AbstractApplicationContext.refresh(AbstractApplicationContext.java:597)
	at org.springframework.boot.web.servlet.context.ServletWebServerApplicationContext.refresh(ServletWebServerApplicationContext.java:146)
	at org.springframework.boot.SpringApplication.refresh(SpringApplication.java:732)
	at org.springframework.boot.SpringApplication.refreshContext(SpringApplication.java:434)
	at org.springframework.boot.SpringApplication.run(SpringApplication.java:310)
	at org.springframework.boot.SpringApplication.run(SpringApplication.java:1304)
	at org.springframework.boot.SpringApplication.run(SpringApplication.java:1293)
	at io.github.xxyopen.novel.home.NovelHomeApplication.main(NovelHomeApplication.java:18)
2023-07-10 14:19:29,870 INFO (ConditionEvaluationReportLogger.java:82)- 

Error starting ApplicationContext. To display the condition evaluation report re-run your application with 'debug' enabled.
2023-07-10 14:19:29,884 ERROR (SpringApplication.java:822)- Application run failed
org.springframework.beans.factory.UnsatisfiedDependencyException: Error creating bean with name 'lockAspect' defined in file [E:\IDEA-workspace\novel-cloud\novel-cloud-master\novel-core\novel-config\target\classes\io\github\xxyopen\novel\config\aspect\LockAspect.class]: Unsatisfied dependency expressed through constructor parameter 0: Error creating bean with name 'redisson' defined in class path resource [org/redisson/spring/starter/RedissonAutoConfiguration.class]: Failed to instantiate [org.redisson.api.RedissonClient]: Factory method 'redisson' threw exception with message: Unable to connect to Redis server: 127.0.0.1/127.0.0.1:6379
	at org.springframework.beans.factory.support.ConstructorResolver.createArgumentArray(ConstructorResolver.java:798)
	at org.springframework.beans.factory.support.ConstructorResolver.autowireConstructor(ConstructorResolver.java:245)
	at org.springframework.beans.factory.support.AbstractAutowireCapableBeanFactory.autowireConstructor(AbstractAutowireCapableBeanFactory.java:1352)
	at org.springframework.beans.factory.support.AbstractAutowireCapableBeanFactory.createBeanInstance(AbstractAutowireCapableBeanFactory.java:1189)
	at org.springframework.beans.factory.support.AbstractAutowireCapableBeanFactory.doCreateBean(AbstractAutowireCapableBeanFactory.java:560)
	at org.springframework.beans.factory.support.AbstractAutowireCapableBeanFactory.createBean(AbstractAutowireCapableBeanFactory.java:520)
	at org.springframework.beans.factory.support.AbstractBeanFactory.lambda$doGetBean$0(AbstractBeanFactory.java:326)
	at org.springframework.beans.factory.support.DefaultSingletonBeanRegistry.getSingleton(DefaultSingletonBeanRegistry.java:234)
	at org.springframework.beans.factory.support.AbstractBeanFactory.doGetBean(AbstractBeanFactory.java:324)
	at org.springframework.beans.factory.support.AbstractBeanFactory.getBean(AbstractBeanFactory.java:200)
	at org.springframework.beans.factory.support.DefaultListableBeanFactory.preInstantiateSingletons(DefaultListableBeanFactory.java:973)
	at org.springframework.context.support.AbstractApplicationContext.finishBeanFactoryInitialization(AbstractApplicationContext.java:917)
	at org.springframework.context.support.AbstractApplicationContext.refresh(AbstractApplicationContext.java:584)
	at org.springframework.boot.web.servlet.context.ServletWebServerApplicationContext.refresh(ServletWebServerApplicationContext.java:146)
	at org.springframework.boot.SpringApplication.refresh(SpringApplication.java:732)
	at org.springframework.boot.SpringApplication.refreshContext(SpringApplication.java:434)
	at org.springframework.boot.SpringApplication.run(SpringApplication.java:310)
	at org.springframework.boot.SpringApplication.run(SpringApplication.java:1304)
	at org.springframework.boot.SpringApplication.run(SpringApplication.java:1293)
	at io.github.xxyopen.novel.home.NovelHomeApplication.main(NovelHomeApplication.java:18)
Caused by: org.springframework.beans.factory.BeanCreationException: Error creating bean with name 'redisson' defined in class path resource [org/redisson/spring/starter/RedissonAutoConfiguration.class]: Failed to instantiate [org.redisson.api.RedissonClient]: Factory method 'redisson' threw exception with message: Unable to connect to Redis server: 127.0.0.1/127.0.0.1:6379
	at org.springframework.beans.factory.support.ConstructorResolver.instantiate(ConstructorResolver.java:657)
	at org.springframework.beans.factory.support.ConstructorResolver.instantiateUsingFactoryMethod(ConstructorResolver.java:491)
	at org.springframework.beans.factory.support.AbstractAutowireCapableBeanFactory.instantiateUsingFactoryMethod(AbstractAutowireCapableBeanFactory.java:1332)
	at org.springframework.beans.factory.support.AbstractAutowireCapableBeanFactory.createBeanInstance(AbstractAutowireCapableBeanFactory.java:1162)
	at org.springframework.beans.factory.support.AbstractAutowireCapableBeanFactory.doCreateBean(AbstractAutowireCapableBeanFactory.java:560)
	at org.springframework.beans.factory.support.AbstractAutowireCapableBeanFactory.createBean(AbstractAutowireCapableBeanFactory.java:520)
	at org.springframework.beans.factory.support.AbstractBeanFactory.lambda$doGetBean$0(AbstractBeanFactory.java:326)
	at org.springframework.beans.factory.support.DefaultSingletonBeanRegistry.getSingleton(DefaultSingletonBeanRegistry.java:234)
	at org.springframework.beans.factory.support.AbstractBeanFactory.doGetBean(AbstractBeanFactory.java:324)
	at org.springframework.beans.factory.support.AbstractBeanFactory.getBean(AbstractBeanFactory.java:200)
	at org.springframework.beans.factory.config.DependencyDescriptor.resolveCandidate(DependencyDescriptor.java:254)
	at org.springframework.beans.factory.support.DefaultListableBeanFactory.doResolveDependency(DefaultListableBeanFactory.java:1417)
	at org.springframework.beans.factory.support.DefaultListableBeanFactory.resolveDependency(DefaultListableBeanFactory.java:1337)
	at org.springframework.beans.factory.support.ConstructorResolver.resolveAutowiredArgument(ConstructorResolver.java:885)
	at org.springframework.beans.factory.support.ConstructorResolver.createArgumentArray(ConstructorResolver.java:789)
	... 19 common frames omitted
Caused by: org.springframework.beans.BeanInstantiationException: Failed to instantiate [org.redisson.api.RedissonClient]: Factory method 'redisson' threw exception with message: Unable to connect to Redis server: 127.0.0.1/127.0.0.1:6379
	at org.springframework.beans.factory.support.SimpleInstantiationStrategy.instantiate(SimpleInstantiationStrategy.java:171)
	at org.springframework.beans.factory.support.ConstructorResolver.instantiate(ConstructorResolver.java:653)
	... 33 common frames omitted
Caused by: org.redisson.client.RedisConnectionException: Unable to connect to Redis server: 127.0.0.1/127.0.0.1:6379
	at org.redisson.connection.pool.ConnectionPool.lambda$createConnection$0(ConnectionPool.java:154)
	at java.base/java.util.concurrent.CompletableFuture.uniWhenComplete(CompletableFuture.java:863)
	at java.base/java.util.concurrent.CompletableFuture$UniWhenComplete.tryFire(CompletableFuture.java:841)
	at java.base/java.util.concurrent.CompletableFuture.postComplete(CompletableFuture.java:510)
	at java.base/java.util.concurrent.CompletableFuture.completeExceptionally(CompletableFuture.java:2162)
	at org.redisson.connection.pool.ConnectionPool.promiseFailure(ConnectionPool.java:318)
	at org.redisson.connection.pool.ConnectionPool.lambda$createConnection$6(ConnectionPool.java:277)
	at java.base/java.util.concurrent.CompletableFuture.uniWhenComplete(CompletableFuture.java:863)
	at java.base/java.util.concurrent.CompletableFuture$UniWhenComplete.tryFire(CompletableFuture.java:841)
	at java.base/java.util.concurrent.CompletableFuture.postComplete(CompletableFuture.java:510)
	at java.base/java.util.concurrent.CompletableFuture.completeExceptionally(CompletableFuture.java:2162)
	at org.redisson.client.RedisClient$1$2.run(RedisClient.java:250)
	at io.netty.util.concurrent.AbstractEventExecutor.runTask(AbstractEventExecutor.java:174)
	at io.netty.util.concurrent.AbstractEventExecutor.safeExecute(AbstractEventExecutor.java:167)
	at io.netty.util.concurrent.SingleThreadEventExecutor.runAllTasks(SingleThreadEventExecutor.java:470)
	at io.netty.channel.nio.NioEventLoop.run(NioEventLoop.java:569)
	at io.netty.util.concurrent.SingleThreadEventExecutor$4.run(SingleThreadEventExecutor.java:997)
	at io.netty.util.internal.ThreadExecutorMap$2.run(ThreadExecutorMap.java:74)
	at io.netty.util.concurrent.FastThreadLocalRunnable.run(FastThreadLocalRunnable.java:30)
	at java.base/java.lang.Thread.run(Thread.java:833)
Caused by: java.util.concurrent.CompletionException: io.netty.channel.AbstractChannel$AnnotatedConnectException: Connection refused: no further information: 127.0.0.1/127.0.0.1:6379
	at java.base/java.util.concurrent.CompletableFuture.encodeRelay(CompletableFuture.java:368)
	at java.base/java.util.concurrent.CompletableFuture.completeRelay(CompletableFuture.java:377)
	at java.base/java.util.concurrent.CompletableFuture$UniRelay.tryFire(CompletableFuture.java:1097)
	... 11 common frames omitted
Caused by: io.netty.channel.AbstractChannel$AnnotatedConnectException: Connection refused: no further information: 127.0.0.1/127.0.0.1:6379
Caused by: java.net.ConnectException: Connection refused: no further information
	at java.base/sun.nio.ch.Net.pollConnect(Native Method)
	at java.base/sun.nio.ch.Net.pollConnectNow(Net.java:672)
	at java.base/sun.nio.ch.SocketChannelImpl.finishConnect(SocketChannelImpl.java:946)
	at io.netty.channel.socket.nio.NioSocketChannel.doFinishConnect(NioSocketChannel.java:337)
	at io.netty.channel.nio.AbstractNioChannel$AbstractNioUnsafe.finishConnect(AbstractNioChannel.java:334)
	at io.netty.channel.nio.NioEventLoop.processSelectedKey(NioEventLoop.java:776)
	at io.netty.channel.nio.NioEventLoop.processSelectedKeysOptimized(NioEventLoop.java:724)
	at io.netty.channel.nio.NioEventLoop.processSelectedKeys(NioEventLoop.java:650)
	at io.netty.channel.nio.NioEventLoop.run(NioEventLoop.java:562)
	at io.netty.util.concurrent.SingleThreadEventExecutor$4.run(SingleThreadEventExecutor.java:997)
	at io.netty.util.internal.ThreadExecutorMap$2.run(ThreadExecutorMap.java:74)
	at io.netty.util.concurrent.FastThreadLocalRunnable.run(FastThreadLocalRunnable.java:30)
	at java.base/java.lang.Thread.run(Thread.java:833)
2023-07-10 14:19:30,451 WARN (HttpClientBeanHolder.java:102)- [HttpClientBeanHolder] Start destroying common HttpClient
2023-07-10 14:19:30,451 WARN (NotifyCenter.java:136)- [NotifyCenter] Start destroying Publisher
2023-07-10 14:19:30,452 WARN (NotifyCenter.java:153)- [NotifyCenter] Destruction of the end
2023-07-10 14:19:30,452 WARN (HttpClientBeanHolder.java:111)- [HttpClientBeanHolder] Destruction of the end
2023-07-10 14:20:45,038 WARN (NacosLogging.java:64)- Load Logback Configuration of Nacos fail, message: org/slf4j/impl/StaticLoggerBinder
2023-07-10 14:20:45,039 WARN (NacosLogging.java:64)- Load Logback Configuration of Nacos fail, message: org/slf4j/impl/StaticLoggerBinder
2023-07-10 14:20:45,052 INFO (LocalConfigInfoProcessor.java:68)- LOCAL_SNAPSHOT_PATH:C:\Users\yisheng\nacos\config
2023-07-10 14:20:45,054 INFO (RpcClientFactory.java:94)- [RpcClientFactory] create a new rpc client of 822dce24-959d-4e6f-a712-594d8533b309_config-0
2023-07-10 14:20:45,063 INFO (LoggerUtils.java:60)- [822dce24-959d-4e6f-a712-594d8533b309_config-0] Register server push request handler:com.alibaba.nacos.client.config.impl.ClientWorker$ConfigRpcTransportClient$$Lambda$651/0x0000000800faeb60
2023-07-10 14:20:45,064 INFO (LoggerUtils.java:60)- [822dce24-959d-4e6f-a712-594d8533b309_config-0] Register server push request handler:com.alibaba.nacos.client.config.impl.ClientWorker$ConfigRpcTransportClient$$Lambda$652/0x0000000800faef80
2023-07-10 14:20:45,064 INFO (LoggerUtils.java:60)- [822dce24-959d-4e6f-a712-594d8533b309_config-0] Registry connection listener to current client:com.alibaba.nacos.client.config.impl.ClientWorker$ConfigRpcTransportClient$1
2023-07-10 14:20:45,065 INFO (LoggerUtils.java:60)- [822dce24-959d-4e6f-a712-594d8533b309_config-0] RpcClient init, ServerListFactory = com.alibaba.nacos.client.config.impl.ClientWorker$ConfigRpcTransportClient$2
2023-07-10 14:20:45,070 INFO (LoggerUtils.java:60)- [822dce24-959d-4e6f-a712-594d8533b309_config-0] Try to connect to server on start up, server: {serverIp = '127.0.0.1', server main port = 8848}
2023-07-10 14:20:45,674 INFO (LoggerUtils.java:60)- [822dce24-959d-4e6f-a712-594d8533b309_config-0] Success to connect to server [127.0.0.1:8848] on start up, connectionId = 1688970045500_127.0.0.1_64925
2023-07-10 14:20:45,675 INFO (LoggerUtils.java:60)- [822dce24-959d-4e6f-a712-594d8533b309_config-0] Notify connected event to listeners.
2023-07-10 14:20:45,675 INFO (LoggerUtils.java:60)- [822dce24-959d-4e6f-a712-594d8533b309_config-0] Register server push request handler:com.alibaba.nacos.common.remote.client.RpcClient$ConnectResetRequestHandler
2023-07-10 14:20:45,675 INFO (ClientWorker.java:638)- [822dce24-959d-4e6f-a712-594d8533b309_config-0] Connected,notify listen context...
2023-07-10 14:20:45,676 INFO (LoggerUtils.java:60)- [822dce24-959d-4e6f-a712-594d8533b309_config-0] Register server push request handler:com.alibaba.nacos.common.remote.client.RpcClient$$Lambda$671/0x000000080111e180
2023-07-10 14:20:45,700 INFO (Limiter.java:62)- limitTime:5.0
2023-07-10 14:20:45,712 INFO (JvmUtil.java:54)- isMultiInstance:false
2023-07-10 14:20:45,729 WARN (NacosPropertySourceBuilder.java:87)- Ignore the empty nacos configuration and get it based on dataId[novel-rabbitmq.yml] & group[DEFAULT_GROUP]
2023-07-10 14:20:45,734 WARN (NacosPropertySourceBuilder.java:87)- Ignore the empty nacos configuration and get it based on dataId[novel-home-service] & group[DEFAULT_GROUP]
2023-07-10 14:20:45,740 WARN (NacosPropertySourceBuilder.java:87)- Ignore the empty nacos configuration and get it based on dataId[novel-home-service.yml] & group[DEFAULT_GROUP]
2023-07-10 14:20:45,746 WARN (NacosPropertySourceBuilder.java:87)- Ignore the empty nacos configuration and get it based on dataId[novel-home-service-common.yml] & group[DEFAULT_GROUP]
2023-07-10 14:20:45,751 WARN (NacosPropertySourceBuilder.java:87)- Ignore the empty nacos configuration and get it based on dataId[novel-home-service-dev.yml] & group[DEFAULT_GROUP]
2023-07-10 14:20:45,752 INFO (PropertySourceBootstrapConfiguration.java:108)- Located property source: [BootstrapPropertySource {name='bootstrapProperties-novel-home-service-dev.yml,DEFAULT_GROUP'}, BootstrapPropertySource {name='bootstrapProperties-novel-home-service-common.yml,DEFAULT_GROUP'}, BootstrapPropertySource {name='bootstrapProperties-novel-home-service.yml,DEFAULT_GROUP'}, BootstrapPropertySource {name='bootstrapProperties-novel-home-service,DEFAULT_GROUP'}, BootstrapPropertySource {name='bootstrapProperties-novel-rabbitmq.yml,DEFAULT_GROUP'}, BootstrapPropertySource {name='bootstrapProperties-novel-redis.yml,DEFAULT_GROUP'}, BootstrapPropertySource {name='bootstrapProperties-novel-mysql.yml,DEFAULT_GROUP'}]
2023-07-10 14:20:45,759 INFO (SpringApplication.java:638)- The following 2 profiles are active: "common", "dev"
2023-07-10 14:20:46,668 INFO (RepositoryConfigurationDelegate.java:291)- Multiple Spring Data modules found, entering strict repository configuration mode
2023-07-10 14:20:46,670 INFO (RepositoryConfigurationDelegate.java:138)- Bootstrapping Spring Data Redis repositories in DEFAULT mode.
2023-07-10 14:20:46,700 INFO (RepositoryConfigurationDelegate.java:208)- Finished Spring Data repository scanning in 14 ms. Found 0 Redis repository interfaces.
2023-07-10 14:20:47,014 INFO (GenericScope.java:282)- BeanFactory id=bd0f5f76-5b7d-3c5b-ab85-87b78bd6fbbe
2023-07-10 14:20:47,628 WARN (Bootstrap.java:68)- UT026010: Buffer pool was not set on WebSocketDeploymentInfo, the default pool will be used
2023-07-10 14:20:47,644 INFO (ServletContextImpl.java:372)- Initializing Spring embedded WebApplicationContext
2023-07-10 14:20:47,645 INFO (ServletWebServerApplicationContext.java:291)- Root WebApplicationContext: initialization completed in 1871 ms
2023-07-10 14:20:48,295 INFO (FeignClientFactoryBean.java:437)- For 'novel-book-service' URL not provided. Will try picking an instance via load-balancing.
2023-07-10 14:20:48,682 INFO (Version.java:41)- Redisson 3.19.1
2023-07-10 14:20:48,967 INFO (ConnectionPool.java:162)- 1 connections initialized for 127.0.0.1/127.0.0.1:6379
2023-07-10 14:20:49,002 INFO (ConnectionPool.java:162)- 24 connections initialized for 127.0.0.1/127.0.0.1:6379
2023-07-10 14:20:49,306 INFO (SentinelWebMvcConfigurer.java:52)- [Sentinel Starter] register SentinelWebInterceptor with urlPatterns: [/**].
2023-07-10 14:20:50,635 INFO (StdSchedulerFactory.java:1220)- Using default implementation for ThreadExecutor
2023-07-10 14:20:50,648 INFO (SchedulerSignalerImpl.java:61)- Initialized Scheduler Signaller of type: class org.quartz.core.SchedulerSignalerImpl
2023-07-10 14:20:50,649 INFO (QuartzScheduler.java:229)- Quartz Scheduler v.2.3.2 created.
2023-07-10 14:20:50,650 INFO (RAMJobStore.java:155)- RAMJobStore initialized.
2023-07-10 14:20:50,651 INFO (QuartzScheduler.java:294)- Scheduler meta-data: Quartz Scheduler (v2.3.2) 'quartzScheduler' with instanceId 'NON_CLUSTERED'
  Scheduler class: 'org.quartz.core.QuartzScheduler' - running locally.
  NOT STARTED.
  Currently in standby mode.
  Number of jobs executed: 0
  Using thread pool 'org.quartz.simpl.SimpleThreadPool' - with 10 threads.
  Using job-store 'org.quartz.simpl.RAMJobStore' - which does not support persistence. and is not clustered.

2023-07-10 14:20:50,652 INFO (StdSchedulerFactory.java:1374)- Quartz scheduler 'quartzScheduler' initialized from an externally provided properties instance.
2023-07-10 14:20:50,652 INFO (StdSchedulerFactory.java:1378)- Quartz scheduler version: 2.3.2
2023-07-10 14:20:50,652 INFO (QuartzScheduler.java:2293)- JobFactory set to: org.springframework.scheduling.quartz.SpringBeanJobFactory@304f4888
2023-07-10 14:20:51,066 INFO (EndpointLinksResolver.java:58)- Exposing 21 endpoint(s) beneath base path '/actuator'
2023-07-10 14:20:51,143 WARN (LocalVariableTableParameterNameDiscoverer.java:123)- Using deprecated '-debug' fallback for parameter name resolution. Compile the affected code with '-parameters' instead or avoid its introspection: org.springframework.amqp.rabbit.core.RabbitAdmin
2023-07-10 14:20:51,173 INFO (Undertow.java:120)- starting server: Undertow - 2.3.4.Final
2023-07-10 14:20:51,183 INFO (Xnio.java:95)- XNIO version 3.8.8.Final
2023-07-10 14:20:51,192 INFO (NioXnio.java:58)- XNIO NIO Implementation Version 3.8.8.Final
2023-07-10 14:20:51,216 INFO (Version.java:55)- JBoss Threads version 3.5.0.Final
2023-07-10 14:20:51,262 INFO (UndertowWebServer.java:121)- Undertow started on port(s) 9001 (http)
2023-07-10 14:20:51,266 INFO (SearchableProperties.java:197)- properties search order:PROPERTIES->JVM->ENV->DEFAULT_SETTING
2023-07-10 14:20:51,267 INFO (InitUtils.java:61)- initializer namespace from System Property : null
2023-07-10 14:20:51,267 INFO (InitUtils.java:65)- initializer namespace from System Environment :null
2023-07-10 14:20:51,268 INFO (InitUtils.java:72)- initializer namespace from System Property :
2023-07-10 14:20:51,275 INFO (ClientAuthPluginManager.java:56)- [ClientAuthPluginManager] Load ClientAuthService com.alibaba.nacos.client.auth.impl.NacosClientAuthServiceImpl success.
2023-07-10 14:20:51,275 INFO (ClientAuthPluginManager.java:56)- [ClientAuthPluginManager] Load ClientAuthService com.alibaba.nacos.client.auth.ram.RamClientAuthServiceImpl success.
2023-07-10 14:20:51,279 INFO (RpcClientFactory.java:94)- [RpcClientFactory] create a new rpc client of 7ca0a7e1-fa10-449f-9a4b-a23638d0fc75
2023-07-10 14:20:51,281 INFO (LoggerUtils.java:60)- [7ca0a7e1-fa10-449f-9a4b-a23638d0fc75] RpcClient init, ServerListFactory = com.alibaba.nacos.client.naming.core.ServerListManager
2023-07-10 14:20:51,281 INFO (LoggerUtils.java:60)- [7ca0a7e1-fa10-449f-9a4b-a23638d0fc75] Registry connection listener to current client:com.alibaba.nacos.client.naming.remote.gprc.redo.NamingGrpcRedoService
2023-07-10 14:20:51,282 INFO (LoggerUtils.java:60)- [7ca0a7e1-fa10-449f-9a4b-a23638d0fc75] Register server push request handler:com.alibaba.nacos.client.naming.remote.gprc.NamingPushRequestHandler
2023-07-10 14:20:51,282 INFO (LoggerUtils.java:60)- [7ca0a7e1-fa10-449f-9a4b-a23638d0fc75] Try to connect to server on start up, server: {serverIp = '127.0.0.1', server main port = 8848}
2023-07-10 14:20:51,401 INFO (LoggerUtils.java:60)- [7ca0a7e1-fa10-449f-9a4b-a23638d0fc75] Success to connect to server [127.0.0.1:8848] on start up, connectionId = 1688970051289_127.0.0.1_64958
2023-07-10 14:20:51,401 INFO (LoggerUtils.java:60)- [7ca0a7e1-fa10-449f-9a4b-a23638d0fc75] Register server push request handler:com.alibaba.nacos.common.remote.client.RpcClient$ConnectResetRequestHandler
2023-07-10 14:20:51,401 INFO (LoggerUtils.java:60)- [7ca0a7e1-fa10-449f-9a4b-a23638d0fc75] Notify connected event to listeners.
2023-07-10 14:20:51,402 INFO (NamingGrpcRedoService.java:78)- Grpc connection connect
2023-07-10 14:20:51,402 INFO (LoggerUtils.java:60)- [7ca0a7e1-fa10-449f-9a4b-a23638d0fc75] Register server push request handler:com.alibaba.nacos.common.remote.client.RpcClient$$Lambda$671/0x000000080111e180
2023-07-10 14:20:51,403 INFO (NamingGrpcClientProxy.java:120)- [REGISTER-SERVICE] public registering service novel-home-service with instance Instance{instanceId='null', ip='192.168.43.1', port=9001, weight=1.0, healthy=true, enabled=true, ephemeral=true, clusterName='DEFAULT', serviceName='null', metadata={preserved.register.source=SPRING_CLOUD}}
2023-07-10 14:20:51,414 INFO (NacosServiceRegistry.java:76)- nacos registry, DEFAULT_GROUP novel-home-service 192.168.43.1:9001 register finished
2023-07-10 14:20:51,488 INFO (SchedulerFactoryBean.java:729)- Starting Quartz Scheduler now
2023-07-10 14:20:51,488 INFO (QuartzScheduler.java:547)- Scheduler quartzScheduler_$_NON_CLUSTERED started.
2023-07-10 14:20:51,503 INFO (StartupInfoLogger.java:57)- Started NovelHomeApplication in 7.618 seconds (process running for 8.265)
2023-07-10 14:20:51,510 INFO (CacheData.java:67)- nacos.cache.data.init.snapshot = true 
2023-07-10 14:20:51,511 INFO (ClientWorker.java:379)- [fixed-127.0.0.1_8848] [subscribe] novel-mysql.yml+DEFAULT_GROUP
2023-07-10 14:20:51,518 INFO (CacheData.java:197)- [fixed-127.0.0.1_8848] [add-listener] ok, tenant=, dataId=novel-mysql.yml, group=DEFAULT_GROUP, cnt=1
2023-07-10 14:20:51,518 INFO (NacosContextRefresher.java:129)- [Nacos Config] Listening config: dataId=novel-mysql.yml, group=DEFAULT_GROUP
2023-07-10 14:20:51,519 INFO (ClientWorker.java:379)- [fixed-127.0.0.1_8848] [subscribe] novel-home-service-dev.yml+DEFAULT_GROUP
2023-07-10 14:20:51,519 INFO (CacheData.java:197)- [fixed-127.0.0.1_8848] [add-listener] ok, tenant=, dataId=novel-home-service-dev.yml, group=DEFAULT_GROUP, cnt=1
2023-07-10 14:20:51,519 INFO (NacosContextRefresher.java:129)- [Nacos Config] Listening config: dataId=novel-home-service-dev.yml, group=DEFAULT_GROUP
2023-07-10 14:20:51,520 INFO (ClientWorker.java:379)- [fixed-127.0.0.1_8848] [subscribe] novel-redis.yml+DEFAULT_GROUP
2023-07-10 14:20:51,521 INFO (CacheData.java:197)- [fixed-127.0.0.1_8848] [add-listener] ok, tenant=, dataId=novel-redis.yml, group=DEFAULT_GROUP, cnt=1
2023-07-10 14:20:51,522 INFO (NacosContextRefresher.java:129)- [Nacos Config] Listening config: dataId=novel-redis.yml, group=DEFAULT_GROUP
2023-07-10 14:20:51,522 INFO (ClientWorker.java:379)- [fixed-127.0.0.1_8848] [subscribe] novel-rabbitmq.yml+DEFAULT_GROUP
2023-07-10 14:20:51,522 INFO (CacheData.java:197)- [fixed-127.0.0.1_8848] [add-listener] ok, tenant=, dataId=novel-rabbitmq.yml, group=DEFAULT_GROUP, cnt=1
2023-07-10 14:20:51,522 INFO (NacosContextRefresher.java:129)- [Nacos Config] Listening config: dataId=novel-rabbitmq.yml, group=DEFAULT_GROUP
2023-07-10 14:20:51,524 INFO (ClientWorker.java:379)- [fixed-127.0.0.1_8848] [subscribe] novel-home-service.yml+DEFAULT_GROUP
2023-07-10 14:20:51,525 INFO (CacheData.java:197)- [fixed-127.0.0.1_8848] [add-listener] ok, tenant=, dataId=novel-home-service.yml, group=DEFAULT_GROUP, cnt=1
2023-07-10 14:20:51,526 INFO (NacosContextRefresher.java:129)- [Nacos Config] Listening config: dataId=novel-home-service.yml, group=DEFAULT_GROUP
2023-07-10 14:20:51,528 INFO (ClientWorker.java:379)- [fixed-127.0.0.1_8848] [subscribe] novel-home-service+DEFAULT_GROUP
2023-07-10 14:20:51,529 INFO (CacheData.java:197)- [fixed-127.0.0.1_8848] [add-listener] ok, tenant=, dataId=novel-home-service, group=DEFAULT_GROUP, cnt=1
2023-07-10 14:20:51,530 INFO (NacosContextRefresher.java:129)- [Nacos Config] Listening config: dataId=novel-home-service, group=DEFAULT_GROUP
2023-07-10 14:20:51,531 INFO (ClientWorker.java:379)- [fixed-127.0.0.1_8848] [subscribe] novel-home-service-common.yml+DEFAULT_GROUP
2023-07-10 14:20:51,531 INFO (CacheData.java:197)- [fixed-127.0.0.1_8848] [add-listener] ok, tenant=, dataId=novel-home-service-common.yml, group=DEFAULT_GROUP, cnt=1
2023-07-10 14:20:51,532 INFO (NacosContextRefresher.java:129)- [Nacos Config] Listening config: dataId=novel-home-service-common.yml, group=DEFAULT_GROUP
2023-07-10 14:20:51,597 INFO (ServletContextImpl.java:372)- Initializing Spring DispatcherServlet 'dispatcherServlet'
2023-07-10 14:20:51,597 INFO (FrameworkServlet.java:532)- Initializing Servlet 'dispatcherServlet'
2023-07-10 14:20:51,600 INFO (FrameworkServlet.java:554)- Completed initialization in 1 ms
2023-07-10 14:20:51,617 INFO (AbstractConnectionFactory.java:630)- Attempting to connect to: [192.168.10.110:5672]
2023-07-10 14:20:59,407 INFO (HikariDataSource.java:110)- HikariPool-1 - Starting...
2023-07-10 14:20:59,739 INFO (HikariPool.java:565)- HikariPool-1 - Added connection com.mysql.cj.jdbc.ConnectionImpl@187bce14
2023-07-10 14:20:59,742 INFO (HikariDataSource.java:123)- HikariPool-1 - Start completed.
2023-07-10 14:20:59,751 DEBUG (BaseJdbcLogger.java:137)- ==>  Preparing: SELECT id,link_name,link_url,sort,is_open,create_time,update_time FROM home_friend_link ORDER BY sort ASC
2023-07-10 14:20:59,752 DEBUG (BaseJdbcLogger.java:137)- ==>  Preparing: SELECT id,type,sort,book_id,create_time,update_time FROM home_book ORDER BY sort ASC
2023-07-10 14:20:59,803 DEBUG (BaseJdbcLogger.java:137)- ==> Parameters: 
2023-07-10 14:20:59,803 DEBUG (BaseJdbcLogger.java:137)- ==> Parameters: 
2023-07-10 14:20:59,846 DEBUG (BaseJdbcLogger.java:137)- <==      Total: 4
2023-07-10 14:20:59,857 DEBUG (BaseJdbcLogger.java:137)- <==      Total: 31
2023-07-10 14:20:59,981 INFO (NamingClientProxyDelegate.java:167)- [SUBSCRIBE-SERVICE] service:novel-book-service, group:DEFAULT_GROUP, clusters: 
2023-07-10 14:20:59,992 INFO (ServiceInfoHolder.java:184)- init new ips(0) service: DEFAULT_GROUP@@novel-book-service -> []
2023-07-10 14:20:59,993 INFO (ServiceInfoHolder.java:169)- current ips:(0) service: DEFAULT_GROUP@@novel-book-service -> []
2023-07-10 14:21:00,008 WARN (RoundRobinLoadBalancer.java:98)- No servers available for service: novel-book-service
2023-07-10 14:21:00,014 WARN (RetryableFeignBlockingLoadBalancerClient.java:166)- Service instance was not resolved, executing the original request
2023-07-10 14:21:00,539 INFO (LoggerUtils.java:60)- [7ca0a7e1-fa10-449f-9a4b-a23638d0fc75] Receive server push request, request = NotifySubscriberRequest, requestId = 5
2023-07-10 14:21:00,540 INFO (LoggerUtils.java:60)- [7ca0a7e1-fa10-449f-9a4b-a23638d0fc75] Ack server push request, request = NotifySubscriberRequest, requestId = 5
2023-07-10 14:21:15,667 INFO (AbstractConnectionFactory.java:630)- Attempting to connect to: [192.168.10.110:5672]
2023-07-10 14:21:31,777 DEBUG (BaseJdbcLogger.java:137)- ==>  Preparing: SELECT id,type,sort,book_id,create_time,update_time FROM home_book ORDER BY sort ASC
2023-07-10 14:21:31,778 DEBUG (BaseJdbcLogger.java:137)- ==> Parameters: 
2023-07-10 14:21:31,783 DEBUG (BaseJdbcLogger.java:137)- <==      Total: 31
2023-07-10 14:21:31,792 WARN (RoundRobinLoadBalancer.java:98)- No servers available for service: novel-book-service
2023-07-10 14:21:31,793 WARN (RetryableFeignBlockingLoadBalancerClient.java:166)- Service instance was not resolved, executing the original request
2023-07-10 14:21:39,705 INFO (AbstractConnectionFactory.java:630)- Attempting to connect to: [192.168.10.110:5672]
2023-07-10 14:22:00,728 WARN (AbstractHealthIndicator.java:94)- Rabbit health check failed
org.springframework.amqp.AmqpConnectException: java.net.ConnectException: Connection timed out: no further information
	at org.springframework.amqp.rabbit.support.RabbitExceptionTranslator.convertRabbitAccessException(RabbitExceptionTranslator.java:61)
	at org.springframework.amqp.rabbit.connection.AbstractConnectionFactory.createBareConnection(AbstractConnectionFactory.java:594)
	at org.springframework.amqp.rabbit.connection.CachingConnectionFactory.createConnection(CachingConnectionFactory.java:687)
	at org.springframework.amqp.rabbit.connection.ConnectionFactoryUtils.createConnection(ConnectionFactoryUtils.java:257)
	at org.springframework.amqp.rabbit.core.RabbitTemplate.doExecute(RabbitTemplate.java:2225)
	at org.springframework.amqp.rabbit.core.RabbitTemplate.lambda$execute$13(RabbitTemplate.java:2187)
	at org.springframework.retry.support.RetryTemplate.doExecute(RetryTemplate.java:329)
	at org.springframework.retry.support.RetryTemplate.execute(RetryTemplate.java:225)
	at org.springframework.amqp.rabbit.core.RabbitTemplate.execute(RabbitTemplate.java:2186)
	at org.springframework.amqp.rabbit.core.RabbitTemplate.execute(RabbitTemplate.java:2178)
	at org.springframework.boot.actuate.amqp.RabbitHealthIndicator.getVersion(RabbitHealthIndicator.java:49)
	at org.springframework.boot.actuate.amqp.RabbitHealthIndicator.doHealthCheck(RabbitHealthIndicator.java:44)
	at org.springframework.boot.actuate.health.AbstractHealthIndicator.health(AbstractHealthIndicator.java:82)
	at org.springframework.boot.actuate.health.HealthIndicator.getHealth(HealthIndicator.java:37)
	at org.springframework.boot.actuate.health.HealthEndpoint.getHealth(HealthEndpoint.java:82)
	at org.springframework.boot.actuate.health.HealthEndpoint.getHealth(HealthEndpoint.java:41)
	at org.springframework.boot.actuate.health.HealthEndpointSupport.getLoggedHealth(HealthEndpointSupport.java:172)
	at org.springframework.boot.actuate.health.HealthEndpointSupport.getContribution(HealthEndpointSupport.java:145)
	at org.springframework.boot.actuate.health.HealthEndpointSupport.getAggregateContribution(HealthEndpointSupport.java:156)
	at org.springframework.boot.actuate.health.HealthEndpointSupport.getContribution(HealthEndpointSupport.java:141)
	at org.springframework.boot.actuate.health.HealthEndpointSupport.getHealth(HealthEndpointSupport.java:110)
	at org.springframework.boot.actuate.health.HealthEndpointSupport.getHealth(HealthEndpointSupport.java:81)
	at org.springframework.boot.actuate.health.HealthEndpoint.health(HealthEndpoint.java:76)
	at org.springframework.boot.actuate.health.HealthEndpoint.health(HealthEndpoint.java:66)
	at java.base/jdk.internal.reflect.NativeMethodAccessorImpl.invoke0(Native Method)
	at java.base/jdk.internal.reflect.NativeMethodAccessorImpl.invoke(NativeMethodAccessorImpl.java:77)
	at java.base/jdk.internal.reflect.DelegatingMethodAccessorImpl.invoke(DelegatingMethodAccessorImpl.java:43)
	at java.base/java.lang.reflect.Method.invoke(Method.java:568)
	at org.springframework.util.ReflectionUtils.invokeMethod(ReflectionUtils.java:281)
	at org.springframework.boot.actuate.endpoint.invoke.reflect.ReflectiveOperationInvoker.invoke(ReflectiveOperationInvoker.java:74)
	at org.springframework.boot.actuate.endpoint.annotation.AbstractDiscoveredOperation.invoke(AbstractDiscoveredOperation.java:60)
	at org.springframework.boot.actuate.endpoint.jmx.EndpointMBean.invoke(EndpointMBean.java:124)
	at org.springframework.boot.actuate.endpoint.jmx.EndpointMBean.invoke(EndpointMBean.java:97)
	at java.management/com.sun.jmx.interceptor.DefaultMBeanServerInterceptor.invoke(DefaultMBeanServerInterceptor.java:814)
	at java.management/com.sun.jmx.mbeanserver.JmxMBeanServer.invoke(JmxMBeanServer.java:802)
	at java.management.rmi/javax.management.remote.rmi.RMIConnectionImpl.doOperation(RMIConnectionImpl.java:1472)
	at java.management.rmi/javax.management.remote.rmi.RMIConnectionImpl$PrivilegedOperation.run(RMIConnectionImpl.java:1310)
	at java.management.rmi/javax.management.remote.rmi.RMIConnectionImpl.doPrivilegedOperation(RMIConnectionImpl.java:1405)
	at java.management.rmi/javax.management.remote.rmi.RMIConnectionImpl.invoke(RMIConnectionImpl.java:829)
	at java.base/jdk.internal.reflect.GeneratedMethodAccessor50.invoke(Unknown Source)
	at java.base/jdk.internal.reflect.DelegatingMethodAccessorImpl.invoke(DelegatingMethodAccessorImpl.java:43)
	at java.base/java.lang.reflect.Method.invoke(Method.java:568)
	at java.rmi/sun.rmi.server.UnicastServerRef.dispatch(UnicastServerRef.java:360)
	at java.rmi/sun.rmi.transport.Transport$1.run(Transport.java:200)
	at java.rmi/sun.rmi.transport.Transport$1.run(Transport.java:197)
	at java.base/java.security.AccessController.doPrivileged(AccessController.java:712)
	at java.rmi/sun.rmi.transport.Transport.serviceCall(Transport.java:196)
	at java.rmi/sun.rmi.transport.tcp.TCPTransport.handleMessages(TCPTransport.java:587)
	at java.rmi/sun.rmi.transport.tcp.TCPTransport$ConnectionHandler.run0(TCPTransport.java:828)
	at java.rmi/sun.rmi.transport.tcp.TCPTransport$ConnectionHandler.lambda$run$0(TCPTransport.java:705)
	at java.base/java.security.AccessController.doPrivileged(AccessController.java:399)
	at java.rmi/sun.rmi.transport.tcp.TCPTransport$ConnectionHandler.run(TCPTransport.java:704)
	at java.base/java.util.concurrent.ThreadPoolExecutor.runWorker(ThreadPoolExecutor.java:1136)
	at java.base/java.util.concurrent.ThreadPoolExecutor$Worker.run(ThreadPoolExecutor.java:635)
	at java.base/java.lang.Thread.run(Thread.java:833)
Caused by: java.net.ConnectException: Connection timed out: no further information
	at java.base/sun.nio.ch.Net.pollConnect(Native Method)
	at java.base/sun.nio.ch.Net.pollConnectNow(Net.java:672)
	at java.base/sun.nio.ch.NioSocketImpl.timedFinishConnect(NioSocketImpl.java:549)
	at java.base/sun.nio.ch.NioSocketImpl.connect(NioSocketImpl.java:597)
	at java.base/java.net.SocksSocketImpl.connect(SocksSocketImpl.java:327)
	at java.base/java.net.Socket.connect(Socket.java:633)
	at com.rabbitmq.client.impl.SocketFrameHandlerFactory.create(SocketFrameHandlerFactory.java:59)
	at com.rabbitmq.client.ConnectionFactory.newConnection(ConnectionFactory.java:1223)
	at com.rabbitmq.client.ConnectionFactory.newConnection(ConnectionFactory.java:1173)
	at org.springframework.amqp.rabbit.connection.AbstractConnectionFactory.connectAddresses(AbstractConnectionFactory.java:632)
	at org.springframework.amqp.rabbit.connection.AbstractConnectionFactory.connect(AbstractConnectionFactory.java:607)
	at org.springframework.amqp.rabbit.connection.AbstractConnectionFactory.createBareConnection(AbstractConnectionFactory.java:557)
	... 53 common frames omitted
2023-07-10 14:22:00,731 WARN (HealthEndpointSupport.java:181)- Health contributor org.springframework.boot.actuate.amqp.RabbitHealthIndicator (rabbit) took 69116ms to respond
2023-07-10 14:22:12,490 INFO (LoggerUtils.java:60)- [7ca0a7e1-fa10-449f-9a4b-a23638d0fc75] Receive server push request, request = NotifySubscriberRequest, requestId = 7
2023-07-10 14:22:12,491 INFO (ServiceInfoHolder.java:235)- new ips(1) service: DEFAULT_GROUP@@novel-book-service -> [{"ip":"192.168.43.1","port":9020,"weight":1.0,"healthy":true,"enabled":true,"ephemeral":true,"clusterName":"DEFAULT","serviceName":"DEFAULT_GROUP@@novel-book-service","metadata":{"preserved.register.source":"SPRING_CLOUD"},"instanceHeartBeatTimeOut":15000,"instanceHeartBeatInterval":5000,"ipDeleteTimeout":30000}]
2023-07-10 14:22:12,491 INFO (ServiceInfoHolder.java:169)- current ips:(1) service: DEFAULT_GROUP@@novel-book-service -> [{"ip":"192.168.43.1","port":9020,"weight":1.0,"healthy":true,"enabled":true,"ephemeral":true,"clusterName":"DEFAULT","serviceName":"DEFAULT_GROUP@@novel-book-service","metadata":{"preserved.register.source":"SPRING_CLOUD"},"instanceHeartBeatTimeOut":15000,"instanceHeartBeatInterval":5000,"ipDeleteTimeout":30000}]
2023-07-10 14:22:12,492 INFO (LoggerUtils.java:60)- [7ca0a7e1-fa10-449f-9a4b-a23638d0fc75] Ack server push request, request = NotifySubscriberRequest, requestId = 7
2023-07-10 14:22:16,392 DEBUG (BaseJdbcLogger.java:137)- ==>  Preparing: SELECT id,type,sort,book_id,create_time,update_time FROM home_book ORDER BY sort ASC
2023-07-10 14:22:16,394 DEBUG (BaseJdbcLogger.java:137)- ==> Parameters: 
2023-07-10 14:22:16,398 DEBUG (BaseJdbcLogger.java:137)- <==      Total: 31
2023-07-10 15:51:31,444 WARN (HttpClientBeanHolder.java:102)- [HttpClientBeanHolder] Start destroying common HttpClient
2023-07-10 15:51:31,444 WARN (NotifyCenter.java:136)- [NotifyCenter] Start destroying Publisher
2023-07-10 15:51:31,457 WARN (NotifyCenter.java:153)- [NotifyCenter] Destruction of the end
2023-07-10 15:51:31,463 WARN (HttpClientBeanHolder.java:111)- [HttpClientBeanHolder] Destruction of the end
2023-07-10 15:51:31,542 INFO (QuartzScheduler.java:585)- Scheduler quartzScheduler_$_NON_CLUSTERED paused.
2023-07-10 15:51:31,554 INFO (Undertow.java:259)- stopping server: Undertow - 2.3.4.Final
2023-07-10 15:51:31,578 INFO (ServletContextImpl.java:372)- Destroying Spring FrameworkServlet 'dispatcherServlet'
2023-07-10 15:51:31,616 INFO (SchedulerFactoryBean.java:847)- Shutting down Quartz Scheduler
2023-07-10 15:51:31,616 INFO (QuartzScheduler.java:666)- Scheduler quartzScheduler_$_NON_CLUSTERED shutting down.
2023-07-10 15:51:31,616 INFO (QuartzScheduler.java:585)- Scheduler quartzScheduler_$_NON_CLUSTERED paused.
2023-07-10 15:51:31,617 INFO (QuartzScheduler.java:740)- Scheduler quartzScheduler_$_NON_CLUSTERED shutdown complete.
2023-07-10 15:51:31,646 INFO (NacosServiceRegistry.java:95)- De-registering from Nacos Server now...
2023-07-10 15:51:31,649 INFO (NamingGrpcClientProxy.java:216)- [DEREGISTER-SERVICE] public deregistering service novel-home-service with instance: Instance{instanceId='null', ip='192.168.43.1', port=9001, weight=1.0, healthy=true, enabled=true, ephemeral=true, clusterName='DEFAULT', serviceName='null', metadata={}}
2023-07-10 15:51:31,655 INFO (NacosServiceRegistry.java:115)- De-registration finished.
2023-07-10 15:51:31,660 INFO (ServiceInfoHolder.java:256)- com.alibaba.nacos.client.naming.cache.ServiceInfoHolder do shutdown begin
2023-07-10 15:51:31,660 INFO (FailoverReactor.java:133)- com.alibaba.nacos.client.naming.backups.FailoverReactor do shutdown begin
2023-07-10 15:51:31,661 INFO (FailoverReactor.java:135)- com.alibaba.nacos.client.naming.backups.FailoverReactor do shutdown stop
2023-07-10 15:51:31,661 INFO (ServiceInfoHolder.java:258)- com.alibaba.nacos.client.naming.cache.ServiceInfoHolder do shutdown stop
2023-07-10 15:51:31,661 INFO (NamingClientProxyDelegate.java:204)- com.alibaba.nacos.client.naming.remote.NamingClientProxyDelegate do shutdown begin
2023-07-10 15:51:31,661 INFO (ServiceInfoUpdateService.java:143)- com.alibaba.nacos.client.naming.core.ServiceInfoUpdateService do shutdown begin
2023-07-10 15:51:31,661 INFO (ServiceInfoUpdateService.java:145)- com.alibaba.nacos.client.naming.core.ServiceInfoUpdateService do shutdown stop
2023-07-10 15:51:31,661 INFO (ServerListManager.java:194)- com.alibaba.nacos.client.naming.core.ServerListManager do shutdown begin
2023-07-10 15:51:31,662 WARN (NamingHttpClientManager.java:74)- [NamingHttpClientManager] Start destroying NacosRestTemplate
2023-07-10 15:51:31,662 WARN (NamingHttpClientManager.java:81)- [NamingHttpClientManager] Destruction of the end
2023-07-10 15:51:31,662 INFO (ServerListManager.java:199)- com.alibaba.nacos.client.naming.core.ServerListManager do shutdown stop
2023-07-10 15:51:31,662 INFO (NamingHttpClientProxy.java:484)- com.alibaba.nacos.client.naming.remote.http.NamingHttpClientProxy do shutdown begin
2023-07-10 15:51:31,662 WARN (NamingHttpClientManager.java:74)- [NamingHttpClientManager] Start destroying NacosRestTemplate
2023-07-10 15:51:31,662 WARN (NamingHttpClientManager.java:81)- [NamingHttpClientManager] Destruction of the end
2023-07-10 15:51:31,662 INFO (NamingHttpClientProxy.java:486)- com.alibaba.nacos.client.naming.remote.http.NamingHttpClientProxy do shutdown stop
2023-07-10 15:51:31,662 INFO (RpcClient.java:425)- Shutdown rpc client, set status to shutdown
2023-07-10 15:51:31,663 INFO (RpcClient.java:427)- Shutdown client event executor java.util.concurrent.ScheduledThreadPoolExecutor@6db40f87[Running, pool size = 2, active threads = 2, queued tasks = 0, completed tasks = 0]
2023-07-10 15:51:31,664 INFO (RpcClient.java:580)- Close current connection 1688970051289_127.0.0.1_64958
2023-07-10 15:51:31,666 INFO (LoggerUtils.java:60)- [1688970051289_127.0.0.1_64958]Ignore complete event,isRunning:false,isAbandon=false
2023-07-10 15:51:31,684 INFO (GrpcClient.java:140)- Shutdown grpc executor java.util.concurrent.ThreadPoolExecutor@c1c2cf1[Running, pool size = 4, active threads = 0, queued tasks = 0, completed tasks = 1116]
2023-07-10 15:51:31,685 INFO (NamingGrpcRedoService.java:292)- Shutdown grpc redo service executor java.util.concurrent.ScheduledThreadPoolExecutor@5a47b27[Running, pool size = 1, active threads = 0, queued tasks = 1, completed tasks = 1812]
2023-07-10 15:51:31,685 INFO (CredentialWatcher.java:106)- [null] CredentialWatcher is stopped
2023-07-10 15:51:31,686 INFO (CredentialService.java:100)- [null] CredentialService is freed
2023-07-10 15:51:31,686 INFO (NamingClientProxyDelegate.java:211)- com.alibaba.nacos.client.naming.remote.NamingClientProxyDelegate do shutdown stop
2023-07-10 15:51:31,746 INFO (HikariDataSource.java:350)- HikariPool-1 - Shutdown initiated...
2023-07-10 15:51:31,752 INFO (HikariDataSource.java:352)- HikariPool-1 - Shutdown completed.
