2023-07-02 14:53:11,200 WARN (NacosLogging.java:64)- Load Logback Configuration of Nacos fail, message: org/slf4j/impl/StaticLoggerBinder
2023-07-02 14:53:11,204 WARN (NacosLogging.java:64)- Load Logback Configuration of Nacos fail, message: org/slf4j/impl/StaticLoggerBinder
2023-07-02 14:53:11,223 INFO (LocalConfigInfoProcessor.java:68)- LOCAL_SNAPSHOT_PATH:C:\Users\yisheng\nacos\config
2023-07-02 14:53:11,226 INFO (RpcClientFactory.java:94)- [RpcClientFactory] create a new rpc client of 40977d6b-8600-4f6e-8c5c-80be4c378b7f_config-0
2023-07-02 14:53:11,234 INFO (LoggerUtils.java:60)- [40977d6b-8600-4f6e-8c5c-80be4c378b7f_config-0] Register server push request handler:com.alibaba.nacos.client.config.impl.ClientWorker$ConfigRpcTransportClient$$Lambda$651/0x0000000800fc64c0
2023-07-02 14:53:11,235 INFO (LoggerUtils.java:60)- [40977d6b-8600-4f6e-8c5c-80be4c378b7f_config-0] Register server push request handler:com.alibaba.nacos.client.config.impl.ClientWorker$ConfigRpcTransportClient$$Lambda$652/0x0000000800fc68e0
2023-07-02 14:53:11,235 INFO (LoggerUtils.java:60)- [40977d6b-8600-4f6e-8c5c-80be4c378b7f_config-0] Registry connection listener to current client:com.alibaba.nacos.client.config.impl.ClientWorker$ConfigRpcTransportClient$1
2023-07-02 14:53:11,236 INFO (LoggerUtils.java:60)- [40977d6b-8600-4f6e-8c5c-80be4c378b7f_config-0] RpcClient init, ServerListFactory = com.alibaba.nacos.client.config.impl.ClientWorker$ConfigRpcTransportClient$2
2023-07-02 14:53:11,246 INFO (LoggerUtils.java:60)- [40977d6b-8600-4f6e-8c5c-80be4c378b7f_config-0] Try to connect to server on start up, server: {serverIp = '127.0.0.1', server main port = 8848}
2023-07-02 14:53:11,861 INFO (LoggerUtils.java:60)- [40977d6b-8600-4f6e-8c5c-80be4c378b7f_config-0] Success to connect to server [127.0.0.1:8848] on start up, connectionId = 1688280791681_127.0.0.1_50290
2023-07-02 14:53:11,863 INFO (LoggerUtils.java:60)- [40977d6b-8600-4f6e-8c5c-80be4c378b7f_config-0] Notify connected event to listeners.
2023-07-02 14:53:11,863 INFO (LoggerUtils.java:60)- [40977d6b-8600-4f6e-8c5c-80be4c378b7f_config-0] Register server push request handler:com.alibaba.nacos.common.remote.client.RpcClient$ConnectResetRequestHandler
2023-07-02 14:53:11,863 INFO (ClientWorker.java:638)- [40977d6b-8600-4f6e-8c5c-80be4c378b7f_config-0] Connected,notify listen context...
2023-07-02 14:53:11,864 INFO (LoggerUtils.java:60)- [40977d6b-8600-4f6e-8c5c-80be4c378b7f_config-0] Register server push request handler:com.alibaba.nacos.common.remote.client.RpcClient$$Lambda$671/0x00000008010f5d28
2023-07-02 14:53:11,891 INFO (Limiter.java:62)- limitTime:5.0
2023-07-02 14:53:11,902 INFO (JvmUtil.java:54)- isMultiInstance:false
2023-07-02 14:53:11,916 WARN (NacosPropertySourceBuilder.java:87)- Ignore the empty nacos configuration and get it based on dataId[novel-rabbitmq.yml] & group[DEFAULT_GROUP]
2023-07-02 14:53:11,920 WARN (NacosPropertySourceBuilder.java:87)- Ignore the empty nacos configuration and get it based on dataId[novel-book-service] & group[DEFAULT_GROUP]
2023-07-02 14:53:11,925 WARN (NacosPropertySourceBuilder.java:87)- Ignore the empty nacos configuration and get it based on dataId[novel-book-service.yml] & group[DEFAULT_GROUP]
2023-07-02 14:53:11,931 WARN (NacosPropertySourceBuilder.java:87)- Ignore the empty nacos configuration and get it based on dataId[novel-book-service-common.yml] & group[DEFAULT_GROUP]
2023-07-02 14:53:11,935 WARN (NacosPropertySourceBuilder.java:87)- Ignore the empty nacos configuration and get it based on dataId[novel-book-service-dev.yml] & group[DEFAULT_GROUP]
2023-07-02 14:53:11,936 INFO (PropertySourceBootstrapConfiguration.java:108)- Located property source: [BootstrapPropertySource {name='bootstrapProperties-novel-book-service-dev.yml,DEFAULT_GROUP'}, BootstrapPropertySource {name='bootstrapProperties-novel-book-service-common.yml,DEFAULT_GROUP'}, BootstrapPropertySource {name='bootstrapProperties-novel-book-service.yml,DEFAULT_GROUP'}, BootstrapPropertySource {name='bootstrapProperties-novel-book-service,DEFAULT_GROUP'}, BootstrapPropertySource {name='bootstrapProperties-novel-rabbitmq.yml,DEFAULT_GROUP'}, BootstrapPropertySource {name='bootstrapProperties-novel-redis.yml,DEFAULT_GROUP'}, BootstrapPropertySource {name='bootstrapProperties-novel-mysql.yml,DEFAULT_GROUP'}]
2023-07-02 14:53:11,942 INFO (SpringApplication.java:638)- The following 2 profiles are active: "common", "dev"
2023-07-02 14:53:12,862 INFO (RepositoryConfigurationDelegate.java:291)- Multiple Spring Data modules found, entering strict repository configuration mode
2023-07-02 14:53:12,864 INFO (RepositoryConfigurationDelegate.java:138)- Bootstrapping Spring Data Redis repositories in DEFAULT mode.
2023-07-02 14:53:12,885 INFO (RepositoryConfigurationDelegate.java:208)- Finished Spring Data repository scanning in 10 ms. Found 0 Redis repository interfaces.
2023-07-02 14:53:13,078 INFO (GenericScope.java:282)- BeanFactory id=49d4bf34-4118-39ad-94a9-6d08f98f90fe
2023-07-02 14:53:13,678 WARN (Bootstrap.java:68)- UT026010: Buffer pool was not set on WebSocketDeploymentInfo, the default pool will be used
2023-07-02 14:53:13,693 INFO (ServletContextImpl.java:372)- Initializing Spring embedded WebApplicationContext
2023-07-02 14:53:13,693 INFO (ServletWebServerApplicationContext.java:291)- Root WebApplicationContext: initialization completed in 1736 ms
2023-07-02 14:53:14,643 INFO (FeignClientFactoryBean.java:437)- For 'novel-user-service' URL not provided. Will try picking an instance via load-balancing.
2023-07-02 14:53:14,917 INFO (Version.java:41)- Redisson 3.19.1
2023-07-02 14:53:15,162 INFO (ConnectionPool.java:162)- 1 connections initialized for 127.0.0.1/127.0.0.1:6379
2023-07-02 14:53:15,189 INFO (ConnectionPool.java:162)- 24 connections initialized for 127.0.0.1/127.0.0.1:6379
2023-07-02 14:53:15,472 INFO (SentinelWebMvcConfigurer.java:52)- [Sentinel Starter] register SentinelWebInterceptor with urlPatterns: [/**].
2023-07-02 14:53:16,572 INFO (StdSchedulerFactory.java:1220)- Using default implementation for ThreadExecutor
2023-07-02 14:53:16,583 INFO (SchedulerSignalerImpl.java:61)- Initialized Scheduler Signaller of type: class org.quartz.core.SchedulerSignalerImpl
2023-07-02 14:53:16,583 INFO (QuartzScheduler.java:229)- Quartz Scheduler v.2.3.2 created.
2023-07-02 14:53:16,584 INFO (RAMJobStore.java:155)- RAMJobStore initialized.
2023-07-02 14:53:16,585 INFO (QuartzScheduler.java:294)- Scheduler meta-data: Quartz Scheduler (v2.3.2) 'quartzScheduler' with instanceId 'NON_CLUSTERED'
  Scheduler class: 'org.quartz.core.QuartzScheduler' - running locally.
  NOT STARTED.
  Currently in standby mode.
  Number of jobs executed: 0
  Using thread pool 'org.quartz.simpl.SimpleThreadPool' - with 10 threads.
  Using job-store 'org.quartz.simpl.RAMJobStore' - which does not support persistence. and is not clustered.

2023-07-02 14:53:16,585 INFO (StdSchedulerFactory.java:1374)- Quartz scheduler 'quartzScheduler' initialized from an externally provided properties instance.
2023-07-02 14:53:16,585 INFO (StdSchedulerFactory.java:1378)- Quartz scheduler version: 2.3.2
2023-07-02 14:53:16,585 INFO (QuartzScheduler.java:2293)- JobFactory set to: org.springframework.scheduling.quartz.SpringBeanJobFactory@7d2dfe9c
2023-07-02 14:53:16,983 INFO (EndpointLinksResolver.java:58)- Exposing 21 endpoint(s) beneath base path '/actuator'
2023-07-02 14:53:17,100 WARN (LocalVariableTableParameterNameDiscoverer.java:123)- Using deprecated '-debug' fallback for parameter name resolution. Compile the affected code with '-parameters' instead or avoid its introspection: org.springframework.amqp.rabbit.core.RabbitAdmin
2023-07-02 14:53:17,125 INFO (Undertow.java:120)- starting server: Undertow - 2.3.4.Final
2023-07-02 14:53:17,134 INFO (Xnio.java:95)- XNIO version 3.8.8.Final
2023-07-02 14:53:17,143 INFO (NioXnio.java:58)- XNIO NIO Implementation Version 3.8.8.Final
2023-07-02 14:53:17,166 INFO (Version.java:55)- JBoss Threads version 3.5.0.Final
2023-07-02 14:53:17,209 INFO (UndertowWebServer.java:121)- Undertow started on port(s) 9020 (http)
2023-07-02 14:53:17,214 INFO (SearchableProperties.java:197)- properties search order:PROPERTIES->JVM->ENV->DEFAULT_SETTING
2023-07-02 14:53:17,215 INFO (InitUtils.java:61)- initializer namespace from System Property : null
2023-07-02 14:53:17,216 INFO (InitUtils.java:65)- initializer namespace from System Environment :null
2023-07-02 14:53:17,216 INFO (InitUtils.java:72)- initializer namespace from System Property :
2023-07-02 14:53:17,223 INFO (ClientAuthPluginManager.java:56)- [ClientAuthPluginManager] Load ClientAuthService com.alibaba.nacos.client.auth.impl.NacosClientAuthServiceImpl success.
2023-07-02 14:53:17,223 INFO (ClientAuthPluginManager.java:56)- [ClientAuthPluginManager] Load ClientAuthService com.alibaba.nacos.client.auth.ram.RamClientAuthServiceImpl success.
2023-07-02 14:53:17,227 INFO (RpcClientFactory.java:94)- [RpcClientFactory] create a new rpc client of 1b908843-a527-47a2-adf3-790f3b040382
2023-07-02 14:53:17,230 INFO (LoggerUtils.java:60)- [1b908843-a527-47a2-adf3-790f3b040382] RpcClient init, ServerListFactory = com.alibaba.nacos.client.naming.core.ServerListManager
2023-07-02 14:53:17,230 INFO (LoggerUtils.java:60)- [1b908843-a527-47a2-adf3-790f3b040382] Registry connection listener to current client:com.alibaba.nacos.client.naming.remote.gprc.redo.NamingGrpcRedoService
2023-07-02 14:53:17,231 INFO (LoggerUtils.java:60)- [1b908843-a527-47a2-adf3-790f3b040382] Register server push request handler:com.alibaba.nacos.client.naming.remote.gprc.NamingPushRequestHandler
2023-07-02 14:53:17,232 INFO (LoggerUtils.java:60)- [1b908843-a527-47a2-adf3-790f3b040382] Try to connect to server on start up, server: {serverIp = '127.0.0.1', server main port = 8848}
2023-07-02 14:53:17,354 INFO (LoggerUtils.java:60)- [1b908843-a527-47a2-adf3-790f3b040382] Success to connect to server [127.0.0.1:8848] on start up, connectionId = 1688280797238_127.0.0.1_50316
2023-07-02 14:53:17,354 INFO (LoggerUtils.java:60)- [1b908843-a527-47a2-adf3-790f3b040382] Register server push request handler:com.alibaba.nacos.common.remote.client.RpcClient$ConnectResetRequestHandler
2023-07-02 14:53:17,354 INFO (LoggerUtils.java:60)- [1b908843-a527-47a2-adf3-790f3b040382] Notify connected event to listeners.
2023-07-02 14:53:17,355 INFO (LoggerUtils.java:60)- [1b908843-a527-47a2-adf3-790f3b040382] Register server push request handler:com.alibaba.nacos.common.remote.client.RpcClient$$Lambda$671/0x00000008010f5d28
2023-07-02 14:53:17,355 INFO (NamingGrpcRedoService.java:78)- Grpc connection connect
2023-07-02 14:53:17,358 INFO (NamingGrpcClientProxy.java:120)- [REGISTER-SERVICE] public registering service novel-book-service with instance Instance{instanceId='null', ip='192.168.43.1', port=9020, weight=1.0, healthy=true, enabled=true, ephemeral=true, clusterName='DEFAULT', serviceName='null', metadata={preserved.register.source=SPRING_CLOUD}}
2023-07-02 14:53:17,369 INFO (NacosServiceRegistry.java:76)- nacos registry, DEFAULT_GROUP novel-book-service 192.168.43.1:9020 register finished
2023-07-02 14:53:17,434 INFO (SchedulerFactoryBean.java:729)- Starting Quartz Scheduler now
2023-07-02 14:53:17,434 INFO (QuartzScheduler.java:547)- Scheduler quartzScheduler_$_NON_CLUSTERED started.
2023-07-02 14:53:17,450 INFO (StartupInfoLogger.java:57)- Started NovelBookApplication in 7.469 seconds (process running for 8.081)
2023-07-02 14:53:17,455 INFO (CacheData.java:67)- nacos.cache.data.init.snapshot = true 
2023-07-02 14:53:17,456 INFO (ClientWorker.java:379)- [fixed-127.0.0.1_8848] [subscribe] novel-book-service-common.yml+DEFAULT_GROUP
2023-07-02 14:53:17,463 INFO (CacheData.java:197)- [fixed-127.0.0.1_8848] [add-listener] ok, tenant=, dataId=novel-book-service-common.yml, group=DEFAULT_GROUP, cnt=1
2023-07-02 14:53:17,463 INFO (NacosContextRefresher.java:129)- [Nacos Config] Listening config: dataId=novel-book-service-common.yml, group=DEFAULT_GROUP
2023-07-02 14:53:17,464 INFO (ClientWorker.java:379)- [fixed-127.0.0.1_8848] [subscribe] novel-mysql.yml+DEFAULT_GROUP
2023-07-02 14:53:17,465 INFO (CacheData.java:197)- [fixed-127.0.0.1_8848] [add-listener] ok, tenant=, dataId=novel-mysql.yml, group=DEFAULT_GROUP, cnt=1
2023-07-02 14:53:17,465 INFO (NacosContextRefresher.java:129)- [Nacos Config] Listening config: dataId=novel-mysql.yml, group=DEFAULT_GROUP
2023-07-02 14:53:17,465 INFO (ClientWorker.java:379)- [fixed-127.0.0.1_8848] [subscribe] novel-redis.yml+DEFAULT_GROUP
2023-07-02 14:53:17,466 INFO (CacheData.java:197)- [fixed-127.0.0.1_8848] [add-listener] ok, tenant=, dataId=novel-redis.yml, group=DEFAULT_GROUP, cnt=1
2023-07-02 14:53:17,466 INFO (NacosContextRefresher.java:129)- [Nacos Config] Listening config: dataId=novel-redis.yml, group=DEFAULT_GROUP
2023-07-02 14:53:17,466 INFO (ClientWorker.java:379)- [fixed-127.0.0.1_8848] [subscribe] novel-book-service-dev.yml+DEFAULT_GROUP
2023-07-02 14:53:17,466 INFO (CacheData.java:197)- [fixed-127.0.0.1_8848] [add-listener] ok, tenant=, dataId=novel-book-service-dev.yml, group=DEFAULT_GROUP, cnt=1
2023-07-02 14:53:17,466 INFO (NacosContextRefresher.java:129)- [Nacos Config] Listening config: dataId=novel-book-service-dev.yml, group=DEFAULT_GROUP
2023-07-02 14:53:17,467 INFO (ClientWorker.java:379)- [fixed-127.0.0.1_8848] [subscribe] novel-rabbitmq.yml+DEFAULT_GROUP
2023-07-02 14:53:17,467 INFO (CacheData.java:197)- [fixed-127.0.0.1_8848] [add-listener] ok, tenant=, dataId=novel-rabbitmq.yml, group=DEFAULT_GROUP, cnt=1
2023-07-02 14:53:17,467 INFO (NacosContextRefresher.java:129)- [Nacos Config] Listening config: dataId=novel-rabbitmq.yml, group=DEFAULT_GROUP
2023-07-02 14:53:17,467 INFO (ClientWorker.java:379)- [fixed-127.0.0.1_8848] [subscribe] novel-book-service.yml+DEFAULT_GROUP
2023-07-02 14:53:17,467 INFO (CacheData.java:197)- [fixed-127.0.0.1_8848] [add-listener] ok, tenant=, dataId=novel-book-service.yml, group=DEFAULT_GROUP, cnt=1
2023-07-02 14:53:17,468 INFO (NacosContextRefresher.java:129)- [Nacos Config] Listening config: dataId=novel-book-service.yml, group=DEFAULT_GROUP
2023-07-02 14:53:17,468 INFO (ClientWorker.java:379)- [fixed-127.0.0.1_8848] [subscribe] novel-book-service+DEFAULT_GROUP
2023-07-02 14:53:17,468 INFO (CacheData.java:197)- [fixed-127.0.0.1_8848] [add-listener] ok, tenant=, dataId=novel-book-service, group=DEFAULT_GROUP, cnt=1
2023-07-02 14:53:17,468 INFO (NacosContextRefresher.java:129)- [Nacos Config] Listening config: dataId=novel-book-service, group=DEFAULT_GROUP
2023-07-02 14:53:17,748 INFO (ServletContextImpl.java:372)- Initializing Spring DispatcherServlet 'dispatcherServlet'
2023-07-02 14:53:17,749 INFO (FrameworkServlet.java:532)- Initializing Servlet 'dispatcherServlet'
2023-07-02 14:53:17,751 INFO (FrameworkServlet.java:554)- Completed initialization in 2 ms
2023-07-02 14:53:17,775 INFO (AbstractConnectionFactory.java:630)- Attempting to connect to: [192.168.10.110:5672]
2023-07-02 14:53:41,825 INFO (AbstractConnectionFactory.java:630)- Attempting to connect to: [192.168.10.110:5672]
2023-07-02 14:54:05,859 INFO (AbstractConnectionFactory.java:630)- Attempting to connect to: [192.168.10.110:5672]
2023-07-02 14:54:26,911 WARN (AbstractHealthIndicator.java:94)- Rabbit health check failed
org.springframework.amqp.AmqpConnectException: java.net.ConnectException: Connection timed out: no further information
	at org.springframework.amqp.rabbit.support.RabbitExceptionTranslator.convertRabbitAccessException(RabbitExceptionTranslator.java:61)
	at org.springframework.amqp.rabbit.connection.AbstractConnectionFactory.createBareConnection(AbstractConnectionFactory.java:594)
	at org.springframework.amqp.rabbit.connection.CachingConnectionFactory.createConnection(CachingConnectionFactory.java:687)
	at org.springframework.amqp.rabbit.connection.ConnectionFactoryUtils.createConnection(ConnectionFactoryUtils.java:257)
	at org.springframework.amqp.rabbit.core.RabbitTemplate.doExecute(RabbitTemplate.java:2225)
	at org.springframework.amqp.rabbit.core.RabbitTemplate.lambda$execute$13(RabbitTemplate.java:2187)
	at org.springframework.retry.support.RetryTemplate.doExecute(RetryTemplate.java:329)
	at org.springframework.retry.support.RetryTemplate.execute(RetryTemplate.java:225)
	at org.springframework.amqp.rabbit.core.RabbitTemplate.execute(RabbitTemplate.java:2186)
	at org.springframework.amqp.rabbit.core.RabbitTemplate.execute(RabbitTemplate.java:2178)
	at org.springframework.boot.actuate.amqp.RabbitHealthIndicator.getVersion(RabbitHealthIndicator.java:49)
	at org.springframework.boot.actuate.amqp.RabbitHealthIndicator.doHealthCheck(RabbitHealthIndicator.java:44)
	at org.springframework.boot.actuate.health.AbstractHealthIndicator.health(AbstractHealthIndicator.java:82)
	at org.springframework.boot.actuate.health.HealthIndicator.getHealth(HealthIndicator.java:37)
	at org.springframework.boot.actuate.health.HealthEndpoint.getHealth(HealthEndpoint.java:82)
	at org.springframework.boot.actuate.health.HealthEndpoint.getHealth(HealthEndpoint.java:41)
	at org.springframework.boot.actuate.health.HealthEndpointSupport.getLoggedHealth(HealthEndpointSupport.java:172)
	at org.springframework.boot.actuate.health.HealthEndpointSupport.getContribution(HealthEndpointSupport.java:145)
	at org.springframework.boot.actuate.health.HealthEndpointSupport.getAggregateContribution(HealthEndpointSupport.java:156)
	at org.springframework.boot.actuate.health.HealthEndpointSupport.getContribution(HealthEndpointSupport.java:141)
	at org.springframework.boot.actuate.health.HealthEndpointSupport.getHealth(HealthEndpointSupport.java:110)
	at org.springframework.boot.actuate.health.HealthEndpointSupport.getHealth(HealthEndpointSupport.java:81)
	at org.springframework.boot.actuate.health.HealthEndpoint.health(HealthEndpoint.java:76)
	at org.springframework.boot.actuate.health.HealthEndpoint.health(HealthEndpoint.java:66)
	at java.base/jdk.internal.reflect.NativeMethodAccessorImpl.invoke0(Native Method)
	at java.base/jdk.internal.reflect.NativeMethodAccessorImpl.invoke(NativeMethodAccessorImpl.java:77)
	at java.base/jdk.internal.reflect.DelegatingMethodAccessorImpl.invoke(DelegatingMethodAccessorImpl.java:43)
	at java.base/java.lang.reflect.Method.invoke(Method.java:568)
	at org.springframework.util.ReflectionUtils.invokeMethod(ReflectionUtils.java:281)
	at org.springframework.boot.actuate.endpoint.invoke.reflect.ReflectiveOperationInvoker.invoke(ReflectiveOperationInvoker.java:74)
	at org.springframework.boot.actuate.endpoint.annotation.AbstractDiscoveredOperation.invoke(AbstractDiscoveredOperation.java:60)
	at org.springframework.boot.actuate.endpoint.jmx.EndpointMBean.invoke(EndpointMBean.java:124)
	at org.springframework.boot.actuate.endpoint.jmx.EndpointMBean.invoke(EndpointMBean.java:97)
	at java.management/com.sun.jmx.interceptor.DefaultMBeanServerInterceptor.invoke(DefaultMBeanServerInterceptor.java:814)
	at java.management/com.sun.jmx.mbeanserver.JmxMBeanServer.invoke(JmxMBeanServer.java:802)
	at java.management.rmi/javax.management.remote.rmi.RMIConnectionImpl.doOperation(RMIConnectionImpl.java:1472)
	at java.management.rmi/javax.management.remote.rmi.RMIConnectionImpl$PrivilegedOperation.run(RMIConnectionImpl.java:1310)
	at java.management.rmi/javax.management.remote.rmi.RMIConnectionImpl.doPrivilegedOperation(RMIConnectionImpl.java:1405)
	at java.management.rmi/javax.management.remote.rmi.RMIConnectionImpl.invoke(RMIConnectionImpl.java:829)
	at java.base/jdk.internal.reflect.GeneratedMethodAccessor50.invoke(Unknown Source)
	at java.base/jdk.internal.reflect.DelegatingMethodAccessorImpl.invoke(DelegatingMethodAccessorImpl.java:43)
	at java.base/java.lang.reflect.Method.invoke(Method.java:568)
	at java.rmi/sun.rmi.server.UnicastServerRef.dispatch(UnicastServerRef.java:360)
	at java.rmi/sun.rmi.transport.Transport$1.run(Transport.java:200)
	at java.rmi/sun.rmi.transport.Transport$1.run(Transport.java:197)
	at java.base/java.security.AccessController.doPrivileged(AccessController.java:712)
	at java.rmi/sun.rmi.transport.Transport.serviceCall(Transport.java:196)
	at java.rmi/sun.rmi.transport.tcp.TCPTransport.handleMessages(TCPTransport.java:587)
	at java.rmi/sun.rmi.transport.tcp.TCPTransport$ConnectionHandler.run0(TCPTransport.java:828)
	at java.rmi/sun.rmi.transport.tcp.TCPTransport$ConnectionHandler.lambda$run$0(TCPTransport.java:705)
	at java.base/java.security.AccessController.doPrivileged(AccessController.java:399)
	at java.rmi/sun.rmi.transport.tcp.TCPTransport$ConnectionHandler.run(TCPTransport.java:704)
	at java.base/java.util.concurrent.ThreadPoolExecutor.runWorker(ThreadPoolExecutor.java:1136)
	at java.base/java.util.concurrent.ThreadPoolExecutor$Worker.run(ThreadPoolExecutor.java:635)
	at java.base/java.lang.Thread.run(Thread.java:833)
Caused by: java.net.ConnectException: Connection timed out: no further information
	at java.base/sun.nio.ch.Net.pollConnect(Native Method)
	at java.base/sun.nio.ch.Net.pollConnectNow(Net.java:672)
	at java.base/sun.nio.ch.NioSocketImpl.timedFinishConnect(NioSocketImpl.java:549)
	at java.base/sun.nio.ch.NioSocketImpl.connect(NioSocketImpl.java:597)
	at java.base/java.net.SocksSocketImpl.connect(SocksSocketImpl.java:327)
	at java.base/java.net.Socket.connect(Socket.java:633)
	at com.rabbitmq.client.impl.SocketFrameHandlerFactory.create(SocketFrameHandlerFactory.java:59)
	at com.rabbitmq.client.ConnectionFactory.newConnection(ConnectionFactory.java:1223)
	at com.rabbitmq.client.ConnectionFactory.newConnection(ConnectionFactory.java:1173)
	at org.springframework.amqp.rabbit.connection.AbstractConnectionFactory.connectAddresses(AbstractConnectionFactory.java:632)
	at org.springframework.amqp.rabbit.connection.AbstractConnectionFactory.connect(AbstractConnectionFactory.java:607)
	at org.springframework.amqp.rabbit.connection.AbstractConnectionFactory.createBareConnection(AbstractConnectionFactory.java:557)
	... 53 common frames omitted
2023-07-02 14:54:26,916 WARN (HealthEndpointSupport.java:181)- Health contributor org.springframework.boot.actuate.amqp.RabbitHealthIndicator (rabbit) took 69145ms to respond
2023-07-02 14:54:26,921 INFO (HikariDataSource.java:110)- HikariPool-1 - Starting...
2023-07-02 14:54:27,189 INFO (HikariPool.java:565)- HikariPool-1 - Added connection com.mysql.cj.jdbc.ConnectionImpl@5581ea9e
2023-07-02 14:54:27,204 INFO (HikariDataSource.java:123)- HikariPool-1 - Start completed.
2023-07-02 14:57:36,113 DEBUG (BaseJdbcLogger.java:137)- ==>  Preparing: SELECT id,work_direction,category_id,category_name,pic_url,book_name,author_id,author_name,book_desc,score,book_status,visit_count,word_count,comment_count,last_chapter_id,last_chapter_name,last_chapter_update_time,is_vip,create_time,update_time FROM book_info WHERE (word_count > ? AND word_count > ?) ORDER BY create_time DESC limit 30
2023-07-02 14:57:36,113 DEBUG (BaseJdbcLogger.java:137)- ==>  Preparing: SELECT id,work_direction,category_id,category_name,pic_url,book_name,author_id,author_name,book_desc,score,book_status,visit_count,word_count,comment_count,last_chapter_id,last_chapter_name,last_chapter_update_time,is_vip,create_time,update_time FROM book_info WHERE (word_count > ?) ORDER BY visit_count DESC limit 30
2023-07-02 14:57:36,113 DEBUG (BaseJdbcLogger.java:137)- ==>  Preparing: SELECT id,work_direction,category_id,category_name,pic_url,book_name,author_id,author_name,book_desc,score,book_status,visit_count,word_count,comment_count,last_chapter_id,last_chapter_name,last_chapter_update_time,is_vip,create_time,update_time FROM book_info WHERE (word_count > ? AND word_count > ?) ORDER BY update_time DESC limit 30
2023-07-02 14:57:36,170 DEBUG (BaseJdbcLogger.java:137)- ==> Parameters: 0(Integer)
2023-07-02 14:57:36,170 DEBUG (BaseJdbcLogger.java:137)- ==> Parameters: 0(Integer), 0(Integer)
2023-07-02 14:57:36,170 DEBUG (BaseJdbcLogger.java:137)- ==> Parameters: 0(Integer), 0(Integer)
2023-07-02 14:57:36,254 DEBUG (BaseJdbcLogger.java:137)- <==      Total: 30
2023-07-02 14:57:36,258 DEBUG (BaseJdbcLogger.java:137)- <==      Total: 30
2023-07-02 14:57:36,261 DEBUG (BaseJdbcLogger.java:137)- <==      Total: 30
2023-07-02 14:57:36,439 DEBUG (BaseJdbcLogger.java:137)- ==>  Preparing: SELECT id,work_direction,category_id,category_name,pic_url,book_name,author_id,author_name,book_desc,score,book_status,visit_count,word_count,comment_count,last_chapter_id,last_chapter_name,last_chapter_update_time,is_vip,create_time,update_time FROM book_info WHERE (id IN (?,?,?,?,?,?,?,?,?,?,?,?,?,?,?,?,?,?,?,?,?,?,?,?,?,?,?,?,?,?,?))
2023-07-02 14:57:36,441 DEBUG (BaseJdbcLogger.java:137)- ==> Parameters: 1334318182169681920(Long), 1334318497132552192(Long), 1334318818323963904(Long), 1334328310788882432(Long), 1334334734843609088(Long), 1334335471568912384(Long), 1337759637059973121(Long), 1337759773395824640(Long), 1337762752513486849(Long), 1337872061003993088(Long), 1337872316667793408(Long), 1337872488235798528(Long), 1337872597996539904(Long), 1337872898115768320(Long), 1337873148071120896(Long), 1337874646456864768(Long), 1337874812798767104(Long), 1337874951365988352(Long), 1337875255574663168(Long), 1337876581629038592(Long), 1337879143543476224(Long), 1337879206630002688(Long), 1337882606201475072(Long), 1337884719262470144(Long), 1337949399824781312(Long), 1337957605418520576(Long), 1337958745514233856(Long), 1337960531323047936(Long), 1337961040297644032(Long), 1337968514828390400(Long), 1337971702436515840(Long)
2023-07-02 14:57:36,449 DEBUG (BaseJdbcLogger.java:137)- <==      Total: 31
2023-07-02 14:57:43,678 DEBUG (BaseJdbcLogger.java:137)- ==>  Preparing: SELECT id,work_direction,name,sort,create_time,update_time FROM book_category WHERE (work_direction = ?)
2023-07-02 14:57:43,678 DEBUG (BaseJdbcLogger.java:137)- ==> Parameters: 0(Integer)
2023-07-02 14:57:43,682 DEBUG (BaseJdbcLogger.java:137)- <==      Total: 6
2023-07-02 14:57:48,567 DEBUG (BaseJdbcLogger.java:137)- ==>  Preparing: SELECT id,work_direction,name,sort,create_time,update_time FROM book_category WHERE (work_direction = ?)
2023-07-02 14:57:48,568 DEBUG (BaseJdbcLogger.java:137)- ==> Parameters: 1(Integer)
2023-07-02 14:57:48,569 DEBUG (BaseJdbcLogger.java:137)- <==      Total: 1
2023-07-02 14:57:51,600 DEBUG (BaseJdbcLogger.java:137)- ==>  Preparing: SELECT COUNT( * ) AS total FROM book_comment WHERE (book_id = ?)
2023-07-02 14:57:51,600 DEBUG (BaseJdbcLogger.java:137)- ==>  Preparing: SELECT id,work_direction,category_id,category_name,pic_url,book_name,author_id,author_name,book_desc,score,book_status,visit_count,word_count,comment_count,last_chapter_id,last_chapter_name,last_chapter_update_time,is_vip,create_time,update_time FROM book_info WHERE id=?
2023-07-02 14:57:51,600 DEBUG (BaseJdbcLogger.java:137)- ==>  Preparing: SELECT id,work_direction,category_id,category_name,pic_url,book_name,author_id,author_name,book_desc,score,book_status,visit_count,word_count,comment_count,last_chapter_id,last_chapter_name,last_chapter_update_time,is_vip,create_time,update_time FROM book_info WHERE id=?
2023-07-02 14:57:51,600 DEBUG (BaseJdbcLogger.java:137)- ==>  Preparing: SELECT id,work_direction,category_id,category_name,pic_url,book_name,author_id,author_name,book_desc,score,book_status,visit_count,word_count,comment_count,last_chapter_id,last_chapter_name,last_chapter_update_time,is_vip,create_time,update_time FROM book_info WHERE id=?
2023-07-02 14:57:51,601 DEBUG (BaseJdbcLogger.java:137)- ==> Parameters: 1357668191920263169(Long)
2023-07-02 14:57:51,601 DEBUG (BaseJdbcLogger.java:137)- ==> Parameters: 1357668191920263169(Long)
2023-07-02 14:57:51,601 DEBUG (BaseJdbcLogger.java:137)- ==> Parameters: 1357668191920263169(Long)
2023-07-02 14:57:51,601 DEBUG (BaseJdbcLogger.java:137)- ==> Parameters: 1357668191920263169(Long)
2023-07-02 14:57:51,603 DEBUG (BaseJdbcLogger.java:137)- <==      Total: 1
2023-07-02 14:57:51,603 DEBUG (BaseJdbcLogger.java:137)- <==      Total: 1
2023-07-02 14:57:51,605 DEBUG (BaseJdbcLogger.java:137)- <==      Total: 1
2023-07-02 14:57:51,607 DEBUG (BaseJdbcLogger.java:137)- <==      Total: 1
2023-07-02 14:57:51,607 DEBUG (BaseJdbcLogger.java:137)- ==>  Preparing: SELECT id,book_id,chapter_num,chapter_name,word_count,is_vip,create_time,update_time FROM book_chapter WHERE (book_id = ?) ORDER BY chapter_num ASC limit 1
2023-07-02 14:57:51,607 DEBUG (BaseJdbcLogger.java:137)- ==>  Preparing: SELECT id,book_id,chapter_num,chapter_name,word_count,is_vip,create_time,update_time FROM book_chapter WHERE (book_id = ?) ORDER BY chapter_num ASC limit 1
2023-07-02 14:57:51,607 DEBUG (BaseJdbcLogger.java:137)- ==>  Preparing: SELECT id,book_id,chapter_num,chapter_name,word_count,is_vip,create_time,update_time FROM book_chapter WHERE (book_id = ?) ORDER BY chapter_num ASC limit 1
2023-07-02 14:57:51,608 DEBUG (BaseJdbcLogger.java:137)- ==> Parameters: 1357668191920263169(Long)
2023-07-02 14:57:51,608 DEBUG (BaseJdbcLogger.java:137)- ==> Parameters: 1357668191920263169(Long)
2023-07-02 14:57:51,608 DEBUG (BaseJdbcLogger.java:137)- ==> Parameters: 1357668191920263169(Long)
2023-07-02 14:57:51,614 DEBUG (BaseJdbcLogger.java:137)- <==      Total: 1
2023-07-02 14:57:51,614 DEBUG (BaseJdbcLogger.java:137)- <==      Total: 1
2023-07-02 14:57:51,614 DEBUG (BaseJdbcLogger.java:137)- <==      Total: 1
2023-07-02 14:57:51,619 DEBUG (BaseJdbcLogger.java:137)- ==>  Preparing: SELECT id,book_id,chapter_num,chapter_name,word_count,is_vip,create_time,update_time FROM book_chapter WHERE id=?
2023-07-02 14:57:51,620 DEBUG (BaseJdbcLogger.java:137)- ==> Parameters: 1357668292130574336(Long)
2023-07-02 14:57:51,620 DEBUG (BaseJdbcLogger.java:137)- ==>  Preparing: SELECT id,work_direction,category_id,category_name,pic_url,book_name,author_id,author_name,book_desc,score,book_status,visit_count,word_count,comment_count,last_chapter_id,last_chapter_name,last_chapter_update_time,is_vip,create_time,update_time FROM book_info WHERE (category_id = ? AND word_count > ?) ORDER BY last_chapter_update_time DESC limit 500
2023-07-02 14:57:51,620 DEBUG (BaseJdbcLogger.java:137)- ==> Parameters: 2(Long), 0(Integer)
2023-07-02 14:57:51,620 DEBUG (BaseJdbcLogger.java:137)- <==      Total: 1
2023-07-02 14:57:51,623 DEBUG (BaseJdbcLogger.java:137)- <==      Total: 8
2023-07-02 14:57:51,626 DEBUG (BaseJdbcLogger.java:137)- ==>  Preparing: SELECT id,chapter_id,content,create_time,update_time FROM book_content WHERE (chapter_id = ?) limit 1
2023-07-02 14:57:51,627 DEBUG (BaseJdbcLogger.java:137)- ==>  Preparing: SELECT id,work_direction,category_id,category_name,pic_url,book_name,author_id,author_name,book_desc,score,book_status,visit_count,word_count,comment_count,last_chapter_id,last_chapter_name,last_chapter_update_time,is_vip,create_time,update_time FROM book_info WHERE id=?
2023-07-02 14:57:51,627 DEBUG (BaseJdbcLogger.java:137)- ==> Parameters: 1357668292130574336(Long)
2023-07-02 14:57:51,628 DEBUG (BaseJdbcLogger.java:137)- ==> Parameters: 1357675644326055936(Long)
2023-07-02 14:57:51,630 DEBUG (BaseJdbcLogger.java:137)- <==      Total: 1
2023-07-02 14:57:51,634 DEBUG (BaseJdbcLogger.java:137)- ==>  Preparing: SELECT id,book_id,chapter_num,chapter_name,word_count,is_vip,create_time,update_time FROM book_chapter WHERE (book_id = ?) ORDER BY chapter_num ASC limit 1
2023-07-02 14:57:51,635 DEBUG (BaseJdbcLogger.java:137)- <==      Total: 1
2023-07-02 14:57:51,635 DEBUG (BaseJdbcLogger.java:137)- ==> Parameters: 1357675644326055936(Long)
2023-07-02 14:57:51,637 DEBUG (BaseJdbcLogger.java:137)- <==      Total: 1
2023-07-02 14:57:51,638 DEBUG (BaseJdbcLogger.java:137)- ==>  Preparing: SELECT id,work_direction,category_id,category_name,pic_url,book_name,author_id,author_name,book_desc,score,book_status,visit_count,word_count,comment_count,last_chapter_id,last_chapter_name,last_chapter_update_time,is_vip,create_time,update_time FROM book_info WHERE id=?
2023-07-02 14:57:51,638 DEBUG (BaseJdbcLogger.java:137)- ==> Parameters: 1334335471568912384(Long)
2023-07-02 14:57:51,639 DEBUG (BaseJdbcLogger.java:137)- ==>  Preparing: SELECT COUNT( * ) AS total FROM book_chapter WHERE (book_id = ?)
2023-07-02 14:57:51,640 DEBUG (BaseJdbcLogger.java:137)- ==> Parameters: 1357668191920263169(Long)
2023-07-02 14:57:51,640 DEBUG (BaseJdbcLogger.java:137)- <==      Total: 1
2023-07-02 14:57:51,641 DEBUG (BaseJdbcLogger.java:137)- <==      Total: 1
2023-07-02 14:57:51,642 DEBUG (BaseJdbcLogger.java:137)- ==>  Preparing: SELECT id,book_id,chapter_num,chapter_name,word_count,is_vip,create_time,update_time FROM book_chapter WHERE (book_id = ?) ORDER BY chapter_num ASC limit 1
2023-07-02 14:57:51,642 DEBUG (BaseJdbcLogger.java:137)- ==> Parameters: 1334335471568912384(Long)
2023-07-02 14:57:51,645 DEBUG (BaseJdbcLogger.java:137)- <==      Total: 1
2023-07-02 14:57:51,646 DEBUG (BaseJdbcLogger.java:137)- ==>  Preparing: SELECT id,work_direction,category_id,category_name,pic_url,book_name,author_id,author_name,book_desc,score,book_status,visit_count,word_count,comment_count,last_chapter_id,last_chapter_name,last_chapter_update_time,is_vip,create_time,update_time FROM book_info WHERE id=?
2023-07-02 14:57:51,646 DEBUG (BaseJdbcLogger.java:137)- ==> Parameters: 1337958745514233856(Long)
2023-07-02 14:57:51,648 DEBUG (BaseJdbcLogger.java:137)- <==      Total: 1
2023-07-02 14:57:51,651 DEBUG (BaseJdbcLogger.java:137)- ==>  Preparing: SELECT id,book_id,chapter_num,chapter_name,word_count,is_vip,create_time,update_time FROM book_chapter WHERE (book_id = ?) ORDER BY chapter_num ASC limit 1
2023-07-02 14:57:51,651 DEBUG (BaseJdbcLogger.java:137)- ==> Parameters: 1337958745514233856(Long)
2023-07-02 14:57:51,654 DEBUG (BaseJdbcLogger.java:137)- <==      Total: 1
2023-07-02 14:57:51,655 DEBUG (BaseJdbcLogger.java:137)- ==>  Preparing: SELECT id,work_direction,category_id,category_name,pic_url,book_name,author_id,author_name,book_desc,score,book_status,visit_count,word_count,comment_count,last_chapter_id,last_chapter_name,last_chapter_update_time,is_vip,create_time,update_time FROM book_info WHERE id=?
2023-07-02 14:57:51,655 DEBUG (BaseJdbcLogger.java:137)- ==> Parameters: 1338030962667212800(Long)
2023-07-02 14:57:51,656 DEBUG (BaseJdbcLogger.java:137)- <==      Total: 1
2023-07-02 14:57:51,658 DEBUG (BaseJdbcLogger.java:137)- ==>  Preparing: SELECT id,book_id,chapter_num,chapter_name,word_count,is_vip,create_time,update_time FROM book_chapter WHERE (book_id = ?) ORDER BY chapter_num ASC limit 1
2023-07-02 14:57:51,659 DEBUG (BaseJdbcLogger.java:137)- ==> Parameters: 1338030962667212800(Long)
2023-07-02 14:57:51,661 DEBUG (BaseJdbcLogger.java:137)- <==      Total: 1
2023-07-02 14:57:51,703 DEBUG (BaseJdbcLogger.java:137)- ==>  Preparing: update book_info set visit_count = visit_count + 1 where id = ?
2023-07-02 14:57:51,703 DEBUG (BaseJdbcLogger.java:137)- ==> Parameters: null
2023-07-02 14:57:51,707 DEBUG (BaseJdbcLogger.java:137)- <==    Updates: 0
2023-07-02 14:59:02,668 DEBUG (BaseJdbcLogger.java:137)- ==>  Preparing: SELECT id,work_direction,category_id,category_name,pic_url,book_name,author_id,author_name,book_desc,score,book_status,visit_count,word_count,comment_count,last_chapter_id,last_chapter_name,last_chapter_update_time,is_vip,create_time,update_time FROM book_info WHERE (word_count > ? AND word_count > ?) ORDER BY update_time DESC limit 30
2023-07-02 14:59:02,669 DEBUG (BaseJdbcLogger.java:137)- ==> Parameters: 0(Integer), 0(Integer)
2023-07-02 14:59:02,673 DEBUG (BaseJdbcLogger.java:137)- <==      Total: 30
2023-07-02 14:59:14,488 DEBUG (BaseJdbcLogger.java:137)- ==>  Preparing: SELECT id,work_direction,category_id,category_name,pic_url,book_name,author_id,author_name,book_desc,score,book_status,visit_count,word_count,comment_count,last_chapter_id,last_chapter_name,last_chapter_update_time,is_vip,create_time,update_time FROM book_info WHERE id=?
2023-07-02 14:59:14,488 DEBUG (BaseJdbcLogger.java:137)- ==>  Preparing: SELECT id,work_direction,category_id,category_name,pic_url,book_name,author_id,author_name,book_desc,score,book_status,visit_count,word_count,comment_count,last_chapter_id,last_chapter_name,last_chapter_update_time,is_vip,create_time,update_time FROM book_info WHERE id=?
2023-07-02 14:59:14,489 DEBUG (BaseJdbcLogger.java:137)- ==> Parameters: 1337872488235798528(Long)
2023-07-02 14:59:14,489 DEBUG (BaseJdbcLogger.java:137)- ==> Parameters: 1337872488235798528(Long)
2023-07-02 14:59:14,490 DEBUG (BaseJdbcLogger.java:137)- ==>  Preparing: SELECT COUNT( * ) AS total FROM book_comment WHERE (book_id = ?)
2023-07-02 14:59:14,490 DEBUG (BaseJdbcLogger.java:137)- <==      Total: 1
2023-07-02 14:59:14,490 DEBUG (BaseJdbcLogger.java:137)- <==      Total: 1
2023-07-02 14:59:14,491 DEBUG (BaseJdbcLogger.java:137)- ==> Parameters: 1337872488235798528(Long)
2023-07-02 14:59:14,492 DEBUG (BaseJdbcLogger.java:137)- ==>  Preparing: SELECT id,book_id,chapter_num,chapter_name,word_count,is_vip,create_time,update_time FROM book_chapter WHERE (book_id = ?) ORDER BY chapter_num ASC limit 1
2023-07-02 14:59:14,492 DEBUG (BaseJdbcLogger.java:137)- ==>  Preparing: SELECT id,book_id,chapter_num,chapter_name,word_count,is_vip,create_time,update_time FROM book_chapter WHERE (book_id = ?) ORDER BY chapter_num ASC limit 1
2023-07-02 14:59:14,493 DEBUG (BaseJdbcLogger.java:137)- ==> Parameters: 1337872488235798528(Long)
2023-07-02 14:59:14,493 DEBUG (BaseJdbcLogger.java:137)- ==> Parameters: 1337872488235798528(Long)
2023-07-02 14:59:14,493 DEBUG (BaseJdbcLogger.java:137)- ==>  Preparing: SELECT id,work_direction,category_id,category_name,pic_url,book_name,author_id,author_name,book_desc,score,book_status,visit_count,word_count,comment_count,last_chapter_id,last_chapter_name,last_chapter_update_time,is_vip,create_time,update_time FROM book_info WHERE id=?
2023-07-02 14:59:14,493 DEBUG (BaseJdbcLogger.java:137)- <==      Total: 1
2023-07-02 14:59:14,493 DEBUG (BaseJdbcLogger.java:137)- ==> Parameters: 1337872488235798528(Long)
2023-07-02 14:59:14,495 DEBUG (BaseJdbcLogger.java:137)- <==      Total: 1
2023-07-02 14:59:14,496 DEBUG (BaseJdbcLogger.java:137)- <==      Total: 1
2023-07-02 14:59:14,496 DEBUG (BaseJdbcLogger.java:137)- <==      Total: 1
2023-07-02 14:59:14,499 DEBUG (BaseJdbcLogger.java:137)- ==>  Preparing: SELECT id,work_direction,category_id,category_name,pic_url,book_name,author_id,author_name,book_desc,score,book_status,visit_count,word_count,comment_count,last_chapter_id,last_chapter_name,last_chapter_update_time,is_vip,create_time,update_time FROM book_info WHERE (category_id = ? AND word_count > ?) ORDER BY last_chapter_update_time DESC limit 500
2023-07-02 14:59:14,500 DEBUG (BaseJdbcLogger.java:137)- ==>  Preparing: SELECT id,book_id,chapter_num,chapter_name,word_count,is_vip,create_time,update_time FROM book_chapter WHERE (book_id = ?) ORDER BY chapter_num ASC limit 1
2023-07-02 14:59:14,500 DEBUG (BaseJdbcLogger.java:137)- ==> Parameters: 4(Long), 0(Integer)
2023-07-02 14:59:14,501 DEBUG (BaseJdbcLogger.java:137)- ==> Parameters: 1337872488235798528(Long)
2023-07-02 14:59:14,504 DEBUG (BaseJdbcLogger.java:137)- <==      Total: 1
2023-07-02 14:59:14,504 DEBUG (BaseJdbcLogger.java:137)- <==      Total: 28
2023-07-02 14:59:14,505 DEBUG (BaseJdbcLogger.java:137)- ==>  Preparing: SELECT id,book_id,chapter_num,chapter_name,word_count,is_vip,create_time,update_time FROM book_chapter WHERE id=?
2023-07-02 14:59:14,506 DEBUG (BaseJdbcLogger.java:137)- ==> Parameters: 1337872594418798592(Long)
2023-07-02 14:59:14,506 DEBUG (BaseJdbcLogger.java:137)- ==>  Preparing: SELECT id,work_direction,category_id,category_name,pic_url,book_name,author_id,author_name,book_desc,score,book_status,visit_count,word_count,comment_count,last_chapter_id,last_chapter_name,last_chapter_update_time,is_vip,create_time,update_time FROM book_info WHERE id=?
2023-07-02 14:59:14,506 DEBUG (BaseJdbcLogger.java:137)- ==> Parameters: 1337872316667793408(Long)
2023-07-02 14:59:14,507 DEBUG (BaseJdbcLogger.java:137)- <==      Total: 1
2023-07-02 14:59:14,507 DEBUG (BaseJdbcLogger.java:137)- <==      Total: 1
2023-07-02 14:59:14,508 DEBUG (BaseJdbcLogger.java:137)- ==>  Preparing: SELECT id,book_id,chapter_num,chapter_name,word_count,is_vip,create_time,update_time FROM book_chapter WHERE (book_id = ?) ORDER BY chapter_num ASC limit 1
2023-07-02 14:59:14,510 DEBUG (BaseJdbcLogger.java:137)- ==>  Preparing: SELECT id,chapter_id,content,create_time,update_time FROM book_content WHERE (chapter_id = ?) limit 1
2023-07-02 14:59:14,510 DEBUG (BaseJdbcLogger.java:137)- ==> Parameters: 1337872316667793408(Long)
2023-07-02 14:59:14,510 DEBUG (BaseJdbcLogger.java:137)- ==> Parameters: 1337872594418798592(Long)
2023-07-02 14:59:14,512 DEBUG (BaseJdbcLogger.java:137)- <==      Total: 1
2023-07-02 14:59:14,513 DEBUG (BaseJdbcLogger.java:137)- ==>  Preparing: SELECT id,work_direction,category_id,category_name,pic_url,book_name,author_id,author_name,book_desc,score,book_status,visit_count,word_count,comment_count,last_chapter_id,last_chapter_name,last_chapter_update_time,is_vip,create_time,update_time FROM book_info WHERE id=?
2023-07-02 14:59:14,513 DEBUG (BaseJdbcLogger.java:137)- <==      Total: 1
2023-07-02 14:59:14,513 DEBUG (BaseJdbcLogger.java:137)- ==> Parameters: 1338040506818547712(Long)
2023-07-02 14:59:14,515 DEBUG (BaseJdbcLogger.java:137)- <==      Total: 1
2023-07-02 14:59:14,516 DEBUG (BaseJdbcLogger.java:137)- ==>  Preparing: SELECT COUNT( * ) AS total FROM book_chapter WHERE (book_id = ?)
2023-07-02 14:59:14,516 DEBUG (BaseJdbcLogger.java:137)- ==> Parameters: 1337872488235798528(Long)
2023-07-02 14:59:14,517 DEBUG (BaseJdbcLogger.java:137)- ==>  Preparing: SELECT id,book_id,chapter_num,chapter_name,word_count,is_vip,create_time,update_time FROM book_chapter WHERE (book_id = ?) ORDER BY chapter_num ASC limit 1
2023-07-02 14:59:14,517 DEBUG (BaseJdbcLogger.java:137)- ==> Parameters: 1338040506818547712(Long)
2023-07-02 14:59:14,517 DEBUG (BaseJdbcLogger.java:137)- <==      Total: 1
2023-07-02 14:59:14,518 DEBUG (BaseJdbcLogger.java:137)- <==      Total: 1
2023-07-02 14:59:14,519 DEBUG (BaseJdbcLogger.java:137)- ==>  Preparing: SELECT id,work_direction,category_id,category_name,pic_url,book_name,author_id,author_name,book_desc,score,book_status,visit_count,word_count,comment_count,last_chapter_id,last_chapter_name,last_chapter_update_time,is_vip,create_time,update_time FROM book_info WHERE id=?
2023-07-02 14:59:14,520 DEBUG (BaseJdbcLogger.java:137)- ==> Parameters: 1357663733471580160(Long)
2023-07-02 14:59:14,522 DEBUG (BaseJdbcLogger.java:137)- <==      Total: 1
2023-07-02 14:59:14,524 DEBUG (BaseJdbcLogger.java:137)- ==>  Preparing: SELECT id,book_id,chapter_num,chapter_name,word_count,is_vip,create_time,update_time FROM book_chapter WHERE (book_id = ?) ORDER BY chapter_num ASC limit 1
2023-07-02 14:59:14,525 DEBUG (BaseJdbcLogger.java:137)- ==> Parameters: 1357663733471580160(Long)
2023-07-02 14:59:14,526 DEBUG (BaseJdbcLogger.java:137)- <==      Total: 1
2023-07-02 14:59:14,528 DEBUG (BaseJdbcLogger.java:137)- ==>  Preparing: SELECT id,work_direction,category_id,category_name,pic_url,book_name,author_id,author_name,book_desc,score,book_status,visit_count,word_count,comment_count,last_chapter_id,last_chapter_name,last_chapter_update_time,is_vip,create_time,update_time FROM book_info WHERE id=?
2023-07-02 14:59:14,528 DEBUG (BaseJdbcLogger.java:137)- ==>  Preparing: update book_info set visit_count = visit_count + 1 where id = ?
2023-07-02 14:59:14,528 DEBUG (BaseJdbcLogger.java:137)- ==> Parameters: 1431621906981826560(Long)
2023-07-02 14:59:14,529 DEBUG (BaseJdbcLogger.java:137)- ==> Parameters: null
2023-07-02 14:59:14,530 DEBUG (BaseJdbcLogger.java:137)- <==    Updates: 0
2023-07-02 14:59:14,530 DEBUG (BaseJdbcLogger.java:137)- <==      Total: 1
2023-07-02 14:59:14,531 DEBUG (BaseJdbcLogger.java:137)- ==>  Preparing: SELECT id,book_id,chapter_num,chapter_name,word_count,is_vip,create_time,update_time FROM book_chapter WHERE (book_id = ?) ORDER BY chapter_num ASC limit 1
2023-07-02 14:59:14,532 DEBUG (BaseJdbcLogger.java:137)- ==> Parameters: 1431621906981826560(Long)
2023-07-02 14:59:14,535 DEBUG (BaseJdbcLogger.java:137)- <==      Total: 1
2023-07-02 15:00:17,496 WARN (NotifyCenter.java:136)- [NotifyCenter] Start destroying Publisher
2023-07-02 15:00:17,497 WARN (NotifyCenter.java:153)- [NotifyCenter] Destruction of the end
2023-07-02 15:00:17,496 WARN (HttpClientBeanHolder.java:102)- [HttpClientBeanHolder] Start destroying common HttpClient
2023-07-02 15:00:17,498 WARN (HttpClientBeanHolder.java:111)- [HttpClientBeanHolder] Destruction of the end
2023-07-02 15:00:17,500 INFO (QuartzScheduler.java:585)- Scheduler quartzScheduler_$_NON_CLUSTERED paused.
2023-07-02 15:00:17,501 INFO (Undertow.java:259)- stopping server: Undertow - 2.3.4.Final
2023-07-02 15:00:17,503 INFO (ServletContextImpl.java:372)- Destroying Spring FrameworkServlet 'dispatcherServlet'
2023-07-02 15:00:17,510 INFO (SchedulerFactoryBean.java:847)- Shutting down Quartz Scheduler
2023-07-02 15:00:17,511 INFO (QuartzScheduler.java:666)- Scheduler quartzScheduler_$_NON_CLUSTERED shutting down.
2023-07-02 15:00:17,511 INFO (QuartzScheduler.java:585)- Scheduler quartzScheduler_$_NON_CLUSTERED paused.
2023-07-02 15:00:17,511 INFO (QuartzScheduler.java:740)- Scheduler quartzScheduler_$_NON_CLUSTERED shutdown complete.
2023-07-02 15:00:17,515 INFO (NacosServiceRegistry.java:95)- De-registering from Nacos Server now...
2023-07-02 15:00:17,515 INFO (NamingGrpcClientProxy.java:216)- [DEREGISTER-SERVICE] public deregistering service novel-book-service with instance: Instance{instanceId='null', ip='192.168.43.1', port=9020, weight=1.0, healthy=true, enabled=true, ephemeral=true, clusterName='DEFAULT', serviceName='null', metadata={}}
2023-07-02 15:00:17,518 INFO (NacosServiceRegistry.java:115)- De-registration finished.
2023-07-02 15:00:17,519 INFO (ServiceInfoHolder.java:256)- com.alibaba.nacos.client.naming.cache.ServiceInfoHolder do shutdown begin
2023-07-02 15:00:17,519 INFO (FailoverReactor.java:133)- com.alibaba.nacos.client.naming.backups.FailoverReactor do shutdown begin
2023-07-02 15:00:17,520 INFO (FailoverReactor.java:135)- com.alibaba.nacos.client.naming.backups.FailoverReactor do shutdown stop
2023-07-02 15:00:17,520 INFO (ServiceInfoHolder.java:258)- com.alibaba.nacos.client.naming.cache.ServiceInfoHolder do shutdown stop
2023-07-02 15:00:17,520 INFO (NamingClientProxyDelegate.java:204)- com.alibaba.nacos.client.naming.remote.NamingClientProxyDelegate do shutdown begin
2023-07-02 15:00:17,520 INFO (ServiceInfoUpdateService.java:143)- com.alibaba.nacos.client.naming.core.ServiceInfoUpdateService do shutdown begin
2023-07-02 15:00:17,520 INFO (ServiceInfoUpdateService.java:145)- com.alibaba.nacos.client.naming.core.ServiceInfoUpdateService do shutdown stop
2023-07-02 15:00:17,520 INFO (ServerListManager.java:194)- com.alibaba.nacos.client.naming.core.ServerListManager do shutdown begin
2023-07-02 15:00:17,520 WARN (NamingHttpClientManager.java:74)- [NamingHttpClientManager] Start destroying NacosRestTemplate
2023-07-02 15:00:17,520 WARN (NamingHttpClientManager.java:81)- [NamingHttpClientManager] Destruction of the end
2023-07-02 15:00:17,520 INFO (ServerListManager.java:199)- com.alibaba.nacos.client.naming.core.ServerListManager do shutdown stop
2023-07-02 15:00:17,520 INFO (NamingHttpClientProxy.java:484)- com.alibaba.nacos.client.naming.remote.http.NamingHttpClientProxy do shutdown begin
2023-07-02 15:00:17,520 WARN (NamingHttpClientManager.java:74)- [NamingHttpClientManager] Start destroying NacosRestTemplate
2023-07-02 15:00:17,520 WARN (NamingHttpClientManager.java:81)- [NamingHttpClientManager] Destruction of the end
2023-07-02 15:00:17,520 INFO (NamingHttpClientProxy.java:486)- com.alibaba.nacos.client.naming.remote.http.NamingHttpClientProxy do shutdown stop
2023-07-02 15:00:17,520 INFO (RpcClient.java:425)- Shutdown rpc client, set status to shutdown
2023-07-02 15:00:17,520 INFO (RpcClient.java:427)- Shutdown client event executor java.util.concurrent.ScheduledThreadPoolExecutor@64b354ec[Running, pool size = 2, active threads = 2, queued tasks = 0, completed tasks = 0]
2023-07-02 15:00:17,521 INFO (RpcClient.java:580)- Close current connection 1688280797238_127.0.0.1_50316
2023-07-02 15:00:17,521 INFO (LoggerUtils.java:60)- [1688280797238_127.0.0.1_50316]Ignore complete event,isRunning:false,isAbandon=false
2023-07-02 15:00:17,523 INFO (GrpcClient.java:140)- Shutdown grpc executor java.util.concurrent.ThreadPoolExecutor@63672477[Running, pool size = 4, active threads = 0, queued tasks = 0, completed tasks = 101]
2023-07-02 15:00:17,523 INFO (NamingGrpcRedoService.java:292)- Shutdown grpc redo service executor java.util.concurrent.ScheduledThreadPoolExecutor@711f98e1[Running, pool size = 1, active threads = 0, queued tasks = 1, completed tasks = 140]
2023-07-02 15:00:17,523 INFO (CredentialWatcher.java:106)- [null] CredentialWatcher is stopped
2023-07-02 15:00:17,523 INFO (CredentialService.java:100)- [null] CredentialService is freed
2023-07-02 15:00:17,523 INFO (NamingClientProxyDelegate.java:211)- com.alibaba.nacos.client.naming.remote.NamingClientProxyDelegate do shutdown stop
2023-07-02 15:00:17,540 INFO (HikariDataSource.java:350)- HikariPool-1 - Shutdown initiated...
2023-07-02 15:00:17,545 INFO (HikariDataSource.java:352)- HikariPool-1 - Shutdown completed.
