2023-07-02 14:54:03,503 WARN (NacosLogging.java:64)- Load Logback Configuration of Nacos fail, message: org/slf4j/impl/StaticLoggerBinder
2023-07-02 14:54:03,507 WARN (NacosLogging.java:64)- Load Logback Configuration of Nacos fail, message: org/slf4j/impl/StaticLoggerBinder
2023-07-02 14:54:03,521 INFO (LocalConfigInfoProcessor.java:68)- LOCAL_SNAPSHOT_PATH:C:\Users\yisheng\nacos\config
2023-07-02 14:54:03,523 INFO (RpcClientFactory.java:94)- [RpcClientFactory] create a new rpc client of 3d3380f5-fcc7-4461-b2bf-80005b571441_config-0
2023-07-02 14:54:03,532 INFO (LoggerUtils.java:60)- [3d3380f5-fcc7-4461-b2bf-80005b571441_config-0] Register server push request handler:com.alibaba.nacos.client.config.impl.ClientWorker$ConfigRpcTransportClient$$Lambda$651/0x0000000800fc86c0
2023-07-02 14:54:03,538 INFO (LoggerUtils.java:60)- [3d3380f5-fcc7-4461-b2bf-80005b571441_config-0] Register server push request handler:com.alibaba.nacos.client.config.impl.ClientWorker$ConfigRpcTransportClient$$Lambda$652/0x0000000800fc8ae0
2023-07-02 14:54:03,539 INFO (LoggerUtils.java:60)- [3d3380f5-fcc7-4461-b2bf-80005b571441_config-0] Registry connection listener to current client:com.alibaba.nacos.client.config.impl.ClientWorker$ConfigRpcTransportClient$1
2023-07-02 14:54:03,539 INFO (LoggerUtils.java:60)- [3d3380f5-fcc7-4461-b2bf-80005b571441_config-0] RpcClient init, ServerListFactory = com.alibaba.nacos.client.config.impl.ClientWorker$ConfigRpcTransportClient$2
2023-07-02 14:54:03,545 INFO (LoggerUtils.java:60)- [3d3380f5-fcc7-4461-b2bf-80005b571441_config-0] Try to connect to server on start up, server: {serverIp = '127.0.0.1', server main port = 8848}
2023-07-02 14:54:04,144 INFO (LoggerUtils.java:60)- [3d3380f5-fcc7-4461-b2bf-80005b571441_config-0] Success to connect to server [127.0.0.1:8848] on start up, connectionId = 1688280843965_127.0.0.1_50383
2023-07-02 14:54:04,145 INFO (LoggerUtils.java:60)- [3d3380f5-fcc7-4461-b2bf-80005b571441_config-0] Notify connected event to listeners.
2023-07-02 14:54:04,145 INFO (LoggerUtils.java:60)- [3d3380f5-fcc7-4461-b2bf-80005b571441_config-0] Register server push request handler:com.alibaba.nacos.common.remote.client.RpcClient$ConnectResetRequestHandler
2023-07-02 14:54:04,145 INFO (ClientWorker.java:638)- [3d3380f5-fcc7-4461-b2bf-80005b571441_config-0] Connected,notify listen context...
2023-07-02 14:54:04,147 INFO (LoggerUtils.java:60)- [3d3380f5-fcc7-4461-b2bf-80005b571441_config-0] Register server push request handler:com.alibaba.nacos.common.remote.client.RpcClient$$Lambda$671/0x00000008010f8000
2023-07-02 14:54:04,173 INFO (Limiter.java:62)- limitTime:5.0
2023-07-02 14:54:04,184 INFO (JvmUtil.java:54)- isMultiInstance:false
2023-07-02 14:54:04,202 WARN (NacosPropertySourceBuilder.java:87)- Ignore the empty nacos configuration and get it based on dataId[novel-rabbitmq.yml] & group[DEFAULT_GROUP]
2023-07-02 14:54:04,206 WARN (NacosPropertySourceBuilder.java:87)- Ignore the empty nacos configuration and get it based on dataId[novel-home-service] & group[DEFAULT_GROUP]
2023-07-02 14:54:04,210 WARN (NacosPropertySourceBuilder.java:87)- Ignore the empty nacos configuration and get it based on dataId[novel-home-service.yml] & group[DEFAULT_GROUP]
2023-07-02 14:54:04,215 WARN (NacosPropertySourceBuilder.java:87)- Ignore the empty nacos configuration and get it based on dataId[novel-home-service-common.yml] & group[DEFAULT_GROUP]
2023-07-02 14:54:04,219 WARN (NacosPropertySourceBuilder.java:87)- Ignore the empty nacos configuration and get it based on dataId[novel-home-service-dev.yml] & group[DEFAULT_GROUP]
2023-07-02 14:54:04,221 INFO (PropertySourceBootstrapConfiguration.java:108)- Located property source: [BootstrapPropertySource {name='bootstrapProperties-novel-home-service-dev.yml,DEFAULT_GROUP'}, BootstrapPropertySource {name='bootstrapProperties-novel-home-service-common.yml,DEFAULT_GROUP'}, BootstrapPropertySource {name='bootstrapProperties-novel-home-service.yml,DEFAULT_GROUP'}, BootstrapPropertySource {name='bootstrapProperties-novel-home-service,DEFAULT_GROUP'}, BootstrapPropertySource {name='bootstrapProperties-novel-rabbitmq.yml,DEFAULT_GROUP'}, BootstrapPropertySource {name='bootstrapProperties-novel-redis.yml,DEFAULT_GROUP'}, BootstrapPropertySource {name='bootstrapProperties-novel-mysql.yml,DEFAULT_GROUP'}]
2023-07-02 14:54:04,226 INFO (SpringApplication.java:638)- The following 2 profiles are active: "common", "dev"
2023-07-02 14:54:05,215 INFO (RepositoryConfigurationDelegate.java:291)- Multiple Spring Data modules found, entering strict repository configuration mode
2023-07-02 14:54:05,217 INFO (RepositoryConfigurationDelegate.java:138)- Bootstrapping Spring Data Redis repositories in DEFAULT mode.
2023-07-02 14:54:05,234 INFO (RepositoryConfigurationDelegate.java:208)- Finished Spring Data repository scanning in 7 ms. Found 0 Redis repository interfaces.
2023-07-02 14:54:05,427 INFO (GenericScope.java:282)- BeanFactory id=bd0f5f76-5b7d-3c5b-ab85-87b78bd6fbbe
2023-07-02 14:54:06,075 WARN (Bootstrap.java:68)- UT026010: Buffer pool was not set on WebSocketDeploymentInfo, the default pool will be used
2023-07-02 14:54:06,094 INFO (ServletContextImpl.java:372)- Initializing Spring embedded WebApplicationContext
2023-07-02 14:54:06,095 INFO (ServletWebServerApplicationContext.java:291)- Root WebApplicationContext: initialization completed in 1854 ms
2023-07-02 14:54:06,932 INFO (FeignClientFactoryBean.java:437)- For 'novel-book-service' URL not provided. Will try picking an instance via load-balancing.
2023-07-02 14:54:07,328 INFO (Version.java:41)- Redisson 3.19.1
2023-07-02 14:54:07,722 INFO (ConnectionPool.java:162)- 1 connections initialized for 127.0.0.1/127.0.0.1:6379
2023-07-02 14:54:07,759 INFO (ConnectionPool.java:162)- 24 connections initialized for 127.0.0.1/127.0.0.1:6379
2023-07-02 14:54:08,124 INFO (SentinelWebMvcConfigurer.java:52)- [Sentinel Starter] register SentinelWebInterceptor with urlPatterns: [/**].
2023-07-02 14:54:09,923 INFO (StdSchedulerFactory.java:1220)- Using default implementation for ThreadExecutor
2023-07-02 14:54:09,934 INFO (SchedulerSignalerImpl.java:61)- Initialized Scheduler Signaller of type: class org.quartz.core.SchedulerSignalerImpl
2023-07-02 14:54:09,934 INFO (QuartzScheduler.java:229)- Quartz Scheduler v.2.3.2 created.
2023-07-02 14:54:09,935 INFO (RAMJobStore.java:155)- RAMJobStore initialized.
2023-07-02 14:54:09,936 INFO (QuartzScheduler.java:294)- Scheduler meta-data: Quartz Scheduler (v2.3.2) 'quartzScheduler' with instanceId 'NON_CLUSTERED'
  Scheduler class: 'org.quartz.core.QuartzScheduler' - running locally.
  NOT STARTED.
  Currently in standby mode.
  Number of jobs executed: 0
  Using thread pool 'org.quartz.simpl.SimpleThreadPool' - with 10 threads.
  Using job-store 'org.quartz.simpl.RAMJobStore' - which does not support persistence. and is not clustered.

2023-07-02 14:54:09,936 INFO (StdSchedulerFactory.java:1374)- Quartz scheduler 'quartzScheduler' initialized from an externally provided properties instance.
2023-07-02 14:54:09,936 INFO (StdSchedulerFactory.java:1378)- Quartz scheduler version: 2.3.2
2023-07-02 14:54:09,936 INFO (QuartzScheduler.java:2293)- JobFactory set to: org.springframework.scheduling.quartz.SpringBeanJobFactory@304f4888
2023-07-02 14:54:10,386 INFO (EndpointLinksResolver.java:58)- Exposing 21 endpoint(s) beneath base path '/actuator'
2023-07-02 14:54:10,458 WARN (LocalVariableTableParameterNameDiscoverer.java:123)- Using deprecated '-debug' fallback for parameter name resolution. Compile the affected code with '-parameters' instead or avoid its introspection: org.springframework.amqp.rabbit.core.RabbitAdmin
2023-07-02 14:54:10,483 INFO (Undertow.java:120)- starting server: Undertow - 2.3.4.Final
2023-07-02 14:54:10,489 INFO (Xnio.java:95)- XNIO version 3.8.8.Final
2023-07-02 14:54:10,496 INFO (NioXnio.java:58)- XNIO NIO Implementation Version 3.8.8.Final
2023-07-02 14:54:10,516 INFO (Version.java:55)- JBoss Threads version 3.5.0.Final
2023-07-02 14:54:10,559 INFO (UndertowWebServer.java:121)- Undertow started on port(s) 9001 (http)
2023-07-02 14:54:10,563 INFO (SearchableProperties.java:197)- properties search order:PROPERTIES->JVM->ENV->DEFAULT_SETTING
2023-07-02 14:54:10,564 INFO (InitUtils.java:61)- initializer namespace from System Property : null
2023-07-02 14:54:10,564 INFO (InitUtils.java:65)- initializer namespace from System Environment :null
2023-07-02 14:54:10,564 INFO (InitUtils.java:72)- initializer namespace from System Property :
2023-07-02 14:54:10,573 INFO (ClientAuthPluginManager.java:56)- [ClientAuthPluginManager] Load ClientAuthService com.alibaba.nacos.client.auth.impl.NacosClientAuthServiceImpl success.
2023-07-02 14:54:10,573 INFO (ClientAuthPluginManager.java:56)- [ClientAuthPluginManager] Load ClientAuthService com.alibaba.nacos.client.auth.ram.RamClientAuthServiceImpl success.
2023-07-02 14:54:10,577 INFO (RpcClientFactory.java:94)- [RpcClientFactory] create a new rpc client of b795db5e-8862-4f26-90f9-7b56238ee3bb
2023-07-02 14:54:10,579 INFO (LoggerUtils.java:60)- [b795db5e-8862-4f26-90f9-7b56238ee3bb] RpcClient init, ServerListFactory = com.alibaba.nacos.client.naming.core.ServerListManager
2023-07-02 14:54:10,579 INFO (LoggerUtils.java:60)- [b795db5e-8862-4f26-90f9-7b56238ee3bb] Registry connection listener to current client:com.alibaba.nacos.client.naming.remote.gprc.redo.NamingGrpcRedoService
2023-07-02 14:54:10,579 INFO (LoggerUtils.java:60)- [b795db5e-8862-4f26-90f9-7b56238ee3bb] Register server push request handler:com.alibaba.nacos.client.naming.remote.gprc.NamingPushRequestHandler
2023-07-02 14:54:10,580 INFO (LoggerUtils.java:60)- [b795db5e-8862-4f26-90f9-7b56238ee3bb] Try to connect to server on start up, server: {serverIp = '127.0.0.1', server main port = 8848}
2023-07-02 14:54:10,698 INFO (LoggerUtils.java:60)- [b795db5e-8862-4f26-90f9-7b56238ee3bb] Success to connect to server [127.0.0.1:8848] on start up, connectionId = 1688280850585_127.0.0.1_50419
2023-07-02 14:54:10,698 INFO (LoggerUtils.java:60)- [b795db5e-8862-4f26-90f9-7b56238ee3bb] Register server push request handler:com.alibaba.nacos.common.remote.client.RpcClient$ConnectResetRequestHandler
2023-07-02 14:54:10,698 INFO (LoggerUtils.java:60)- [b795db5e-8862-4f26-90f9-7b56238ee3bb] Notify connected event to listeners.
2023-07-02 14:54:10,698 INFO (LoggerUtils.java:60)- [b795db5e-8862-4f26-90f9-7b56238ee3bb] Register server push request handler:com.alibaba.nacos.common.remote.client.RpcClient$$Lambda$671/0x00000008010f8000
2023-07-02 14:54:10,698 INFO (NamingGrpcRedoService.java:78)- Grpc connection connect
2023-07-02 14:54:10,699 INFO (NamingGrpcClientProxy.java:120)- [REGISTER-SERVICE] public registering service novel-home-service with instance Instance{instanceId='null', ip='192.168.43.1', port=9001, weight=1.0, healthy=true, enabled=true, ephemeral=true, clusterName='DEFAULT', serviceName='null', metadata={preserved.register.source=SPRING_CLOUD}}
2023-07-02 14:54:10,709 INFO (NacosServiceRegistry.java:76)- nacos registry, DEFAULT_GROUP novel-home-service 192.168.43.1:9001 register finished
2023-07-02 14:54:10,798 INFO (SchedulerFactoryBean.java:729)- Starting Quartz Scheduler now
2023-07-02 14:54:10,798 INFO (QuartzScheduler.java:547)- Scheduler quartzScheduler_$_NON_CLUSTERED started.
2023-07-02 14:54:10,817 INFO (StartupInfoLogger.java:57)- Started NovelHomeApplication in 8.447 seconds (process running for 9.017)
2023-07-02 14:54:10,824 INFO (CacheData.java:67)- nacos.cache.data.init.snapshot = true 
2023-07-02 14:54:10,825 INFO (ClientWorker.java:379)- [fixed-127.0.0.1_8848] [subscribe] novel-mysql.yml+DEFAULT_GROUP
2023-07-02 14:54:10,832 INFO (CacheData.java:197)- [fixed-127.0.0.1_8848] [add-listener] ok, tenant=, dataId=novel-mysql.yml, group=DEFAULT_GROUP, cnt=1
2023-07-02 14:54:10,832 INFO (NacosContextRefresher.java:129)- [Nacos Config] Listening config: dataId=novel-mysql.yml, group=DEFAULT_GROUP
2023-07-02 14:54:10,833 INFO (ClientWorker.java:379)- [fixed-127.0.0.1_8848] [subscribe] novel-home-service-dev.yml+DEFAULT_GROUP
2023-07-02 14:54:10,833 INFO (CacheData.java:197)- [fixed-127.0.0.1_8848] [add-listener] ok, tenant=, dataId=novel-home-service-dev.yml, group=DEFAULT_GROUP, cnt=1
2023-07-02 14:54:10,833 INFO (NacosContextRefresher.java:129)- [Nacos Config] Listening config: dataId=novel-home-service-dev.yml, group=DEFAULT_GROUP
2023-07-02 14:54:10,835 INFO (ClientWorker.java:379)- [fixed-127.0.0.1_8848] [subscribe] novel-redis.yml+DEFAULT_GROUP
2023-07-02 14:54:10,835 INFO (CacheData.java:197)- [fixed-127.0.0.1_8848] [add-listener] ok, tenant=, dataId=novel-redis.yml, group=DEFAULT_GROUP, cnt=1
2023-07-02 14:54:10,835 INFO (NacosContextRefresher.java:129)- [Nacos Config] Listening config: dataId=novel-redis.yml, group=DEFAULT_GROUP
2023-07-02 14:54:10,836 INFO (ClientWorker.java:379)- [fixed-127.0.0.1_8848] [subscribe] novel-rabbitmq.yml+DEFAULT_GROUP
2023-07-02 14:54:10,836 INFO (CacheData.java:197)- [fixed-127.0.0.1_8848] [add-listener] ok, tenant=, dataId=novel-rabbitmq.yml, group=DEFAULT_GROUP, cnt=1
2023-07-02 14:54:10,836 INFO (NacosContextRefresher.java:129)- [Nacos Config] Listening config: dataId=novel-rabbitmq.yml, group=DEFAULT_GROUP
2023-07-02 14:54:10,836 INFO (ClientWorker.java:379)- [fixed-127.0.0.1_8848] [subscribe] novel-home-service.yml+DEFAULT_GROUP
2023-07-02 14:54:10,837 INFO (CacheData.java:197)- [fixed-127.0.0.1_8848] [add-listener] ok, tenant=, dataId=novel-home-service.yml, group=DEFAULT_GROUP, cnt=1
2023-07-02 14:54:10,837 INFO (NacosContextRefresher.java:129)- [Nacos Config] Listening config: dataId=novel-home-service.yml, group=DEFAULT_GROUP
2023-07-02 14:54:10,837 INFO (ClientWorker.java:379)- [fixed-127.0.0.1_8848] [subscribe] novel-home-service+DEFAULT_GROUP
2023-07-02 14:54:10,837 INFO (CacheData.java:197)- [fixed-127.0.0.1_8848] [add-listener] ok, tenant=, dataId=novel-home-service, group=DEFAULT_GROUP, cnt=1
2023-07-02 14:54:10,837 INFO (NacosContextRefresher.java:129)- [Nacos Config] Listening config: dataId=novel-home-service, group=DEFAULT_GROUP
2023-07-02 14:54:10,838 INFO (ClientWorker.java:379)- [fixed-127.0.0.1_8848] [subscribe] novel-home-service-common.yml+DEFAULT_GROUP
2023-07-02 14:54:10,838 INFO (CacheData.java:197)- [fixed-127.0.0.1_8848] [add-listener] ok, tenant=, dataId=novel-home-service-common.yml, group=DEFAULT_GROUP, cnt=1
2023-07-02 14:54:10,838 INFO (NacosContextRefresher.java:129)- [Nacos Config] Listening config: dataId=novel-home-service-common.yml, group=DEFAULT_GROUP
2023-07-02 14:54:11,143 INFO (ServletContextImpl.java:372)- Initializing Spring DispatcherServlet 'dispatcherServlet'
2023-07-02 14:54:11,144 INFO (FrameworkServlet.java:532)- Initializing Servlet 'dispatcherServlet'
2023-07-02 14:54:11,146 INFO (FrameworkServlet.java:554)- Completed initialization in 2 ms
2023-07-02 14:54:11,170 INFO (AbstractConnectionFactory.java:630)- Attempting to connect to: [192.168.10.110:5672]
2023-07-02 14:54:35,221 INFO (AbstractConnectionFactory.java:630)- Attempting to connect to: [192.168.10.110:5672]
2023-07-02 14:54:59,259 INFO (AbstractConnectionFactory.java:630)- Attempting to connect to: [192.168.10.110:5672]
2023-07-02 14:55:20,308 WARN (AbstractHealthIndicator.java:94)- Rabbit health check failed
org.springframework.amqp.AmqpConnectException: java.net.ConnectException: Connection timed out: no further information
	at org.springframework.amqp.rabbit.support.RabbitExceptionTranslator.convertRabbitAccessException(RabbitExceptionTranslator.java:61)
	at org.springframework.amqp.rabbit.connection.AbstractConnectionFactory.createBareConnection(AbstractConnectionFactory.java:594)
	at org.springframework.amqp.rabbit.connection.CachingConnectionFactory.createConnection(CachingConnectionFactory.java:687)
	at org.springframework.amqp.rabbit.connection.ConnectionFactoryUtils.createConnection(ConnectionFactoryUtils.java:257)
	at org.springframework.amqp.rabbit.core.RabbitTemplate.doExecute(RabbitTemplate.java:2225)
	at org.springframework.amqp.rabbit.core.RabbitTemplate.lambda$execute$13(RabbitTemplate.java:2187)
	at org.springframework.retry.support.RetryTemplate.doExecute(RetryTemplate.java:329)
	at org.springframework.retry.support.RetryTemplate.execute(RetryTemplate.java:225)
	at org.springframework.amqp.rabbit.core.RabbitTemplate.execute(RabbitTemplate.java:2186)
	at org.springframework.amqp.rabbit.core.RabbitTemplate.execute(RabbitTemplate.java:2178)
	at org.springframework.boot.actuate.amqp.RabbitHealthIndicator.getVersion(RabbitHealthIndicator.java:49)
	at org.springframework.boot.actuate.amqp.RabbitHealthIndicator.doHealthCheck(RabbitHealthIndicator.java:44)
	at org.springframework.boot.actuate.health.AbstractHealthIndicator.health(AbstractHealthIndicator.java:82)
	at org.springframework.boot.actuate.health.HealthIndicator.getHealth(HealthIndicator.java:37)
	at org.springframework.boot.actuate.health.HealthEndpoint.getHealth(HealthEndpoint.java:82)
	at org.springframework.boot.actuate.health.HealthEndpoint.getHealth(HealthEndpoint.java:41)
	at org.springframework.boot.actuate.health.HealthEndpointSupport.getLoggedHealth(HealthEndpointSupport.java:172)
	at org.springframework.boot.actuate.health.HealthEndpointSupport.getContribution(HealthEndpointSupport.java:145)
	at org.springframework.boot.actuate.health.HealthEndpointSupport.getAggregateContribution(HealthEndpointSupport.java:156)
	at org.springframework.boot.actuate.health.HealthEndpointSupport.getContribution(HealthEndpointSupport.java:141)
	at org.springframework.boot.actuate.health.HealthEndpointSupport.getHealth(HealthEndpointSupport.java:110)
	at org.springframework.boot.actuate.health.HealthEndpointSupport.getHealth(HealthEndpointSupport.java:81)
	at org.springframework.boot.actuate.health.HealthEndpoint.health(HealthEndpoint.java:76)
	at org.springframework.boot.actuate.health.HealthEndpoint.health(HealthEndpoint.java:66)
	at java.base/jdk.internal.reflect.NativeMethodAccessorImpl.invoke0(Native Method)
	at java.base/jdk.internal.reflect.NativeMethodAccessorImpl.invoke(NativeMethodAccessorImpl.java:77)
	at java.base/jdk.internal.reflect.DelegatingMethodAccessorImpl.invoke(DelegatingMethodAccessorImpl.java:43)
	at java.base/java.lang.reflect.Method.invoke(Method.java:568)
	at org.springframework.util.ReflectionUtils.invokeMethod(ReflectionUtils.java:281)
	at org.springframework.boot.actuate.endpoint.invoke.reflect.ReflectiveOperationInvoker.invoke(ReflectiveOperationInvoker.java:74)
	at org.springframework.boot.actuate.endpoint.annotation.AbstractDiscoveredOperation.invoke(AbstractDiscoveredOperation.java:60)
	at org.springframework.boot.actuate.endpoint.jmx.EndpointMBean.invoke(EndpointMBean.java:124)
	at org.springframework.boot.actuate.endpoint.jmx.EndpointMBean.invoke(EndpointMBean.java:97)
	at java.management/com.sun.jmx.interceptor.DefaultMBeanServerInterceptor.invoke(DefaultMBeanServerInterceptor.java:814)
	at java.management/com.sun.jmx.mbeanserver.JmxMBeanServer.invoke(JmxMBeanServer.java:802)
	at java.management.rmi/javax.management.remote.rmi.RMIConnectionImpl.doOperation(RMIConnectionImpl.java:1472)
	at java.management.rmi/javax.management.remote.rmi.RMIConnectionImpl$PrivilegedOperation.run(RMIConnectionImpl.java:1310)
	at java.management.rmi/javax.management.remote.rmi.RMIConnectionImpl.doPrivilegedOperation(RMIConnectionImpl.java:1405)
	at java.management.rmi/javax.management.remote.rmi.RMIConnectionImpl.invoke(RMIConnectionImpl.java:829)
	at java.base/jdk.internal.reflect.GeneratedMethodAccessor51.invoke(Unknown Source)
	at java.base/jdk.internal.reflect.DelegatingMethodAccessorImpl.invoke(DelegatingMethodAccessorImpl.java:43)
	at java.base/java.lang.reflect.Method.invoke(Method.java:568)
	at java.rmi/sun.rmi.server.UnicastServerRef.dispatch(UnicastServerRef.java:360)
	at java.rmi/sun.rmi.transport.Transport$1.run(Transport.java:200)
	at java.rmi/sun.rmi.transport.Transport$1.run(Transport.java:197)
	at java.base/java.security.AccessController.doPrivileged(AccessController.java:712)
	at java.rmi/sun.rmi.transport.Transport.serviceCall(Transport.java:196)
	at java.rmi/sun.rmi.transport.tcp.TCPTransport.handleMessages(TCPTransport.java:587)
	at java.rmi/sun.rmi.transport.tcp.TCPTransport$ConnectionHandler.run0(TCPTransport.java:828)
	at java.rmi/sun.rmi.transport.tcp.TCPTransport$ConnectionHandler.lambda$run$0(TCPTransport.java:705)
	at java.base/java.security.AccessController.doPrivileged(AccessController.java:399)
	at java.rmi/sun.rmi.transport.tcp.TCPTransport$ConnectionHandler.run(TCPTransport.java:704)
	at java.base/java.util.concurrent.ThreadPoolExecutor.runWorker(ThreadPoolExecutor.java:1136)
	at java.base/java.util.concurrent.ThreadPoolExecutor$Worker.run(ThreadPoolExecutor.java:635)
	at java.base/java.lang.Thread.run(Thread.java:833)
Caused by: java.net.ConnectException: Connection timed out: no further information
	at java.base/sun.nio.ch.Net.pollConnect(Native Method)
	at java.base/sun.nio.ch.Net.pollConnectNow(Net.java:672)
	at java.base/sun.nio.ch.NioSocketImpl.timedFinishConnect(NioSocketImpl.java:549)
	at java.base/sun.nio.ch.NioSocketImpl.connect(NioSocketImpl.java:597)
	at java.base/java.net.SocksSocketImpl.connect(SocksSocketImpl.java:327)
	at java.base/java.net.Socket.connect(Socket.java:633)
	at com.rabbitmq.client.impl.SocketFrameHandlerFactory.create(SocketFrameHandlerFactory.java:59)
	at com.rabbitmq.client.ConnectionFactory.newConnection(ConnectionFactory.java:1223)
	at com.rabbitmq.client.ConnectionFactory.newConnection(ConnectionFactory.java:1173)
	at org.springframework.amqp.rabbit.connection.AbstractConnectionFactory.connectAddresses(AbstractConnectionFactory.java:632)
	at org.springframework.amqp.rabbit.connection.AbstractConnectionFactory.connect(AbstractConnectionFactory.java:607)
	at org.springframework.amqp.rabbit.connection.AbstractConnectionFactory.createBareConnection(AbstractConnectionFactory.java:557)
	... 53 common frames omitted
2023-07-02 14:55:20,313 WARN (HealthEndpointSupport.java:181)- Health contributor org.springframework.boot.actuate.amqp.RabbitHealthIndicator (rabbit) took 69148ms to respond
2023-07-02 14:55:20,317 INFO (HikariDataSource.java:110)- HikariPool-1 - Starting...
2023-07-02 14:55:20,478 INFO (HikariPool.java:565)- HikariPool-1 - Added connection com.mysql.cj.jdbc.ConnectionImpl@7899c69f
2023-07-02 14:55:20,486 INFO (HikariDataSource.java:123)- HikariPool-1 - Start completed.
2023-07-02 14:57:36,108 DEBUG (BaseJdbcLogger.java:137)- ==>  Preparing: SELECT id,link_name,link_url,sort,is_open,create_time,update_time FROM home_friend_link ORDER BY sort ASC
2023-07-02 14:57:36,108 DEBUG (BaseJdbcLogger.java:137)- ==>  Preparing: SELECT id,type,sort,book_id,create_time,update_time FROM home_book ORDER BY sort ASC
2023-07-02 14:57:36,146 DEBUG (BaseJdbcLogger.java:137)- ==> Parameters: 
2023-07-02 14:57:36,146 DEBUG (BaseJdbcLogger.java:137)- ==> Parameters: 
2023-07-02 14:57:36,194 DEBUG (BaseJdbcLogger.java:137)- <==      Total: 4
2023-07-02 14:57:36,201 DEBUG (BaseJdbcLogger.java:137)- <==      Total: 31
2023-07-02 14:57:36,371 INFO (NamingClientProxyDelegate.java:167)- [SUBSCRIBE-SERVICE] service:novel-book-service, group:DEFAULT_GROUP, clusters: 
2023-07-02 14:57:36,381 INFO (ServiceInfoHolder.java:184)- init new ips(1) service: DEFAULT_GROUP@@novel-book-service -> [{"ip":"192.168.43.1","port":9020,"weight":1.0,"healthy":true,"enabled":true,"ephemeral":true,"clusterName":"DEFAULT","serviceName":"DEFAULT_GROUP@@novel-book-service","metadata":{"preserved.register.source":"SPRING_CLOUD"},"instanceHeartBeatInterval":5000,"instanceHeartBeatTimeOut":15000,"ipDeleteTimeout":30000}]
2023-07-02 14:57:36,383 INFO (ServiceInfoHolder.java:169)- current ips:(1) service: DEFAULT_GROUP@@novel-book-service -> [{"ip":"192.168.43.1","port":9020,"weight":1.0,"healthy":true,"enabled":true,"ephemeral":true,"clusterName":"DEFAULT","serviceName":"DEFAULT_GROUP@@novel-book-service","metadata":{"preserved.register.source":"SPRING_CLOUD"},"instanceHeartBeatInterval":5000,"instanceHeartBeatTimeOut":15000,"ipDeleteTimeout":30000}]
2023-07-02 14:57:36,914 INFO (LoggerUtils.java:60)- [b795db5e-8862-4f26-90f9-7b56238ee3bb] Receive server push request, request = NotifySubscriberRequest, requestId = 5
2023-07-02 14:57:36,915 INFO (LoggerUtils.java:60)- [b795db5e-8862-4f26-90f9-7b56238ee3bb] Ack server push request, request = NotifySubscriberRequest, requestId = 5
2023-07-02 15:00:18,080 INFO (LoggerUtils.java:60)- [b795db5e-8862-4f26-90f9-7b56238ee3bb] Receive server push request, request = NotifySubscriberRequest, requestId = 9
2023-07-02 15:00:18,080 INFO (ServiceInfoHolder.java:241)- removed ips(1) service: DEFAULT_GROUP@@novel-book-service -> [{"ip":"192.168.43.1","port":9020,"weight":1.0,"healthy":true,"enabled":true,"ephemeral":true,"clusterName":"DEFAULT","serviceName":"DEFAULT_GROUP@@novel-book-service","metadata":{"preserved.register.source":"SPRING_CLOUD"},"instanceHeartBeatInterval":5000,"instanceHeartBeatTimeOut":15000,"ipDeleteTimeout":30000}]
2023-07-02 15:00:18,081 INFO (ServiceInfoHolder.java:169)- current ips:(0) service: DEFAULT_GROUP@@novel-book-service -> []
2023-07-02 15:00:18,081 INFO (LoggerUtils.java:60)- [b795db5e-8862-4f26-90f9-7b56238ee3bb] Ack server push request, request = NotifySubscriberRequest, requestId = 9
2023-07-02 15:00:19,648 WARN (HttpClientBeanHolder.java:102)- [HttpClientBeanHolder] Start destroying common HttpClient
2023-07-02 15:00:19,648 WARN (NotifyCenter.java:136)- [NotifyCenter] Start destroying Publisher
2023-07-02 15:00:19,648 WARN (NotifyCenter.java:153)- [NotifyCenter] Destruction of the end
2023-07-02 15:00:19,649 WARN (HttpClientBeanHolder.java:111)- [HttpClientBeanHolder] Destruction of the end
2023-07-02 15:00:19,650 INFO (QuartzScheduler.java:585)- Scheduler quartzScheduler_$_NON_CLUSTERED paused.
2023-07-02 15:00:19,651 INFO (Undertow.java:259)- stopping server: Undertow - 2.3.4.Final
2023-07-02 15:00:19,655 INFO (ServletContextImpl.java:372)- Destroying Spring FrameworkServlet 'dispatcherServlet'
2023-07-02 15:00:19,664 INFO (SchedulerFactoryBean.java:847)- Shutting down Quartz Scheduler
2023-07-02 15:00:19,664 INFO (QuartzScheduler.java:666)- Scheduler quartzScheduler_$_NON_CLUSTERED shutting down.
2023-07-02 15:00:19,664 INFO (QuartzScheduler.java:585)- Scheduler quartzScheduler_$_NON_CLUSTERED paused.
2023-07-02 15:00:19,665 INFO (QuartzScheduler.java:740)- Scheduler quartzScheduler_$_NON_CLUSTERED shutdown complete.
2023-07-02 15:00:19,669 INFO (NacosServiceRegistry.java:95)- De-registering from Nacos Server now...
2023-07-02 15:00:19,669 INFO (NamingGrpcClientProxy.java:216)- [DEREGISTER-SERVICE] public deregistering service novel-home-service with instance: Instance{instanceId='null', ip='192.168.43.1', port=9001, weight=1.0, healthy=true, enabled=true, ephemeral=true, clusterName='DEFAULT', serviceName='null', metadata={}}
2023-07-02 15:00:19,673 INFO (NacosServiceRegistry.java:115)- De-registration finished.
2023-07-02 15:00:19,674 INFO (ServiceInfoHolder.java:256)- com.alibaba.nacos.client.naming.cache.ServiceInfoHolder do shutdown begin
2023-07-02 15:00:19,674 INFO (FailoverReactor.java:133)- com.alibaba.nacos.client.naming.backups.FailoverReactor do shutdown begin
2023-07-02 15:00:19,674 INFO (FailoverReactor.java:135)- com.alibaba.nacos.client.naming.backups.FailoverReactor do shutdown stop
2023-07-02 15:00:19,674 INFO (ServiceInfoHolder.java:258)- com.alibaba.nacos.client.naming.cache.ServiceInfoHolder do shutdown stop
2023-07-02 15:00:19,674 INFO (NamingClientProxyDelegate.java:204)- com.alibaba.nacos.client.naming.remote.NamingClientProxyDelegate do shutdown begin
2023-07-02 15:00:19,674 INFO (ServiceInfoUpdateService.java:143)- com.alibaba.nacos.client.naming.core.ServiceInfoUpdateService do shutdown begin
2023-07-02 15:00:19,674 INFO (ServiceInfoUpdateService.java:145)- com.alibaba.nacos.client.naming.core.ServiceInfoUpdateService do shutdown stop
2023-07-02 15:00:19,674 INFO (ServerListManager.java:194)- com.alibaba.nacos.client.naming.core.ServerListManager do shutdown begin
2023-07-02 15:00:19,675 WARN (NamingHttpClientManager.java:74)- [NamingHttpClientManager] Start destroying NacosRestTemplate
2023-07-02 15:00:19,675 WARN (NamingHttpClientManager.java:81)- [NamingHttpClientManager] Destruction of the end
2023-07-02 15:00:19,675 INFO (ServerListManager.java:199)- com.alibaba.nacos.client.naming.core.ServerListManager do shutdown stop
2023-07-02 15:00:19,675 INFO (NamingHttpClientProxy.java:484)- com.alibaba.nacos.client.naming.remote.http.NamingHttpClientProxy do shutdown begin
2023-07-02 15:00:19,675 WARN (NamingHttpClientManager.java:74)- [NamingHttpClientManager] Start destroying NacosRestTemplate
2023-07-02 15:00:19,675 WARN (NamingHttpClientManager.java:81)- [NamingHttpClientManager] Destruction of the end
2023-07-02 15:00:19,675 INFO (NamingHttpClientProxy.java:486)- com.alibaba.nacos.client.naming.remote.http.NamingHttpClientProxy do shutdown stop
2023-07-02 15:00:19,675 INFO (RpcClient.java:425)- Shutdown rpc client, set status to shutdown
2023-07-02 15:00:19,675 INFO (RpcClient.java:427)- Shutdown client event executor java.util.concurrent.ScheduledThreadPoolExecutor@63f7d36a[Running, pool size = 2, active threads = 2, queued tasks = 0, completed tasks = 0]
2023-07-02 15:00:19,675 INFO (RpcClient.java:580)- Close current connection 1688280850585_127.0.0.1_50419
2023-07-02 15:00:19,677 INFO (LoggerUtils.java:60)- [1688280850585_127.0.0.1_50419]Ignore complete event,isRunning:false,isAbandon=false
2023-07-02 15:00:19,679 INFO (GrpcClient.java:140)- Shutdown grpc executor java.util.concurrent.ThreadPoolExecutor@18544c69[Running, pool size = 5, active threads = 0, queued tasks = 0, completed tasks = 89]
2023-07-02 15:00:19,679 INFO (NamingGrpcRedoService.java:292)- Shutdown grpc redo service executor java.util.concurrent.ScheduledThreadPoolExecutor@494ed8f6[Running, pool size = 1, active threads = 0, queued tasks = 1, completed tasks = 122]
2023-07-02 15:00:19,679 INFO (CredentialWatcher.java:106)- [null] CredentialWatcher is stopped
2023-07-02 15:00:19,680 INFO (CredentialService.java:100)- [null] CredentialService is freed
2023-07-02 15:00:19,680 INFO (NamingClientProxyDelegate.java:211)- com.alibaba.nacos.client.naming.remote.NamingClientProxyDelegate do shutdown stop
2023-07-02 15:00:19,697 INFO (HikariDataSource.java:350)- HikariPool-1 - Shutdown initiated...
2023-07-02 15:00:19,703 INFO (HikariDataSource.java:352)- HikariPool-1 - Shutdown completed.
