2023-07-21 09:26:34,736 WARN (NacosLogging.java:64)- Load Logback Configuration of Nacos fail, message: org/slf4j/impl/StaticLoggerBinder
2023-07-21 09:26:34,749 WARN (NacosLogging.java:64)- Load Logback Configuration of Nacos fail, message: org/slf4j/impl/StaticLoggerBinder
2023-07-21 09:26:34,765 INFO (LocalConfigInfoProcessor.java:68)- LOCAL_SNAPSHOT_PATH:C:\Users\yisheng\nacos\config
2023-07-21 09:26:34,767 INFO (RpcClientFactory.java:94)- [RpcClientFactory] create a new rpc client of 1ec0b04d-25a5-431c-a977-b1048cb13a43_config-0
2023-07-21 09:26:34,783 INFO (LoggerUtils.java:60)- [1ec0b04d-25a5-431c-a977-b1048cb13a43_config-0] Register server push request handler:com.alibaba.nacos.client.config.impl.ClientWorker$ConfigRpcTransportClient$$Lambda$651/0x0000000800fc5b38
2023-07-21 09:26:34,788 INFO (LoggerUtils.java:60)- [1ec0b04d-25a5-431c-a977-b1048cb13a43_config-0] Register server push request handler:com.alibaba.nacos.client.config.impl.ClientWorker$ConfigRpcTransportClient$$Lambda$652/0x0000000800fc5f58
2023-07-21 09:26:34,788 INFO (LoggerUtils.java:60)- [1ec0b04d-25a5-431c-a977-b1048cb13a43_config-0] Registry connection listener to current client:com.alibaba.nacos.client.config.impl.ClientWorker$ConfigRpcTransportClient$1
2023-07-21 09:26:34,789 INFO (LoggerUtils.java:60)- [1ec0b04d-25a5-431c-a977-b1048cb13a43_config-0] RpcClient init, ServerListFactory = com.alibaba.nacos.client.config.impl.ClientWorker$ConfigRpcTransportClient$2
2023-07-21 09:26:34,795 INFO (LoggerUtils.java:60)- [1ec0b04d-25a5-431c-a977-b1048cb13a43_config-0] Try to connect to server on start up, server: {serverIp = '127.0.0.1', server main port = 8848}
2023-07-21 09:26:35,579 INFO (LoggerUtils.java:60)- [1ec0b04d-25a5-431c-a977-b1048cb13a43_config-0] Success to connect to server [127.0.0.1:8848] on start up, connectionId = 1689902795357_127.0.0.1_55611
2023-07-21 09:26:35,580 INFO (LoggerUtils.java:60)- [1ec0b04d-25a5-431c-a977-b1048cb13a43_config-0] Register server push request handler:com.alibaba.nacos.common.remote.client.RpcClient$ConnectResetRequestHandler
2023-07-21 09:26:35,581 INFO (LoggerUtils.java:60)- [1ec0b04d-25a5-431c-a977-b1048cb13a43_config-0] Register server push request handler:com.alibaba.nacos.common.remote.client.RpcClient$$Lambda$671/0x00000008010f7d10
2023-07-21 09:26:35,580 INFO (LoggerUtils.java:60)- [1ec0b04d-25a5-431c-a977-b1048cb13a43_config-0] Notify connected event to listeners.
2023-07-21 09:26:35,581 INFO (ClientWorker.java:638)- [1ec0b04d-25a5-431c-a977-b1048cb13a43_config-0] Connected,notify listen context...
2023-07-21 09:26:35,633 INFO (Limiter.java:62)- limitTime:5.0
2023-07-21 09:26:35,649 INFO (JvmUtil.java:54)- isMultiInstance:false
2023-07-21 09:26:35,722 WARN (NacosPropertySourceBuilder.java:87)- Ignore the empty nacos configuration and get it based on dataId[novel-resource-service] & group[DEFAULT_GROUP]
2023-07-21 09:26:35,730 WARN (NacosPropertySourceBuilder.java:87)- Ignore the empty nacos configuration and get it based on dataId[novel-resource-service.yml] & group[DEFAULT_GROUP]
2023-07-21 09:26:35,738 WARN (NacosPropertySourceBuilder.java:87)- Ignore the empty nacos configuration and get it based on dataId[novel-resource-service-common.yml] & group[DEFAULT_GROUP]
2023-07-21 09:26:35,745 WARN (NacosPropertySourceBuilder.java:87)- Ignore the empty nacos configuration and get it based on dataId[novel-resource-service-dev.yml] & group[DEFAULT_GROUP]
2023-07-21 09:26:35,746 INFO (PropertySourceBootstrapConfiguration.java:108)- Located property source: [BootstrapPropertySource {name='bootstrapProperties-novel-resource-service-dev.yml,DEFAULT_GROUP'}, BootstrapPropertySource {name='bootstrapProperties-novel-resource-service-common.yml,DEFAULT_GROUP'}, BootstrapPropertySource {name='bootstrapProperties-novel-resource-service.yml,DEFAULT_GROUP'}, BootstrapPropertySource {name='bootstrapProperties-novel-resource-service,DEFAULT_GROUP'}, BootstrapPropertySource {name='bootstrapProperties-novel-rabbitmq.yml,DEFAULT_GROUP'}, BootstrapPropertySource {name='bootstrapProperties-novel-redis.yml,DEFAULT_GROUP'}, BootstrapPropertySource {name='bootstrapProperties-novel-mysql.yml,DEFAULT_GROUP'}]
2023-07-21 09:26:35,763 INFO (SpringApplication.java:638)- The following 2 profiles are active: "common", "dev"
2023-07-21 09:26:38,871 INFO (RepositoryConfigurationDelegate.java:291)- Multiple Spring Data modules found, entering strict repository configuration mode
2023-07-21 09:26:38,876 INFO (RepositoryConfigurationDelegate.java:138)- Bootstrapping Spring Data Redis repositories in DEFAULT mode.
2023-07-21 09:26:38,927 INFO (RepositoryConfigurationDelegate.java:208)- Finished Spring Data repository scanning in 17 ms. Found 0 Redis repository interfaces.
2023-07-21 09:26:39,231 WARN (Logger.java:44)- No MyBatis mapper was found in '[io.github.xxyopen.novel.resource]' package. Please check your configuration.
2023-07-21 09:26:39,412 INFO (GenericScope.java:282)- BeanFactory id=03f12897-bde5-3ec4-9710-3e0b4e4829be
2023-07-21 09:26:41,670 WARN (Bootstrap.java:68)- UT026010: Buffer pool was not set on WebSocketDeploymentInfo, the default pool will be used
2023-07-21 09:26:41,809 INFO (ServletContextImpl.java:372)- Initializing Spring embedded WebApplicationContext
2023-07-21 09:26:41,817 INFO (ServletWebServerApplicationContext.java:291)- Root WebApplicationContext: initialization completed in 6028 ms
2023-07-21 09:26:43,152 INFO (Version.java:41)- Redisson 3.19.1
2023-07-21 09:26:43,534 INFO (ConnectionPool.java:162)- 1 connections initialized for 127.0.0.1/127.0.0.1:6379
2023-07-21 09:26:43,569 INFO (ConnectionPool.java:162)- 24 connections initialized for 127.0.0.1/127.0.0.1:6379
2023-07-21 09:26:44,320 INFO (SentinelWebMvcConfigurer.java:52)- [Sentinel Starter] register SentinelWebInterceptor with urlPatterns: [/**].
2023-07-21 09:26:46,664 INFO (InetUtils.java:170)- Cannot determine local hostname
2023-07-21 09:26:47,901 INFO (StdSchedulerFactory.java:1220)- Using default implementation for ThreadExecutor
2023-07-21 09:26:47,915 INFO (SchedulerSignalerImpl.java:61)- Initialized Scheduler Signaller of type: class org.quartz.core.SchedulerSignalerImpl
2023-07-21 09:26:47,915 INFO (QuartzScheduler.java:229)- Quartz Scheduler v.2.3.2 created.
2023-07-21 09:26:47,916 INFO (RAMJobStore.java:155)- RAMJobStore initialized.
2023-07-21 09:26:47,918 INFO (QuartzScheduler.java:294)- Scheduler meta-data: Quartz Scheduler (v2.3.2) 'quartzScheduler' with instanceId 'NON_CLUSTERED'
  Scheduler class: 'org.quartz.core.QuartzScheduler' - running locally.
  NOT STARTED.
  Currently in standby mode.
  Number of jobs executed: 0
  Using thread pool 'org.quartz.simpl.SimpleThreadPool' - with 10 threads.
  Using job-store 'org.quartz.simpl.RAMJobStore' - which does not support persistence. and is not clustered.

2023-07-21 09:26:47,918 INFO (StdSchedulerFactory.java:1374)- Quartz scheduler 'quartzScheduler' initialized from an externally provided properties instance.
2023-07-21 09:26:47,918 INFO (StdSchedulerFactory.java:1378)- Quartz scheduler version: 2.3.2
2023-07-21 09:26:47,918 INFO (QuartzScheduler.java:2293)- JobFactory set to: org.springframework.scheduling.quartz.SpringBeanJobFactory@45b7b254
2023-07-21 09:26:49,479 INFO (InetUtils.java:170)- Cannot determine local hostname
2023-07-21 09:26:49,579 INFO (EndpointLinksResolver.java:58)- Exposing 21 endpoint(s) beneath base path '/actuator'
2023-07-21 09:26:49,665 WARN (LocalVariableTableParameterNameDiscoverer.java:123)- Using deprecated '-debug' fallback for parameter name resolution. Compile the affected code with '-parameters' instead or avoid its introspection: org.springframework.amqp.rabbit.core.RabbitAdmin
2023-07-21 09:26:49,695 INFO (Undertow.java:120)- starting server: Undertow - 2.3.4.Final
2023-07-21 09:26:49,702 INFO (Xnio.java:95)- XNIO version 3.8.8.Final
2023-07-21 09:26:49,710 INFO (NioXnio.java:58)- XNIO NIO Implementation Version 3.8.8.Final
2023-07-21 09:26:49,738 INFO (Version.java:55)- JBoss Threads version 3.5.0.Final
2023-07-21 09:26:49,787 INFO (UndertowWebServer.java:121)- Undertow started on port(s) 9040 (http)
2023-07-21 09:26:49,792 INFO (SearchableProperties.java:197)- properties search order:PROPERTIES->JVM->ENV->DEFAULT_SETTING
2023-07-21 09:26:49,794 INFO (InitUtils.java:61)- initializer namespace from System Property : null
2023-07-21 09:26:49,794 INFO (InitUtils.java:65)- initializer namespace from System Environment :null
2023-07-21 09:26:49,795 INFO (InitUtils.java:72)- initializer namespace from System Property :
2023-07-21 09:26:49,807 INFO (ClientAuthPluginManager.java:56)- [ClientAuthPluginManager] Load ClientAuthService com.alibaba.nacos.client.auth.impl.NacosClientAuthServiceImpl success.
2023-07-21 09:26:49,808 INFO (ClientAuthPluginManager.java:56)- [ClientAuthPluginManager] Load ClientAuthService com.alibaba.nacos.client.auth.ram.RamClientAuthServiceImpl success.
2023-07-21 09:26:49,813 INFO (RpcClientFactory.java:94)- [RpcClientFactory] create a new rpc client of 5bf96ca4-5ff2-4e18-85e9-e9535f406c20
2023-07-21 09:26:49,816 INFO (LoggerUtils.java:60)- [5bf96ca4-5ff2-4e18-85e9-e9535f406c20] RpcClient init, ServerListFactory = com.alibaba.nacos.client.naming.core.ServerListManager
2023-07-21 09:26:49,816 INFO (LoggerUtils.java:60)- [5bf96ca4-5ff2-4e18-85e9-e9535f406c20] Registry connection listener to current client:com.alibaba.nacos.client.naming.remote.gprc.redo.NamingGrpcRedoService
2023-07-21 09:26:49,817 INFO (LoggerUtils.java:60)- [5bf96ca4-5ff2-4e18-85e9-e9535f406c20] Register server push request handler:com.alibaba.nacos.client.naming.remote.gprc.NamingPushRequestHandler
2023-07-21 09:26:49,817 INFO (LoggerUtils.java:60)- [5bf96ca4-5ff2-4e18-85e9-e9535f406c20] Try to connect to server on start up, server: {serverIp = '127.0.0.1', server main port = 8848}
2023-07-21 09:26:49,929 INFO (LoggerUtils.java:60)- [5bf96ca4-5ff2-4e18-85e9-e9535f406c20] Success to connect to server [127.0.0.1:8848] on start up, connectionId = 1689902809822_127.0.0.1_55723
2023-07-21 09:26:49,929 INFO (LoggerUtils.java:60)- [5bf96ca4-5ff2-4e18-85e9-e9535f406c20] Notify connected event to listeners.
2023-07-21 09:26:49,929 INFO (NamingGrpcRedoService.java:78)- Grpc connection connect
2023-07-21 09:26:49,929 INFO (LoggerUtils.java:60)- [5bf96ca4-5ff2-4e18-85e9-e9535f406c20] Register server push request handler:com.alibaba.nacos.common.remote.client.RpcClient$ConnectResetRequestHandler
2023-07-21 09:26:49,931 INFO (LoggerUtils.java:60)- [5bf96ca4-5ff2-4e18-85e9-e9535f406c20] Register server push request handler:com.alibaba.nacos.common.remote.client.RpcClient$$Lambda$671/0x00000008010f7d10
2023-07-21 09:26:49,932 INFO (NamingGrpcClientProxy.java:120)- [REGISTER-SERVICE] public registering service novel-resource-service with instance Instance{instanceId='null', ip='192.168.43.1', port=9040, weight=1.0, healthy=true, enabled=true, ephemeral=true, clusterName='DEFAULT', serviceName='null', metadata={preserved.register.source=SPRING_CLOUD}}
2023-07-21 09:26:49,942 INFO (NacosServiceRegistry.java:76)- nacos registry, DEFAULT_GROUP novel-resource-service 192.168.43.1:9040 register finished
2023-07-21 09:26:51,045 INFO (InetUtils.java:170)- Cannot determine local hostname
2023-07-21 09:26:51,048 INFO (SchedulerFactoryBean.java:729)- Starting Quartz Scheduler now
2023-07-21 09:26:51,049 INFO (QuartzScheduler.java:547)- Scheduler quartzScheduler_$_NON_CLUSTERED started.
2023-07-21 09:26:51,082 INFO (StartupInfoLogger.java:57)- Started NovelResourceApplication in 21.146 seconds (process running for 22.19)
2023-07-21 09:26:51,090 INFO (CacheData.java:67)- nacos.cache.data.init.snapshot = true 
2023-07-21 09:26:51,092 INFO (ClientWorker.java:379)- [fixed-127.0.0.1_8848] [subscribe] novel-resource-service-dev.yml+DEFAULT_GROUP
2023-07-21 09:26:51,105 INFO (CacheData.java:197)- [fixed-127.0.0.1_8848] [add-listener] ok, tenant=, dataId=novel-resource-service-dev.yml, group=DEFAULT_GROUP, cnt=1
2023-07-21 09:26:51,106 INFO (NacosContextRefresher.java:129)- [Nacos Config] Listening config: dataId=novel-resource-service-dev.yml, group=DEFAULT_GROUP
2023-07-21 09:26:51,106 INFO (ClientWorker.java:379)- [fixed-127.0.0.1_8848] [subscribe] novel-resource-service+DEFAULT_GROUP
2023-07-21 09:26:51,106 INFO (CacheData.java:197)- [fixed-127.0.0.1_8848] [add-listener] ok, tenant=, dataId=novel-resource-service, group=DEFAULT_GROUP, cnt=1
2023-07-21 09:26:51,106 INFO (NacosContextRefresher.java:129)- [Nacos Config] Listening config: dataId=novel-resource-service, group=DEFAULT_GROUP
2023-07-21 09:26:51,107 INFO (ClientWorker.java:379)- [fixed-127.0.0.1_8848] [subscribe] novel-mysql.yml+DEFAULT_GROUP
2023-07-21 09:26:51,107 INFO (CacheData.java:197)- [fixed-127.0.0.1_8848] [add-listener] ok, tenant=, dataId=novel-mysql.yml, group=DEFAULT_GROUP, cnt=1
2023-07-21 09:26:51,107 INFO (NacosContextRefresher.java:129)- [Nacos Config] Listening config: dataId=novel-mysql.yml, group=DEFAULT_GROUP
2023-07-21 09:26:51,108 INFO (ClientWorker.java:379)- [fixed-127.0.0.1_8848] [subscribe] novel-redis.yml+DEFAULT_GROUP
2023-07-21 09:26:51,108 INFO (CacheData.java:197)- [fixed-127.0.0.1_8848] [add-listener] ok, tenant=, dataId=novel-redis.yml, group=DEFAULT_GROUP, cnt=1
2023-07-21 09:26:51,108 INFO (NacosContextRefresher.java:129)- [Nacos Config] Listening config: dataId=novel-redis.yml, group=DEFAULT_GROUP
2023-07-21 09:26:51,110 INFO (ClientWorker.java:379)- [fixed-127.0.0.1_8848] [subscribe] novel-resource-service.yml+DEFAULT_GROUP
2023-07-21 09:26:51,110 INFO (CacheData.java:197)- [fixed-127.0.0.1_8848] [add-listener] ok, tenant=, dataId=novel-resource-service.yml, group=DEFAULT_GROUP, cnt=1
2023-07-21 09:26:51,111 INFO (NacosContextRefresher.java:129)- [Nacos Config] Listening config: dataId=novel-resource-service.yml, group=DEFAULT_GROUP
2023-07-21 09:26:51,111 INFO (ClientWorker.java:379)- [fixed-127.0.0.1_8848] [subscribe] novel-rabbitmq.yml+DEFAULT_GROUP
2023-07-21 09:26:51,112 INFO (CacheData.java:197)- [fixed-127.0.0.1_8848] [add-listener] ok, tenant=, dataId=novel-rabbitmq.yml, group=DEFAULT_GROUP, cnt=1
2023-07-21 09:26:51,112 INFO (NacosContextRefresher.java:129)- [Nacos Config] Listening config: dataId=novel-rabbitmq.yml, group=DEFAULT_GROUP
2023-07-21 09:26:51,112 INFO (ClientWorker.java:379)- [fixed-127.0.0.1_8848] [subscribe] novel-resource-service-common.yml+DEFAULT_GROUP
2023-07-21 09:26:51,112 INFO (CacheData.java:197)- [fixed-127.0.0.1_8848] [add-listener] ok, tenant=, dataId=novel-resource-service-common.yml, group=DEFAULT_GROUP, cnt=1
2023-07-21 09:26:51,112 INFO (NacosContextRefresher.java:129)- [Nacos Config] Listening config: dataId=novel-resource-service-common.yml, group=DEFAULT_GROUP
2023-07-21 09:26:51,376 INFO (ServletContextImpl.java:372)- Initializing Spring DispatcherServlet 'dispatcherServlet'
2023-07-21 09:26:51,377 INFO (FrameworkServlet.java:532)- Initializing Servlet 'dispatcherServlet'
2023-07-21 09:26:51,382 INFO (FrameworkServlet.java:554)- Completed initialization in 5 ms
2023-07-21 09:26:51,440 INFO (AbstractConnectionFactory.java:630)- Attempting to connect to: [192.168.10.110:5672]
2023-07-21 09:27:15,480 INFO (AbstractConnectionFactory.java:630)- Attempting to connect to: [192.168.10.110:5672]
2023-07-21 09:27:39,513 INFO (AbstractConnectionFactory.java:630)- Attempting to connect to: [192.168.10.110:5672]
2023-07-21 09:28:00,559 WARN (AbstractHealthIndicator.java:94)- Rabbit health check failed
org.springframework.amqp.AmqpConnectException: java.net.ConnectException: Connection timed out: no further information
	at org.springframework.amqp.rabbit.support.RabbitExceptionTranslator.convertRabbitAccessException(RabbitExceptionTranslator.java:61)
	at org.springframework.amqp.rabbit.connection.AbstractConnectionFactory.createBareConnection(AbstractConnectionFactory.java:594)
	at org.springframework.amqp.rabbit.connection.CachingConnectionFactory.createConnection(CachingConnectionFactory.java:687)
	at org.springframework.amqp.rabbit.connection.ConnectionFactoryUtils.createConnection(ConnectionFactoryUtils.java:257)
	at org.springframework.amqp.rabbit.core.RabbitTemplate.doExecute(RabbitTemplate.java:2225)
	at org.springframework.amqp.rabbit.core.RabbitTemplate.lambda$execute$13(RabbitTemplate.java:2187)
	at org.springframework.retry.support.RetryTemplate.doExecute(RetryTemplate.java:329)
	at org.springframework.retry.support.RetryTemplate.execute(RetryTemplate.java:225)
	at org.springframework.amqp.rabbit.core.RabbitTemplate.execute(RabbitTemplate.java:2186)
	at org.springframework.amqp.rabbit.core.RabbitTemplate.execute(RabbitTemplate.java:2178)
	at org.springframework.boot.actuate.amqp.RabbitHealthIndicator.getVersion(RabbitHealthIndicator.java:49)
	at org.springframework.boot.actuate.amqp.RabbitHealthIndicator.doHealthCheck(RabbitHealthIndicator.java:44)
	at org.springframework.boot.actuate.health.AbstractHealthIndicator.health(AbstractHealthIndicator.java:82)
	at org.springframework.boot.actuate.health.HealthIndicator.getHealth(HealthIndicator.java:37)
	at org.springframework.boot.actuate.health.HealthEndpoint.getHealth(HealthEndpoint.java:82)
	at org.springframework.boot.actuate.health.HealthEndpoint.getHealth(HealthEndpoint.java:41)
	at org.springframework.boot.actuate.health.HealthEndpointSupport.getLoggedHealth(HealthEndpointSupport.java:172)
	at org.springframework.boot.actuate.health.HealthEndpointSupport.getContribution(HealthEndpointSupport.java:145)
	at org.springframework.boot.actuate.health.HealthEndpointSupport.getAggregateContribution(HealthEndpointSupport.java:156)
	at org.springframework.boot.actuate.health.HealthEndpointSupport.getContribution(HealthEndpointSupport.java:141)
	at org.springframework.boot.actuate.health.HealthEndpointSupport.getHealth(HealthEndpointSupport.java:110)
	at org.springframework.boot.actuate.health.HealthEndpointSupport.getHealth(HealthEndpointSupport.java:81)
	at org.springframework.boot.actuate.health.HealthEndpoint.health(HealthEndpoint.java:76)
	at org.springframework.boot.actuate.health.HealthEndpoint.health(HealthEndpoint.java:66)
	at java.base/jdk.internal.reflect.NativeMethodAccessorImpl.invoke0(Native Method)
	at java.base/jdk.internal.reflect.NativeMethodAccessorImpl.invoke(NativeMethodAccessorImpl.java:77)
	at java.base/jdk.internal.reflect.DelegatingMethodAccessorImpl.invoke(DelegatingMethodAccessorImpl.java:43)
	at java.base/java.lang.reflect.Method.invoke(Method.java:568)
	at org.springframework.util.ReflectionUtils.invokeMethod(ReflectionUtils.java:281)
	at org.springframework.boot.actuate.endpoint.invoke.reflect.ReflectiveOperationInvoker.invoke(ReflectiveOperationInvoker.java:74)
	at org.springframework.boot.actuate.endpoint.annotation.AbstractDiscoveredOperation.invoke(AbstractDiscoveredOperation.java:60)
	at org.springframework.boot.actuate.endpoint.jmx.EndpointMBean.invoke(EndpointMBean.java:124)
	at org.springframework.boot.actuate.endpoint.jmx.EndpointMBean.invoke(EndpointMBean.java:97)
	at java.management/com.sun.jmx.interceptor.DefaultMBeanServerInterceptor.invoke(DefaultMBeanServerInterceptor.java:814)
	at java.management/com.sun.jmx.mbeanserver.JmxMBeanServer.invoke(JmxMBeanServer.java:802)
	at java.management.rmi/javax.management.remote.rmi.RMIConnectionImpl.doOperation(RMIConnectionImpl.java:1472)
	at java.management.rmi/javax.management.remote.rmi.RMIConnectionImpl$PrivilegedOperation.run(RMIConnectionImpl.java:1310)
	at java.management.rmi/javax.management.remote.rmi.RMIConnectionImpl.doPrivilegedOperation(RMIConnectionImpl.java:1405)
	at java.management.rmi/javax.management.remote.rmi.RMIConnectionImpl.invoke(RMIConnectionImpl.java:829)
	at java.base/jdk.internal.reflect.GeneratedMethodAccessor53.invoke(Unknown Source)
	at java.base/jdk.internal.reflect.DelegatingMethodAccessorImpl.invoke(DelegatingMethodAccessorImpl.java:43)
	at java.base/java.lang.reflect.Method.invoke(Method.java:568)
	at java.rmi/sun.rmi.server.UnicastServerRef.dispatch(UnicastServerRef.java:360)
	at java.rmi/sun.rmi.transport.Transport$1.run(Transport.java:200)
	at java.rmi/sun.rmi.transport.Transport$1.run(Transport.java:197)
	at java.base/java.security.AccessController.doPrivileged(AccessController.java:712)
	at java.rmi/sun.rmi.transport.Transport.serviceCall(Transport.java:196)
	at java.rmi/sun.rmi.transport.tcp.TCPTransport.handleMessages(TCPTransport.java:587)
	at java.rmi/sun.rmi.transport.tcp.TCPTransport$ConnectionHandler.run0(TCPTransport.java:828)
	at java.rmi/sun.rmi.transport.tcp.TCPTransport$ConnectionHandler.lambda$run$0(TCPTransport.java:705)
	at java.base/java.security.AccessController.doPrivileged(AccessController.java:399)
	at java.rmi/sun.rmi.transport.tcp.TCPTransport$ConnectionHandler.run(TCPTransport.java:704)
	at java.base/java.util.concurrent.ThreadPoolExecutor.runWorker(ThreadPoolExecutor.java:1136)
	at java.base/java.util.concurrent.ThreadPoolExecutor$Worker.run(ThreadPoolExecutor.java:635)
	at java.base/java.lang.Thread.run(Thread.java:833)
Caused by: java.net.ConnectException: Connection timed out: no further information
	at java.base/sun.nio.ch.Net.pollConnect(Native Method)
	at java.base/sun.nio.ch.Net.pollConnectNow(Net.java:672)
	at java.base/sun.nio.ch.NioSocketImpl.timedFinishConnect(NioSocketImpl.java:549)
	at java.base/sun.nio.ch.NioSocketImpl.connect(NioSocketImpl.java:597)
	at java.base/java.net.SocksSocketImpl.connect(SocksSocketImpl.java:327)
	at java.base/java.net.Socket.connect(Socket.java:633)
	at com.rabbitmq.client.impl.SocketFrameHandlerFactory.create(SocketFrameHandlerFactory.java:59)
	at com.rabbitmq.client.ConnectionFactory.newConnection(ConnectionFactory.java:1223)
	at com.rabbitmq.client.ConnectionFactory.newConnection(ConnectionFactory.java:1173)
	at org.springframework.amqp.rabbit.connection.AbstractConnectionFactory.connectAddresses(AbstractConnectionFactory.java:632)
	at org.springframework.amqp.rabbit.connection.AbstractConnectionFactory.connect(AbstractConnectionFactory.java:607)
	at org.springframework.amqp.rabbit.connection.AbstractConnectionFactory.createBareConnection(AbstractConnectionFactory.java:557)
	... 53 common frames omitted
2023-07-21 09:28:00,565 WARN (HealthEndpointSupport.java:181)- Health contributor org.springframework.boot.actuate.amqp.RabbitHealthIndicator (rabbit) took 69131ms to respond
2023-07-21 09:28:00,570 INFO (HikariDataSource.java:110)- HikariPool-1 - Starting...
2023-07-21 09:28:00,756 INFO (HikariPool.java:565)- HikariPool-1 - Added connection com.mysql.cj.jdbc.ConnectionImpl@3dbb0ed6
2023-07-21 09:28:00,768 INFO (HikariDataSource.java:123)- HikariPool-1 - Start completed.
2023-07-21 11:56:43,610 WARN (HttpClientBeanHolder.java:102)- [HttpClientBeanHolder] Start destroying common HttpClient
2023-07-21 11:56:43,610 WARN (NotifyCenter.java:136)- [NotifyCenter] Start destroying Publisher
2023-07-21 11:56:43,629 WARN (NotifyCenter.java:153)- [NotifyCenter] Destruction of the end
2023-07-21 11:56:43,639 WARN (HttpClientBeanHolder.java:111)- [HttpClientBeanHolder] Destruction of the end
2023-07-21 11:56:43,770 INFO (QuartzScheduler.java:585)- Scheduler quartzScheduler_$_NON_CLUSTERED paused.
2023-07-21 11:56:43,802 INFO (Undertow.java:259)- stopping server: Undertow - 2.3.4.Final
2023-07-21 11:56:43,930 INFO (ServletContextImpl.java:372)- Destroying Spring FrameworkServlet 'dispatcherServlet'
2023-07-21 11:56:43,990 INFO (SchedulerFactoryBean.java:847)- Shutting down Quartz Scheduler
2023-07-21 11:56:43,991 INFO (QuartzScheduler.java:666)- Scheduler quartzScheduler_$_NON_CLUSTERED shutting down.
2023-07-21 11:56:43,991 INFO (QuartzScheduler.java:585)- Scheduler quartzScheduler_$_NON_CLUSTERED paused.
2023-07-21 11:56:43,992 INFO (QuartzScheduler.java:740)- Scheduler quartzScheduler_$_NON_CLUSTERED shutdown complete.
2023-07-21 11:56:44,031 INFO (HikariDataSource.java:350)- HikariPool-1 - Shutdown initiated...
2023-07-21 11:56:44,042 INFO (HikariDataSource.java:352)- HikariPool-1 - Shutdown completed.
2023-07-21 11:56:44,046 INFO (NacosServiceRegistry.java:95)- De-registering from Nacos Server now...
2023-07-21 11:56:44,049 INFO (NamingGrpcClientProxy.java:216)- [DEREGISTER-SERVICE] public deregistering service novel-resource-service with instance: Instance{instanceId='null', ip='192.168.43.1', port=9040, weight=1.0, healthy=true, enabled=true, ephemeral=true, clusterName='DEFAULT', serviceName='null', metadata={}}
2023-07-21 11:56:44,085 INFO (NacosServiceRegistry.java:115)- De-registration finished.
2023-07-21 11:56:44,093 INFO (ServiceInfoHolder.java:256)- com.alibaba.nacos.client.naming.cache.ServiceInfoHolder do shutdown begin
2023-07-21 11:56:44,094 INFO (FailoverReactor.java:133)- com.alibaba.nacos.client.naming.backups.FailoverReactor do shutdown begin
2023-07-21 11:56:44,095 INFO (FailoverReactor.java:135)- com.alibaba.nacos.client.naming.backups.FailoverReactor do shutdown stop
2023-07-21 11:56:44,095 INFO (ServiceInfoHolder.java:258)- com.alibaba.nacos.client.naming.cache.ServiceInfoHolder do shutdown stop
2023-07-21 11:56:44,095 INFO (NamingClientProxyDelegate.java:204)- com.alibaba.nacos.client.naming.remote.NamingClientProxyDelegate do shutdown begin
2023-07-21 11:56:44,096 INFO (ServiceInfoUpdateService.java:143)- com.alibaba.nacos.client.naming.core.ServiceInfoUpdateService do shutdown begin
2023-07-21 11:56:44,096 INFO (ServiceInfoUpdateService.java:145)- com.alibaba.nacos.client.naming.core.ServiceInfoUpdateService do shutdown stop
2023-07-21 11:56:44,096 INFO (ServerListManager.java:194)- com.alibaba.nacos.client.naming.core.ServerListManager do shutdown begin
2023-07-21 11:56:44,096 WARN (NamingHttpClientManager.java:74)- [NamingHttpClientManager] Start destroying NacosRestTemplate
2023-07-21 11:56:44,097 WARN (NamingHttpClientManager.java:81)- [NamingHttpClientManager] Destruction of the end
2023-07-21 11:56:44,097 INFO (ServerListManager.java:199)- com.alibaba.nacos.client.naming.core.ServerListManager do shutdown stop
2023-07-21 11:56:44,097 INFO (NamingHttpClientProxy.java:484)- com.alibaba.nacos.client.naming.remote.http.NamingHttpClientProxy do shutdown begin
2023-07-21 11:56:44,098 WARN (NamingHttpClientManager.java:74)- [NamingHttpClientManager] Start destroying NacosRestTemplate
2023-07-21 11:56:44,098 WARN (NamingHttpClientManager.java:81)- [NamingHttpClientManager] Destruction of the end
2023-07-21 11:56:44,098 INFO (NamingHttpClientProxy.java:486)- com.alibaba.nacos.client.naming.remote.http.NamingHttpClientProxy do shutdown stop
2023-07-21 11:56:44,099 INFO (RpcClient.java:425)- Shutdown rpc client, set status to shutdown
2023-07-21 11:56:44,100 INFO (RpcClient.java:427)- Shutdown client event executor java.util.concurrent.ScheduledThreadPoolExecutor@777f66f4[Running, pool size = 2, active threads = 2, queued tasks = 0, completed tasks = 0]
2023-07-21 11:56:44,101 INFO (RpcClient.java:580)- Close current connection 1689902809822_127.0.0.1_55723
2023-07-21 11:56:44,105 INFO (LoggerUtils.java:60)- [1689902809822_127.0.0.1_55723]Ignore complete event,isRunning:false,isAbandon=false
2023-07-21 11:56:44,123 INFO (GrpcClient.java:140)- Shutdown grpc executor java.util.concurrent.ThreadPoolExecutor@379647d6[Running, pool size = 4, active threads = 0, queued tasks = 0, completed tasks = 1829]
2023-07-21 11:56:44,123 INFO (NamingGrpcRedoService.java:292)- Shutdown grpc redo service executor java.util.concurrent.ScheduledThreadPoolExecutor@443f9f33[Running, pool size = 1, active threads = 0, queued tasks = 1, completed tasks = 2996]
2023-07-21 11:56:44,124 INFO (CredentialWatcher.java:106)- [null] CredentialWatcher is stopped
2023-07-21 11:56:44,125 INFO (CredentialService.java:100)- [null] CredentialService is freed
2023-07-21 11:56:44,126 INFO (NamingClientProxyDelegate.java:211)- com.alibaba.nacos.client.naming.remote.NamingClientProxyDelegate do shutdown stop
2023-07-21 19:32:24,974 WARN (NacosLogging.java:64)- Load Logback Configuration of Nacos fail, message: org/slf4j/impl/StaticLoggerBinder
2023-07-21 19:32:24,984 WARN (NacosLogging.java:64)- Load Logback Configuration of Nacos fail, message: org/slf4j/impl/StaticLoggerBinder
2023-07-21 19:32:25,002 INFO (LocalConfigInfoProcessor.java:68)- LOCAL_SNAPSHOT_PATH:C:\Users\yisheng\nacos\config
2023-07-21 19:32:25,005 INFO (RpcClientFactory.java:94)- [RpcClientFactory] create a new rpc client of cdca981e-8c97-4776-b99f-19bb7aad92f6_config-0
2023-07-21 19:32:25,016 INFO (LoggerUtils.java:60)- [cdca981e-8c97-4776-b99f-19bb7aad92f6_config-0] Register server push request handler:com.alibaba.nacos.client.config.impl.ClientWorker$ConfigRpcTransportClient$$Lambda$651/0x0000000800fc76f0
2023-07-21 19:32:25,017 INFO (LoggerUtils.java:60)- [cdca981e-8c97-4776-b99f-19bb7aad92f6_config-0] Register server push request handler:com.alibaba.nacos.client.config.impl.ClientWorker$ConfigRpcTransportClient$$Lambda$652/0x0000000800fc7b10
2023-07-21 19:32:25,017 INFO (LoggerUtils.java:60)- [cdca981e-8c97-4776-b99f-19bb7aad92f6_config-0] Registry connection listener to current client:com.alibaba.nacos.client.config.impl.ClientWorker$ConfigRpcTransportClient$1
2023-07-21 19:32:25,017 INFO (LoggerUtils.java:60)- [cdca981e-8c97-4776-b99f-19bb7aad92f6_config-0] RpcClient init, ServerListFactory = com.alibaba.nacos.client.config.impl.ClientWorker$ConfigRpcTransportClient$2
2023-07-21 19:32:25,023 INFO (LoggerUtils.java:60)- [cdca981e-8c97-4776-b99f-19bb7aad92f6_config-0] Try to connect to server on start up, server: {serverIp = '127.0.0.1', server main port = 8848}
2023-07-21 19:32:26,522 INFO (LoggerUtils.java:60)- [cdca981e-8c97-4776-b99f-19bb7aad92f6_config-0] Success to connect to server [127.0.0.1:8848] on start up, connectionId = 1689939146247_127.0.0.1_64281
2023-07-21 19:32:26,524 INFO (LoggerUtils.java:60)- [cdca981e-8c97-4776-b99f-19bb7aad92f6_config-0] Notify connected event to listeners.
2023-07-21 19:32:26,524 INFO (ClientWorker.java:638)- [cdca981e-8c97-4776-b99f-19bb7aad92f6_config-0] Connected,notify listen context...
2023-07-21 19:32:26,524 INFO (LoggerUtils.java:60)- [cdca981e-8c97-4776-b99f-19bb7aad92f6_config-0] Register server push request handler:com.alibaba.nacos.common.remote.client.RpcClient$ConnectResetRequestHandler
2023-07-21 19:32:26,525 INFO (LoggerUtils.java:60)- [cdca981e-8c97-4776-b99f-19bb7aad92f6_config-0] Register server push request handler:com.alibaba.nacos.common.remote.client.RpcClient$$Lambda$671/0x00000008010f8fb0
2023-07-21 19:32:26,581 INFO (Limiter.java:62)- limitTime:5.0
2023-07-21 19:32:26,601 INFO (JvmUtil.java:54)- isMultiInstance:false
2023-07-21 19:32:26,648 WARN (NacosPropertySourceBuilder.java:87)- Ignore the empty nacos configuration and get it based on dataId[novel-resource-service] & group[DEFAULT_GROUP]
2023-07-21 19:32:26,657 WARN (NacosPropertySourceBuilder.java:87)- Ignore the empty nacos configuration and get it based on dataId[novel-resource-service.yml] & group[DEFAULT_GROUP]
2023-07-21 19:32:26,666 WARN (NacosPropertySourceBuilder.java:87)- Ignore the empty nacos configuration and get it based on dataId[novel-resource-service-common.yml] & group[DEFAULT_GROUP]
2023-07-21 19:32:26,676 WARN (NacosPropertySourceBuilder.java:87)- Ignore the empty nacos configuration and get it based on dataId[novel-resource-service-dev.yml] & group[DEFAULT_GROUP]
2023-07-21 19:32:26,678 INFO (PropertySourceBootstrapConfiguration.java:108)- Located property source: [BootstrapPropertySource {name='bootstrapProperties-novel-resource-service-dev.yml,DEFAULT_GROUP'}, BootstrapPropertySource {name='bootstrapProperties-novel-resource-service-common.yml,DEFAULT_GROUP'}, BootstrapPropertySource {name='bootstrapProperties-novel-resource-service.yml,DEFAULT_GROUP'}, BootstrapPropertySource {name='bootstrapProperties-novel-resource-service,DEFAULT_GROUP'}, BootstrapPropertySource {name='bootstrapProperties-novel-rabbitmq.yml,DEFAULT_GROUP'}, BootstrapPropertySource {name='bootstrapProperties-novel-redis.yml,DEFAULT_GROUP'}, BootstrapPropertySource {name='bootstrapProperties-novel-mysql.yml,DEFAULT_GROUP'}]
2023-07-21 19:32:26,690 INFO (SpringApplication.java:638)- The following 2 profiles are active: "common", "dev"
2023-07-21 19:32:29,185 INFO (RepositoryConfigurationDelegate.java:291)- Multiple Spring Data modules found, entering strict repository configuration mode
2023-07-21 19:32:29,188 INFO (RepositoryConfigurationDelegate.java:138)- Bootstrapping Spring Data Redis repositories in DEFAULT mode.
2023-07-21 19:32:29,218 INFO (RepositoryConfigurationDelegate.java:208)- Finished Spring Data repository scanning in 9 ms. Found 0 Redis repository interfaces.
2023-07-21 19:32:29,475 WARN (Logger.java:44)- No MyBatis mapper was found in '[io.github.xxyopen.novel.resource]' package. Please check your configuration.
2023-07-21 19:32:29,673 INFO (GenericScope.java:282)- BeanFactory id=03f12897-bde5-3ec4-9710-3e0b4e4829be
2023-07-21 19:32:30,495 WARN (Bootstrap.java:68)- UT026010: Buffer pool was not set on WebSocketDeploymentInfo, the default pool will be used
2023-07-21 19:32:30,514 INFO (ServletContextImpl.java:372)- Initializing Spring embedded WebApplicationContext
2023-07-21 19:32:30,514 INFO (ServletWebServerApplicationContext.java:291)- Root WebApplicationContext: initialization completed in 3796 ms
2023-07-21 19:32:31,015 INFO (Version.java:41)- Redisson 3.19.1
2023-07-21 19:32:31,441 INFO (ConnectionPool.java:162)- 1 connections initialized for 127.0.0.1/127.0.0.1:6379
2023-07-21 19:32:31,493 INFO (ConnectionPool.java:162)- 24 connections initialized for 127.0.0.1/127.0.0.1:6379
2023-07-21 19:32:32,141 INFO (SentinelWebMvcConfigurer.java:52)- [Sentinel Starter] register SentinelWebInterceptor with urlPatterns: [/**].
2023-07-21 19:32:34,430 INFO (InetUtils.java:170)- Cannot determine local hostname
2023-07-21 19:32:35,249 INFO (StdSchedulerFactory.java:1220)- Using default implementation for ThreadExecutor
2023-07-21 19:32:35,265 INFO (SchedulerSignalerImpl.java:61)- Initialized Scheduler Signaller of type: class org.quartz.core.SchedulerSignalerImpl
2023-07-21 19:32:35,265 INFO (QuartzScheduler.java:229)- Quartz Scheduler v.2.3.2 created.
2023-07-21 19:32:35,266 INFO (RAMJobStore.java:155)- RAMJobStore initialized.
2023-07-21 19:32:35,268 INFO (QuartzScheduler.java:294)- Scheduler meta-data: Quartz Scheduler (v2.3.2) 'quartzScheduler' with instanceId 'NON_CLUSTERED'
  Scheduler class: 'org.quartz.core.QuartzScheduler' - running locally.
  NOT STARTED.
  Currently in standby mode.
  Number of jobs executed: 0
  Using thread pool 'org.quartz.simpl.SimpleThreadPool' - with 10 threads.
  Using job-store 'org.quartz.simpl.RAMJobStore' - which does not support persistence. and is not clustered.

2023-07-21 19:32:35,268 INFO (StdSchedulerFactory.java:1374)- Quartz scheduler 'quartzScheduler' initialized from an externally provided properties instance.
2023-07-21 19:32:35,269 INFO (StdSchedulerFactory.java:1378)- Quartz scheduler version: 2.3.2
2023-07-21 19:32:35,269 INFO (QuartzScheduler.java:2293)- JobFactory set to: org.springframework.scheduling.quartz.SpringBeanJobFactory@375dc95c
2023-07-21 19:32:36,729 INFO (InetUtils.java:170)- Cannot determine local hostname
2023-07-21 19:32:36,800 INFO (EndpointLinksResolver.java:58)- Exposing 21 endpoint(s) beneath base path '/actuator'
2023-07-21 19:32:36,904 WARN (LocalVariableTableParameterNameDiscoverer.java:123)- Using deprecated '-debug' fallback for parameter name resolution. Compile the affected code with '-parameters' instead or avoid its introspection: org.springframework.amqp.rabbit.core.RabbitAdmin
2023-07-21 19:32:36,936 INFO (Undertow.java:120)- starting server: Undertow - 2.3.4.Final
2023-07-21 19:32:36,946 INFO (Xnio.java:95)- XNIO version 3.8.8.Final
2023-07-21 19:32:36,955 INFO (NioXnio.java:58)- XNIO NIO Implementation Version 3.8.8.Final
2023-07-21 19:32:36,981 INFO (Version.java:55)- JBoss Threads version 3.5.0.Final
2023-07-21 19:32:37,029 INFO (UndertowWebServer.java:121)- Undertow started on port(s) 9040 (http)
2023-07-21 19:32:37,033 INFO (SearchableProperties.java:197)- properties search order:PROPERTIES->JVM->ENV->DEFAULT_SETTING
2023-07-21 19:32:37,034 INFO (InitUtils.java:61)- initializer namespace from System Property : null
2023-07-21 19:32:37,034 INFO (InitUtils.java:65)- initializer namespace from System Environment :null
2023-07-21 19:32:37,035 INFO (InitUtils.java:72)- initializer namespace from System Property :
2023-07-21 19:32:37,043 INFO (ClientAuthPluginManager.java:56)- [ClientAuthPluginManager] Load ClientAuthService com.alibaba.nacos.client.auth.impl.NacosClientAuthServiceImpl success.
2023-07-21 19:32:37,043 INFO (ClientAuthPluginManager.java:56)- [ClientAuthPluginManager] Load ClientAuthService com.alibaba.nacos.client.auth.ram.RamClientAuthServiceImpl success.
2023-07-21 19:32:37,047 INFO (RpcClientFactory.java:94)- [RpcClientFactory] create a new rpc client of 4891d7e2-1559-49cc-9d5b-bc16db615a4d
2023-07-21 19:32:37,049 INFO (LoggerUtils.java:60)- [4891d7e2-1559-49cc-9d5b-bc16db615a4d] RpcClient init, ServerListFactory = com.alibaba.nacos.client.naming.core.ServerListManager
2023-07-21 19:32:37,050 INFO (LoggerUtils.java:60)- [4891d7e2-1559-49cc-9d5b-bc16db615a4d] Registry connection listener to current client:com.alibaba.nacos.client.naming.remote.gprc.redo.NamingGrpcRedoService
2023-07-21 19:32:37,051 INFO (LoggerUtils.java:60)- [4891d7e2-1559-49cc-9d5b-bc16db615a4d] Register server push request handler:com.alibaba.nacos.client.naming.remote.gprc.NamingPushRequestHandler
2023-07-21 19:32:37,052 INFO (LoggerUtils.java:60)- [4891d7e2-1559-49cc-9d5b-bc16db615a4d] Try to connect to server on start up, server: {serverIp = '127.0.0.1', server main port = 8848}
2023-07-21 19:32:37,164 INFO (LoggerUtils.java:60)- [4891d7e2-1559-49cc-9d5b-bc16db615a4d] Success to connect to server [127.0.0.1:8848] on start up, connectionId = 1689939157058_127.0.0.1_64366
2023-07-21 19:32:37,164 INFO (LoggerUtils.java:60)- [4891d7e2-1559-49cc-9d5b-bc16db615a4d] Register server push request handler:com.alibaba.nacos.common.remote.client.RpcClient$ConnectResetRequestHandler
2023-07-21 19:32:37,164 INFO (LoggerUtils.java:60)- [4891d7e2-1559-49cc-9d5b-bc16db615a4d] Notify connected event to listeners.
2023-07-21 19:32:37,164 INFO (LoggerUtils.java:60)- [4891d7e2-1559-49cc-9d5b-bc16db615a4d] Register server push request handler:com.alibaba.nacos.common.remote.client.RpcClient$$Lambda$671/0x00000008010f8fb0
2023-07-21 19:32:37,164 INFO (NamingGrpcRedoService.java:78)- Grpc connection connect
2023-07-21 19:32:37,165 INFO (NamingGrpcClientProxy.java:120)- [REGISTER-SERVICE] public registering service novel-resource-service with instance Instance{instanceId='null', ip='192.168.43.1', port=9040, weight=1.0, healthy=true, enabled=true, ephemeral=true, clusterName='DEFAULT', serviceName='null', metadata={preserved.register.source=SPRING_CLOUD}}
2023-07-21 19:32:37,175 INFO (NacosServiceRegistry.java:76)- nacos registry, DEFAULT_GROUP novel-resource-service 192.168.43.1:9040 register finished
2023-07-21 19:32:38,267 INFO (InetUtils.java:170)- Cannot determine local hostname
2023-07-21 19:32:38,273 INFO (SchedulerFactoryBean.java:729)- Starting Quartz Scheduler now
2023-07-21 19:32:38,275 INFO (QuartzScheduler.java:547)- Scheduler quartzScheduler_$_NON_CLUSTERED started.
2023-07-21 19:32:38,324 INFO (StartupInfoLogger.java:57)- Started NovelResourceApplication in 17.34 seconds (process running for 18.863)
2023-07-21 19:32:38,348 INFO (CacheData.java:67)- nacos.cache.data.init.snapshot = true 
2023-07-21 19:32:38,350 INFO (ClientWorker.java:379)- [fixed-127.0.0.1_8848] [subscribe] novel-resource-service-dev.yml+DEFAULT_GROUP
2023-07-21 19:32:38,376 INFO (CacheData.java:197)- [fixed-127.0.0.1_8848] [add-listener] ok, tenant=, dataId=novel-resource-service-dev.yml, group=DEFAULT_GROUP, cnt=1
2023-07-21 19:32:38,383 INFO (NacosContextRefresher.java:129)- [Nacos Config] Listening config: dataId=novel-resource-service-dev.yml, group=DEFAULT_GROUP
2023-07-21 19:32:38,385 INFO (ClientWorker.java:379)- [fixed-127.0.0.1_8848] [subscribe] novel-resource-service+DEFAULT_GROUP
2023-07-21 19:32:38,385 INFO (CacheData.java:197)- [fixed-127.0.0.1_8848] [add-listener] ok, tenant=, dataId=novel-resource-service, group=DEFAULT_GROUP, cnt=1
2023-07-21 19:32:38,386 INFO (NacosContextRefresher.java:129)- [Nacos Config] Listening config: dataId=novel-resource-service, group=DEFAULT_GROUP
2023-07-21 19:32:38,393 INFO (ClientWorker.java:379)- [fixed-127.0.0.1_8848] [subscribe] novel-mysql.yml+DEFAULT_GROUP
2023-07-21 19:32:38,395 INFO (CacheData.java:197)- [fixed-127.0.0.1_8848] [add-listener] ok, tenant=, dataId=novel-mysql.yml, group=DEFAULT_GROUP, cnt=1
2023-07-21 19:32:38,396 INFO (NacosContextRefresher.java:129)- [Nacos Config] Listening config: dataId=novel-mysql.yml, group=DEFAULT_GROUP
2023-07-21 19:32:38,398 INFO (ClientWorker.java:379)- [fixed-127.0.0.1_8848] [subscribe] novel-redis.yml+DEFAULT_GROUP
2023-07-21 19:32:38,399 INFO (CacheData.java:197)- [fixed-127.0.0.1_8848] [add-listener] ok, tenant=, dataId=novel-redis.yml, group=DEFAULT_GROUP, cnt=1
2023-07-21 19:32:38,399 INFO (NacosContextRefresher.java:129)- [Nacos Config] Listening config: dataId=novel-redis.yml, group=DEFAULT_GROUP
2023-07-21 19:32:38,399 INFO (ClientWorker.java:379)- [fixed-127.0.0.1_8848] [subscribe] novel-resource-service.yml+DEFAULT_GROUP
2023-07-21 19:32:38,399 INFO (CacheData.java:197)- [fixed-127.0.0.1_8848] [add-listener] ok, tenant=, dataId=novel-resource-service.yml, group=DEFAULT_GROUP, cnt=1
2023-07-21 19:32:38,399 INFO (NacosContextRefresher.java:129)- [Nacos Config] Listening config: dataId=novel-resource-service.yml, group=DEFAULT_GROUP
2023-07-21 19:32:38,402 INFO (ClientWorker.java:379)- [fixed-127.0.0.1_8848] [subscribe] novel-rabbitmq.yml+DEFAULT_GROUP
2023-07-21 19:32:38,402 INFO (CacheData.java:197)- [fixed-127.0.0.1_8848] [add-listener] ok, tenant=, dataId=novel-rabbitmq.yml, group=DEFAULT_GROUP, cnt=1
2023-07-21 19:32:38,402 INFO (NacosContextRefresher.java:129)- [Nacos Config] Listening config: dataId=novel-rabbitmq.yml, group=DEFAULT_GROUP
2023-07-21 19:32:38,402 INFO (ClientWorker.java:379)- [fixed-127.0.0.1_8848] [subscribe] novel-resource-service-common.yml+DEFAULT_GROUP
2023-07-21 19:32:38,402 INFO (CacheData.java:197)- [fixed-127.0.0.1_8848] [add-listener] ok, tenant=, dataId=novel-resource-service-common.yml, group=DEFAULT_GROUP, cnt=1
2023-07-21 19:32:38,403 INFO (NacosContextRefresher.java:129)- [Nacos Config] Listening config: dataId=novel-resource-service-common.yml, group=DEFAULT_GROUP
2023-07-21 19:32:38,722 INFO (ServletContextImpl.java:372)- Initializing Spring DispatcherServlet 'dispatcherServlet'
2023-07-21 19:32:38,722 INFO (FrameworkServlet.java:532)- Initializing Servlet 'dispatcherServlet'
2023-07-21 19:32:38,725 INFO (FrameworkServlet.java:554)- Completed initialization in 2 ms
2023-07-21 19:32:38,757 INFO (AbstractConnectionFactory.java:630)- Attempting to connect to: [192.168.10.110:5672]
2023-07-21 19:33:02,797 INFO (AbstractConnectionFactory.java:630)- Attempting to connect to: [192.168.10.110:5672]
2023-07-21 19:33:26,846 INFO (AbstractConnectionFactory.java:630)- Attempting to connect to: [192.168.10.110:5672]
2023-07-21 19:33:47,883 WARN (AbstractHealthIndicator.java:94)- Rabbit health check failed
org.springframework.amqp.AmqpConnectException: java.net.ConnectException: Connection timed out: no further information
	at org.springframework.amqp.rabbit.support.RabbitExceptionTranslator.convertRabbitAccessException(RabbitExceptionTranslator.java:61)
	at org.springframework.amqp.rabbit.connection.AbstractConnectionFactory.createBareConnection(AbstractConnectionFactory.java:594)
	at org.springframework.amqp.rabbit.connection.CachingConnectionFactory.createConnection(CachingConnectionFactory.java:687)
	at org.springframework.amqp.rabbit.connection.ConnectionFactoryUtils.createConnection(ConnectionFactoryUtils.java:257)
	at org.springframework.amqp.rabbit.core.RabbitTemplate.doExecute(RabbitTemplate.java:2225)
	at org.springframework.amqp.rabbit.core.RabbitTemplate.lambda$execute$13(RabbitTemplate.java:2187)
	at org.springframework.retry.support.RetryTemplate.doExecute(RetryTemplate.java:329)
	at org.springframework.retry.support.RetryTemplate.execute(RetryTemplate.java:225)
	at org.springframework.amqp.rabbit.core.RabbitTemplate.execute(RabbitTemplate.java:2186)
	at org.springframework.amqp.rabbit.core.RabbitTemplate.execute(RabbitTemplate.java:2178)
	at org.springframework.boot.actuate.amqp.RabbitHealthIndicator.getVersion(RabbitHealthIndicator.java:49)
	at org.springframework.boot.actuate.amqp.RabbitHealthIndicator.doHealthCheck(RabbitHealthIndicator.java:44)
	at org.springframework.boot.actuate.health.AbstractHealthIndicator.health(AbstractHealthIndicator.java:82)
	at org.springframework.boot.actuate.health.HealthIndicator.getHealth(HealthIndicator.java:37)
	at org.springframework.boot.actuate.health.HealthEndpoint.getHealth(HealthEndpoint.java:82)
	at org.springframework.boot.actuate.health.HealthEndpoint.getHealth(HealthEndpoint.java:41)
	at org.springframework.boot.actuate.health.HealthEndpointSupport.getLoggedHealth(HealthEndpointSupport.java:172)
	at org.springframework.boot.actuate.health.HealthEndpointSupport.getContribution(HealthEndpointSupport.java:145)
	at org.springframework.boot.actuate.health.HealthEndpointSupport.getAggregateContribution(HealthEndpointSupport.java:156)
	at org.springframework.boot.actuate.health.HealthEndpointSupport.getContribution(HealthEndpointSupport.java:141)
	at org.springframework.boot.actuate.health.HealthEndpointSupport.getHealth(HealthEndpointSupport.java:110)
	at org.springframework.boot.actuate.health.HealthEndpointSupport.getHealth(HealthEndpointSupport.java:81)
	at org.springframework.boot.actuate.health.HealthEndpoint.health(HealthEndpoint.java:76)
	at org.springframework.boot.actuate.health.HealthEndpoint.health(HealthEndpoint.java:66)
	at java.base/jdk.internal.reflect.NativeMethodAccessorImpl.invoke0(Native Method)
	at java.base/jdk.internal.reflect.NativeMethodAccessorImpl.invoke(NativeMethodAccessorImpl.java:77)
	at java.base/jdk.internal.reflect.DelegatingMethodAccessorImpl.invoke(DelegatingMethodAccessorImpl.java:43)
	at java.base/java.lang.reflect.Method.invoke(Method.java:568)
	at org.springframework.util.ReflectionUtils.invokeMethod(ReflectionUtils.java:281)
	at org.springframework.boot.actuate.endpoint.invoke.reflect.ReflectiveOperationInvoker.invoke(ReflectiveOperationInvoker.java:74)
	at org.springframework.boot.actuate.endpoint.annotation.AbstractDiscoveredOperation.invoke(AbstractDiscoveredOperation.java:60)
	at org.springframework.boot.actuate.endpoint.jmx.EndpointMBean.invoke(EndpointMBean.java:124)
	at org.springframework.boot.actuate.endpoint.jmx.EndpointMBean.invoke(EndpointMBean.java:97)
	at java.management/com.sun.jmx.interceptor.DefaultMBeanServerInterceptor.invoke(DefaultMBeanServerInterceptor.java:814)
	at java.management/com.sun.jmx.mbeanserver.JmxMBeanServer.invoke(JmxMBeanServer.java:802)
	at java.management.rmi/javax.management.remote.rmi.RMIConnectionImpl.doOperation(RMIConnectionImpl.java:1472)
	at java.management.rmi/javax.management.remote.rmi.RMIConnectionImpl$PrivilegedOperation.run(RMIConnectionImpl.java:1310)
	at java.management.rmi/javax.management.remote.rmi.RMIConnectionImpl.doPrivilegedOperation(RMIConnectionImpl.java:1405)
	at java.management.rmi/javax.management.remote.rmi.RMIConnectionImpl.invoke(RMIConnectionImpl.java:829)
	at java.base/jdk.internal.reflect.GeneratedMethodAccessor51.invoke(Unknown Source)
	at java.base/jdk.internal.reflect.DelegatingMethodAccessorImpl.invoke(DelegatingMethodAccessorImpl.java:43)
	at java.base/java.lang.reflect.Method.invoke(Method.java:568)
	at java.rmi/sun.rmi.server.UnicastServerRef.dispatch(UnicastServerRef.java:360)
	at java.rmi/sun.rmi.transport.Transport$1.run(Transport.java:200)
	at java.rmi/sun.rmi.transport.Transport$1.run(Transport.java:197)
	at java.base/java.security.AccessController.doPrivileged(AccessController.java:712)
	at java.rmi/sun.rmi.transport.Transport.serviceCall(Transport.java:196)
	at java.rmi/sun.rmi.transport.tcp.TCPTransport.handleMessages(TCPTransport.java:587)
	at java.rmi/sun.rmi.transport.tcp.TCPTransport$ConnectionHandler.run0(TCPTransport.java:828)
	at java.rmi/sun.rmi.transport.tcp.TCPTransport$ConnectionHandler.lambda$run$0(TCPTransport.java:705)
	at java.base/java.security.AccessController.doPrivileged(AccessController.java:399)
	at java.rmi/sun.rmi.transport.tcp.TCPTransport$ConnectionHandler.run(TCPTransport.java:704)
	at java.base/java.util.concurrent.ThreadPoolExecutor.runWorker(ThreadPoolExecutor.java:1136)
	at java.base/java.util.concurrent.ThreadPoolExecutor$Worker.run(ThreadPoolExecutor.java:635)
	at java.base/java.lang.Thread.run(Thread.java:833)
Caused by: java.net.ConnectException: Connection timed out: no further information
	at java.base/sun.nio.ch.Net.pollConnect(Native Method)
	at java.base/sun.nio.ch.Net.pollConnectNow(Net.java:672)
	at java.base/sun.nio.ch.NioSocketImpl.timedFinishConnect(NioSocketImpl.java:549)
	at java.base/sun.nio.ch.NioSocketImpl.connect(NioSocketImpl.java:597)
	at java.base/java.net.SocksSocketImpl.connect(SocksSocketImpl.java:327)
	at java.base/java.net.Socket.connect(Socket.java:633)
	at com.rabbitmq.client.impl.SocketFrameHandlerFactory.create(SocketFrameHandlerFactory.java:59)
	at com.rabbitmq.client.ConnectionFactory.newConnection(ConnectionFactory.java:1223)
	at com.rabbitmq.client.ConnectionFactory.newConnection(ConnectionFactory.java:1173)
	at org.springframework.amqp.rabbit.connection.AbstractConnectionFactory.connectAddresses(AbstractConnectionFactory.java:632)
	at org.springframework.amqp.rabbit.connection.AbstractConnectionFactory.connect(AbstractConnectionFactory.java:607)
	at org.springframework.amqp.rabbit.connection.AbstractConnectionFactory.createBareConnection(AbstractConnectionFactory.java:557)
	... 53 common frames omitted
2023-07-21 19:33:47,891 WARN (HealthEndpointSupport.java:181)- Health contributor org.springframework.boot.actuate.amqp.RabbitHealthIndicator (rabbit) took 69135ms to respond
2023-07-21 19:33:47,899 INFO (HikariDataSource.java:110)- HikariPool-1 - Starting...
2023-07-21 19:33:48,214 INFO (HikariPool.java:565)- HikariPool-1 - Added connection com.mysql.cj.jdbc.ConnectionImpl@7bbbcfa6
2023-07-21 19:33:48,229 INFO (HikariDataSource.java:123)- HikariPool-1 - Start completed.
2023-07-21 20:22:26,526 WARN (NotifyCenter.java:136)- [NotifyCenter] Start destroying Publisher
2023-07-21 20:22:26,526 WARN (NotifyCenter.java:153)- [NotifyCenter] Destruction of the end
2023-07-21 20:22:26,526 WARN (HttpClientBeanHolder.java:102)- [HttpClientBeanHolder] Start destroying common HttpClient
2023-07-21 20:22:26,527 WARN (HttpClientBeanHolder.java:111)- [HttpClientBeanHolder] Destruction of the end
2023-07-21 20:22:26,531 INFO (QuartzScheduler.java:585)- Scheduler quartzScheduler_$_NON_CLUSTERED paused.
2023-07-21 20:22:26,533 INFO (Undertow.java:259)- stopping server: Undertow - 2.3.4.Final
2023-07-21 20:22:26,542 INFO (ServletContextImpl.java:372)- Destroying Spring FrameworkServlet 'dispatcherServlet'
2023-07-21 20:22:26,553 INFO (SchedulerFactoryBean.java:847)- Shutting down Quartz Scheduler
2023-07-21 20:22:26,554 INFO (QuartzScheduler.java:666)- Scheduler quartzScheduler_$_NON_CLUSTERED shutting down.
2023-07-21 20:22:26,554 INFO (QuartzScheduler.java:585)- Scheduler quartzScheduler_$_NON_CLUSTERED paused.
2023-07-21 20:22:26,554 INFO (QuartzScheduler.java:740)- Scheduler quartzScheduler_$_NON_CLUSTERED shutdown complete.
2023-07-21 20:22:26,562 INFO (HikariDataSource.java:350)- HikariPool-1 - Shutdown initiated...
2023-07-21 20:22:26,565 INFO (HikariDataSource.java:352)- HikariPool-1 - Shutdown completed.
2023-07-21 20:22:26,565 INFO (NacosServiceRegistry.java:95)- De-registering from Nacos Server now...
2023-07-21 20:22:26,566 INFO (NamingGrpcClientProxy.java:216)- [DEREGISTER-SERVICE] public deregistering service novel-resource-service with instance: Instance{instanceId='null', ip='192.168.43.1', port=9040, weight=1.0, healthy=true, enabled=true, ephemeral=true, clusterName='DEFAULT', serviceName='null', metadata={}}
2023-07-21 20:22:26,568 INFO (NacosServiceRegistry.java:115)- De-registration finished.
2023-07-21 20:22:26,568 INFO (ServiceInfoHolder.java:256)- com.alibaba.nacos.client.naming.cache.ServiceInfoHolder do shutdown begin
2023-07-21 20:22:26,570 INFO (FailoverReactor.java:133)- com.alibaba.nacos.client.naming.backups.FailoverReactor do shutdown begin
2023-07-21 20:22:26,570 INFO (FailoverReactor.java:135)- com.alibaba.nacos.client.naming.backups.FailoverReactor do shutdown stop
2023-07-21 20:22:26,570 INFO (ServiceInfoHolder.java:258)- com.alibaba.nacos.client.naming.cache.ServiceInfoHolder do shutdown stop
2023-07-21 20:22:26,570 INFO (NamingClientProxyDelegate.java:204)- com.alibaba.nacos.client.naming.remote.NamingClientProxyDelegate do shutdown begin
2023-07-21 20:22:26,570 INFO (ServiceInfoUpdateService.java:143)- com.alibaba.nacos.client.naming.core.ServiceInfoUpdateService do shutdown begin
2023-07-21 20:22:26,570 INFO (ServiceInfoUpdateService.java:145)- com.alibaba.nacos.client.naming.core.ServiceInfoUpdateService do shutdown stop
2023-07-21 20:22:26,570 INFO (ServerListManager.java:194)- com.alibaba.nacos.client.naming.core.ServerListManager do shutdown begin
2023-07-21 20:22:26,571 WARN (NamingHttpClientManager.java:74)- [NamingHttpClientManager] Start destroying NacosRestTemplate
2023-07-21 20:22:26,571 WARN (NamingHttpClientManager.java:81)- [NamingHttpClientManager] Destruction of the end
2023-07-21 20:22:26,571 INFO (ServerListManager.java:199)- com.alibaba.nacos.client.naming.core.ServerListManager do shutdown stop
2023-07-21 20:22:26,571 INFO (NamingHttpClientProxy.java:484)- com.alibaba.nacos.client.naming.remote.http.NamingHttpClientProxy do shutdown begin
2023-07-21 20:22:26,571 WARN (NamingHttpClientManager.java:74)- [NamingHttpClientManager] Start destroying NacosRestTemplate
2023-07-21 20:22:26,571 WARN (NamingHttpClientManager.java:81)- [NamingHttpClientManager] Destruction of the end
2023-07-21 20:22:26,571 INFO (NamingHttpClientProxy.java:486)- com.alibaba.nacos.client.naming.remote.http.NamingHttpClientProxy do shutdown stop
2023-07-21 20:22:26,571 INFO (RpcClient.java:425)- Shutdown rpc client, set status to shutdown
2023-07-21 20:22:26,571 INFO (RpcClient.java:427)- Shutdown client event executor java.util.concurrent.ScheduledThreadPoolExecutor@61610614[Running, pool size = 2, active threads = 2, queued tasks = 0, completed tasks = 0]
2023-07-21 20:22:26,572 INFO (RpcClient.java:580)- Close current connection 1689939157058_127.0.0.1_64366
2023-07-21 20:22:26,573 INFO (LoggerUtils.java:60)- [1689939157058_127.0.0.1_64366]Ignore complete event,isRunning:false,isAbandon=false
2023-07-21 20:22:26,576 INFO (GrpcClient.java:140)- Shutdown grpc executor java.util.concurrent.ThreadPoolExecutor@48acd2ba[Running, pool size = 4, active threads = 0, queued tasks = 0, completed tasks = 624]
2023-07-21 20:22:26,576 INFO (NamingGrpcRedoService.java:292)- Shutdown grpc redo service executor java.util.concurrent.ScheduledThreadPoolExecutor@55c5e434[Running, pool size = 1, active threads = 0, queued tasks = 1, completed tasks = 995]
2023-07-21 20:22:26,577 INFO (CredentialWatcher.java:106)- [null] CredentialWatcher is stopped
2023-07-21 20:22:26,577 INFO (CredentialService.java:100)- [null] CredentialService is freed
2023-07-21 20:22:26,577 INFO (NamingClientProxyDelegate.java:211)- com.alibaba.nacos.client.naming.remote.NamingClientProxyDelegate do shutdown stop
