2023-07-21 09:26:42,107 WARN (NacosLogging.java:64)- Load Logback Configuration of Nacos fail, message: org/slf4j/impl/StaticLoggerBinder
2023-07-21 09:26:42,147 WARN (NacosLogging.java:64)- Load Logback Configuration of Nacos fail, message: org/slf4j/impl/StaticLoggerBinder
2023-07-21 09:26:42,232 INFO (LocalConfigInfoProcessor.java:68)- LOCAL_SNAPSHOT_PATH:C:\Users\yisheng\nacos\config
2023-07-21 09:26:42,247 INFO (RpcClientFactory.java:94)- [RpcClientFactory] create a new rpc client of 203a3235-0fe8-4ab7-a434-6d9be766b554_config-0
2023-07-21 09:26:42,286 INFO (LoggerUtils.java:60)- [203a3235-0fe8-4ab7-a434-6d9be766b554_config-0] Register server push request handler:com.alibaba.nacos.client.config.impl.ClientWorker$ConfigRpcTransportClient$$Lambda$651/0x0000000800fc6270
2023-07-21 09:26:42,293 INFO (LoggerUtils.java:60)- [203a3235-0fe8-4ab7-a434-6d9be766b554_config-0] Register server push request handler:com.alibaba.nacos.client.config.impl.ClientWorker$ConfigRpcTransportClient$$Lambda$652/0x0000000800fc6690
2023-07-21 09:26:42,294 INFO (LoggerUtils.java:60)- [203a3235-0fe8-4ab7-a434-6d9be766b554_config-0] Registry connection listener to current client:com.alibaba.nacos.client.config.impl.ClientWorker$ConfigRpcTransportClient$1
2023-07-21 09:26:42,298 INFO (LoggerUtils.java:60)- [203a3235-0fe8-4ab7-a434-6d9be766b554_config-0] RpcClient init, ServerListFactory = com.alibaba.nacos.client.config.impl.ClientWorker$ConfigRpcTransportClient$2
2023-07-21 09:26:42,312 INFO (LoggerUtils.java:60)- [203a3235-0fe8-4ab7-a434-6d9be766b554_config-0] Try to connect to server on start up, server: {serverIp = '127.0.0.1', server main port = 8848}
2023-07-21 09:26:43,604 INFO (LoggerUtils.java:60)- [203a3235-0fe8-4ab7-a434-6d9be766b554_config-0] Success to connect to server [127.0.0.1:8848] on start up, connectionId = 1689902803402_127.0.0.1_55657
2023-07-21 09:26:43,605 INFO (LoggerUtils.java:60)- [203a3235-0fe8-4ab7-a434-6d9be766b554_config-0] Notify connected event to listeners.
2023-07-21 09:26:43,605 INFO (ClientWorker.java:638)- [203a3235-0fe8-4ab7-a434-6d9be766b554_config-0] Connected,notify listen context...
2023-07-21 09:26:43,605 INFO (LoggerUtils.java:60)- [203a3235-0fe8-4ab7-a434-6d9be766b554_config-0] Register server push request handler:com.alibaba.nacos.common.remote.client.RpcClient$ConnectResetRequestHandler
2023-07-21 09:26:43,606 INFO (LoggerUtils.java:60)- [203a3235-0fe8-4ab7-a434-6d9be766b554_config-0] Register server push request handler:com.alibaba.nacos.common.remote.client.RpcClient$$Lambda$671/0x00000008010f8000
2023-07-21 09:26:43,671 INFO (Limiter.java:62)- limitTime:5.0
2023-07-21 09:26:43,687 INFO (JvmUtil.java:54)- isMultiInstance:false
2023-07-21 09:26:43,717 WARN (NacosPropertySourceBuilder.java:87)- Ignore the empty nacos configuration and get it based on dataId[novel-user-service] & group[DEFAULT_GROUP]
2023-07-21 09:26:43,723 WARN (NacosPropertySourceBuilder.java:87)- Ignore the empty nacos configuration and get it based on dataId[novel-user-service.yml] & group[DEFAULT_GROUP]
2023-07-21 09:26:43,730 WARN (NacosPropertySourceBuilder.java:87)- Ignore the empty nacos configuration and get it based on dataId[novel-user-service-common.yml] & group[DEFAULT_GROUP]
2023-07-21 09:26:43,736 WARN (NacosPropertySourceBuilder.java:87)- Ignore the empty nacos configuration and get it based on dataId[novel-user-service-dev.yml] & group[DEFAULT_GROUP]
2023-07-21 09:26:43,737 INFO (PropertySourceBootstrapConfiguration.java:108)- Located property source: [BootstrapPropertySource {name='bootstrapProperties-novel-user-service-dev.yml,DEFAULT_GROUP'}, BootstrapPropertySource {name='bootstrapProperties-novel-user-service-common.yml,DEFAULT_GROUP'}, BootstrapPropertySource {name='bootstrapProperties-novel-user-service.yml,DEFAULT_GROUP'}, BootstrapPropertySource {name='bootstrapProperties-novel-user-service,DEFAULT_GROUP'}, BootstrapPropertySource {name='bootstrapProperties-novel-rabbitmq.yml,DEFAULT_GROUP'}, BootstrapPropertySource {name='bootstrapProperties-novel-redis.yml,DEFAULT_GROUP'}, BootstrapPropertySource {name='bootstrapProperties-novel-mysql.yml,DEFAULT_GROUP'}]
2023-07-21 09:26:43,756 INFO (SpringApplication.java:638)- The following 2 profiles are active: "common", "dev"
2023-07-21 09:26:45,989 INFO (RepositoryConfigurationDelegate.java:291)- Multiple Spring Data modules found, entering strict repository configuration mode
2023-07-21 09:26:45,993 INFO (RepositoryConfigurationDelegate.java:138)- Bootstrapping Spring Data Redis repositories in DEFAULT mode.
2023-07-21 09:26:46,026 INFO (RepositoryConfigurationDelegate.java:208)- Finished Spring Data repository scanning in 14 ms. Found 0 Redis repository interfaces.
2023-07-21 09:26:46,376 INFO (GenericScope.java:282)- BeanFactory id=2acd4375-aa8a-3ed9-a896-29a228ebdfb2
2023-07-21 09:26:47,926 WARN (Bootstrap.java:68)- UT026010: Buffer pool was not set on WebSocketDeploymentInfo, the default pool will be used
2023-07-21 09:26:47,952 INFO (ServletContextImpl.java:372)- Initializing Spring embedded WebApplicationContext
2023-07-21 09:26:47,952 INFO (ServletWebServerApplicationContext.java:291)- Root WebApplicationContext: initialization completed in 4156 ms
2023-07-21 09:26:48,970 INFO (Version.java:41)- Redisson 3.19.1
2023-07-21 09:26:49,257 INFO (ConnectionPool.java:162)- 1 connections initialized for 127.0.0.1/127.0.0.1:6379
2023-07-21 09:26:49,289 INFO (ConnectionPool.java:162)- 24 connections initialized for 127.0.0.1/127.0.0.1:6379
2023-07-21 09:26:49,785 INFO (FeignClientFactoryBean.java:437)- For 'novel-book-service' URL not provided. Will try picking an instance via load-balancing.
2023-07-21 09:26:50,099 INFO (SentinelWebMvcConfigurer.java:52)- [Sentinel Starter] register SentinelWebInterceptor with urlPatterns: [/**].
2023-07-21 09:26:52,452 INFO (InetUtils.java:170)- Cannot determine local hostname
2023-07-21 09:26:53,354 INFO (StdSchedulerFactory.java:1220)- Using default implementation for ThreadExecutor
2023-07-21 09:26:53,376 INFO (SchedulerSignalerImpl.java:61)- Initialized Scheduler Signaller of type: class org.quartz.core.SchedulerSignalerImpl
2023-07-21 09:26:53,376 INFO (QuartzScheduler.java:229)- Quartz Scheduler v.2.3.2 created.
2023-07-21 09:26:53,378 INFO (RAMJobStore.java:155)- RAMJobStore initialized.
2023-07-21 09:26:53,379 INFO (QuartzScheduler.java:294)- Scheduler meta-data: Quartz Scheduler (v2.3.2) 'quartzScheduler' with instanceId 'NON_CLUSTERED'
  Scheduler class: 'org.quartz.core.QuartzScheduler' - running locally.
  NOT STARTED.
  Currently in standby mode.
  Number of jobs executed: 0
  Using thread pool 'org.quartz.simpl.SimpleThreadPool' - with 10 threads.
  Using job-store 'org.quartz.simpl.RAMJobStore' - which does not support persistence. and is not clustered.

2023-07-21 09:26:53,381 INFO (StdSchedulerFactory.java:1374)- Quartz scheduler 'quartzScheduler' initialized from an externally provided properties instance.
2023-07-21 09:26:53,381 INFO (StdSchedulerFactory.java:1378)- Quartz scheduler version: 2.3.2
2023-07-21 09:26:53,381 INFO (QuartzScheduler.java:2293)- JobFactory set to: org.springframework.scheduling.quartz.SpringBeanJobFactory@223ed38f
2023-07-21 09:26:55,014 INFO (InetUtils.java:170)- Cannot determine local hostname
2023-07-21 09:26:55,115 INFO (EndpointLinksResolver.java:58)- Exposing 21 endpoint(s) beneath base path '/actuator'
2023-07-21 09:26:55,612 WARN (LocalVariableTableParameterNameDiscoverer.java:123)- Using deprecated '-debug' fallback for parameter name resolution. Compile the affected code with '-parameters' instead or avoid its introspection: org.springframework.amqp.rabbit.core.RabbitAdmin
2023-07-21 09:26:55,655 INFO (Undertow.java:120)- starting server: Undertow - 2.3.4.Final
2023-07-21 09:26:55,667 INFO (Xnio.java:95)- XNIO version 3.8.8.Final
2023-07-21 09:26:55,681 INFO (NioXnio.java:58)- XNIO NIO Implementation Version 3.8.8.Final
2023-07-21 09:26:55,724 INFO (Version.java:55)- JBoss Threads version 3.5.0.Final
2023-07-21 09:26:55,812 INFO (UndertowWebServer.java:121)- Undertow started on port(s) 9060 (http)
2023-07-21 09:26:55,820 INFO (SearchableProperties.java:197)- properties search order:PROPERTIES->JVM->ENV->DEFAULT_SETTING
2023-07-21 09:26:55,823 INFO (InitUtils.java:61)- initializer namespace from System Property : null
2023-07-21 09:26:55,824 INFO (InitUtils.java:65)- initializer namespace from System Environment :null
2023-07-21 09:26:55,824 INFO (InitUtils.java:72)- initializer namespace from System Property :
2023-07-21 09:26:55,841 INFO (ClientAuthPluginManager.java:56)- [ClientAuthPluginManager] Load ClientAuthService com.alibaba.nacos.client.auth.impl.NacosClientAuthServiceImpl success.
2023-07-21 09:26:55,841 INFO (ClientAuthPluginManager.java:56)- [ClientAuthPluginManager] Load ClientAuthService com.alibaba.nacos.client.auth.ram.RamClientAuthServiceImpl success.
2023-07-21 09:26:55,846 INFO (RpcClientFactory.java:94)- [RpcClientFactory] create a new rpc client of 49dddfdc-4e29-495e-a844-22cf390f1b1d
2023-07-21 09:26:55,849 INFO (LoggerUtils.java:60)- [49dddfdc-4e29-495e-a844-22cf390f1b1d] RpcClient init, ServerListFactory = com.alibaba.nacos.client.naming.core.ServerListManager
2023-07-21 09:26:55,849 INFO (LoggerUtils.java:60)- [49dddfdc-4e29-495e-a844-22cf390f1b1d] Registry connection listener to current client:com.alibaba.nacos.client.naming.remote.gprc.redo.NamingGrpcRedoService
2023-07-21 09:26:55,850 INFO (LoggerUtils.java:60)- [49dddfdc-4e29-495e-a844-22cf390f1b1d] Register server push request handler:com.alibaba.nacos.client.naming.remote.gprc.NamingPushRequestHandler
2023-07-21 09:26:55,852 INFO (LoggerUtils.java:60)- [49dddfdc-4e29-495e-a844-22cf390f1b1d] Try to connect to server on start up, server: {serverIp = '127.0.0.1', server main port = 8848}
2023-07-21 09:26:55,970 INFO (LoggerUtils.java:60)- [49dddfdc-4e29-495e-a844-22cf390f1b1d] Success to connect to server [127.0.0.1:8848] on start up, connectionId = 1689902815861_127.0.0.1_55810
2023-07-21 09:26:55,971 INFO (LoggerUtils.java:60)- [49dddfdc-4e29-495e-a844-22cf390f1b1d] Notify connected event to listeners.
2023-07-21 09:26:55,971 INFO (LoggerUtils.java:60)- [49dddfdc-4e29-495e-a844-22cf390f1b1d] Register server push request handler:com.alibaba.nacos.common.remote.client.RpcClient$ConnectResetRequestHandler
2023-07-21 09:26:55,971 INFO (LoggerUtils.java:60)- [49dddfdc-4e29-495e-a844-22cf390f1b1d] Register server push request handler:com.alibaba.nacos.common.remote.client.RpcClient$$Lambda$671/0x00000008010f8000
2023-07-21 09:26:55,972 INFO (NamingGrpcRedoService.java:78)- Grpc connection connect
2023-07-21 09:26:55,974 INFO (NamingGrpcClientProxy.java:120)- [REGISTER-SERVICE] public registering service novel-user-service with instance Instance{instanceId='null', ip='192.168.43.1', port=9060, weight=1.0, healthy=true, enabled=true, ephemeral=true, clusterName='DEFAULT', serviceName='null', metadata={preserved.register.source=SPRING_CLOUD}}
2023-07-21 09:26:55,988 INFO (NacosServiceRegistry.java:76)- nacos registry, DEFAULT_GROUP novel-user-service 192.168.43.1:9060 register finished
2023-07-21 09:26:57,116 INFO (InetUtils.java:170)- Cannot determine local hostname
2023-07-21 09:26:57,116 INFO (SchedulerFactoryBean.java:729)- Starting Quartz Scheduler now
2023-07-21 09:26:57,118 INFO (QuartzScheduler.java:547)- Scheduler quartzScheduler_$_NON_CLUSTERED started.
2023-07-21 09:26:57,157 INFO (StartupInfoLogger.java:57)- Started NovelUserApplication in 20.007 seconds (process running for 21.027)
2023-07-21 09:26:57,168 INFO (CacheData.java:67)- nacos.cache.data.init.snapshot = true 
2023-07-21 09:26:57,170 INFO (ClientWorker.java:379)- [fixed-127.0.0.1_8848] [subscribe] novel-user-service+DEFAULT_GROUP
2023-07-21 09:26:57,177 INFO (CacheData.java:197)- [fixed-127.0.0.1_8848] [add-listener] ok, tenant=, dataId=novel-user-service, group=DEFAULT_GROUP, cnt=1
2023-07-21 09:26:57,177 INFO (NacosContextRefresher.java:129)- [Nacos Config] Listening config: dataId=novel-user-service, group=DEFAULT_GROUP
2023-07-21 09:26:57,179 INFO (ClientWorker.java:379)- [fixed-127.0.0.1_8848] [subscribe] novel-user-service.yml+DEFAULT_GROUP
2023-07-21 09:26:57,179 INFO (CacheData.java:197)- [fixed-127.0.0.1_8848] [add-listener] ok, tenant=, dataId=novel-user-service.yml, group=DEFAULT_GROUP, cnt=1
2023-07-21 09:26:57,179 INFO (NacosContextRefresher.java:129)- [Nacos Config] Listening config: dataId=novel-user-service.yml, group=DEFAULT_GROUP
2023-07-21 09:26:57,180 INFO (ClientWorker.java:379)- [fixed-127.0.0.1_8848] [subscribe] novel-mysql.yml+DEFAULT_GROUP
2023-07-21 09:26:57,180 INFO (CacheData.java:197)- [fixed-127.0.0.1_8848] [add-listener] ok, tenant=, dataId=novel-mysql.yml, group=DEFAULT_GROUP, cnt=1
2023-07-21 09:26:57,180 INFO (NacosContextRefresher.java:129)- [Nacos Config] Listening config: dataId=novel-mysql.yml, group=DEFAULT_GROUP
2023-07-21 09:26:57,181 INFO (ClientWorker.java:379)- [fixed-127.0.0.1_8848] [subscribe] novel-redis.yml+DEFAULT_GROUP
2023-07-21 09:26:57,181 INFO (CacheData.java:197)- [fixed-127.0.0.1_8848] [add-listener] ok, tenant=, dataId=novel-redis.yml, group=DEFAULT_GROUP, cnt=1
2023-07-21 09:26:57,181 INFO (NacosContextRefresher.java:129)- [Nacos Config] Listening config: dataId=novel-redis.yml, group=DEFAULT_GROUP
2023-07-21 09:26:57,183 INFO (ClientWorker.java:379)- [fixed-127.0.0.1_8848] [subscribe] novel-rabbitmq.yml+DEFAULT_GROUP
2023-07-21 09:26:57,183 INFO (CacheData.java:197)- [fixed-127.0.0.1_8848] [add-listener] ok, tenant=, dataId=novel-rabbitmq.yml, group=DEFAULT_GROUP, cnt=1
2023-07-21 09:26:57,183 INFO (NacosContextRefresher.java:129)- [Nacos Config] Listening config: dataId=novel-rabbitmq.yml, group=DEFAULT_GROUP
2023-07-21 09:26:57,183 INFO (ClientWorker.java:379)- [fixed-127.0.0.1_8848] [subscribe] novel-user-service-dev.yml+DEFAULT_GROUP
2023-07-21 09:26:57,183 INFO (CacheData.java:197)- [fixed-127.0.0.1_8848] [add-listener] ok, tenant=, dataId=novel-user-service-dev.yml, group=DEFAULT_GROUP, cnt=1
2023-07-21 09:26:57,183 INFO (NacosContextRefresher.java:129)- [Nacos Config] Listening config: dataId=novel-user-service-dev.yml, group=DEFAULT_GROUP
2023-07-21 09:26:57,184 INFO (ClientWorker.java:379)- [fixed-127.0.0.1_8848] [subscribe] novel-user-service-common.yml+DEFAULT_GROUP
2023-07-21 09:26:57,184 INFO (CacheData.java:197)- [fixed-127.0.0.1_8848] [add-listener] ok, tenant=, dataId=novel-user-service-common.yml, group=DEFAULT_GROUP, cnt=1
2023-07-21 09:26:57,184 INFO (NacosContextRefresher.java:129)- [Nacos Config] Listening config: dataId=novel-user-service-common.yml, group=DEFAULT_GROUP
2023-07-21 09:26:57,441 INFO (ServletContextImpl.java:372)- Initializing Spring DispatcherServlet 'dispatcherServlet'
2023-07-21 09:26:57,442 INFO (FrameworkServlet.java:532)- Initializing Servlet 'dispatcherServlet'
2023-07-21 09:26:57,444 INFO (FrameworkServlet.java:554)- Completed initialization in 1 ms
2023-07-21 09:26:57,501 INFO (AbstractConnectionFactory.java:630)- Attempting to connect to: [192.168.10.110:5672]
2023-07-21 09:27:21,572 INFO (AbstractConnectionFactory.java:630)- Attempting to connect to: [192.168.10.110:5672]
2023-07-21 09:27:45,622 INFO (AbstractConnectionFactory.java:630)- Attempting to connect to: [192.168.10.110:5672]
2023-07-21 09:28:06,659 WARN (AbstractHealthIndicator.java:94)- Rabbit health check failed
org.springframework.amqp.AmqpConnectException: java.net.ConnectException: Connection timed out: no further information
	at org.springframework.amqp.rabbit.support.RabbitExceptionTranslator.convertRabbitAccessException(RabbitExceptionTranslator.java:61)
	at org.springframework.amqp.rabbit.connection.AbstractConnectionFactory.createBareConnection(AbstractConnectionFactory.java:594)
	at org.springframework.amqp.rabbit.connection.CachingConnectionFactory.createConnection(CachingConnectionFactory.java:687)
	at org.springframework.amqp.rabbit.connection.ConnectionFactoryUtils.createConnection(ConnectionFactoryUtils.java:257)
	at org.springframework.amqp.rabbit.core.RabbitTemplate.doExecute(RabbitTemplate.java:2225)
	at org.springframework.amqp.rabbit.core.RabbitTemplate.lambda$execute$13(RabbitTemplate.java:2187)
	at org.springframework.retry.support.RetryTemplate.doExecute(RetryTemplate.java:329)
	at org.springframework.retry.support.RetryTemplate.execute(RetryTemplate.java:225)
	at org.springframework.amqp.rabbit.core.RabbitTemplate.execute(RabbitTemplate.java:2186)
	at org.springframework.amqp.rabbit.core.RabbitTemplate.execute(RabbitTemplate.java:2178)
	at org.springframework.boot.actuate.amqp.RabbitHealthIndicator.getVersion(RabbitHealthIndicator.java:49)
	at org.springframework.boot.actuate.amqp.RabbitHealthIndicator.doHealthCheck(RabbitHealthIndicator.java:44)
	at org.springframework.boot.actuate.health.AbstractHealthIndicator.health(AbstractHealthIndicator.java:82)
	at org.springframework.boot.actuate.health.HealthIndicator.getHealth(HealthIndicator.java:37)
	at org.springframework.boot.actuate.health.HealthEndpoint.getHealth(HealthEndpoint.java:82)
	at org.springframework.boot.actuate.health.HealthEndpoint.getHealth(HealthEndpoint.java:41)
	at org.springframework.boot.actuate.health.HealthEndpointSupport.getLoggedHealth(HealthEndpointSupport.java:172)
	at org.springframework.boot.actuate.health.HealthEndpointSupport.getContribution(HealthEndpointSupport.java:145)
	at org.springframework.boot.actuate.health.HealthEndpointSupport.getAggregateContribution(HealthEndpointSupport.java:156)
	at org.springframework.boot.actuate.health.HealthEndpointSupport.getContribution(HealthEndpointSupport.java:141)
	at org.springframework.boot.actuate.health.HealthEndpointSupport.getHealth(HealthEndpointSupport.java:110)
	at org.springframework.boot.actuate.health.HealthEndpointSupport.getHealth(HealthEndpointSupport.java:81)
	at org.springframework.boot.actuate.health.HealthEndpoint.health(HealthEndpoint.java:76)
	at org.springframework.boot.actuate.health.HealthEndpoint.health(HealthEndpoint.java:66)
	at java.base/jdk.internal.reflect.NativeMethodAccessorImpl.invoke0(Native Method)
	at java.base/jdk.internal.reflect.NativeMethodAccessorImpl.invoke(NativeMethodAccessorImpl.java:77)
	at java.base/jdk.internal.reflect.DelegatingMethodAccessorImpl.invoke(DelegatingMethodAccessorImpl.java:43)
	at java.base/java.lang.reflect.Method.invoke(Method.java:568)
	at org.springframework.util.ReflectionUtils.invokeMethod(ReflectionUtils.java:281)
	at org.springframework.boot.actuate.endpoint.invoke.reflect.ReflectiveOperationInvoker.invoke(ReflectiveOperationInvoker.java:74)
	at org.springframework.boot.actuate.endpoint.annotation.AbstractDiscoveredOperation.invoke(AbstractDiscoveredOperation.java:60)
	at org.springframework.boot.actuate.endpoint.jmx.EndpointMBean.invoke(EndpointMBean.java:124)
	at org.springframework.boot.actuate.endpoint.jmx.EndpointMBean.invoke(EndpointMBean.java:97)
	at java.management/com.sun.jmx.interceptor.DefaultMBeanServerInterceptor.invoke(DefaultMBeanServerInterceptor.java:814)
	at java.management/com.sun.jmx.mbeanserver.JmxMBeanServer.invoke(JmxMBeanServer.java:802)
	at java.management.rmi/javax.management.remote.rmi.RMIConnectionImpl.doOperation(RMIConnectionImpl.java:1472)
	at java.management.rmi/javax.management.remote.rmi.RMIConnectionImpl$PrivilegedOperation.run(RMIConnectionImpl.java:1310)
	at java.management.rmi/javax.management.remote.rmi.RMIConnectionImpl.doPrivilegedOperation(RMIConnectionImpl.java:1405)
	at java.management.rmi/javax.management.remote.rmi.RMIConnectionImpl.invoke(RMIConnectionImpl.java:829)
	at java.base/jdk.internal.reflect.GeneratedMethodAccessor52.invoke(Unknown Source)
	at java.base/jdk.internal.reflect.DelegatingMethodAccessorImpl.invoke(DelegatingMethodAccessorImpl.java:43)
	at java.base/java.lang.reflect.Method.invoke(Method.java:568)
	at java.rmi/sun.rmi.server.UnicastServerRef.dispatch(UnicastServerRef.java:360)
	at java.rmi/sun.rmi.transport.Transport$1.run(Transport.java:200)
	at java.rmi/sun.rmi.transport.Transport$1.run(Transport.java:197)
	at java.base/java.security.AccessController.doPrivileged(AccessController.java:712)
	at java.rmi/sun.rmi.transport.Transport.serviceCall(Transport.java:196)
	at java.rmi/sun.rmi.transport.tcp.TCPTransport.handleMessages(TCPTransport.java:587)
	at java.rmi/sun.rmi.transport.tcp.TCPTransport$ConnectionHandler.run0(TCPTransport.java:828)
	at java.rmi/sun.rmi.transport.tcp.TCPTransport$ConnectionHandler.lambda$run$0(TCPTransport.java:705)
	at java.base/java.security.AccessController.doPrivileged(AccessController.java:399)
	at java.rmi/sun.rmi.transport.tcp.TCPTransport$ConnectionHandler.run(TCPTransport.java:704)
	at java.base/java.util.concurrent.ThreadPoolExecutor.runWorker(ThreadPoolExecutor.java:1136)
	at java.base/java.util.concurrent.ThreadPoolExecutor$Worker.run(ThreadPoolExecutor.java:635)
	at java.base/java.lang.Thread.run(Thread.java:833)
Caused by: java.net.ConnectException: Connection timed out: no further information
	at java.base/sun.nio.ch.Net.pollConnect(Native Method)
	at java.base/sun.nio.ch.Net.pollConnectNow(Net.java:672)
	at java.base/sun.nio.ch.NioSocketImpl.timedFinishConnect(NioSocketImpl.java:549)
	at java.base/sun.nio.ch.NioSocketImpl.connect(NioSocketImpl.java:597)
	at java.base/java.net.SocksSocketImpl.connect(SocksSocketImpl.java:327)
	at java.base/java.net.Socket.connect(Socket.java:633)
	at com.rabbitmq.client.impl.SocketFrameHandlerFactory.create(SocketFrameHandlerFactory.java:59)
	at com.rabbitmq.client.ConnectionFactory.newConnection(ConnectionFactory.java:1223)
	at com.rabbitmq.client.ConnectionFactory.newConnection(ConnectionFactory.java:1173)
	at org.springframework.amqp.rabbit.connection.AbstractConnectionFactory.connectAddresses(AbstractConnectionFactory.java:632)
	at org.springframework.amqp.rabbit.connection.AbstractConnectionFactory.connect(AbstractConnectionFactory.java:607)
	at org.springframework.amqp.rabbit.connection.AbstractConnectionFactory.createBareConnection(AbstractConnectionFactory.java:557)
	... 53 common frames omitted
2023-07-21 09:28:06,663 WARN (HealthEndpointSupport.java:181)- Health contributor org.springframework.boot.actuate.amqp.RabbitHealthIndicator (rabbit) took 69169ms to respond
2023-07-21 09:28:06,670 INFO (HikariDataSource.java:110)- HikariPool-1 - Starting...
2023-07-21 09:28:06,951 INFO (HikariPool.java:565)- HikariPool-1 - Added connection com.mysql.cj.jdbc.ConnectionImpl@52e1dafb
2023-07-21 09:28:06,965 INFO (HikariDataSource.java:123)- HikariPool-1 - Start completed.
2023-07-21 11:56:44,874 WARN (NotifyCenter.java:136)- [NotifyCenter] Start destroying Publisher
2023-07-21 11:56:44,874 WARN (HttpClientBeanHolder.java:102)- [HttpClientBeanHolder] Start destroying common HttpClient
2023-07-21 11:56:44,895 WARN (NotifyCenter.java:153)- [NotifyCenter] Destruction of the end
2023-07-21 11:56:44,914 WARN (HttpClientBeanHolder.java:111)- [HttpClientBeanHolder] Destruction of the end
2023-07-21 11:56:45,037 INFO (QuartzScheduler.java:585)- Scheduler quartzScheduler_$_NON_CLUSTERED paused.
2023-07-21 11:56:45,066 INFO (Undertow.java:259)- stopping server: Undertow - 2.3.4.Final
2023-07-21 11:56:45,201 INFO (ServletContextImpl.java:372)- Destroying Spring FrameworkServlet 'dispatcherServlet'
2023-07-21 11:56:45,257 INFO (SchedulerFactoryBean.java:847)- Shutting down Quartz Scheduler
2023-07-21 11:56:45,258 INFO (QuartzScheduler.java:666)- Scheduler quartzScheduler_$_NON_CLUSTERED shutting down.
2023-07-21 11:56:45,258 INFO (QuartzScheduler.java:585)- Scheduler quartzScheduler_$_NON_CLUSTERED paused.
2023-07-21 11:56:45,260 INFO (QuartzScheduler.java:740)- Scheduler quartzScheduler_$_NON_CLUSTERED shutdown complete.
2023-07-21 11:56:45,297 INFO (NacosServiceRegistry.java:95)- De-registering from Nacos Server now...
2023-07-21 11:56:45,301 INFO (NamingGrpcClientProxy.java:216)- [DEREGISTER-SERVICE] public deregistering service novel-user-service with instance: Instance{instanceId='null', ip='192.168.43.1', port=9060, weight=1.0, healthy=true, enabled=true, ephemeral=true, clusterName='DEFAULT', serviceName='null', metadata={}}
2023-07-21 11:56:45,312 INFO (NacosServiceRegistry.java:115)- De-registration finished.
2023-07-21 11:56:45,317 INFO (ServiceInfoHolder.java:256)- com.alibaba.nacos.client.naming.cache.ServiceInfoHolder do shutdown begin
2023-07-21 11:56:45,317 INFO (FailoverReactor.java:133)- com.alibaba.nacos.client.naming.backups.FailoverReactor do shutdown begin
2023-07-21 11:56:45,319 INFO (FailoverReactor.java:135)- com.alibaba.nacos.client.naming.backups.FailoverReactor do shutdown stop
2023-07-21 11:56:45,319 INFO (ServiceInfoHolder.java:258)- com.alibaba.nacos.client.naming.cache.ServiceInfoHolder do shutdown stop
2023-07-21 11:56:45,319 INFO (NamingClientProxyDelegate.java:204)- com.alibaba.nacos.client.naming.remote.NamingClientProxyDelegate do shutdown begin
2023-07-21 11:56:45,319 INFO (ServiceInfoUpdateService.java:143)- com.alibaba.nacos.client.naming.core.ServiceInfoUpdateService do shutdown begin
2023-07-21 11:56:45,320 INFO (ServiceInfoUpdateService.java:145)- com.alibaba.nacos.client.naming.core.ServiceInfoUpdateService do shutdown stop
2023-07-21 11:56:45,320 INFO (ServerListManager.java:194)- com.alibaba.nacos.client.naming.core.ServerListManager do shutdown begin
2023-07-21 11:56:45,320 WARN (NamingHttpClientManager.java:74)- [NamingHttpClientManager] Start destroying NacosRestTemplate
2023-07-21 11:56:45,321 WARN (NamingHttpClientManager.java:81)- [NamingHttpClientManager] Destruction of the end
2023-07-21 11:56:45,321 INFO (ServerListManager.java:199)- com.alibaba.nacos.client.naming.core.ServerListManager do shutdown stop
2023-07-21 11:56:45,321 INFO (NamingHttpClientProxy.java:484)- com.alibaba.nacos.client.naming.remote.http.NamingHttpClientProxy do shutdown begin
2023-07-21 11:56:45,322 WARN (NamingHttpClientManager.java:74)- [NamingHttpClientManager] Start destroying NacosRestTemplate
2023-07-21 11:56:45,322 WARN (NamingHttpClientManager.java:81)- [NamingHttpClientManager] Destruction of the end
2023-07-21 11:56:45,322 INFO (NamingHttpClientProxy.java:486)- com.alibaba.nacos.client.naming.remote.http.NamingHttpClientProxy do shutdown stop
2023-07-21 11:56:45,322 INFO (RpcClient.java:425)- Shutdown rpc client, set status to shutdown
2023-07-21 11:56:45,323 INFO (RpcClient.java:427)- Shutdown client event executor java.util.concurrent.ScheduledThreadPoolExecutor@3a70ee71[Running, pool size = 2, active threads = 2, queued tasks = 0, completed tasks = 0]
2023-07-21 11:56:45,323 INFO (RpcClient.java:580)- Close current connection 1689902815861_127.0.0.1_55810
2023-07-21 11:56:45,327 INFO (LoggerUtils.java:60)- [1689902815861_127.0.0.1_55810]Ignore complete event,isRunning:false,isAbandon=false
2023-07-21 11:56:45,348 INFO (GrpcClient.java:140)- Shutdown grpc executor java.util.concurrent.ThreadPoolExecutor@4b4f2846[Running, pool size = 4, active threads = 0, queued tasks = 0, completed tasks = 1827]
2023-07-21 11:56:45,348 INFO (NamingGrpcRedoService.java:292)- Shutdown grpc redo service executor java.util.concurrent.ScheduledThreadPoolExecutor@94c8bbf[Running, pool size = 1, active threads = 0, queued tasks = 1, completed tasks = 2994]
2023-07-21 11:56:45,349 INFO (CredentialWatcher.java:106)- [null] CredentialWatcher is stopped
2023-07-21 11:56:45,350 INFO (CredentialService.java:100)- [null] CredentialService is freed
2023-07-21 11:56:45,351 INFO (NamingClientProxyDelegate.java:211)- com.alibaba.nacos.client.naming.remote.NamingClientProxyDelegate do shutdown stop
2023-07-21 11:56:45,445 INFO (HikariDataSource.java:350)- HikariPool-1 - Shutdown initiated...
2023-07-21 11:56:45,453 INFO (HikariDataSource.java:352)- HikariPool-1 - Shutdown completed.
2023-07-21 19:32:31,260 WARN (NacosLogging.java:64)- Load Logback Configuration of Nacos fail, message: org/slf4j/impl/StaticLoggerBinder
2023-07-21 19:32:31,264 WARN (NacosLogging.java:64)- Load Logback Configuration of Nacos fail, message: org/slf4j/impl/StaticLoggerBinder
2023-07-21 19:32:31,286 INFO (LocalConfigInfoProcessor.java:68)- LOCAL_SNAPSHOT_PATH:C:\Users\yisheng\nacos\config
2023-07-21 19:32:31,290 INFO (RpcClientFactory.java:94)- [RpcClientFactory] create a new rpc client of ed113b94-2490-4ab0-8931-4a3e80b29d06_config-0
2023-07-21 19:32:31,309 INFO (LoggerUtils.java:60)- [ed113b94-2490-4ab0-8931-4a3e80b29d06_config-0] Register server push request handler:com.alibaba.nacos.client.config.impl.ClientWorker$ConfigRpcTransportClient$$Lambda$651/0x0000000800fc6710
2023-07-21 19:32:31,309 INFO (LoggerUtils.java:60)- [ed113b94-2490-4ab0-8931-4a3e80b29d06_config-0] Register server push request handler:com.alibaba.nacos.client.config.impl.ClientWorker$ConfigRpcTransportClient$$Lambda$652/0x0000000800fc6b30
2023-07-21 19:32:31,310 INFO (LoggerUtils.java:60)- [ed113b94-2490-4ab0-8931-4a3e80b29d06_config-0] Registry connection listener to current client:com.alibaba.nacos.client.config.impl.ClientWorker$ConfigRpcTransportClient$1
2023-07-21 19:32:31,310 INFO (LoggerUtils.java:60)- [ed113b94-2490-4ab0-8931-4a3e80b29d06_config-0] RpcClient init, ServerListFactory = com.alibaba.nacos.client.config.impl.ClientWorker$ConfigRpcTransportClient$2
2023-07-21 19:32:31,319 INFO (LoggerUtils.java:60)- [ed113b94-2490-4ab0-8931-4a3e80b29d06_config-0] Try to connect to server on start up, server: {serverIp = '127.0.0.1', server main port = 8848}
2023-07-21 19:32:32,277 INFO (LoggerUtils.java:60)- [ed113b94-2490-4ab0-8931-4a3e80b29d06_config-0] Success to connect to server [127.0.0.1:8848] on start up, connectionId = 1689939152076_127.0.0.1_64335
2023-07-21 19:32:32,277 INFO (LoggerUtils.java:60)- [ed113b94-2490-4ab0-8931-4a3e80b29d06_config-0] Notify connected event to listeners.
2023-07-21 19:32:32,278 INFO (ClientWorker.java:638)- [ed113b94-2490-4ab0-8931-4a3e80b29d06_config-0] Connected,notify listen context...
2023-07-21 19:32:32,278 INFO (LoggerUtils.java:60)- [ed113b94-2490-4ab0-8931-4a3e80b29d06_config-0] Register server push request handler:com.alibaba.nacos.common.remote.client.RpcClient$ConnectResetRequestHandler
2023-07-21 19:32:32,279 INFO (LoggerUtils.java:60)- [ed113b94-2490-4ab0-8931-4a3e80b29d06_config-0] Register server push request handler:com.alibaba.nacos.common.remote.client.RpcClient$$Lambda$671/0x00000008010f8000
2023-07-21 19:32:32,343 INFO (Limiter.java:62)- limitTime:5.0
2023-07-21 19:32:32,402 INFO (JvmUtil.java:54)- isMultiInstance:false
2023-07-21 19:32:32,483 WARN (NacosPropertySourceBuilder.java:87)- Ignore the empty nacos configuration and get it based on dataId[novel-user-service] & group[DEFAULT_GROUP]
2023-07-21 19:32:32,517 WARN (NacosPropertySourceBuilder.java:87)- Ignore the empty nacos configuration and get it based on dataId[novel-user-service.yml] & group[DEFAULT_GROUP]
2023-07-21 19:32:32,525 WARN (NacosPropertySourceBuilder.java:87)- Ignore the empty nacos configuration and get it based on dataId[novel-user-service-common.yml] & group[DEFAULT_GROUP]
2023-07-21 19:32:32,533 WARN (NacosPropertySourceBuilder.java:87)- Ignore the empty nacos configuration and get it based on dataId[novel-user-service-dev.yml] & group[DEFAULT_GROUP]
2023-07-21 19:32:32,535 INFO (PropertySourceBootstrapConfiguration.java:108)- Located property source: [BootstrapPropertySource {name='bootstrapProperties-novel-user-service-dev.yml,DEFAULT_GROUP'}, BootstrapPropertySource {name='bootstrapProperties-novel-user-service-common.yml,DEFAULT_GROUP'}, BootstrapPropertySource {name='bootstrapProperties-novel-user-service.yml,DEFAULT_GROUP'}, BootstrapPropertySource {name='bootstrapProperties-novel-user-service,DEFAULT_GROUP'}, BootstrapPropertySource {name='bootstrapProperties-novel-rabbitmq.yml,DEFAULT_GROUP'}, BootstrapPropertySource {name='bootstrapProperties-novel-redis.yml,DEFAULT_GROUP'}, BootstrapPropertySource {name='bootstrapProperties-novel-mysql.yml,DEFAULT_GROUP'}]
2023-07-21 19:32:32,558 INFO (SpringApplication.java:638)- The following 2 profiles are active: "common", "dev"
2023-07-21 19:32:34,309 INFO (RepositoryConfigurationDelegate.java:291)- Multiple Spring Data modules found, entering strict repository configuration mode
2023-07-21 19:32:34,312 INFO (RepositoryConfigurationDelegate.java:138)- Bootstrapping Spring Data Redis repositories in DEFAULT mode.
2023-07-21 19:32:34,336 INFO (RepositoryConfigurationDelegate.java:208)- Finished Spring Data repository scanning in 10 ms. Found 0 Redis repository interfaces.
2023-07-21 19:32:34,629 INFO (GenericScope.java:282)- BeanFactory id=2acd4375-aa8a-3ed9-a896-29a228ebdfb2
2023-07-21 19:32:35,677 WARN (Bootstrap.java:68)- UT026010: Buffer pool was not set on WebSocketDeploymentInfo, the default pool will be used
2023-07-21 19:32:35,702 INFO (ServletContextImpl.java:372)- Initializing Spring embedded WebApplicationContext
2023-07-21 19:32:35,702 INFO (ServletWebServerApplicationContext.java:291)- Root WebApplicationContext: initialization completed in 3012 ms
2023-07-21 19:32:36,499 INFO (Version.java:41)- Redisson 3.19.1
2023-07-21 19:32:36,849 INFO (ConnectionPool.java:162)- 1 connections initialized for 127.0.0.1/127.0.0.1:6379
2023-07-21 19:32:36,891 INFO (ConnectionPool.java:162)- 24 connections initialized for 127.0.0.1/127.0.0.1:6379
2023-07-21 19:32:37,394 INFO (FeignClientFactoryBean.java:437)- For 'novel-book-service' URL not provided. Will try picking an instance via load-balancing.
2023-07-21 19:32:37,652 INFO (SentinelWebMvcConfigurer.java:52)- [Sentinel Starter] register SentinelWebInterceptor with urlPatterns: [/**].
2023-07-21 19:32:39,722 INFO (InetUtils.java:170)- Cannot determine local hostname
2023-07-21 19:32:40,294 INFO (StdSchedulerFactory.java:1220)- Using default implementation for ThreadExecutor
2023-07-21 19:32:40,304 INFO (SchedulerSignalerImpl.java:61)- Initialized Scheduler Signaller of type: class org.quartz.core.SchedulerSignalerImpl
2023-07-21 19:32:40,304 INFO (QuartzScheduler.java:229)- Quartz Scheduler v.2.3.2 created.
2023-07-21 19:32:40,305 INFO (RAMJobStore.java:155)- RAMJobStore initialized.
2023-07-21 19:32:40,306 INFO (QuartzScheduler.java:294)- Scheduler meta-data: Quartz Scheduler (v2.3.2) 'quartzScheduler' with instanceId 'NON_CLUSTERED'
  Scheduler class: 'org.quartz.core.QuartzScheduler' - running locally.
  NOT STARTED.
  Currently in standby mode.
  Number of jobs executed: 0
  Using thread pool 'org.quartz.simpl.SimpleThreadPool' - with 10 threads.
  Using job-store 'org.quartz.simpl.RAMJobStore' - which does not support persistence. and is not clustered.

2023-07-21 19:32:40,306 INFO (StdSchedulerFactory.java:1374)- Quartz scheduler 'quartzScheduler' initialized from an externally provided properties instance.
2023-07-21 19:32:40,306 INFO (StdSchedulerFactory.java:1378)- Quartz scheduler version: 2.3.2
2023-07-21 19:32:40,306 INFO (QuartzScheduler.java:2293)- JobFactory set to: org.springframework.scheduling.quartz.SpringBeanJobFactory@4623c0d3
2023-07-21 19:32:41,678 INFO (InetUtils.java:170)- Cannot determine local hostname
2023-07-21 19:32:41,715 INFO (EndpointLinksResolver.java:58)- Exposing 21 endpoint(s) beneath base path '/actuator'
2023-07-21 19:32:41,888 WARN (LocalVariableTableParameterNameDiscoverer.java:123)- Using deprecated '-debug' fallback for parameter name resolution. Compile the affected code with '-parameters' instead or avoid its introspection: org.springframework.amqp.rabbit.core.RabbitAdmin
2023-07-21 19:32:41,917 INFO (Undertow.java:120)- starting server: Undertow - 2.3.4.Final
2023-07-21 19:32:41,924 INFO (Xnio.java:95)- XNIO version 3.8.8.Final
2023-07-21 19:32:41,932 INFO (NioXnio.java:58)- XNIO NIO Implementation Version 3.8.8.Final
2023-07-21 19:32:41,960 INFO (Version.java:55)- JBoss Threads version 3.5.0.Final
2023-07-21 19:32:42,022 INFO (UndertowWebServer.java:121)- Undertow started on port(s) 9060 (http)
2023-07-21 19:32:42,027 INFO (SearchableProperties.java:197)- properties search order:PROPERTIES->JVM->ENV->DEFAULT_SETTING
2023-07-21 19:32:42,028 INFO (InitUtils.java:61)- initializer namespace from System Property : null
2023-07-21 19:32:42,029 INFO (InitUtils.java:65)- initializer namespace from System Environment :null
2023-07-21 19:32:42,029 INFO (InitUtils.java:72)- initializer namespace from System Property :
2023-07-21 19:32:42,041 INFO (ClientAuthPluginManager.java:56)- [ClientAuthPluginManager] Load ClientAuthService com.alibaba.nacos.client.auth.impl.NacosClientAuthServiceImpl success.
2023-07-21 19:32:42,042 INFO (ClientAuthPluginManager.java:56)- [ClientAuthPluginManager] Load ClientAuthService com.alibaba.nacos.client.auth.ram.RamClientAuthServiceImpl success.
2023-07-21 19:32:42,050 INFO (RpcClientFactory.java:94)- [RpcClientFactory] create a new rpc client of acd25be4-e3f1-460f-b159-bab19b26bb55
2023-07-21 19:32:42,054 INFO (LoggerUtils.java:60)- [acd25be4-e3f1-460f-b159-bab19b26bb55] RpcClient init, ServerListFactory = com.alibaba.nacos.client.naming.core.ServerListManager
2023-07-21 19:32:42,054 INFO (LoggerUtils.java:60)- [acd25be4-e3f1-460f-b159-bab19b26bb55] Registry connection listener to current client:com.alibaba.nacos.client.naming.remote.gprc.redo.NamingGrpcRedoService
2023-07-21 19:32:42,055 INFO (LoggerUtils.java:60)- [acd25be4-e3f1-460f-b159-bab19b26bb55] Register server push request handler:com.alibaba.nacos.client.naming.remote.gprc.NamingPushRequestHandler
2023-07-21 19:32:42,056 INFO (LoggerUtils.java:60)- [acd25be4-e3f1-460f-b159-bab19b26bb55] Try to connect to server on start up, server: {serverIp = '127.0.0.1', server main port = 8848}
2023-07-21 19:32:42,177 INFO (LoggerUtils.java:60)- [acd25be4-e3f1-460f-b159-bab19b26bb55] Success to connect to server [127.0.0.1:8848] on start up, connectionId = 1689939162062_127.0.0.1_64375
2023-07-21 19:32:42,177 INFO (LoggerUtils.java:60)- [acd25be4-e3f1-460f-b159-bab19b26bb55] Notify connected event to listeners.
2023-07-21 19:32:42,177 INFO (NamingGrpcRedoService.java:78)- Grpc connection connect
2023-07-21 19:32:42,177 INFO (LoggerUtils.java:60)- [acd25be4-e3f1-460f-b159-bab19b26bb55] Register server push request handler:com.alibaba.nacos.common.remote.client.RpcClient$ConnectResetRequestHandler
2023-07-21 19:32:42,178 INFO (LoggerUtils.java:60)- [acd25be4-e3f1-460f-b159-bab19b26bb55] Register server push request handler:com.alibaba.nacos.common.remote.client.RpcClient$$Lambda$671/0x00000008010f8000
2023-07-21 19:32:42,179 INFO (NamingGrpcClientProxy.java:120)- [REGISTER-SERVICE] public registering service novel-user-service with instance Instance{instanceId='null', ip='192.168.43.1', port=9060, weight=1.0, healthy=true, enabled=true, ephemeral=true, clusterName='DEFAULT', serviceName='null', metadata={preserved.register.source=SPRING_CLOUD}}
2023-07-21 19:32:42,187 INFO (NacosServiceRegistry.java:76)- nacos registry, DEFAULT_GROUP novel-user-service 192.168.43.1:9060 register finished
2023-07-21 19:32:43,265 INFO (InetUtils.java:170)- Cannot determine local hostname
2023-07-21 19:32:43,266 INFO (SchedulerFactoryBean.java:729)- Starting Quartz Scheduler now
2023-07-21 19:32:43,266 INFO (QuartzScheduler.java:547)- Scheduler quartzScheduler_$_NON_CLUSTERED started.
2023-07-21 19:32:43,283 INFO (StartupInfoLogger.java:57)- Started NovelUserApplication in 16.662 seconds (process running for 17.8)
2023-07-21 19:32:43,286 INFO (CacheData.java:67)- nacos.cache.data.init.snapshot = true 
2023-07-21 19:32:43,287 INFO (ClientWorker.java:379)- [fixed-127.0.0.1_8848] [subscribe] novel-user-service+DEFAULT_GROUP
2023-07-21 19:32:43,294 INFO (CacheData.java:197)- [fixed-127.0.0.1_8848] [add-listener] ok, tenant=, dataId=novel-user-service, group=DEFAULT_GROUP, cnt=1
2023-07-21 19:32:43,294 INFO (NacosContextRefresher.java:129)- [Nacos Config] Listening config: dataId=novel-user-service, group=DEFAULT_GROUP
2023-07-21 19:32:43,296 INFO (ClientWorker.java:379)- [fixed-127.0.0.1_8848] [subscribe] novel-user-service.yml+DEFAULT_GROUP
2023-07-21 19:32:43,296 INFO (CacheData.java:197)- [fixed-127.0.0.1_8848] [add-listener] ok, tenant=, dataId=novel-user-service.yml, group=DEFAULT_GROUP, cnt=1
2023-07-21 19:32:43,296 INFO (NacosContextRefresher.java:129)- [Nacos Config] Listening config: dataId=novel-user-service.yml, group=DEFAULT_GROUP
2023-07-21 19:32:43,297 INFO (ClientWorker.java:379)- [fixed-127.0.0.1_8848] [subscribe] novel-mysql.yml+DEFAULT_GROUP
2023-07-21 19:32:43,297 INFO (CacheData.java:197)- [fixed-127.0.0.1_8848] [add-listener] ok, tenant=, dataId=novel-mysql.yml, group=DEFAULT_GROUP, cnt=1
2023-07-21 19:32:43,297 INFO (NacosContextRefresher.java:129)- [Nacos Config] Listening config: dataId=novel-mysql.yml, group=DEFAULT_GROUP
2023-07-21 19:32:43,298 INFO (ClientWorker.java:379)- [fixed-127.0.0.1_8848] [subscribe] novel-redis.yml+DEFAULT_GROUP
2023-07-21 19:32:43,298 INFO (CacheData.java:197)- [fixed-127.0.0.1_8848] [add-listener] ok, tenant=, dataId=novel-redis.yml, group=DEFAULT_GROUP, cnt=1
2023-07-21 19:32:43,298 INFO (NacosContextRefresher.java:129)- [Nacos Config] Listening config: dataId=novel-redis.yml, group=DEFAULT_GROUP
2023-07-21 19:32:43,299 INFO (ClientWorker.java:379)- [fixed-127.0.0.1_8848] [subscribe] novel-rabbitmq.yml+DEFAULT_GROUP
2023-07-21 19:32:43,299 INFO (CacheData.java:197)- [fixed-127.0.0.1_8848] [add-listener] ok, tenant=, dataId=novel-rabbitmq.yml, group=DEFAULT_GROUP, cnt=1
2023-07-21 19:32:43,299 INFO (NacosContextRefresher.java:129)- [Nacos Config] Listening config: dataId=novel-rabbitmq.yml, group=DEFAULT_GROUP
2023-07-21 19:32:43,299 INFO (ClientWorker.java:379)- [fixed-127.0.0.1_8848] [subscribe] novel-user-service-dev.yml+DEFAULT_GROUP
2023-07-21 19:32:43,300 INFO (CacheData.java:197)- [fixed-127.0.0.1_8848] [add-listener] ok, tenant=, dataId=novel-user-service-dev.yml, group=DEFAULT_GROUP, cnt=1
2023-07-21 19:32:43,300 INFO (NacosContextRefresher.java:129)- [Nacos Config] Listening config: dataId=novel-user-service-dev.yml, group=DEFAULT_GROUP
2023-07-21 19:32:43,300 INFO (ClientWorker.java:379)- [fixed-127.0.0.1_8848] [subscribe] novel-user-service-common.yml+DEFAULT_GROUP
2023-07-21 19:32:43,300 INFO (CacheData.java:197)- [fixed-127.0.0.1_8848] [add-listener] ok, tenant=, dataId=novel-user-service-common.yml, group=DEFAULT_GROUP, cnt=1
2023-07-21 19:32:43,300 INFO (NacosContextRefresher.java:129)- [Nacos Config] Listening config: dataId=novel-user-service-common.yml, group=DEFAULT_GROUP
2023-07-21 19:32:43,599 INFO (ServletContextImpl.java:372)- Initializing Spring DispatcherServlet 'dispatcherServlet'
2023-07-21 19:32:43,599 INFO (FrameworkServlet.java:532)- Initializing Servlet 'dispatcherServlet'
2023-07-21 19:32:43,602 INFO (FrameworkServlet.java:554)- Completed initialization in 3 ms
2023-07-21 19:32:43,628 INFO (AbstractConnectionFactory.java:630)- Attempting to connect to: [192.168.10.110:5672]
2023-07-21 19:33:07,653 INFO (AbstractConnectionFactory.java:630)- Attempting to connect to: [192.168.10.110:5672]
2023-07-21 19:33:31,685 INFO (AbstractConnectionFactory.java:630)- Attempting to connect to: [192.168.10.110:5672]
2023-07-21 19:33:52,720 WARN (AbstractHealthIndicator.java:94)- Rabbit health check failed
org.springframework.amqp.AmqpConnectException: java.net.ConnectException: Connection timed out: no further information
	at org.springframework.amqp.rabbit.support.RabbitExceptionTranslator.convertRabbitAccessException(RabbitExceptionTranslator.java:61)
	at org.springframework.amqp.rabbit.connection.AbstractConnectionFactory.createBareConnection(AbstractConnectionFactory.java:594)
	at org.springframework.amqp.rabbit.connection.CachingConnectionFactory.createConnection(CachingConnectionFactory.java:687)
	at org.springframework.amqp.rabbit.connection.ConnectionFactoryUtils.createConnection(ConnectionFactoryUtils.java:257)
	at org.springframework.amqp.rabbit.core.RabbitTemplate.doExecute(RabbitTemplate.java:2225)
	at org.springframework.amqp.rabbit.core.RabbitTemplate.lambda$execute$13(RabbitTemplate.java:2187)
	at org.springframework.retry.support.RetryTemplate.doExecute(RetryTemplate.java:329)
	at org.springframework.retry.support.RetryTemplate.execute(RetryTemplate.java:225)
	at org.springframework.amqp.rabbit.core.RabbitTemplate.execute(RabbitTemplate.java:2186)
	at org.springframework.amqp.rabbit.core.RabbitTemplate.execute(RabbitTemplate.java:2178)
	at org.springframework.boot.actuate.amqp.RabbitHealthIndicator.getVersion(RabbitHealthIndicator.java:49)
	at org.springframework.boot.actuate.amqp.RabbitHealthIndicator.doHealthCheck(RabbitHealthIndicator.java:44)
	at org.springframework.boot.actuate.health.AbstractHealthIndicator.health(AbstractHealthIndicator.java:82)
	at org.springframework.boot.actuate.health.HealthIndicator.getHealth(HealthIndicator.java:37)
	at org.springframework.boot.actuate.health.HealthEndpoint.getHealth(HealthEndpoint.java:82)
	at org.springframework.boot.actuate.health.HealthEndpoint.getHealth(HealthEndpoint.java:41)
	at org.springframework.boot.actuate.health.HealthEndpointSupport.getLoggedHealth(HealthEndpointSupport.java:172)
	at org.springframework.boot.actuate.health.HealthEndpointSupport.getContribution(HealthEndpointSupport.java:145)
	at org.springframework.boot.actuate.health.HealthEndpointSupport.getAggregateContribution(HealthEndpointSupport.java:156)
	at org.springframework.boot.actuate.health.HealthEndpointSupport.getContribution(HealthEndpointSupport.java:141)
	at org.springframework.boot.actuate.health.HealthEndpointSupport.getHealth(HealthEndpointSupport.java:110)
	at org.springframework.boot.actuate.health.HealthEndpointSupport.getHealth(HealthEndpointSupport.java:81)
	at org.springframework.boot.actuate.health.HealthEndpoint.health(HealthEndpoint.java:76)
	at org.springframework.boot.actuate.health.HealthEndpoint.health(HealthEndpoint.java:66)
	at java.base/jdk.internal.reflect.NativeMethodAccessorImpl.invoke0(Native Method)
	at java.base/jdk.internal.reflect.NativeMethodAccessorImpl.invoke(NativeMethodAccessorImpl.java:77)
	at java.base/jdk.internal.reflect.DelegatingMethodAccessorImpl.invoke(DelegatingMethodAccessorImpl.java:43)
	at java.base/java.lang.reflect.Method.invoke(Method.java:568)
	at org.springframework.util.ReflectionUtils.invokeMethod(ReflectionUtils.java:281)
	at org.springframework.boot.actuate.endpoint.invoke.reflect.ReflectiveOperationInvoker.invoke(ReflectiveOperationInvoker.java:74)
	at org.springframework.boot.actuate.endpoint.annotation.AbstractDiscoveredOperation.invoke(AbstractDiscoveredOperation.java:60)
	at org.springframework.boot.actuate.endpoint.jmx.EndpointMBean.invoke(EndpointMBean.java:124)
	at org.springframework.boot.actuate.endpoint.jmx.EndpointMBean.invoke(EndpointMBean.java:97)
	at java.management/com.sun.jmx.interceptor.DefaultMBeanServerInterceptor.invoke(DefaultMBeanServerInterceptor.java:814)
	at java.management/com.sun.jmx.mbeanserver.JmxMBeanServer.invoke(JmxMBeanServer.java:802)
	at java.management.rmi/javax.management.remote.rmi.RMIConnectionImpl.doOperation(RMIConnectionImpl.java:1472)
	at java.management.rmi/javax.management.remote.rmi.RMIConnectionImpl$PrivilegedOperation.run(RMIConnectionImpl.java:1310)
	at java.management.rmi/javax.management.remote.rmi.RMIConnectionImpl.doPrivilegedOperation(RMIConnectionImpl.java:1405)
	at java.management.rmi/javax.management.remote.rmi.RMIConnectionImpl.invoke(RMIConnectionImpl.java:829)
	at java.base/jdk.internal.reflect.GeneratedMethodAccessor52.invoke(Unknown Source)
	at java.base/jdk.internal.reflect.DelegatingMethodAccessorImpl.invoke(DelegatingMethodAccessorImpl.java:43)
	at java.base/java.lang.reflect.Method.invoke(Method.java:568)
	at java.rmi/sun.rmi.server.UnicastServerRef.dispatch(UnicastServerRef.java:360)
	at java.rmi/sun.rmi.transport.Transport$1.run(Transport.java:200)
	at java.rmi/sun.rmi.transport.Transport$1.run(Transport.java:197)
	at java.base/java.security.AccessController.doPrivileged(AccessController.java:712)
	at java.rmi/sun.rmi.transport.Transport.serviceCall(Transport.java:196)
	at java.rmi/sun.rmi.transport.tcp.TCPTransport.handleMessages(TCPTransport.java:587)
	at java.rmi/sun.rmi.transport.tcp.TCPTransport$ConnectionHandler.run0(TCPTransport.java:828)
	at java.rmi/sun.rmi.transport.tcp.TCPTransport$ConnectionHandler.lambda$run$0(TCPTransport.java:705)
	at java.base/java.security.AccessController.doPrivileged(AccessController.java:399)
	at java.rmi/sun.rmi.transport.tcp.TCPTransport$ConnectionHandler.run(TCPTransport.java:704)
	at java.base/java.util.concurrent.ThreadPoolExecutor.runWorker(ThreadPoolExecutor.java:1136)
	at java.base/java.util.concurrent.ThreadPoolExecutor$Worker.run(ThreadPoolExecutor.java:635)
	at java.base/java.lang.Thread.run(Thread.java:833)
Caused by: java.net.ConnectException: Connection timed out: no further information
	at java.base/sun.nio.ch.Net.pollConnect(Native Method)
	at java.base/sun.nio.ch.Net.pollConnectNow(Net.java:672)
	at java.base/sun.nio.ch.NioSocketImpl.timedFinishConnect(NioSocketImpl.java:549)
	at java.base/sun.nio.ch.NioSocketImpl.connect(NioSocketImpl.java:597)
	at java.base/java.net.SocksSocketImpl.connect(SocksSocketImpl.java:327)
	at java.base/java.net.Socket.connect(Socket.java:633)
	at com.rabbitmq.client.impl.SocketFrameHandlerFactory.create(SocketFrameHandlerFactory.java:59)
	at com.rabbitmq.client.ConnectionFactory.newConnection(ConnectionFactory.java:1223)
	at com.rabbitmq.client.ConnectionFactory.newConnection(ConnectionFactory.java:1173)
	at org.springframework.amqp.rabbit.connection.AbstractConnectionFactory.connectAddresses(AbstractConnectionFactory.java:632)
	at org.springframework.amqp.rabbit.connection.AbstractConnectionFactory.connect(AbstractConnectionFactory.java:607)
	at org.springframework.amqp.rabbit.connection.AbstractConnectionFactory.createBareConnection(AbstractConnectionFactory.java:557)
	... 53 common frames omitted
2023-07-21 19:33:52,732 WARN (HealthEndpointSupport.java:181)- Health contributor org.springframework.boot.actuate.amqp.RabbitHealthIndicator (rabbit) took 69105ms to respond
2023-07-21 19:33:52,748 INFO (HikariDataSource.java:110)- HikariPool-1 - Starting...
2023-07-21 19:33:53,094 INFO (HikariPool.java:565)- HikariPool-1 - Added connection com.mysql.cj.jdbc.ConnectionImpl@6b261d26
2023-07-21 19:33:53,111 INFO (HikariDataSource.java:123)- HikariPool-1 - Start completed.
2023-07-21 20:22:27,256 WARN (NotifyCenter.java:136)- [NotifyCenter] Start destroying Publisher
2023-07-21 20:22:27,256 WARN (HttpClientBeanHolder.java:102)- [HttpClientBeanHolder] Start destroying common HttpClient
2023-07-21 20:22:27,257 WARN (NotifyCenter.java:153)- [NotifyCenter] Destruction of the end
2023-07-21 20:22:27,258 WARN (HttpClientBeanHolder.java:111)- [HttpClientBeanHolder] Destruction of the end
2023-07-21 20:22:27,308 INFO (QuartzScheduler.java:585)- Scheduler quartzScheduler_$_NON_CLUSTERED paused.
2023-07-21 20:22:27,313 INFO (Undertow.java:259)- stopping server: Undertow - 2.3.4.Final
2023-07-21 20:22:27,338 INFO (ServletContextImpl.java:372)- Destroying Spring FrameworkServlet 'dispatcherServlet'
2023-07-21 20:22:27,352 INFO (SchedulerFactoryBean.java:847)- Shutting down Quartz Scheduler
2023-07-21 20:22:27,353 INFO (QuartzScheduler.java:666)- Scheduler quartzScheduler_$_NON_CLUSTERED shutting down.
2023-07-21 20:22:27,353 INFO (QuartzScheduler.java:585)- Scheduler quartzScheduler_$_NON_CLUSTERED paused.
2023-07-21 20:22:27,353 INFO (QuartzScheduler.java:740)- Scheduler quartzScheduler_$_NON_CLUSTERED shutdown complete.
2023-07-21 20:22:27,366 INFO (NacosServiceRegistry.java:95)- De-registering from Nacos Server now...
2023-07-21 20:22:27,367 INFO (NamingGrpcClientProxy.java:216)- [DEREGISTER-SERVICE] public deregistering service novel-user-service with instance: Instance{instanceId='null', ip='192.168.43.1', port=9060, weight=1.0, healthy=true, enabled=true, ephemeral=true, clusterName='DEFAULT', serviceName='null', metadata={}}
2023-07-21 20:22:27,371 INFO (NacosServiceRegistry.java:115)- De-registration finished.
2023-07-21 20:22:27,374 INFO (ServiceInfoHolder.java:256)- com.alibaba.nacos.client.naming.cache.ServiceInfoHolder do shutdown begin
2023-07-21 20:22:27,374 INFO (FailoverReactor.java:133)- com.alibaba.nacos.client.naming.backups.FailoverReactor do shutdown begin
2023-07-21 20:22:27,375 INFO (FailoverReactor.java:135)- com.alibaba.nacos.client.naming.backups.FailoverReactor do shutdown stop
2023-07-21 20:22:27,375 INFO (ServiceInfoHolder.java:258)- com.alibaba.nacos.client.naming.cache.ServiceInfoHolder do shutdown stop
2023-07-21 20:22:27,375 INFO (NamingClientProxyDelegate.java:204)- com.alibaba.nacos.client.naming.remote.NamingClientProxyDelegate do shutdown begin
2023-07-21 20:22:27,375 INFO (ServiceInfoUpdateService.java:143)- com.alibaba.nacos.client.naming.core.ServiceInfoUpdateService do shutdown begin
2023-07-21 20:22:27,375 INFO (ServiceInfoUpdateService.java:145)- com.alibaba.nacos.client.naming.core.ServiceInfoUpdateService do shutdown stop
2023-07-21 20:22:27,376 INFO (ServerListManager.java:194)- com.alibaba.nacos.client.naming.core.ServerListManager do shutdown begin
2023-07-21 20:22:27,376 WARN (NamingHttpClientManager.java:74)- [NamingHttpClientManager] Start destroying NacosRestTemplate
2023-07-21 20:22:27,376 WARN (NamingHttpClientManager.java:81)- [NamingHttpClientManager] Destruction of the end
2023-07-21 20:22:27,376 INFO (ServerListManager.java:199)- com.alibaba.nacos.client.naming.core.ServerListManager do shutdown stop
2023-07-21 20:22:27,376 INFO (NamingHttpClientProxy.java:484)- com.alibaba.nacos.client.naming.remote.http.NamingHttpClientProxy do shutdown begin
2023-07-21 20:22:27,377 WARN (NamingHttpClientManager.java:74)- [NamingHttpClientManager] Start destroying NacosRestTemplate
2023-07-21 20:22:27,377 WARN (NamingHttpClientManager.java:81)- [NamingHttpClientManager] Destruction of the end
2023-07-21 20:22:27,377 INFO (NamingHttpClientProxy.java:486)- com.alibaba.nacos.client.naming.remote.http.NamingHttpClientProxy do shutdown stop
2023-07-21 20:22:27,377 INFO (RpcClient.java:425)- Shutdown rpc client, set status to shutdown
2023-07-21 20:22:27,378 INFO (RpcClient.java:427)- Shutdown client event executor java.util.concurrent.ScheduledThreadPoolExecutor@67872d58[Running, pool size = 2, active threads = 2, queued tasks = 0, completed tasks = 0]
2023-07-21 20:22:27,378 INFO (RpcClient.java:580)- Close current connection 1689939162062_127.0.0.1_64375
2023-07-21 20:22:27,380 INFO (LoggerUtils.java:60)- [1689939162062_127.0.0.1_64375]Ignore complete event,isRunning:false,isAbandon=false
2023-07-21 20:22:27,384 INFO (GrpcClient.java:140)- Shutdown grpc executor java.util.concurrent.ThreadPoolExecutor@73df450e[Running, pool size = 4, active threads = 0, queued tasks = 0, completed tasks = 619]
2023-07-21 20:22:27,386 INFO (NamingGrpcRedoService.java:292)- Shutdown grpc redo service executor java.util.concurrent.ScheduledThreadPoolExecutor@6d6ea9a5[Running, pool size = 1, active threads = 0, queued tasks = 1, completed tasks = 994]
2023-07-21 20:22:27,387 INFO (CredentialWatcher.java:106)- [null] CredentialWatcher is stopped
2023-07-21 20:22:27,387 INFO (CredentialService.java:100)- [null] CredentialService is freed
2023-07-21 20:22:27,387 INFO (NamingClientProxyDelegate.java:211)- com.alibaba.nacos.client.naming.remote.NamingClientProxyDelegate do shutdown stop
2023-07-21 20:22:27,452 INFO (HikariDataSource.java:350)- HikariPool-1 - Shutdown initiated...
2023-07-21 20:22:27,456 INFO (HikariDataSource.java:352)- HikariPool-1 - Shutdown completed.
