2023-07-14 16:18:05,150 WARN (NacosLogging.java:64)- Load Logback Configuration of Nacos fail, message: org/slf4j/impl/StaticLoggerBinder
2023-07-14 16:18:05,155 WARN (NacosLogging.java:64)- Load Logback Configuration of Nacos fail, message: org/slf4j/impl/StaticLoggerBinder
2023-07-14 16:18:05,169 INFO (LocalConfigInfoProcessor.java:68)- LOCAL_SNAPSHOT_PATH:C:\Users\yisheng\nacos\config
2023-07-14 16:18:05,173 INFO (RpcClientFactory.java:94)- [RpcClientFactory] create a new rpc client of 5d621edd-22bc-4a0d-abe1-b8fdd7d24d2c_config-0
2023-07-14 16:18:05,185 INFO (LoggerUtils.java:60)- [5d621edd-22bc-4a0d-abe1-b8fdd7d24d2c_config-0] Register server push request handler:com.alibaba.nacos.client.config.impl.ClientWorker$ConfigRpcTransportClient$$Lambda$651/0x0000000800fc6970
2023-07-14 16:18:05,191 INFO (LoggerUtils.java:60)- [5d621edd-22bc-4a0d-abe1-b8fdd7d24d2c_config-0] Register server push request handler:com.alibaba.nacos.client.config.impl.ClientWorker$ConfigRpcTransportClient$$Lambda$652/0x0000000800fc6d90
2023-07-14 16:18:05,192 INFO (LoggerUtils.java:60)- [5d621edd-22bc-4a0d-abe1-b8fdd7d24d2c_config-0] Registry connection listener to current client:com.alibaba.nacos.client.config.impl.ClientWorker$ConfigRpcTransportClient$1
2023-07-14 16:18:05,193 INFO (LoggerUtils.java:60)- [5d621edd-22bc-4a0d-abe1-b8fdd7d24d2c_config-0] RpcClient init, ServerListFactory = com.alibaba.nacos.client.config.impl.ClientWorker$ConfigRpcTransportClient$2
2023-07-14 16:18:05,200 INFO (LoggerUtils.java:60)- [5d621edd-22bc-4a0d-abe1-b8fdd7d24d2c_config-0] Try to connect to server on start up, server: {serverIp = '127.0.0.1', server main port = 8848}
2023-07-14 16:18:05,909 INFO (LoggerUtils.java:60)- [5d621edd-22bc-4a0d-abe1-b8fdd7d24d2c_config-0] Success to connect to server [127.0.0.1:8848] on start up, connectionId = 1689322685713_127.0.0.1_57824
2023-07-14 16:18:05,910 INFO (LoggerUtils.java:60)- [5d621edd-22bc-4a0d-abe1-b8fdd7d24d2c_config-0] Notify connected event to listeners.
2023-07-14 16:18:05,910 INFO (LoggerUtils.java:60)- [5d621edd-22bc-4a0d-abe1-b8fdd7d24d2c_config-0] Register server push request handler:com.alibaba.nacos.common.remote.client.RpcClient$ConnectResetRequestHandler
2023-07-14 16:18:05,910 INFO (ClientWorker.java:638)- [5d621edd-22bc-4a0d-abe1-b8fdd7d24d2c_config-0] Connected,notify listen context...
2023-07-14 16:18:05,910 INFO (LoggerUtils.java:60)- [5d621edd-22bc-4a0d-abe1-b8fdd7d24d2c_config-0] Register server push request handler:com.alibaba.nacos.common.remote.client.RpcClient$$Lambda$671/0x00000008010f6bf8
2023-07-14 16:18:05,940 INFO (Limiter.java:62)- limitTime:5.0
2023-07-14 16:18:05,951 INFO (JvmUtil.java:54)- isMultiInstance:false
2023-07-14 16:18:05,966 WARN (NacosPropertySourceBuilder.java:87)- Ignore the empty nacos configuration and get it based on dataId[novel-rabbitmq.yml] & group[DEFAULT_GROUP]
2023-07-14 16:18:05,970 WARN (NacosPropertySourceBuilder.java:87)- Ignore the empty nacos configuration and get it based on dataId[novel-news-service] & group[DEFAULT_GROUP]
2023-07-14 16:18:05,975 WARN (NacosPropertySourceBuilder.java:87)- Ignore the empty nacos configuration and get it based on dataId[novel-news-service.yml] & group[DEFAULT_GROUP]
2023-07-14 16:18:05,981 WARN (NacosPropertySourceBuilder.java:87)- Ignore the empty nacos configuration and get it based on dataId[novel-news-service-common.yml] & group[DEFAULT_GROUP]
2023-07-14 16:18:05,985 WARN (NacosPropertySourceBuilder.java:87)- Ignore the empty nacos configuration and get it based on dataId[novel-news-service-dev.yml] & group[DEFAULT_GROUP]
2023-07-14 16:18:05,985 INFO (PropertySourceBootstrapConfiguration.java:108)- Located property source: [BootstrapPropertySource {name='bootstrapProperties-novel-news-service-dev.yml,DEFAULT_GROUP'}, BootstrapPropertySource {name='bootstrapProperties-novel-news-service-common.yml,DEFAULT_GROUP'}, BootstrapPropertySource {name='bootstrapProperties-novel-news-service.yml,DEFAULT_GROUP'}, BootstrapPropertySource {name='bootstrapProperties-novel-news-service,DEFAULT_GROUP'}, BootstrapPropertySource {name='bootstrapProperties-novel-rabbitmq.yml,DEFAULT_GROUP'}, BootstrapPropertySource {name='bootstrapProperties-novel-redis.yml,DEFAULT_GROUP'}, BootstrapPropertySource {name='bootstrapProperties-novel-mysql.yml,DEFAULT_GROUP'}]
2023-07-14 16:18:05,991 INFO (SpringApplication.java:638)- The following 2 profiles are active: "common", "dev"
2023-07-14 16:18:07,062 INFO (RepositoryConfigurationDelegate.java:291)- Multiple Spring Data modules found, entering strict repository configuration mode
2023-07-14 16:18:07,064 INFO (RepositoryConfigurationDelegate.java:138)- Bootstrapping Spring Data Redis repositories in DEFAULT mode.
2023-07-14 16:18:07,086 INFO (RepositoryConfigurationDelegate.java:208)- Finished Spring Data repository scanning in 7 ms. Found 0 Redis repository interfaces.
2023-07-14 16:18:07,313 INFO (GenericScope.java:282)- BeanFactory id=38afff4e-7e52-32f0-b72a-41fc61bdfafd
2023-07-14 16:18:08,007 WARN (Bootstrap.java:68)- UT026010: Buffer pool was not set on WebSocketDeploymentInfo, the default pool will be used
2023-07-14 16:18:08,024 INFO (ServletContextImpl.java:372)- Initializing Spring embedded WebApplicationContext
2023-07-14 16:18:08,025 INFO (ServletWebServerApplicationContext.java:291)- Root WebApplicationContext: initialization completed in 2015 ms
2023-07-14 16:18:08,755 INFO (Version.java:41)- Redisson 3.19.1
2023-07-14 16:18:09,029 INFO (ConnectionPool.java:162)- 1 connections initialized for 127.0.0.1/127.0.0.1:6379
2023-07-14 16:18:09,060 INFO (ConnectionPool.java:162)- 24 connections initialized for 127.0.0.1/127.0.0.1:6379
2023-07-14 16:18:09,521 INFO (SentinelWebMvcConfigurer.java:52)- [Sentinel Starter] register SentinelWebInterceptor with urlPatterns: [/**].
2023-07-14 16:18:10,857 INFO (StdSchedulerFactory.java:1220)- Using default implementation for ThreadExecutor
2023-07-14 16:18:10,866 INFO (SchedulerSignalerImpl.java:61)- Initialized Scheduler Signaller of type: class org.quartz.core.SchedulerSignalerImpl
2023-07-14 16:18:10,867 INFO (QuartzScheduler.java:229)- Quartz Scheduler v.2.3.2 created.
2023-07-14 16:18:10,868 INFO (RAMJobStore.java:155)- RAMJobStore initialized.
2023-07-14 16:18:10,868 INFO (QuartzScheduler.java:294)- Scheduler meta-data: Quartz Scheduler (v2.3.2) 'quartzScheduler' with instanceId 'NON_CLUSTERED'
  Scheduler class: 'org.quartz.core.QuartzScheduler' - running locally.
  NOT STARTED.
  Currently in standby mode.
  Number of jobs executed: 0
  Using thread pool 'org.quartz.simpl.SimpleThreadPool' - with 10 threads.
  Using job-store 'org.quartz.simpl.RAMJobStore' - which does not support persistence. and is not clustered.

2023-07-14 16:18:10,869 INFO (StdSchedulerFactory.java:1374)- Quartz scheduler 'quartzScheduler' initialized from an externally provided properties instance.
2023-07-14 16:18:10,869 INFO (StdSchedulerFactory.java:1378)- Quartz scheduler version: 2.3.2
2023-07-14 16:18:10,869 INFO (QuartzScheduler.java:2293)- JobFactory set to: org.springframework.scheduling.quartz.SpringBeanJobFactory@5c74025e
2023-07-14 16:18:11,317 INFO (EndpointLinksResolver.java:58)- Exposing 21 endpoint(s) beneath base path '/actuator'
2023-07-14 16:18:11,411 WARN (LocalVariableTableParameterNameDiscoverer.java:123)- Using deprecated '-debug' fallback for parameter name resolution. Compile the affected code with '-parameters' instead or avoid its introspection: org.springframework.amqp.rabbit.core.RabbitAdmin
2023-07-14 16:18:11,436 INFO (Undertow.java:120)- starting server: Undertow - 2.3.4.Final
2023-07-14 16:18:11,444 INFO (Xnio.java:95)- XNIO version 3.8.8.Final
2023-07-14 16:18:11,453 INFO (NioXnio.java:58)- XNIO NIO Implementation Version 3.8.8.Final
2023-07-14 16:18:11,476 INFO (Version.java:55)- JBoss Threads version 3.5.0.Final
2023-07-14 16:18:11,513 INFO (UndertowWebServer.java:121)- Undertow started on port(s) 9030 (http)
2023-07-14 16:18:11,516 INFO (SearchableProperties.java:197)- properties search order:PROPERTIES->JVM->ENV->DEFAULT_SETTING
2023-07-14 16:18:11,517 INFO (InitUtils.java:61)- initializer namespace from System Property : null
2023-07-14 16:18:11,517 INFO (InitUtils.java:65)- initializer namespace from System Environment :null
2023-07-14 16:18:11,517 INFO (InitUtils.java:72)- initializer namespace from System Property :
2023-07-14 16:18:11,526 INFO (ClientAuthPluginManager.java:56)- [ClientAuthPluginManager] Load ClientAuthService com.alibaba.nacos.client.auth.impl.NacosClientAuthServiceImpl success.
2023-07-14 16:18:11,527 INFO (ClientAuthPluginManager.java:56)- [ClientAuthPluginManager] Load ClientAuthService com.alibaba.nacos.client.auth.ram.RamClientAuthServiceImpl success.
2023-07-14 16:18:11,530 INFO (RpcClientFactory.java:94)- [RpcClientFactory] create a new rpc client of 4a96d45c-f00b-48b4-90fc-edc56dae728b
2023-07-14 16:18:11,531 INFO (LoggerUtils.java:60)- [4a96d45c-f00b-48b4-90fc-edc56dae728b] RpcClient init, ServerListFactory = com.alibaba.nacos.client.naming.core.ServerListManager
2023-07-14 16:18:11,531 INFO (LoggerUtils.java:60)- [4a96d45c-f00b-48b4-90fc-edc56dae728b] Registry connection listener to current client:com.alibaba.nacos.client.naming.remote.gprc.redo.NamingGrpcRedoService
2023-07-14 16:18:11,532 INFO (LoggerUtils.java:60)- [4a96d45c-f00b-48b4-90fc-edc56dae728b] Register server push request handler:com.alibaba.nacos.client.naming.remote.gprc.NamingPushRequestHandler
2023-07-14 16:18:11,532 INFO (LoggerUtils.java:60)- [4a96d45c-f00b-48b4-90fc-edc56dae728b] Try to connect to server on start up, server: {serverIp = '127.0.0.1', server main port = 8848}
2023-07-14 16:18:11,645 INFO (LoggerUtils.java:60)- [4a96d45c-f00b-48b4-90fc-edc56dae728b] Success to connect to server [127.0.0.1:8848] on start up, connectionId = 1689322691537_127.0.0.1_57850
2023-07-14 16:18:11,645 INFO (LoggerUtils.java:60)- [4a96d45c-f00b-48b4-90fc-edc56dae728b] Notify connected event to listeners.
2023-07-14 16:18:11,645 INFO (LoggerUtils.java:60)- [4a96d45c-f00b-48b4-90fc-edc56dae728b] Register server push request handler:com.alibaba.nacos.common.remote.client.RpcClient$ConnectResetRequestHandler
2023-07-14 16:18:11,645 INFO (NamingGrpcRedoService.java:78)- Grpc connection connect
2023-07-14 16:18:11,645 INFO (LoggerUtils.java:60)- [4a96d45c-f00b-48b4-90fc-edc56dae728b] Register server push request handler:com.alibaba.nacos.common.remote.client.RpcClient$$Lambda$671/0x00000008010f6bf8
2023-07-14 16:18:11,647 INFO (NamingGrpcClientProxy.java:120)- [REGISTER-SERVICE] public registering service novel-news-service with instance Instance{instanceId='null', ip='192.168.43.1', port=9030, weight=1.0, healthy=true, enabled=true, ephemeral=true, clusterName='DEFAULT', serviceName='null', metadata={preserved.register.source=SPRING_CLOUD}}
2023-07-14 16:18:11,655 INFO (NacosServiceRegistry.java:76)- nacos registry, DEFAULT_GROUP novel-news-service 192.168.43.1:9030 register finished
2023-07-14 16:18:11,725 INFO (SchedulerFactoryBean.java:729)- Starting Quartz Scheduler now
2023-07-14 16:18:11,725 INFO (QuartzScheduler.java:547)- Scheduler quartzScheduler_$_NON_CLUSTERED started.
2023-07-14 16:18:11,742 INFO (StartupInfoLogger.java:57)- Started NovelNewsApplication in 7.916 seconds (process running for 8.545)
2023-07-14 16:18:11,746 INFO (CacheData.java:67)- nacos.cache.data.init.snapshot = true 
2023-07-14 16:18:11,747 INFO (ClientWorker.java:379)- [fixed-127.0.0.1_8848] [subscribe] novel-news-service+DEFAULT_GROUP
2023-07-14 16:18:11,753 INFO (CacheData.java:197)- [fixed-127.0.0.1_8848] [add-listener] ok, tenant=, dataId=novel-news-service, group=DEFAULT_GROUP, cnt=1
2023-07-14 16:18:11,753 INFO (NacosContextRefresher.java:129)- [Nacos Config] Listening config: dataId=novel-news-service, group=DEFAULT_GROUP
2023-07-14 16:18:11,754 INFO (ClientWorker.java:379)- [fixed-127.0.0.1_8848] [subscribe] novel-news-service-common.yml+DEFAULT_GROUP
2023-07-14 16:18:11,755 INFO (CacheData.java:197)- [fixed-127.0.0.1_8848] [add-listener] ok, tenant=, dataId=novel-news-service-common.yml, group=DEFAULT_GROUP, cnt=1
2023-07-14 16:18:11,755 INFO (NacosContextRefresher.java:129)- [Nacos Config] Listening config: dataId=novel-news-service-common.yml, group=DEFAULT_GROUP
2023-07-14 16:18:11,756 INFO (ClientWorker.java:379)- [fixed-127.0.0.1_8848] [subscribe] novel-mysql.yml+DEFAULT_GROUP
2023-07-14 16:18:11,756 INFO (CacheData.java:197)- [fixed-127.0.0.1_8848] [add-listener] ok, tenant=, dataId=novel-mysql.yml, group=DEFAULT_GROUP, cnt=1
2023-07-14 16:18:11,756 INFO (NacosContextRefresher.java:129)- [Nacos Config] Listening config: dataId=novel-mysql.yml, group=DEFAULT_GROUP
2023-07-14 16:18:11,757 INFO (ClientWorker.java:379)- [fixed-127.0.0.1_8848] [subscribe] novel-redis.yml+DEFAULT_GROUP
2023-07-14 16:18:11,757 INFO (CacheData.java:197)- [fixed-127.0.0.1_8848] [add-listener] ok, tenant=, dataId=novel-redis.yml, group=DEFAULT_GROUP, cnt=1
2023-07-14 16:18:11,757 INFO (NacosContextRefresher.java:129)- [Nacos Config] Listening config: dataId=novel-redis.yml, group=DEFAULT_GROUP
2023-07-14 16:18:11,758 INFO (ClientWorker.java:379)- [fixed-127.0.0.1_8848] [subscribe] novel-rabbitmq.yml+DEFAULT_GROUP
2023-07-14 16:18:11,758 INFO (CacheData.java:197)- [fixed-127.0.0.1_8848] [add-listener] ok, tenant=, dataId=novel-rabbitmq.yml, group=DEFAULT_GROUP, cnt=1
2023-07-14 16:18:11,758 INFO (NacosContextRefresher.java:129)- [Nacos Config] Listening config: dataId=novel-rabbitmq.yml, group=DEFAULT_GROUP
2023-07-14 16:18:11,758 INFO (ClientWorker.java:379)- [fixed-127.0.0.1_8848] [subscribe] novel-news-service-dev.yml+DEFAULT_GROUP
2023-07-14 16:18:11,758 INFO (CacheData.java:197)- [fixed-127.0.0.1_8848] [add-listener] ok, tenant=, dataId=novel-news-service-dev.yml, group=DEFAULT_GROUP, cnt=1
2023-07-14 16:18:11,758 INFO (NacosContextRefresher.java:129)- [Nacos Config] Listening config: dataId=novel-news-service-dev.yml, group=DEFAULT_GROUP
2023-07-14 16:18:11,759 INFO (ClientWorker.java:379)- [fixed-127.0.0.1_8848] [subscribe] novel-news-service.yml+DEFAULT_GROUP
2023-07-14 16:18:11,759 INFO (CacheData.java:197)- [fixed-127.0.0.1_8848] [add-listener] ok, tenant=, dataId=novel-news-service.yml, group=DEFAULT_GROUP, cnt=1
2023-07-14 16:18:11,759 INFO (NacosContextRefresher.java:129)- [Nacos Config] Listening config: dataId=novel-news-service.yml, group=DEFAULT_GROUP
2023-07-14 16:18:12,073 INFO (ServletContextImpl.java:372)- Initializing Spring DispatcherServlet 'dispatcherServlet'
2023-07-14 16:18:12,073 INFO (FrameworkServlet.java:532)- Initializing Servlet 'dispatcherServlet'
2023-07-14 16:18:12,077 INFO (FrameworkServlet.java:554)- Completed initialization in 4 ms
2023-07-14 16:18:12,105 INFO (AbstractConnectionFactory.java:630)- Attempting to connect to: [192.168.10.110:5672]
2023-07-14 16:18:36,162 INFO (AbstractConnectionFactory.java:630)- Attempting to connect to: [192.168.10.110:5672]
2023-07-14 16:19:00,216 INFO (AbstractConnectionFactory.java:630)- Attempting to connect to: [192.168.10.110:5672]
2023-07-14 16:19:21,261 WARN (AbstractHealthIndicator.java:94)- Rabbit health check failed
org.springframework.amqp.AmqpConnectException: java.net.ConnectException: Connection timed out: no further information
	at org.springframework.amqp.rabbit.support.RabbitExceptionTranslator.convertRabbitAccessException(RabbitExceptionTranslator.java:61)
	at org.springframework.amqp.rabbit.connection.AbstractConnectionFactory.createBareConnection(AbstractConnectionFactory.java:594)
	at org.springframework.amqp.rabbit.connection.CachingConnectionFactory.createConnection(CachingConnectionFactory.java:687)
	at org.springframework.amqp.rabbit.connection.ConnectionFactoryUtils.createConnection(ConnectionFactoryUtils.java:257)
	at org.springframework.amqp.rabbit.core.RabbitTemplate.doExecute(RabbitTemplate.java:2225)
	at org.springframework.amqp.rabbit.core.RabbitTemplate.lambda$execute$13(RabbitTemplate.java:2187)
	at org.springframework.retry.support.RetryTemplate.doExecute(RetryTemplate.java:329)
	at org.springframework.retry.support.RetryTemplate.execute(RetryTemplate.java:225)
	at org.springframework.amqp.rabbit.core.RabbitTemplate.execute(RabbitTemplate.java:2186)
	at org.springframework.amqp.rabbit.core.RabbitTemplate.execute(RabbitTemplate.java:2178)
	at org.springframework.boot.actuate.amqp.RabbitHealthIndicator.getVersion(RabbitHealthIndicator.java:49)
	at org.springframework.boot.actuate.amqp.RabbitHealthIndicator.doHealthCheck(RabbitHealthIndicator.java:44)
	at org.springframework.boot.actuate.health.AbstractHealthIndicator.health(AbstractHealthIndicator.java:82)
	at org.springframework.boot.actuate.health.HealthIndicator.getHealth(HealthIndicator.java:37)
	at org.springframework.boot.actuate.health.HealthEndpoint.getHealth(HealthEndpoint.java:82)
	at org.springframework.boot.actuate.health.HealthEndpoint.getHealth(HealthEndpoint.java:41)
	at org.springframework.boot.actuate.health.HealthEndpointSupport.getLoggedHealth(HealthEndpointSupport.java:172)
	at org.springframework.boot.actuate.health.HealthEndpointSupport.getContribution(HealthEndpointSupport.java:145)
	at org.springframework.boot.actuate.health.HealthEndpointSupport.getAggregateContribution(HealthEndpointSupport.java:156)
	at org.springframework.boot.actuate.health.HealthEndpointSupport.getContribution(HealthEndpointSupport.java:141)
	at org.springframework.boot.actuate.health.HealthEndpointSupport.getHealth(HealthEndpointSupport.java:110)
	at org.springframework.boot.actuate.health.HealthEndpointSupport.getHealth(HealthEndpointSupport.java:81)
	at org.springframework.boot.actuate.health.HealthEndpoint.health(HealthEndpoint.java:76)
	at org.springframework.boot.actuate.health.HealthEndpoint.health(HealthEndpoint.java:66)
	at java.base/jdk.internal.reflect.NativeMethodAccessorImpl.invoke0(Native Method)
	at java.base/jdk.internal.reflect.NativeMethodAccessorImpl.invoke(NativeMethodAccessorImpl.java:77)
	at java.base/jdk.internal.reflect.DelegatingMethodAccessorImpl.invoke(DelegatingMethodAccessorImpl.java:43)
	at java.base/java.lang.reflect.Method.invoke(Method.java:568)
	at org.springframework.util.ReflectionUtils.invokeMethod(ReflectionUtils.java:281)
	at org.springframework.boot.actuate.endpoint.invoke.reflect.ReflectiveOperationInvoker.invoke(ReflectiveOperationInvoker.java:74)
	at org.springframework.boot.actuate.endpoint.annotation.AbstractDiscoveredOperation.invoke(AbstractDiscoveredOperation.java:60)
	at org.springframework.boot.actuate.endpoint.jmx.EndpointMBean.invoke(EndpointMBean.java:124)
	at org.springframework.boot.actuate.endpoint.jmx.EndpointMBean.invoke(EndpointMBean.java:97)
	at java.management/com.sun.jmx.interceptor.DefaultMBeanServerInterceptor.invoke(DefaultMBeanServerInterceptor.java:814)
	at java.management/com.sun.jmx.mbeanserver.JmxMBeanServer.invoke(JmxMBeanServer.java:802)
	at java.management.rmi/javax.management.remote.rmi.RMIConnectionImpl.doOperation(RMIConnectionImpl.java:1472)
	at java.management.rmi/javax.management.remote.rmi.RMIConnectionImpl$PrivilegedOperation.run(RMIConnectionImpl.java:1310)
	at java.management.rmi/javax.management.remote.rmi.RMIConnectionImpl.doPrivilegedOperation(RMIConnectionImpl.java:1405)
	at java.management.rmi/javax.management.remote.rmi.RMIConnectionImpl.invoke(RMIConnectionImpl.java:829)
	at java.base/jdk.internal.reflect.GeneratedMethodAccessor49.invoke(Unknown Source)
	at java.base/jdk.internal.reflect.DelegatingMethodAccessorImpl.invoke(DelegatingMethodAccessorImpl.java:43)
	at java.base/java.lang.reflect.Method.invoke(Method.java:568)
	at java.rmi/sun.rmi.server.UnicastServerRef.dispatch(UnicastServerRef.java:360)
	at java.rmi/sun.rmi.transport.Transport$1.run(Transport.java:200)
	at java.rmi/sun.rmi.transport.Transport$1.run(Transport.java:197)
	at java.base/java.security.AccessController.doPrivileged(AccessController.java:712)
	at java.rmi/sun.rmi.transport.Transport.serviceCall(Transport.java:196)
	at java.rmi/sun.rmi.transport.tcp.TCPTransport.handleMessages(TCPTransport.java:587)
	at java.rmi/sun.rmi.transport.tcp.TCPTransport$ConnectionHandler.run0(TCPTransport.java:828)
	at java.rmi/sun.rmi.transport.tcp.TCPTransport$ConnectionHandler.lambda$run$0(TCPTransport.java:705)
	at java.base/java.security.AccessController.doPrivileged(AccessController.java:399)
	at java.rmi/sun.rmi.transport.tcp.TCPTransport$ConnectionHandler.run(TCPTransport.java:704)
	at java.base/java.util.concurrent.ThreadPoolExecutor.runWorker(ThreadPoolExecutor.java:1136)
	at java.base/java.util.concurrent.ThreadPoolExecutor$Worker.run(ThreadPoolExecutor.java:635)
	at java.base/java.lang.Thread.run(Thread.java:833)
Caused by: java.net.ConnectException: Connection timed out: no further information
	at java.base/sun.nio.ch.Net.pollConnect(Native Method)
	at java.base/sun.nio.ch.Net.pollConnectNow(Net.java:672)
	at java.base/sun.nio.ch.NioSocketImpl.timedFinishConnect(NioSocketImpl.java:549)
	at java.base/sun.nio.ch.NioSocketImpl.connect(NioSocketImpl.java:597)
	at java.base/java.net.SocksSocketImpl.connect(SocksSocketImpl.java:327)
	at java.base/java.net.Socket.connect(Socket.java:633)
	at com.rabbitmq.client.impl.SocketFrameHandlerFactory.create(SocketFrameHandlerFactory.java:59)
	at com.rabbitmq.client.ConnectionFactory.newConnection(ConnectionFactory.java:1223)
	at com.rabbitmq.client.ConnectionFactory.newConnection(ConnectionFactory.java:1173)
	at org.springframework.amqp.rabbit.connection.AbstractConnectionFactory.connectAddresses(AbstractConnectionFactory.java:632)
	at org.springframework.amqp.rabbit.connection.AbstractConnectionFactory.connect(AbstractConnectionFactory.java:607)
	at org.springframework.amqp.rabbit.connection.AbstractConnectionFactory.createBareConnection(AbstractConnectionFactory.java:557)
	... 53 common frames omitted
2023-07-14 16:19:21,265 WARN (HealthEndpointSupport.java:181)- Health contributor org.springframework.boot.actuate.amqp.RabbitHealthIndicator (rabbit) took 69163ms to respond
2023-07-14 16:19:21,272 INFO (HikariDataSource.java:110)- HikariPool-1 - Starting...
2023-07-14 16:19:21,529 INFO (HikariPool.java:565)- HikariPool-1 - Added connection com.mysql.cj.jdbc.ConnectionImpl@449bb3ab
2023-07-14 16:19:21,534 INFO (HikariDataSource.java:123)- HikariPool-1 - Start completed.
2023-07-14 16:23:38,723 DEBUG (BaseJdbcLogger.java:137)- ==>  Preparing: SELECT id,category_id,category_name,source_name,title,create_time,update_time FROM news_info ORDER BY create_time DESC limit 2
2023-07-14 16:23:38,768 DEBUG (BaseJdbcLogger.java:137)- ==> Parameters: 
2023-07-14 16:23:38,844 DEBUG (BaseJdbcLogger.java:137)- <==      Total: 2
2023-07-14 16:40:14,051 WARN (NotifyCenter.java:136)- [NotifyCenter] Start destroying Publisher
2023-07-14 16:40:14,052 WARN (HttpClientBeanHolder.java:102)- [HttpClientBeanHolder] Start destroying common HttpClient
2023-07-14 16:40:14,052 WARN (NotifyCenter.java:153)- [NotifyCenter] Destruction of the end
2023-07-14 16:40:14,053 WARN (HttpClientBeanHolder.java:111)- [HttpClientBeanHolder] Destruction of the end
2023-07-14 16:40:14,091 INFO (QuartzScheduler.java:585)- Scheduler quartzScheduler_$_NON_CLUSTERED paused.
2023-07-14 16:40:14,095 INFO (Undertow.java:259)- stopping server: Undertow - 2.3.4.Final
2023-07-14 16:40:14,104 INFO (ServletContextImpl.java:372)- Destroying Spring FrameworkServlet 'dispatcherServlet'
2023-07-14 16:40:14,118 INFO (SchedulerFactoryBean.java:847)- Shutting down Quartz Scheduler
2023-07-14 16:40:14,119 INFO (QuartzScheduler.java:666)- Scheduler quartzScheduler_$_NON_CLUSTERED shutting down.
2023-07-14 16:40:14,119 INFO (QuartzScheduler.java:585)- Scheduler quartzScheduler_$_NON_CLUSTERED paused.
2023-07-14 16:40:14,119 INFO (QuartzScheduler.java:740)- Scheduler quartzScheduler_$_NON_CLUSTERED shutdown complete.
2023-07-14 16:40:14,129 INFO (NacosServiceRegistry.java:95)- De-registering from Nacos Server now...
2023-07-14 16:40:14,130 INFO (NamingGrpcClientProxy.java:216)- [DEREGISTER-SERVICE] public deregistering service novel-news-service with instance: Instance{instanceId='null', ip='192.168.43.1', port=9030, weight=1.0, healthy=true, enabled=true, ephemeral=true, clusterName='DEFAULT', serviceName='null', metadata={}}
2023-07-14 16:40:14,134 INFO (NacosServiceRegistry.java:115)- De-registration finished.
2023-07-14 16:40:14,136 INFO (ServiceInfoHolder.java:256)- com.alibaba.nacos.client.naming.cache.ServiceInfoHolder do shutdown begin
2023-07-14 16:40:14,137 INFO (FailoverReactor.java:133)- com.alibaba.nacos.client.naming.backups.FailoverReactor do shutdown begin
2023-07-14 16:40:14,137 INFO (FailoverReactor.java:135)- com.alibaba.nacos.client.naming.backups.FailoverReactor do shutdown stop
2023-07-14 16:40:14,137 INFO (ServiceInfoHolder.java:258)- com.alibaba.nacos.client.naming.cache.ServiceInfoHolder do shutdown stop
2023-07-14 16:40:14,137 INFO (NamingClientProxyDelegate.java:204)- com.alibaba.nacos.client.naming.remote.NamingClientProxyDelegate do shutdown begin
2023-07-14 16:40:14,137 INFO (ServiceInfoUpdateService.java:143)- com.alibaba.nacos.client.naming.core.ServiceInfoUpdateService do shutdown begin
2023-07-14 16:40:14,137 INFO (ServiceInfoUpdateService.java:145)- com.alibaba.nacos.client.naming.core.ServiceInfoUpdateService do shutdown stop
2023-07-14 16:40:14,137 INFO (ServerListManager.java:194)- com.alibaba.nacos.client.naming.core.ServerListManager do shutdown begin
2023-07-14 16:40:14,138 WARN (NamingHttpClientManager.java:74)- [NamingHttpClientManager] Start destroying NacosRestTemplate
2023-07-14 16:40:14,138 WARN (NamingHttpClientManager.java:81)- [NamingHttpClientManager] Destruction of the end
2023-07-14 16:40:14,138 INFO (ServerListManager.java:199)- com.alibaba.nacos.client.naming.core.ServerListManager do shutdown stop
2023-07-14 16:40:14,139 INFO (NamingHttpClientProxy.java:484)- com.alibaba.nacos.client.naming.remote.http.NamingHttpClientProxy do shutdown begin
2023-07-14 16:40:14,139 WARN (NamingHttpClientManager.java:74)- [NamingHttpClientManager] Start destroying NacosRestTemplate
2023-07-14 16:40:14,139 WARN (NamingHttpClientManager.java:81)- [NamingHttpClientManager] Destruction of the end
2023-07-14 16:40:14,139 INFO (NamingHttpClientProxy.java:486)- com.alibaba.nacos.client.naming.remote.http.NamingHttpClientProxy do shutdown stop
2023-07-14 16:40:14,139 INFO (RpcClient.java:425)- Shutdown rpc client, set status to shutdown
2023-07-14 16:40:14,139 INFO (RpcClient.java:427)- Shutdown client event executor java.util.concurrent.ScheduledThreadPoolExecutor@3494e798[Running, pool size = 2, active threads = 2, queued tasks = 0, completed tasks = 0]
2023-07-14 16:40:14,139 INFO (RpcClient.java:580)- Close current connection 1689322691537_127.0.0.1_57850
2023-07-14 16:40:14,141 INFO (LoggerUtils.java:60)- [1689322691537_127.0.0.1_57850]Ignore complete event,isRunning:false,isAbandon=false
2023-07-14 16:40:14,146 INFO (GrpcClient.java:140)- Shutdown grpc executor java.util.concurrent.ThreadPoolExecutor@232d9aa9[Running, pool size = 4, active threads = 0, queued tasks = 0, completed tasks = 291]
2023-07-14 16:40:14,146 INFO (NamingGrpcRedoService.java:292)- Shutdown grpc redo service executor java.util.concurrent.ScheduledThreadPoolExecutor@4189cdd5[Running, pool size = 1, active threads = 0, queued tasks = 1, completed tasks = 440]
2023-07-14 16:40:14,146 INFO (CredentialWatcher.java:106)- [null] CredentialWatcher is stopped
2023-07-14 16:40:14,146 INFO (CredentialService.java:100)- [null] CredentialService is freed
2023-07-14 16:40:14,146 INFO (NamingClientProxyDelegate.java:211)- com.alibaba.nacos.client.naming.remote.NamingClientProxyDelegate do shutdown stop
2023-07-14 16:40:14,184 INFO (HikariDataSource.java:350)- HikariPool-1 - Shutdown initiated...
2023-07-14 16:40:14,193 INFO (HikariDataSource.java:352)- HikariPool-1 - Shutdown completed.
2023-07-14 16:55:05,660 WARN (NacosLogging.java:64)- Load Logback Configuration of Nacos fail, message: org/slf4j/impl/StaticLoggerBinder
2023-07-14 16:55:05,663 WARN (NacosLogging.java:64)- Load Logback Configuration of Nacos fail, message: org/slf4j/impl/StaticLoggerBinder
2023-07-14 16:55:05,675 INFO (LocalConfigInfoProcessor.java:68)- LOCAL_SNAPSHOT_PATH:C:\Users\yisheng\nacos\config
2023-07-14 16:55:05,678 INFO (RpcClientFactory.java:94)- [RpcClientFactory] create a new rpc client of 709ab6ed-d1cb-49c5-8336-2a7227b616ff_config-0
2023-07-14 16:55:05,688 INFO (LoggerUtils.java:60)- [709ab6ed-d1cb-49c5-8336-2a7227b616ff_config-0] Register server push request handler:com.alibaba.nacos.client.config.impl.ClientWorker$ConfigRpcTransportClient$$Lambda$651/0x0000000800fc5488
2023-07-14 16:55:05,689 INFO (LoggerUtils.java:60)- [709ab6ed-d1cb-49c5-8336-2a7227b616ff_config-0] Register server push request handler:com.alibaba.nacos.client.config.impl.ClientWorker$ConfigRpcTransportClient$$Lambda$652/0x0000000800fc58a8
2023-07-14 16:55:05,689 INFO (LoggerUtils.java:60)- [709ab6ed-d1cb-49c5-8336-2a7227b616ff_config-0] Registry connection listener to current client:com.alibaba.nacos.client.config.impl.ClientWorker$ConfigRpcTransportClient$1
2023-07-14 16:55:05,690 INFO (LoggerUtils.java:60)- [709ab6ed-d1cb-49c5-8336-2a7227b616ff_config-0] RpcClient init, ServerListFactory = com.alibaba.nacos.client.config.impl.ClientWorker$ConfigRpcTransportClient$2
2023-07-14 16:55:05,696 INFO (LoggerUtils.java:60)- [709ab6ed-d1cb-49c5-8336-2a7227b616ff_config-0] Try to connect to server on start up, server: {serverIp = '127.0.0.1', server main port = 8848}
2023-07-14 16:55:06,329 INFO (LoggerUtils.java:60)- [709ab6ed-d1cb-49c5-8336-2a7227b616ff_config-0] Success to connect to server [127.0.0.1:8848] on start up, connectionId = 1689324906166_127.0.0.1_52278
2023-07-14 16:55:06,329 INFO (LoggerUtils.java:60)- [709ab6ed-d1cb-49c5-8336-2a7227b616ff_config-0] Notify connected event to listeners.
2023-07-14 16:55:06,331 INFO (ClientWorker.java:638)- [709ab6ed-d1cb-49c5-8336-2a7227b616ff_config-0] Connected,notify listen context...
2023-07-14 16:55:06,331 INFO (LoggerUtils.java:60)- [709ab6ed-d1cb-49c5-8336-2a7227b616ff_config-0] Register server push request handler:com.alibaba.nacos.common.remote.client.RpcClient$ConnectResetRequestHandler
2023-07-14 16:55:06,332 INFO (LoggerUtils.java:60)- [709ab6ed-d1cb-49c5-8336-2a7227b616ff_config-0] Register server push request handler:com.alibaba.nacos.common.remote.client.RpcClient$$Lambda$671/0x00000008010f6be0
2023-07-14 16:55:06,357 INFO (Limiter.java:62)- limitTime:5.0
2023-07-14 16:55:06,375 INFO (JvmUtil.java:54)- isMultiInstance:false
2023-07-14 16:55:06,391 WARN (NacosPropertySourceBuilder.java:87)- Ignore the empty nacos configuration and get it based on dataId[novel-rabbitmq.yml] & group[DEFAULT_GROUP]
2023-07-14 16:55:06,397 WARN (NacosPropertySourceBuilder.java:87)- Ignore the empty nacos configuration and get it based on dataId[novel-news-service] & group[DEFAULT_GROUP]
2023-07-14 16:55:06,401 WARN (NacosPropertySourceBuilder.java:87)- Ignore the empty nacos configuration and get it based on dataId[novel-news-service.yml] & group[DEFAULT_GROUP]
2023-07-14 16:55:06,406 WARN (NacosPropertySourceBuilder.java:87)- Ignore the empty nacos configuration and get it based on dataId[novel-news-service-common.yml] & group[DEFAULT_GROUP]
2023-07-14 16:55:06,413 WARN (NacosPropertySourceBuilder.java:87)- Ignore the empty nacos configuration and get it based on dataId[novel-news-service-dev.yml] & group[DEFAULT_GROUP]
2023-07-14 16:55:06,414 INFO (PropertySourceBootstrapConfiguration.java:108)- Located property source: [BootstrapPropertySource {name='bootstrapProperties-novel-news-service-dev.yml,DEFAULT_GROUP'}, BootstrapPropertySource {name='bootstrapProperties-novel-news-service-common.yml,DEFAULT_GROUP'}, BootstrapPropertySource {name='bootstrapProperties-novel-news-service.yml,DEFAULT_GROUP'}, BootstrapPropertySource {name='bootstrapProperties-novel-news-service,DEFAULT_GROUP'}, BootstrapPropertySource {name='bootstrapProperties-novel-rabbitmq.yml,DEFAULT_GROUP'}, BootstrapPropertySource {name='bootstrapProperties-novel-redis.yml,DEFAULT_GROUP'}, BootstrapPropertySource {name='bootstrapProperties-novel-mysql.yml,DEFAULT_GROUP'}]
2023-07-14 16:55:06,420 INFO (SpringApplication.java:638)- The following 2 profiles are active: "common", "dev"
2023-07-14 16:55:07,513 INFO (RepositoryConfigurationDelegate.java:291)- Multiple Spring Data modules found, entering strict repository configuration mode
2023-07-14 16:55:07,517 INFO (RepositoryConfigurationDelegate.java:138)- Bootstrapping Spring Data Redis repositories in DEFAULT mode.
2023-07-14 16:55:07,541 INFO (RepositoryConfigurationDelegate.java:208)- Finished Spring Data repository scanning in 8 ms. Found 0 Redis repository interfaces.
2023-07-14 16:55:07,770 INFO (GenericScope.java:282)- BeanFactory id=38afff4e-7e52-32f0-b72a-41fc61bdfafd
2023-07-14 16:55:08,538 WARN (Bootstrap.java:68)- UT026010: Buffer pool was not set on WebSocketDeploymentInfo, the default pool will be used
2023-07-14 16:55:08,561 INFO (ServletContextImpl.java:372)- Initializing Spring embedded WebApplicationContext
2023-07-14 16:55:08,561 INFO (ServletWebServerApplicationContext.java:291)- Root WebApplicationContext: initialization completed in 2122 ms
2023-07-14 16:55:09,388 INFO (Version.java:41)- Redisson 3.19.1
2023-07-14 16:55:09,678 INFO (ConnectionPool.java:162)- 1 connections initialized for 127.0.0.1/127.0.0.1:6379
2023-07-14 16:55:09,708 INFO (ConnectionPool.java:162)- 24 connections initialized for 127.0.0.1/127.0.0.1:6379
2023-07-14 16:55:10,187 INFO (SentinelWebMvcConfigurer.java:52)- [Sentinel Starter] register SentinelWebInterceptor with urlPatterns: [/**].
2023-07-14 16:55:11,939 INFO (InetUtils.java:170)- Cannot determine local hostname
2023-07-14 16:55:12,609 INFO (StdSchedulerFactory.java:1220)- Using default implementation for ThreadExecutor
2023-07-14 16:55:12,628 INFO (SchedulerSignalerImpl.java:61)- Initialized Scheduler Signaller of type: class org.quartz.core.SchedulerSignalerImpl
2023-07-14 16:55:12,628 INFO (QuartzScheduler.java:229)- Quartz Scheduler v.2.3.2 created.
2023-07-14 16:55:12,629 INFO (RAMJobStore.java:155)- RAMJobStore initialized.
2023-07-14 16:55:12,630 INFO (QuartzScheduler.java:294)- Scheduler meta-data: Quartz Scheduler (v2.3.2) 'quartzScheduler' with instanceId 'NON_CLUSTERED'
  Scheduler class: 'org.quartz.core.QuartzScheduler' - running locally.
  NOT STARTED.
  Currently in standby mode.
  Number of jobs executed: 0
  Using thread pool 'org.quartz.simpl.SimpleThreadPool' - with 10 threads.
  Using job-store 'org.quartz.simpl.RAMJobStore' - which does not support persistence. and is not clustered.

2023-07-14 16:55:12,631 INFO (StdSchedulerFactory.java:1374)- Quartz scheduler 'quartzScheduler' initialized from an externally provided properties instance.
2023-07-14 16:55:12,631 INFO (StdSchedulerFactory.java:1378)- Quartz scheduler version: 2.3.2
2023-07-14 16:55:12,631 INFO (QuartzScheduler.java:2293)- JobFactory set to: org.springframework.scheduling.quartz.SpringBeanJobFactory@29db9746
2023-07-14 16:55:14,136 INFO (InetUtils.java:170)- Cannot determine local hostname
2023-07-14 16:55:14,218 INFO (EndpointLinksResolver.java:58)- Exposing 21 endpoint(s) beneath base path '/actuator'
2023-07-14 16:55:14,325 WARN (LocalVariableTableParameterNameDiscoverer.java:123)- Using deprecated '-debug' fallback for parameter name resolution. Compile the affected code with '-parameters' instead or avoid its introspection: org.springframework.amqp.rabbit.core.RabbitAdmin
2023-07-14 16:55:14,365 INFO (Undertow.java:120)- starting server: Undertow - 2.3.4.Final
2023-07-14 16:55:14,379 INFO (Xnio.java:95)- XNIO version 3.8.8.Final
2023-07-14 16:55:14,391 INFO (NioXnio.java:58)- XNIO NIO Implementation Version 3.8.8.Final
2023-07-14 16:55:14,429 INFO (Version.java:55)- JBoss Threads version 3.5.0.Final
2023-07-14 16:55:14,481 INFO (UndertowWebServer.java:121)- Undertow started on port(s) 9030 (http)
2023-07-14 16:55:14,484 INFO (SearchableProperties.java:197)- properties search order:PROPERTIES->JVM->ENV->DEFAULT_SETTING
2023-07-14 16:55:14,484 INFO (InitUtils.java:61)- initializer namespace from System Property : null
2023-07-14 16:55:14,485 INFO (InitUtils.java:65)- initializer namespace from System Environment :null
2023-07-14 16:55:14,485 INFO (InitUtils.java:72)- initializer namespace from System Property :
2023-07-14 16:55:14,493 INFO (ClientAuthPluginManager.java:56)- [ClientAuthPluginManager] Load ClientAuthService com.alibaba.nacos.client.auth.impl.NacosClientAuthServiceImpl success.
2023-07-14 16:55:14,493 INFO (ClientAuthPluginManager.java:56)- [ClientAuthPluginManager] Load ClientAuthService com.alibaba.nacos.client.auth.ram.RamClientAuthServiceImpl success.
2023-07-14 16:55:14,497 INFO (RpcClientFactory.java:94)- [RpcClientFactory] create a new rpc client of e818e18f-17ee-430a-b6f3-801237b3cf26
2023-07-14 16:55:14,498 INFO (LoggerUtils.java:60)- [e818e18f-17ee-430a-b6f3-801237b3cf26] RpcClient init, ServerListFactory = com.alibaba.nacos.client.naming.core.ServerListManager
2023-07-14 16:55:14,499 INFO (LoggerUtils.java:60)- [e818e18f-17ee-430a-b6f3-801237b3cf26] Registry connection listener to current client:com.alibaba.nacos.client.naming.remote.gprc.redo.NamingGrpcRedoService
2023-07-14 16:55:14,499 INFO (LoggerUtils.java:60)- [e818e18f-17ee-430a-b6f3-801237b3cf26] Register server push request handler:com.alibaba.nacos.client.naming.remote.gprc.NamingPushRequestHandler
2023-07-14 16:55:14,499 INFO (LoggerUtils.java:60)- [e818e18f-17ee-430a-b6f3-801237b3cf26] Try to connect to server on start up, server: {serverIp = '127.0.0.1', server main port = 8848}
2023-07-14 16:55:14,614 INFO (LoggerUtils.java:60)- [e818e18f-17ee-430a-b6f3-801237b3cf26] Success to connect to server [127.0.0.1:8848] on start up, connectionId = 1689324914504_127.0.0.1_62651
2023-07-14 16:55:14,614 INFO (LoggerUtils.java:60)- [e818e18f-17ee-430a-b6f3-801237b3cf26] Register server push request handler:com.alibaba.nacos.common.remote.client.RpcClient$ConnectResetRequestHandler
2023-07-14 16:55:14,614 INFO (LoggerUtils.java:60)- [e818e18f-17ee-430a-b6f3-801237b3cf26] Notify connected event to listeners.
2023-07-14 16:55:14,614 INFO (LoggerUtils.java:60)- [e818e18f-17ee-430a-b6f3-801237b3cf26] Register server push request handler:com.alibaba.nacos.common.remote.client.RpcClient$$Lambda$671/0x00000008010f6be0
2023-07-14 16:55:14,615 INFO (NamingGrpcRedoService.java:78)- Grpc connection connect
2023-07-14 16:55:14,616 INFO (NamingGrpcClientProxy.java:120)- [REGISTER-SERVICE] public registering service novel-news-service with instance Instance{instanceId='null', ip='192.168.43.1', port=9030, weight=1.0, healthy=true, enabled=true, ephemeral=true, clusterName='DEFAULT', serviceName='null', metadata={preserved.register.source=SPRING_CLOUD}}
2023-07-14 16:55:14,629 INFO (NacosServiceRegistry.java:76)- nacos registry, DEFAULT_GROUP novel-news-service 192.168.43.1:9030 register finished
2023-07-14 16:55:15,744 INFO (InetUtils.java:170)- Cannot determine local hostname
2023-07-14 16:55:15,744 INFO (SchedulerFactoryBean.java:729)- Starting Quartz Scheduler now
2023-07-14 16:55:15,745 INFO (QuartzScheduler.java:547)- Scheduler quartzScheduler_$_NON_CLUSTERED started.
2023-07-14 16:55:15,760 INFO (StartupInfoLogger.java:57)- Started NovelNewsApplication in 13.298 seconds (process running for 13.938)
2023-07-14 16:55:15,764 INFO (CacheData.java:67)- nacos.cache.data.init.snapshot = true 
2023-07-14 16:55:15,765 INFO (ClientWorker.java:379)- [fixed-127.0.0.1_8848] [subscribe] novel-news-service+DEFAULT_GROUP
2023-07-14 16:55:15,770 INFO (CacheData.java:197)- [fixed-127.0.0.1_8848] [add-listener] ok, tenant=, dataId=novel-news-service, group=DEFAULT_GROUP, cnt=1
2023-07-14 16:55:15,771 INFO (NacosContextRefresher.java:129)- [Nacos Config] Listening config: dataId=novel-news-service, group=DEFAULT_GROUP
2023-07-14 16:55:15,771 INFO (ClientWorker.java:379)- [fixed-127.0.0.1_8848] [subscribe] novel-news-service-common.yml+DEFAULT_GROUP
2023-07-14 16:55:15,771 INFO (CacheData.java:197)- [fixed-127.0.0.1_8848] [add-listener] ok, tenant=, dataId=novel-news-service-common.yml, group=DEFAULT_GROUP, cnt=1
2023-07-14 16:55:15,771 INFO (NacosContextRefresher.java:129)- [Nacos Config] Listening config: dataId=novel-news-service-common.yml, group=DEFAULT_GROUP
2023-07-14 16:55:15,772 INFO (ClientWorker.java:379)- [fixed-127.0.0.1_8848] [subscribe] novel-mysql.yml+DEFAULT_GROUP
2023-07-14 16:55:15,773 INFO (CacheData.java:197)- [fixed-127.0.0.1_8848] [add-listener] ok, tenant=, dataId=novel-mysql.yml, group=DEFAULT_GROUP, cnt=1
2023-07-14 16:55:15,773 INFO (NacosContextRefresher.java:129)- [Nacos Config] Listening config: dataId=novel-mysql.yml, group=DEFAULT_GROUP
2023-07-14 16:55:15,775 INFO (ClientWorker.java:379)- [fixed-127.0.0.1_8848] [subscribe] novel-redis.yml+DEFAULT_GROUP
2023-07-14 16:55:15,777 INFO (CacheData.java:197)- [fixed-127.0.0.1_8848] [add-listener] ok, tenant=, dataId=novel-redis.yml, group=DEFAULT_GROUP, cnt=1
2023-07-14 16:55:15,778 INFO (NacosContextRefresher.java:129)- [Nacos Config] Listening config: dataId=novel-redis.yml, group=DEFAULT_GROUP
2023-07-14 16:55:15,779 INFO (ClientWorker.java:379)- [fixed-127.0.0.1_8848] [subscribe] novel-rabbitmq.yml+DEFAULT_GROUP
2023-07-14 16:55:15,779 INFO (CacheData.java:197)- [fixed-127.0.0.1_8848] [add-listener] ok, tenant=, dataId=novel-rabbitmq.yml, group=DEFAULT_GROUP, cnt=1
2023-07-14 16:55:15,780 INFO (NacosContextRefresher.java:129)- [Nacos Config] Listening config: dataId=novel-rabbitmq.yml, group=DEFAULT_GROUP
2023-07-14 16:55:15,780 INFO (ClientWorker.java:379)- [fixed-127.0.0.1_8848] [subscribe] novel-news-service-dev.yml+DEFAULT_GROUP
2023-07-14 16:55:15,781 INFO (CacheData.java:197)- [fixed-127.0.0.1_8848] [add-listener] ok, tenant=, dataId=novel-news-service-dev.yml, group=DEFAULT_GROUP, cnt=1
2023-07-14 16:55:15,782 INFO (NacosContextRefresher.java:129)- [Nacos Config] Listening config: dataId=novel-news-service-dev.yml, group=DEFAULT_GROUP
2023-07-14 16:55:15,782 INFO (ClientWorker.java:379)- [fixed-127.0.0.1_8848] [subscribe] novel-news-service.yml+DEFAULT_GROUP
2023-07-14 16:55:15,783 INFO (CacheData.java:197)- [fixed-127.0.0.1_8848] [add-listener] ok, tenant=, dataId=novel-news-service.yml, group=DEFAULT_GROUP, cnt=1
2023-07-14 16:55:15,784 INFO (NacosContextRefresher.java:129)- [Nacos Config] Listening config: dataId=novel-news-service.yml, group=DEFAULT_GROUP
2023-07-14 16:55:16,162 INFO (ServletContextImpl.java:372)- Initializing Spring DispatcherServlet 'dispatcherServlet'
2023-07-14 16:55:16,162 INFO (FrameworkServlet.java:532)- Initializing Servlet 'dispatcherServlet'
2023-07-14 16:55:16,165 INFO (FrameworkServlet.java:554)- Completed initialization in 2 ms
2023-07-14 16:55:16,186 INFO (AbstractConnectionFactory.java:630)- Attempting to connect to: [192.168.10.110:5672]
2023-07-14 16:55:18,075 INFO (HikariDataSource.java:110)- HikariPool-1 - Starting...
2023-07-14 16:55:18,356 INFO (HikariPool.java:565)- HikariPool-1 - Added connection com.mysql.cj.jdbc.ConnectionImpl@29e39ba9
2023-07-14 16:55:18,360 INFO (HikariDataSource.java:123)- HikariPool-1 - Start completed.
2023-07-14 16:55:18,366 DEBUG (BaseJdbcLogger.java:137)- ==>  Preparing: SELECT id,category_id,category_name,source_name,title,create_time,update_time FROM news_info ORDER BY create_time DESC limit 2
2023-07-14 16:55:18,389 DEBUG (BaseJdbcLogger.java:137)- ==> Parameters: 
2023-07-14 16:55:18,417 DEBUG (BaseJdbcLogger.java:137)- <==      Total: 2
2023-07-14 16:55:40,236 INFO (AbstractConnectionFactory.java:630)- Attempting to connect to: [192.168.10.110:5672]
2023-07-14 16:56:04,287 INFO (AbstractConnectionFactory.java:630)- Attempting to connect to: [192.168.10.110:5672]
2023-07-14 16:56:25,339 WARN (AbstractHealthIndicator.java:94)- Rabbit health check failed
org.springframework.amqp.AmqpConnectException: java.net.ConnectException: Connection timed out: no further information
	at org.springframework.amqp.rabbit.support.RabbitExceptionTranslator.convertRabbitAccessException(RabbitExceptionTranslator.java:61)
	at org.springframework.amqp.rabbit.connection.AbstractConnectionFactory.createBareConnection(AbstractConnectionFactory.java:594)
	at org.springframework.amqp.rabbit.connection.CachingConnectionFactory.createConnection(CachingConnectionFactory.java:687)
	at org.springframework.amqp.rabbit.connection.ConnectionFactoryUtils.createConnection(ConnectionFactoryUtils.java:257)
	at org.springframework.amqp.rabbit.core.RabbitTemplate.doExecute(RabbitTemplate.java:2225)
	at org.springframework.amqp.rabbit.core.RabbitTemplate.lambda$execute$13(RabbitTemplate.java:2187)
	at org.springframework.retry.support.RetryTemplate.doExecute(RetryTemplate.java:329)
	at org.springframework.retry.support.RetryTemplate.execute(RetryTemplate.java:225)
	at org.springframework.amqp.rabbit.core.RabbitTemplate.execute(RabbitTemplate.java:2186)
	at org.springframework.amqp.rabbit.core.RabbitTemplate.execute(RabbitTemplate.java:2178)
	at org.springframework.boot.actuate.amqp.RabbitHealthIndicator.getVersion(RabbitHealthIndicator.java:49)
	at org.springframework.boot.actuate.amqp.RabbitHealthIndicator.doHealthCheck(RabbitHealthIndicator.java:44)
	at org.springframework.boot.actuate.health.AbstractHealthIndicator.health(AbstractHealthIndicator.java:82)
	at org.springframework.boot.actuate.health.HealthIndicator.getHealth(HealthIndicator.java:37)
	at org.springframework.boot.actuate.health.HealthEndpoint.getHealth(HealthEndpoint.java:82)
	at org.springframework.boot.actuate.health.HealthEndpoint.getHealth(HealthEndpoint.java:41)
	at org.springframework.boot.actuate.health.HealthEndpointSupport.getLoggedHealth(HealthEndpointSupport.java:172)
	at org.springframework.boot.actuate.health.HealthEndpointSupport.getContribution(HealthEndpointSupport.java:145)
	at org.springframework.boot.actuate.health.HealthEndpointSupport.getAggregateContribution(HealthEndpointSupport.java:156)
	at org.springframework.boot.actuate.health.HealthEndpointSupport.getContribution(HealthEndpointSupport.java:141)
	at org.springframework.boot.actuate.health.HealthEndpointSupport.getHealth(HealthEndpointSupport.java:110)
	at org.springframework.boot.actuate.health.HealthEndpointSupport.getHealth(HealthEndpointSupport.java:81)
	at org.springframework.boot.actuate.health.HealthEndpoint.health(HealthEndpoint.java:76)
	at org.springframework.boot.actuate.health.HealthEndpoint.health(HealthEndpoint.java:66)
	at java.base/jdk.internal.reflect.NativeMethodAccessorImpl.invoke0(Native Method)
	at java.base/jdk.internal.reflect.NativeMethodAccessorImpl.invoke(NativeMethodAccessorImpl.java:77)
	at java.base/jdk.internal.reflect.DelegatingMethodAccessorImpl.invoke(DelegatingMethodAccessorImpl.java:43)
	at java.base/java.lang.reflect.Method.invoke(Method.java:568)
	at org.springframework.util.ReflectionUtils.invokeMethod(ReflectionUtils.java:281)
	at org.springframework.boot.actuate.endpoint.invoke.reflect.ReflectiveOperationInvoker.invoke(ReflectiveOperationInvoker.java:74)
	at org.springframework.boot.actuate.endpoint.annotation.AbstractDiscoveredOperation.invoke(AbstractDiscoveredOperation.java:60)
	at org.springframework.boot.actuate.endpoint.jmx.EndpointMBean.invoke(EndpointMBean.java:124)
	at org.springframework.boot.actuate.endpoint.jmx.EndpointMBean.invoke(EndpointMBean.java:97)
	at java.management/com.sun.jmx.interceptor.DefaultMBeanServerInterceptor.invoke(DefaultMBeanServerInterceptor.java:814)
	at java.management/com.sun.jmx.mbeanserver.JmxMBeanServer.invoke(JmxMBeanServer.java:802)
	at java.management.rmi/javax.management.remote.rmi.RMIConnectionImpl.doOperation(RMIConnectionImpl.java:1472)
	at java.management.rmi/javax.management.remote.rmi.RMIConnectionImpl$PrivilegedOperation.run(RMIConnectionImpl.java:1310)
	at java.management.rmi/javax.management.remote.rmi.RMIConnectionImpl.doPrivilegedOperation(RMIConnectionImpl.java:1405)
	at java.management.rmi/javax.management.remote.rmi.RMIConnectionImpl.invoke(RMIConnectionImpl.java:829)
	at java.base/jdk.internal.reflect.GeneratedMethodAccessor51.invoke(Unknown Source)
	at java.base/jdk.internal.reflect.DelegatingMethodAccessorImpl.invoke(DelegatingMethodAccessorImpl.java:43)
	at java.base/java.lang.reflect.Method.invoke(Method.java:568)
	at java.rmi/sun.rmi.server.UnicastServerRef.dispatch(UnicastServerRef.java:360)
	at java.rmi/sun.rmi.transport.Transport$1.run(Transport.java:200)
	at java.rmi/sun.rmi.transport.Transport$1.run(Transport.java:197)
	at java.base/java.security.AccessController.doPrivileged(AccessController.java:712)
	at java.rmi/sun.rmi.transport.Transport.serviceCall(Transport.java:196)
	at java.rmi/sun.rmi.transport.tcp.TCPTransport.handleMessages(TCPTransport.java:587)
	at java.rmi/sun.rmi.transport.tcp.TCPTransport$ConnectionHandler.run0(TCPTransport.java:828)
	at java.rmi/sun.rmi.transport.tcp.TCPTransport$ConnectionHandler.lambda$run$0(TCPTransport.java:705)
	at java.base/java.security.AccessController.doPrivileged(AccessController.java:399)
	at java.rmi/sun.rmi.transport.tcp.TCPTransport$ConnectionHandler.run(TCPTransport.java:704)
	at java.base/java.util.concurrent.ThreadPoolExecutor.runWorker(ThreadPoolExecutor.java:1136)
	at java.base/java.util.concurrent.ThreadPoolExecutor$Worker.run(ThreadPoolExecutor.java:635)
	at java.base/java.lang.Thread.run(Thread.java:833)
Caused by: java.net.ConnectException: Connection timed out: no further information
	at java.base/sun.nio.ch.Net.pollConnect(Native Method)
	at java.base/sun.nio.ch.Net.pollConnectNow(Net.java:672)
	at java.base/sun.nio.ch.NioSocketImpl.timedFinishConnect(NioSocketImpl.java:549)
	at java.base/sun.nio.ch.NioSocketImpl.connect(NioSocketImpl.java:597)
	at java.base/java.net.SocksSocketImpl.connect(SocksSocketImpl.java:327)
	at java.base/java.net.Socket.connect(Socket.java:633)
	at com.rabbitmq.client.impl.SocketFrameHandlerFactory.create(SocketFrameHandlerFactory.java:59)
	at com.rabbitmq.client.ConnectionFactory.newConnection(ConnectionFactory.java:1223)
	at com.rabbitmq.client.ConnectionFactory.newConnection(ConnectionFactory.java:1173)
	at org.springframework.amqp.rabbit.connection.AbstractConnectionFactory.connectAddresses(AbstractConnectionFactory.java:632)
	at org.springframework.amqp.rabbit.connection.AbstractConnectionFactory.connect(AbstractConnectionFactory.java:607)
	at org.springframework.amqp.rabbit.connection.AbstractConnectionFactory.createBareConnection(AbstractConnectionFactory.java:557)
	... 53 common frames omitted
2023-07-14 16:56:25,357 WARN (HealthEndpointSupport.java:181)- Health contributor org.springframework.boot.actuate.amqp.RabbitHealthIndicator (rabbit) took 69174ms to respond
2023-07-14 16:58:23,655 WARN (NotifyCenter.java:136)- [NotifyCenter] Start destroying Publisher
2023-07-14 16:58:23,656 WARN (HttpClientBeanHolder.java:102)- [HttpClientBeanHolder] Start destroying common HttpClient
2023-07-14 16:58:23,656 WARN (NotifyCenter.java:153)- [NotifyCenter] Destruction of the end
2023-07-14 16:58:23,657 WARN (HttpClientBeanHolder.java:111)- [HttpClientBeanHolder] Destruction of the end
2023-07-14 16:58:23,659 INFO (QuartzScheduler.java:585)- Scheduler quartzScheduler_$_NON_CLUSTERED paused.
2023-07-14 16:58:23,660 INFO (Undertow.java:259)- stopping server: Undertow - 2.3.4.Final
2023-07-14 16:58:23,662 INFO (ServletContextImpl.java:372)- Destroying Spring FrameworkServlet 'dispatcherServlet'
2023-07-14 16:58:23,670 INFO (SchedulerFactoryBean.java:847)- Shutting down Quartz Scheduler
2023-07-14 16:58:23,671 INFO (QuartzScheduler.java:666)- Scheduler quartzScheduler_$_NON_CLUSTERED shutting down.
2023-07-14 16:58:23,671 INFO (QuartzScheduler.java:585)- Scheduler quartzScheduler_$_NON_CLUSTERED paused.
2023-07-14 16:58:23,671 INFO (QuartzScheduler.java:740)- Scheduler quartzScheduler_$_NON_CLUSTERED shutdown complete.
2023-07-14 16:58:23,676 INFO (NacosServiceRegistry.java:95)- De-registering from Nacos Server now...
2023-07-14 16:58:23,676 INFO (NamingGrpcClientProxy.java:216)- [DEREGISTER-SERVICE] public deregistering service novel-news-service with instance: Instance{instanceId='null', ip='192.168.43.1', port=9030, weight=1.0, healthy=true, enabled=true, ephemeral=true, clusterName='DEFAULT', serviceName='null', metadata={}}
2023-07-14 16:58:23,679 INFO (NacosServiceRegistry.java:115)- De-registration finished.
2023-07-14 16:58:23,680 INFO (ServiceInfoHolder.java:256)- com.alibaba.nacos.client.naming.cache.ServiceInfoHolder do shutdown begin
2023-07-14 16:58:23,680 INFO (FailoverReactor.java:133)- com.alibaba.nacos.client.naming.backups.FailoverReactor do shutdown begin
2023-07-14 16:58:23,680 INFO (FailoverReactor.java:135)- com.alibaba.nacos.client.naming.backups.FailoverReactor do shutdown stop
2023-07-14 16:58:23,680 INFO (ServiceInfoHolder.java:258)- com.alibaba.nacos.client.naming.cache.ServiceInfoHolder do shutdown stop
2023-07-14 16:58:23,680 INFO (NamingClientProxyDelegate.java:204)- com.alibaba.nacos.client.naming.remote.NamingClientProxyDelegate do shutdown begin
2023-07-14 16:58:23,680 INFO (ServiceInfoUpdateService.java:143)- com.alibaba.nacos.client.naming.core.ServiceInfoUpdateService do shutdown begin
2023-07-14 16:58:23,681 INFO (ServiceInfoUpdateService.java:145)- com.alibaba.nacos.client.naming.core.ServiceInfoUpdateService do shutdown stop
2023-07-14 16:58:23,681 INFO (ServerListManager.java:194)- com.alibaba.nacos.client.naming.core.ServerListManager do shutdown begin
2023-07-14 16:58:23,681 WARN (NamingHttpClientManager.java:74)- [NamingHttpClientManager] Start destroying NacosRestTemplate
2023-07-14 16:58:23,681 WARN (NamingHttpClientManager.java:81)- [NamingHttpClientManager] Destruction of the end
2023-07-14 16:58:23,681 INFO (ServerListManager.java:199)- com.alibaba.nacos.client.naming.core.ServerListManager do shutdown stop
2023-07-14 16:58:23,681 INFO (NamingHttpClientProxy.java:484)- com.alibaba.nacos.client.naming.remote.http.NamingHttpClientProxy do shutdown begin
2023-07-14 16:58:23,681 WARN (NamingHttpClientManager.java:74)- [NamingHttpClientManager] Start destroying NacosRestTemplate
2023-07-14 16:58:23,681 WARN (NamingHttpClientManager.java:81)- [NamingHttpClientManager] Destruction of the end
2023-07-14 16:58:23,681 INFO (NamingHttpClientProxy.java:486)- com.alibaba.nacos.client.naming.remote.http.NamingHttpClientProxy do shutdown stop
2023-07-14 16:58:23,681 INFO (RpcClient.java:425)- Shutdown rpc client, set status to shutdown
2023-07-14 16:58:23,681 INFO (RpcClient.java:427)- Shutdown client event executor java.util.concurrent.ScheduledThreadPoolExecutor@3d1edf49[Running, pool size = 2, active threads = 2, queued tasks = 0, completed tasks = 0]
2023-07-14 16:58:23,681 INFO (RpcClient.java:580)- Close current connection 1689324914504_127.0.0.1_62651
2023-07-14 16:58:23,683 INFO (LoggerUtils.java:60)- [1689324914504_127.0.0.1_62651]Ignore complete event,isRunning:false,isAbandon=false
2023-07-14 16:58:23,685 INFO (GrpcClient.java:140)- Shutdown grpc executor java.util.concurrent.ThreadPoolExecutor@31ba2908[Running, pool size = 4, active threads = 0, queued tasks = 0, completed tasks = 54]
2023-07-14 16:58:23,685 INFO (NamingGrpcRedoService.java:292)- Shutdown grpc redo service executor java.util.concurrent.ScheduledThreadPoolExecutor@2115c65[Running, pool size = 1, active threads = 0, queued tasks = 1, completed tasks = 63]
2023-07-14 16:58:23,685 INFO (CredentialWatcher.java:106)- [null] CredentialWatcher is stopped
2023-07-14 16:58:23,685 INFO (CredentialService.java:100)- [null] CredentialService is freed
2023-07-14 16:58:23,686 INFO (NamingClientProxyDelegate.java:211)- com.alibaba.nacos.client.naming.remote.NamingClientProxyDelegate do shutdown stop
2023-07-14 16:58:23,699 INFO (HikariDataSource.java:350)- HikariPool-1 - Shutdown initiated...
2023-07-14 16:58:23,705 INFO (HikariDataSource.java:352)- HikariPool-1 - Shutdown completed.
2023-07-14 18:31:57,386 WARN (NacosLogging.java:64)- Load Logback Configuration of Nacos fail, message: org/slf4j/impl/StaticLoggerBinder
2023-07-14 18:31:57,390 WARN (NacosLogging.java:64)- Load Logback Configuration of Nacos fail, message: org/slf4j/impl/StaticLoggerBinder
2023-07-14 18:31:57,404 INFO (LocalConfigInfoProcessor.java:68)- LOCAL_SNAPSHOT_PATH:C:\Users\yisheng\nacos\config
2023-07-14 18:31:57,407 INFO (RpcClientFactory.java:94)- [RpcClientFactory] create a new rpc client of ff1eb409-df90-435e-bd26-cab0033ca199_config-0
2023-07-14 18:31:57,421 INFO (LoggerUtils.java:60)- [ff1eb409-df90-435e-bd26-cab0033ca199_config-0] Register server push request handler:com.alibaba.nacos.client.config.impl.ClientWorker$ConfigRpcTransportClient$$Lambda$651/0x0000000800fc6b08
2023-07-14 18:31:57,421 INFO (LoggerUtils.java:60)- [ff1eb409-df90-435e-bd26-cab0033ca199_config-0] Register server push request handler:com.alibaba.nacos.client.config.impl.ClientWorker$ConfigRpcTransportClient$$Lambda$652/0x0000000800fc6f28
2023-07-14 18:31:57,422 INFO (LoggerUtils.java:60)- [ff1eb409-df90-435e-bd26-cab0033ca199_config-0] Registry connection listener to current client:com.alibaba.nacos.client.config.impl.ClientWorker$ConfigRpcTransportClient$1
2023-07-14 18:31:57,422 INFO (LoggerUtils.java:60)- [ff1eb409-df90-435e-bd26-cab0033ca199_config-0] RpcClient init, ServerListFactory = com.alibaba.nacos.client.config.impl.ClientWorker$ConfigRpcTransportClient$2
2023-07-14 18:31:57,428 INFO (LoggerUtils.java:60)- [ff1eb409-df90-435e-bd26-cab0033ca199_config-0] Try to connect to server on start up, server: {serverIp = '127.0.0.1', server main port = 8848}
2023-07-14 18:31:58,232 INFO (LoggerUtils.java:60)- [ff1eb409-df90-435e-bd26-cab0033ca199_config-0] Success to connect to server [127.0.0.1:8848] on start up, connectionId = 1689330718034_127.0.0.1_62010
2023-07-14 18:31:58,232 INFO (LoggerUtils.java:60)- [ff1eb409-df90-435e-bd26-cab0033ca199_config-0] Notify connected event to listeners.
2023-07-14 18:31:58,232 INFO (ClientWorker.java:638)- [ff1eb409-df90-435e-bd26-cab0033ca199_config-0] Connected,notify listen context...
2023-07-14 18:31:58,232 INFO (LoggerUtils.java:60)- [ff1eb409-df90-435e-bd26-cab0033ca199_config-0] Register server push request handler:com.alibaba.nacos.common.remote.client.RpcClient$ConnectResetRequestHandler
2023-07-14 18:31:58,232 INFO (LoggerUtils.java:60)- [ff1eb409-df90-435e-bd26-cab0033ca199_config-0] Register server push request handler:com.alibaba.nacos.common.remote.client.RpcClient$$Lambda$671/0x00000008010f8440
2023-07-14 18:31:58,281 INFO (Limiter.java:62)- limitTime:5.0
2023-07-14 18:31:58,296 INFO (JvmUtil.java:54)- isMultiInstance:false
2023-07-14 18:31:58,314 WARN (NacosPropertySourceBuilder.java:87)- Ignore the empty nacos configuration and get it based on dataId[novel-rabbitmq.yml] & group[DEFAULT_GROUP]
2023-07-14 18:31:58,318 WARN (NacosPropertySourceBuilder.java:87)- Ignore the empty nacos configuration and get it based on dataId[novel-news-service] & group[DEFAULT_GROUP]
2023-07-14 18:31:58,324 WARN (NacosPropertySourceBuilder.java:87)- Ignore the empty nacos configuration and get it based on dataId[novel-news-service.yml] & group[DEFAULT_GROUP]
2023-07-14 18:31:58,330 WARN (NacosPropertySourceBuilder.java:87)- Ignore the empty nacos configuration and get it based on dataId[novel-news-service-common.yml] & group[DEFAULT_GROUP]
2023-07-14 18:31:58,334 WARN (NacosPropertySourceBuilder.java:87)- Ignore the empty nacos configuration and get it based on dataId[novel-news-service-dev.yml] & group[DEFAULT_GROUP]
2023-07-14 18:31:58,335 INFO (PropertySourceBootstrapConfiguration.java:108)- Located property source: [BootstrapPropertySource {name='bootstrapProperties-novel-news-service-dev.yml,DEFAULT_GROUP'}, BootstrapPropertySource {name='bootstrapProperties-novel-news-service-common.yml,DEFAULT_GROUP'}, BootstrapPropertySource {name='bootstrapProperties-novel-news-service.yml,DEFAULT_GROUP'}, BootstrapPropertySource {name='bootstrapProperties-novel-news-service,DEFAULT_GROUP'}, BootstrapPropertySource {name='bootstrapProperties-novel-rabbitmq.yml,DEFAULT_GROUP'}, BootstrapPropertySource {name='bootstrapProperties-novel-redis.yml,DEFAULT_GROUP'}, BootstrapPropertySource {name='bootstrapProperties-novel-mysql.yml,DEFAULT_GROUP'}]
2023-07-14 18:31:58,341 INFO (SpringApplication.java:638)- The following 2 profiles are active: "common", "dev"
2023-07-14 18:31:59,724 INFO (RepositoryConfigurationDelegate.java:291)- Multiple Spring Data modules found, entering strict repository configuration mode
2023-07-14 18:31:59,728 INFO (RepositoryConfigurationDelegate.java:138)- Bootstrapping Spring Data Redis repositories in DEFAULT mode.
2023-07-14 18:31:59,757 INFO (RepositoryConfigurationDelegate.java:208)- Finished Spring Data repository scanning in 10 ms. Found 0 Redis repository interfaces.
2023-07-14 18:32:00,095 INFO (GenericScope.java:282)- BeanFactory id=38afff4e-7e52-32f0-b72a-41fc61bdfafd
2023-07-14 18:32:01,188 WARN (Bootstrap.java:68)- UT026010: Buffer pool was not set on WebSocketDeploymentInfo, the default pool will be used
2023-07-14 18:32:01,226 INFO (ServletContextImpl.java:372)- Initializing Spring embedded WebApplicationContext
2023-07-14 18:32:01,226 INFO (ServletWebServerApplicationContext.java:291)- Root WebApplicationContext: initialization completed in 2868 ms
2023-07-14 18:32:02,178 INFO (Version.java:41)- Redisson 3.19.1
2023-07-14 18:32:02,434 INFO (ConnectionPool.java:162)- 1 connections initialized for 127.0.0.1/127.0.0.1:6379
2023-07-14 18:32:02,469 INFO (ConnectionPool.java:162)- 24 connections initialized for 127.0.0.1/127.0.0.1:6379
2023-07-14 18:32:02,969 INFO (SentinelWebMvcConfigurer.java:52)- [Sentinel Starter] register SentinelWebInterceptor with urlPatterns: [/**].
2023-07-14 18:32:04,782 INFO (InetUtils.java:170)- Cannot determine local hostname
2023-07-14 18:32:05,561 INFO (StdSchedulerFactory.java:1220)- Using default implementation for ThreadExecutor
2023-07-14 18:32:05,586 INFO (SchedulerSignalerImpl.java:61)- Initialized Scheduler Signaller of type: class org.quartz.core.SchedulerSignalerImpl
2023-07-14 18:32:05,590 INFO (QuartzScheduler.java:229)- Quartz Scheduler v.2.3.2 created.
2023-07-14 18:32:05,591 INFO (RAMJobStore.java:155)- RAMJobStore initialized.
2023-07-14 18:32:05,593 INFO (QuartzScheduler.java:294)- Scheduler meta-data: Quartz Scheduler (v2.3.2) 'quartzScheduler' with instanceId 'NON_CLUSTERED'
  Scheduler class: 'org.quartz.core.QuartzScheduler' - running locally.
  NOT STARTED.
  Currently in standby mode.
  Number of jobs executed: 0
  Using thread pool 'org.quartz.simpl.SimpleThreadPool' - with 10 threads.
  Using job-store 'org.quartz.simpl.RAMJobStore' - which does not support persistence. and is not clustered.

2023-07-14 18:32:05,594 INFO (StdSchedulerFactory.java:1374)- Quartz scheduler 'quartzScheduler' initialized from an externally provided properties instance.
2023-07-14 18:32:05,594 INFO (StdSchedulerFactory.java:1378)- Quartz scheduler version: 2.3.2
2023-07-14 18:32:05,594 INFO (QuartzScheduler.java:2293)- JobFactory set to: org.springframework.scheduling.quartz.SpringBeanJobFactory@252da8f
2023-07-14 18:32:07,311 INFO (InetUtils.java:170)- Cannot determine local hostname
2023-07-14 18:32:07,426 INFO (EndpointLinksResolver.java:58)- Exposing 21 endpoint(s) beneath base path '/actuator'
2023-07-14 18:32:07,563 WARN (LocalVariableTableParameterNameDiscoverer.java:123)- Using deprecated '-debug' fallback for parameter name resolution. Compile the affected code with '-parameters' instead or avoid its introspection: org.springframework.amqp.rabbit.core.RabbitAdmin
2023-07-14 18:32:07,602 INFO (Undertow.java:120)- starting server: Undertow - 2.3.4.Final
2023-07-14 18:32:07,616 INFO (Xnio.java:95)- XNIO version 3.8.8.Final
2023-07-14 18:32:07,631 INFO (NioXnio.java:58)- XNIO NIO Implementation Version 3.8.8.Final
2023-07-14 18:32:07,669 INFO (Version.java:55)- JBoss Threads version 3.5.0.Final
2023-07-14 18:32:07,737 INFO (UndertowWebServer.java:121)- Undertow started on port(s) 9030 (http)
2023-07-14 18:32:07,741 INFO (SearchableProperties.java:197)- properties search order:PROPERTIES->JVM->ENV->DEFAULT_SETTING
2023-07-14 18:32:07,743 INFO (InitUtils.java:61)- initializer namespace from System Property : null
2023-07-14 18:32:07,744 INFO (InitUtils.java:65)- initializer namespace from System Environment :null
2023-07-14 18:32:07,744 INFO (InitUtils.java:72)- initializer namespace from System Property :
2023-07-14 18:32:07,755 INFO (ClientAuthPluginManager.java:56)- [ClientAuthPluginManager] Load ClientAuthService com.alibaba.nacos.client.auth.impl.NacosClientAuthServiceImpl success.
2023-07-14 18:32:07,755 INFO (ClientAuthPluginManager.java:56)- [ClientAuthPluginManager] Load ClientAuthService com.alibaba.nacos.client.auth.ram.RamClientAuthServiceImpl success.
2023-07-14 18:32:07,761 INFO (RpcClientFactory.java:94)- [RpcClientFactory] create a new rpc client of 3980da02-0bf2-403b-bbdb-056bb8ab4fc0
2023-07-14 18:32:07,763 INFO (LoggerUtils.java:60)- [3980da02-0bf2-403b-bbdb-056bb8ab4fc0] RpcClient init, ServerListFactory = com.alibaba.nacos.client.naming.core.ServerListManager
2023-07-14 18:32:07,764 INFO (LoggerUtils.java:60)- [3980da02-0bf2-403b-bbdb-056bb8ab4fc0] Registry connection listener to current client:com.alibaba.nacos.client.naming.remote.gprc.redo.NamingGrpcRedoService
2023-07-14 18:32:07,764 INFO (LoggerUtils.java:60)- [3980da02-0bf2-403b-bbdb-056bb8ab4fc0] Register server push request handler:com.alibaba.nacos.client.naming.remote.gprc.NamingPushRequestHandler
2023-07-14 18:32:07,765 INFO (LoggerUtils.java:60)- [3980da02-0bf2-403b-bbdb-056bb8ab4fc0] Try to connect to server on start up, server: {serverIp = '127.0.0.1', server main port = 8848}
2023-07-14 18:32:07,893 INFO (LoggerUtils.java:60)- [3980da02-0bf2-403b-bbdb-056bb8ab4fc0] Success to connect to server [127.0.0.1:8848] on start up, connectionId = 1689330727773_127.0.0.1_62070
2023-07-14 18:32:07,893 INFO (LoggerUtils.java:60)- [3980da02-0bf2-403b-bbdb-056bb8ab4fc0] Register server push request handler:com.alibaba.nacos.common.remote.client.RpcClient$ConnectResetRequestHandler
2023-07-14 18:32:07,894 INFO (LoggerUtils.java:60)- [3980da02-0bf2-403b-bbdb-056bb8ab4fc0] Notify connected event to listeners.
2023-07-14 18:32:07,894 INFO (LoggerUtils.java:60)- [3980da02-0bf2-403b-bbdb-056bb8ab4fc0] Register server push request handler:com.alibaba.nacos.common.remote.client.RpcClient$$Lambda$671/0x00000008010f8440
2023-07-14 18:32:07,894 INFO (NamingGrpcRedoService.java:78)- Grpc connection connect
2023-07-14 18:32:07,896 INFO (NamingGrpcClientProxy.java:120)- [REGISTER-SERVICE] public registering service novel-news-service with instance Instance{instanceId='null', ip='192.168.43.1', port=9030, weight=1.0, healthy=true, enabled=true, ephemeral=true, clusterName='DEFAULT', serviceName='null', metadata={preserved.register.source=SPRING_CLOUD}}
2023-07-14 18:32:07,911 INFO (NacosServiceRegistry.java:76)- nacos registry, DEFAULT_GROUP novel-news-service 192.168.43.1:9030 register finished
2023-07-14 18:32:09,047 INFO (InetUtils.java:170)- Cannot determine local hostname
2023-07-14 18:32:09,049 INFO (SchedulerFactoryBean.java:729)- Starting Quartz Scheduler now
2023-07-14 18:32:09,050 INFO (QuartzScheduler.java:547)- Scheduler quartzScheduler_$_NON_CLUSTERED started.
2023-07-14 18:32:09,079 INFO (StartupInfoLogger.java:57)- Started NovelNewsApplication in 15.404 seconds (process running for 16.028)
2023-07-14 18:32:09,086 INFO (CacheData.java:67)- nacos.cache.data.init.snapshot = true 
2023-07-14 18:32:09,087 INFO (ClientWorker.java:379)- [fixed-127.0.0.1_8848] [subscribe] novel-news-service+DEFAULT_GROUP
2023-07-14 18:32:09,095 INFO (CacheData.java:197)- [fixed-127.0.0.1_8848] [add-listener] ok, tenant=, dataId=novel-news-service, group=DEFAULT_GROUP, cnt=1
2023-07-14 18:32:09,096 INFO (NacosContextRefresher.java:129)- [Nacos Config] Listening config: dataId=novel-news-service, group=DEFAULT_GROUP
2023-07-14 18:32:09,097 INFO (ClientWorker.java:379)- [fixed-127.0.0.1_8848] [subscribe] novel-news-service-common.yml+DEFAULT_GROUP
2023-07-14 18:32:09,097 INFO (CacheData.java:197)- [fixed-127.0.0.1_8848] [add-listener] ok, tenant=, dataId=novel-news-service-common.yml, group=DEFAULT_GROUP, cnt=1
2023-07-14 18:32:09,097 INFO (NacosContextRefresher.java:129)- [Nacos Config] Listening config: dataId=novel-news-service-common.yml, group=DEFAULT_GROUP
2023-07-14 18:32:09,098 INFO (ClientWorker.java:379)- [fixed-127.0.0.1_8848] [subscribe] novel-mysql.yml+DEFAULT_GROUP
2023-07-14 18:32:09,099 INFO (CacheData.java:197)- [fixed-127.0.0.1_8848] [add-listener] ok, tenant=, dataId=novel-mysql.yml, group=DEFAULT_GROUP, cnt=1
2023-07-14 18:32:09,100 INFO (NacosContextRefresher.java:129)- [Nacos Config] Listening config: dataId=novel-mysql.yml, group=DEFAULT_GROUP
2023-07-14 18:32:09,102 INFO (ClientWorker.java:379)- [fixed-127.0.0.1_8848] [subscribe] novel-redis.yml+DEFAULT_GROUP
2023-07-14 18:32:09,102 INFO (CacheData.java:197)- [fixed-127.0.0.1_8848] [add-listener] ok, tenant=, dataId=novel-redis.yml, group=DEFAULT_GROUP, cnt=1
2023-07-14 18:32:09,102 INFO (NacosContextRefresher.java:129)- [Nacos Config] Listening config: dataId=novel-redis.yml, group=DEFAULT_GROUP
2023-07-14 18:32:09,103 INFO (ClientWorker.java:379)- [fixed-127.0.0.1_8848] [subscribe] novel-rabbitmq.yml+DEFAULT_GROUP
2023-07-14 18:32:09,103 INFO (CacheData.java:197)- [fixed-127.0.0.1_8848] [add-listener] ok, tenant=, dataId=novel-rabbitmq.yml, group=DEFAULT_GROUP, cnt=1
2023-07-14 18:32:09,104 INFO (NacosContextRefresher.java:129)- [Nacos Config] Listening config: dataId=novel-rabbitmq.yml, group=DEFAULT_GROUP
2023-07-14 18:32:09,104 INFO (ClientWorker.java:379)- [fixed-127.0.0.1_8848] [subscribe] novel-news-service-dev.yml+DEFAULT_GROUP
2023-07-14 18:32:09,107 INFO (CacheData.java:197)- [fixed-127.0.0.1_8848] [add-listener] ok, tenant=, dataId=novel-news-service-dev.yml, group=DEFAULT_GROUP, cnt=1
2023-07-14 18:32:09,108 INFO (NacosContextRefresher.java:129)- [Nacos Config] Listening config: dataId=novel-news-service-dev.yml, group=DEFAULT_GROUP
2023-07-14 18:32:09,109 INFO (ClientWorker.java:379)- [fixed-127.0.0.1_8848] [subscribe] novel-news-service.yml+DEFAULT_GROUP
2023-07-14 18:32:09,110 INFO (CacheData.java:197)- [fixed-127.0.0.1_8848] [add-listener] ok, tenant=, dataId=novel-news-service.yml, group=DEFAULT_GROUP, cnt=1
2023-07-14 18:32:09,110 INFO (NacosContextRefresher.java:129)- [Nacos Config] Listening config: dataId=novel-news-service.yml, group=DEFAULT_GROUP
2023-07-14 18:32:09,564 INFO (ServletContextImpl.java:372)- Initializing Spring DispatcherServlet 'dispatcherServlet'
2023-07-14 18:32:09,565 INFO (FrameworkServlet.java:532)- Initializing Servlet 'dispatcherServlet'
2023-07-14 18:32:09,568 INFO (FrameworkServlet.java:554)- Completed initialization in 3 ms
2023-07-14 18:32:09,602 INFO (AbstractConnectionFactory.java:630)- Attempting to connect to: [192.168.10.110:5672]
2023-07-14 18:32:33,664 INFO (AbstractConnectionFactory.java:630)- Attempting to connect to: [192.168.10.110:5672]
2023-07-14 18:32:36,058 INFO (HikariDataSource.java:110)- HikariPool-1 - Starting...
2023-07-14 18:32:36,394 INFO (HikariPool.java:565)- HikariPool-1 - Added connection com.mysql.cj.jdbc.ConnectionImpl@2f5358e7
2023-07-14 18:32:36,407 INFO (HikariDataSource.java:123)- HikariPool-1 - Start completed.
2023-07-14 18:32:36,420 DEBUG (BaseJdbcLogger.java:137)- ==>  Preparing: SELECT id,category_id,category_name,source_name,title,create_time,update_time FROM news_info ORDER BY create_time DESC limit 2
2023-07-14 18:32:36,462 DEBUG (BaseJdbcLogger.java:137)- ==> Parameters: 
2023-07-14 18:32:36,512 DEBUG (BaseJdbcLogger.java:137)- <==      Total: 2
2023-07-14 18:32:57,714 INFO (AbstractConnectionFactory.java:630)- Attempting to connect to: [192.168.10.110:5672]
2023-07-14 18:33:18,764 WARN (AbstractHealthIndicator.java:94)- Rabbit health check failed
org.springframework.amqp.AmqpConnectException: java.net.ConnectException: Connection timed out: no further information
	at org.springframework.amqp.rabbit.support.RabbitExceptionTranslator.convertRabbitAccessException(RabbitExceptionTranslator.java:61)
	at org.springframework.amqp.rabbit.connection.AbstractConnectionFactory.createBareConnection(AbstractConnectionFactory.java:594)
	at org.springframework.amqp.rabbit.connection.CachingConnectionFactory.createConnection(CachingConnectionFactory.java:687)
	at org.springframework.amqp.rabbit.connection.ConnectionFactoryUtils.createConnection(ConnectionFactoryUtils.java:257)
	at org.springframework.amqp.rabbit.core.RabbitTemplate.doExecute(RabbitTemplate.java:2225)
	at org.springframework.amqp.rabbit.core.RabbitTemplate.lambda$execute$13(RabbitTemplate.java:2187)
	at org.springframework.retry.support.RetryTemplate.doExecute(RetryTemplate.java:329)
	at org.springframework.retry.support.RetryTemplate.execute(RetryTemplate.java:225)
	at org.springframework.amqp.rabbit.core.RabbitTemplate.execute(RabbitTemplate.java:2186)
	at org.springframework.amqp.rabbit.core.RabbitTemplate.execute(RabbitTemplate.java:2178)
	at org.springframework.boot.actuate.amqp.RabbitHealthIndicator.getVersion(RabbitHealthIndicator.java:49)
	at org.springframework.boot.actuate.amqp.RabbitHealthIndicator.doHealthCheck(RabbitHealthIndicator.java:44)
	at org.springframework.boot.actuate.health.AbstractHealthIndicator.health(AbstractHealthIndicator.java:82)
	at org.springframework.boot.actuate.health.HealthIndicator.getHealth(HealthIndicator.java:37)
	at org.springframework.boot.actuate.health.HealthEndpoint.getHealth(HealthEndpoint.java:82)
	at org.springframework.boot.actuate.health.HealthEndpoint.getHealth(HealthEndpoint.java:41)
	at org.springframework.boot.actuate.health.HealthEndpointSupport.getLoggedHealth(HealthEndpointSupport.java:172)
	at org.springframework.boot.actuate.health.HealthEndpointSupport.getContribution(HealthEndpointSupport.java:145)
	at org.springframework.boot.actuate.health.HealthEndpointSupport.getAggregateContribution(HealthEndpointSupport.java:156)
	at org.springframework.boot.actuate.health.HealthEndpointSupport.getContribution(HealthEndpointSupport.java:141)
	at org.springframework.boot.actuate.health.HealthEndpointSupport.getHealth(HealthEndpointSupport.java:110)
	at org.springframework.boot.actuate.health.HealthEndpointSupport.getHealth(HealthEndpointSupport.java:81)
	at org.springframework.boot.actuate.health.HealthEndpoint.health(HealthEndpoint.java:76)
	at org.springframework.boot.actuate.health.HealthEndpoint.health(HealthEndpoint.java:66)
	at java.base/jdk.internal.reflect.NativeMethodAccessorImpl.invoke0(Native Method)
	at java.base/jdk.internal.reflect.NativeMethodAccessorImpl.invoke(NativeMethodAccessorImpl.java:77)
	at java.base/jdk.internal.reflect.DelegatingMethodAccessorImpl.invoke(DelegatingMethodAccessorImpl.java:43)
	at java.base/java.lang.reflect.Method.invoke(Method.java:568)
	at org.springframework.util.ReflectionUtils.invokeMethod(ReflectionUtils.java:281)
	at org.springframework.boot.actuate.endpoint.invoke.reflect.ReflectiveOperationInvoker.invoke(ReflectiveOperationInvoker.java:74)
	at org.springframework.boot.actuate.endpoint.annotation.AbstractDiscoveredOperation.invoke(AbstractDiscoveredOperation.java:60)
	at org.springframework.boot.actuate.endpoint.jmx.EndpointMBean.invoke(EndpointMBean.java:124)
	at org.springframework.boot.actuate.endpoint.jmx.EndpointMBean.invoke(EndpointMBean.java:97)
	at java.management/com.sun.jmx.interceptor.DefaultMBeanServerInterceptor.invoke(DefaultMBeanServerInterceptor.java:814)
	at java.management/com.sun.jmx.mbeanserver.JmxMBeanServer.invoke(JmxMBeanServer.java:802)
	at java.management.rmi/javax.management.remote.rmi.RMIConnectionImpl.doOperation(RMIConnectionImpl.java:1472)
	at java.management.rmi/javax.management.remote.rmi.RMIConnectionImpl$PrivilegedOperation.run(RMIConnectionImpl.java:1310)
	at java.management.rmi/javax.management.remote.rmi.RMIConnectionImpl.doPrivilegedOperation(RMIConnectionImpl.java:1405)
	at java.management.rmi/javax.management.remote.rmi.RMIConnectionImpl.invoke(RMIConnectionImpl.java:829)
	at java.base/jdk.internal.reflect.GeneratedMethodAccessor51.invoke(Unknown Source)
	at java.base/jdk.internal.reflect.DelegatingMethodAccessorImpl.invoke(DelegatingMethodAccessorImpl.java:43)
	at java.base/java.lang.reflect.Method.invoke(Method.java:568)
	at java.rmi/sun.rmi.server.UnicastServerRef.dispatch(UnicastServerRef.java:360)
	at java.rmi/sun.rmi.transport.Transport$1.run(Transport.java:200)
	at java.rmi/sun.rmi.transport.Transport$1.run(Transport.java:197)
	at java.base/java.security.AccessController.doPrivileged(AccessController.java:712)
	at java.rmi/sun.rmi.transport.Transport.serviceCall(Transport.java:196)
	at java.rmi/sun.rmi.transport.tcp.TCPTransport.handleMessages(TCPTransport.java:587)
	at java.rmi/sun.rmi.transport.tcp.TCPTransport$ConnectionHandler.run0(TCPTransport.java:828)
	at java.rmi/sun.rmi.transport.tcp.TCPTransport$ConnectionHandler.lambda$run$0(TCPTransport.java:705)
	at java.base/java.security.AccessController.doPrivileged(AccessController.java:399)
	at java.rmi/sun.rmi.transport.tcp.TCPTransport$ConnectionHandler.run(TCPTransport.java:704)
	at java.base/java.util.concurrent.ThreadPoolExecutor.runWorker(ThreadPoolExecutor.java:1136)
	at java.base/java.util.concurrent.ThreadPoolExecutor$Worker.run(ThreadPoolExecutor.java:635)
	at java.base/java.lang.Thread.run(Thread.java:833)
Caused by: java.net.ConnectException: Connection timed out: no further information
	at java.base/sun.nio.ch.Net.pollConnect(Native Method)
	at java.base/sun.nio.ch.Net.pollConnectNow(Net.java:672)
	at java.base/sun.nio.ch.NioSocketImpl.timedFinishConnect(NioSocketImpl.java:549)
	at java.base/sun.nio.ch.NioSocketImpl.connect(NioSocketImpl.java:597)
	at java.base/java.net.SocksSocketImpl.connect(SocksSocketImpl.java:327)
	at java.base/java.net.Socket.connect(Socket.java:633)
	at com.rabbitmq.client.impl.SocketFrameHandlerFactory.create(SocketFrameHandlerFactory.java:59)
	at com.rabbitmq.client.ConnectionFactory.newConnection(ConnectionFactory.java:1223)
	at com.rabbitmq.client.ConnectionFactory.newConnection(ConnectionFactory.java:1173)
	at org.springframework.amqp.rabbit.connection.AbstractConnectionFactory.connectAddresses(AbstractConnectionFactory.java:632)
	at org.springframework.amqp.rabbit.connection.AbstractConnectionFactory.connect(AbstractConnectionFactory.java:607)
	at org.springframework.amqp.rabbit.connection.AbstractConnectionFactory.createBareConnection(AbstractConnectionFactory.java:557)
	... 53 common frames omitted
2023-07-14 18:33:18,775 WARN (HealthEndpointSupport.java:181)- Health contributor org.springframework.boot.actuate.amqp.RabbitHealthIndicator (rabbit) took 69175ms to respond
2023-07-14 18:47:43,528 DEBUG (BaseJdbcLogger.java:137)- ==>  Preparing: SELECT id,category_id,category_name,source_name,title,create_time,update_time FROM news_info ORDER BY create_time DESC limit 2
2023-07-14 18:47:43,530 DEBUG (BaseJdbcLogger.java:137)- ==> Parameters: 
2023-07-14 18:47:43,534 DEBUG (BaseJdbcLogger.java:137)- <==      Total: 2
2023-07-14 19:01:44,142 DEBUG (BaseJdbcLogger.java:137)- ==>  Preparing: SELECT id,category_id,category_name,source_name,title,create_time,update_time FROM news_info ORDER BY create_time DESC limit 2
2023-07-14 19:01:44,144 DEBUG (BaseJdbcLogger.java:137)- ==> Parameters: 
2023-07-14 19:01:44,148 DEBUG (BaseJdbcLogger.java:137)- <==      Total: 2
2023-07-14 20:18:04,910 DEBUG (BaseJdbcLogger.java:137)- ==>  Preparing: SELECT id,category_id,category_name,source_name,title,create_time,update_time FROM news_info ORDER BY create_time DESC limit 2
2023-07-14 20:18:04,914 DEBUG (BaseJdbcLogger.java:137)- ==> Parameters: 
2023-07-14 20:18:04,920 DEBUG (BaseJdbcLogger.java:137)- <==      Total: 2
2023-07-14 21:41:13,015 DEBUG (BaseJdbcLogger.java:137)- ==>  Preparing: SELECT id,category_id,category_name,source_name,title,create_time,update_time FROM news_info ORDER BY create_time DESC limit 2
2023-07-14 21:41:13,017 DEBUG (BaseJdbcLogger.java:137)- ==> Parameters: 
2023-07-14 21:41:13,022 DEBUG (BaseJdbcLogger.java:137)- <==      Total: 2
2023-07-14 22:17:44,972 WARN (HttpClientBeanHolder.java:102)- [HttpClientBeanHolder] Start destroying common HttpClient
2023-07-14 22:17:44,972 WARN (NotifyCenter.java:136)- [NotifyCenter] Start destroying Publisher
2023-07-14 22:17:44,972 WARN (NotifyCenter.java:153)- [NotifyCenter] Destruction of the end
2023-07-14 22:17:44,973 WARN (HttpClientBeanHolder.java:111)- [HttpClientBeanHolder] Destruction of the end
2023-07-14 22:17:44,980 INFO (QuartzScheduler.java:585)- Scheduler quartzScheduler_$_NON_CLUSTERED paused.
2023-07-14 22:17:44,986 INFO (Undertow.java:259)- stopping server: Undertow - 2.3.4.Final
2023-07-14 22:17:44,993 INFO (ServletContextImpl.java:372)- Destroying Spring FrameworkServlet 'dispatcherServlet'
2023-07-14 22:17:45,009 INFO (SchedulerFactoryBean.java:847)- Shutting down Quartz Scheduler
2023-07-14 22:17:45,009 INFO (QuartzScheduler.java:666)- Scheduler quartzScheduler_$_NON_CLUSTERED shutting down.
2023-07-14 22:17:45,009 INFO (QuartzScheduler.java:585)- Scheduler quartzScheduler_$_NON_CLUSTERED paused.
2023-07-14 22:17:45,009 INFO (QuartzScheduler.java:740)- Scheduler quartzScheduler_$_NON_CLUSTERED shutdown complete.
2023-07-14 22:17:45,018 INFO (NacosServiceRegistry.java:95)- De-registering from Nacos Server now...
2023-07-14 22:17:45,018 INFO (NamingGrpcClientProxy.java:216)- [DEREGISTER-SERVICE] public deregistering service novel-news-service with instance: Instance{instanceId='null', ip='192.168.43.1', port=9030, weight=1.0, healthy=true, enabled=true, ephemeral=true, clusterName='DEFAULT', serviceName='null', metadata={}}
2023-07-14 22:17:45,022 INFO (NacosServiceRegistry.java:115)- De-registration finished.
2023-07-14 22:17:45,023 INFO (ServiceInfoHolder.java:256)- com.alibaba.nacos.client.naming.cache.ServiceInfoHolder do shutdown begin
2023-07-14 22:17:45,024 INFO (FailoverReactor.java:133)- com.alibaba.nacos.client.naming.backups.FailoverReactor do shutdown begin
2023-07-14 22:17:45,024 INFO (FailoverReactor.java:135)- com.alibaba.nacos.client.naming.backups.FailoverReactor do shutdown stop
2023-07-14 22:17:45,024 INFO (ServiceInfoHolder.java:258)- com.alibaba.nacos.client.naming.cache.ServiceInfoHolder do shutdown stop
2023-07-14 22:17:45,024 INFO (NamingClientProxyDelegate.java:204)- com.alibaba.nacos.client.naming.remote.NamingClientProxyDelegate do shutdown begin
2023-07-14 22:17:45,024 INFO (ServiceInfoUpdateService.java:143)- com.alibaba.nacos.client.naming.core.ServiceInfoUpdateService do shutdown begin
2023-07-14 22:17:45,024 INFO (ServiceInfoUpdateService.java:145)- com.alibaba.nacos.client.naming.core.ServiceInfoUpdateService do shutdown stop
2023-07-14 22:17:45,024 INFO (ServerListManager.java:194)- com.alibaba.nacos.client.naming.core.ServerListManager do shutdown begin
2023-07-14 22:17:45,024 WARN (NamingHttpClientManager.java:74)- [NamingHttpClientManager] Start destroying NacosRestTemplate
2023-07-14 22:17:45,025 WARN (NamingHttpClientManager.java:81)- [NamingHttpClientManager] Destruction of the end
2023-07-14 22:17:45,025 INFO (ServerListManager.java:199)- com.alibaba.nacos.client.naming.core.ServerListManager do shutdown stop
2023-07-14 22:17:45,025 INFO (NamingHttpClientProxy.java:484)- com.alibaba.nacos.client.naming.remote.http.NamingHttpClientProxy do shutdown begin
2023-07-14 22:17:45,025 WARN (NamingHttpClientManager.java:74)- [NamingHttpClientManager] Start destroying NacosRestTemplate
2023-07-14 22:17:45,026 WARN (NamingHttpClientManager.java:81)- [NamingHttpClientManager] Destruction of the end
2023-07-14 22:17:45,026 INFO (NamingHttpClientProxy.java:486)- com.alibaba.nacos.client.naming.remote.http.NamingHttpClientProxy do shutdown stop
2023-07-14 22:17:45,026 INFO (RpcClient.java:425)- Shutdown rpc client, set status to shutdown
2023-07-14 22:17:45,026 INFO (RpcClient.java:427)- Shutdown client event executor java.util.concurrent.ScheduledThreadPoolExecutor@ac38570[Running, pool size = 2, active threads = 2, queued tasks = 0, completed tasks = 0]
2023-07-14 22:17:45,026 INFO (RpcClient.java:580)- Close current connection 1689330727773_127.0.0.1_62070
2023-07-14 22:17:45,028 INFO (LoggerUtils.java:60)- [1689330727773_127.0.0.1_62070]Ignore complete event,isRunning:false,isAbandon=false
2023-07-14 22:17:45,033 INFO (GrpcClient.java:140)- Shutdown grpc executor java.util.concurrent.ThreadPoolExecutor@5fea4567[Running, pool size = 4, active threads = 0, queued tasks = 0, completed tasks = 2742]
2023-07-14 22:17:45,033 INFO (NamingGrpcRedoService.java:292)- Shutdown grpc redo service executor java.util.concurrent.ScheduledThreadPoolExecutor@6c7694ac[Running, pool size = 1, active threads = 0, queued tasks = 1, completed tasks = 4509]
2023-07-14 22:17:45,034 INFO (CredentialWatcher.java:106)- [null] CredentialWatcher is stopped
2023-07-14 22:17:45,034 INFO (CredentialService.java:100)- [null] CredentialService is freed
2023-07-14 22:17:45,034 INFO (NamingClientProxyDelegate.java:211)- com.alibaba.nacos.client.naming.remote.NamingClientProxyDelegate do shutdown stop
2023-07-14 22:17:45,074 INFO (HikariDataSource.java:350)- HikariPool-1 - Shutdown initiated...
2023-07-14 22:17:45,078 INFO (HikariDataSource.java:352)- HikariPool-1 - Shutdown completed.
