2023-07-20 15:44:40,462 WARN (NacosLogging.java:64)- Load Logback Configuration of Nacos fail, message: org/slf4j/impl/StaticLoggerBinder
2023-07-20 15:44:40,469 WARN (NacosLogging.java:64)- Load Logback Configuration of Nacos fail, message: org/slf4j/impl/StaticLoggerBinder
2023-07-20 15:44:40,491 INFO (LocalConfigInfoProcessor.java:68)- LOCAL_SNAPSHOT_PATH:C:\Users\yisheng\nacos\config
2023-07-20 15:44:40,495 INFO (RpcClientFactory.java:94)- [RpcClientFactory] create a new rpc client of 80f42b9f-5298-4d62-b32e-e2f985d1e556_config-0
2023-07-20 15:44:40,510 INFO (LoggerUtils.java:60)- [80f42b9f-5298-4d62-b32e-e2f985d1e556_config-0] Register server push request handler:com.alibaba.nacos.client.config.impl.ClientWorker$ConfigRpcTransportClient$$Lambda$651/0x0000000800fc6270
2023-07-20 15:44:40,511 INFO (LoggerUtils.java:60)- [80f42b9f-5298-4d62-b32e-e2f985d1e556_config-0] Register server push request handler:com.alibaba.nacos.client.config.impl.ClientWorker$ConfigRpcTransportClient$$Lambda$652/0x0000000800fc6690
2023-07-20 15:44:40,511 INFO (LoggerUtils.java:60)- [80f42b9f-5298-4d62-b32e-e2f985d1e556_config-0] Registry connection listener to current client:com.alibaba.nacos.client.config.impl.ClientWorker$ConfigRpcTransportClient$1
2023-07-20 15:44:40,512 INFO (LoggerUtils.java:60)- [80f42b9f-5298-4d62-b32e-e2f985d1e556_config-0] RpcClient init, ServerListFactory = com.alibaba.nacos.client.config.impl.ClientWorker$ConfigRpcTransportClient$2
2023-07-20 15:44:40,520 INFO (LoggerUtils.java:60)- [80f42b9f-5298-4d62-b32e-e2f985d1e556_config-0] Try to connect to server on start up, server: {serverIp = '127.0.0.1', server main port = 8848}
2023-07-20 15:44:41,531 INFO (LoggerUtils.java:60)- [80f42b9f-5298-4d62-b32e-e2f985d1e556_config-0] Success to connect to server [127.0.0.1:8848] on start up, connectionId = 1689839081274_127.0.0.1_49860
2023-07-20 15:44:41,531 INFO (LoggerUtils.java:60)- [80f42b9f-5298-4d62-b32e-e2f985d1e556_config-0] Notify connected event to listeners.
2023-07-20 15:44:41,531 INFO (ClientWorker.java:638)- [80f42b9f-5298-4d62-b32e-e2f985d1e556_config-0] Connected,notify listen context...
2023-07-20 15:44:41,531 INFO (LoggerUtils.java:60)- [80f42b9f-5298-4d62-b32e-e2f985d1e556_config-0] Register server push request handler:com.alibaba.nacos.common.remote.client.RpcClient$ConnectResetRequestHandler
2023-07-20 15:44:41,532 INFO (LoggerUtils.java:60)- [80f42b9f-5298-4d62-b32e-e2f985d1e556_config-0] Register server push request handler:com.alibaba.nacos.common.remote.client.RpcClient$$Lambda$671/0x00000008010f8000
2023-07-20 15:44:41,588 INFO (Limiter.java:62)- limitTime:5.0
2023-07-20 15:44:41,644 INFO (JvmUtil.java:54)- isMultiInstance:false
2023-07-20 15:44:41,677 WARN (NacosPropertySourceBuilder.java:87)- Ignore the empty nacos configuration and get it based on dataId[novel-author-service] & group[DEFAULT_GROUP]
2023-07-20 15:44:41,683 WARN (NacosPropertySourceBuilder.java:87)- Ignore the empty nacos configuration and get it based on dataId[novel-author-service.yml] & group[DEFAULT_GROUP]
2023-07-20 15:44:41,690 WARN (NacosPropertySourceBuilder.java:87)- Ignore the empty nacos configuration and get it based on dataId[novel-author-service-common.yml] & group[DEFAULT_GROUP]
2023-07-20 15:44:41,695 WARN (NacosPropertySourceBuilder.java:87)- Ignore the empty nacos configuration and get it based on dataId[novel-author-service-dev.yml] & group[DEFAULT_GROUP]
2023-07-20 15:44:41,696 INFO (PropertySourceBootstrapConfiguration.java:108)- Located property source: [BootstrapPropertySource {name='bootstrapProperties-novel-author-service-dev.yml,DEFAULT_GROUP'}, BootstrapPropertySource {name='bootstrapProperties-novel-author-service-common.yml,DEFAULT_GROUP'}, BootstrapPropertySource {name='bootstrapProperties-novel-author-service.yml,DEFAULT_GROUP'}, BootstrapPropertySource {name='bootstrapProperties-novel-author-service,DEFAULT_GROUP'}, BootstrapPropertySource {name='bootstrapProperties-novel-rabbitmq.yml,DEFAULT_GROUP'}, BootstrapPropertySource {name='bootstrapProperties-novel-redis.yml,DEFAULT_GROUP'}, BootstrapPropertySource {name='bootstrapProperties-novel-mysql.yml,DEFAULT_GROUP'}]
2023-07-20 15:44:41,704 INFO (SpringApplication.java:638)- The following 2 profiles are active: "common", "dev"
2023-07-20 15:44:43,492 INFO (RepositoryConfigurationDelegate.java:291)- Multiple Spring Data modules found, entering strict repository configuration mode
2023-07-20 15:44:43,497 INFO (RepositoryConfigurationDelegate.java:138)- Bootstrapping Spring Data Redis repositories in DEFAULT mode.
2023-07-20 15:44:43,533 INFO (RepositoryConfigurationDelegate.java:208)- Finished Spring Data repository scanning in 13 ms. Found 0 Redis repository interfaces.
2023-07-20 15:44:43,918 INFO (GenericScope.java:282)- BeanFactory id=ee16daae-7b90-3dd5-8b5f-1691d98d21ee
2023-07-20 15:44:45,329 WARN (Bootstrap.java:68)- UT026010: Buffer pool was not set on WebSocketDeploymentInfo, the default pool will be used
2023-07-20 15:44:45,373 INFO (ServletContextImpl.java:372)- Initializing Spring embedded WebApplicationContext
2023-07-20 15:44:45,373 INFO (ServletWebServerApplicationContext.java:291)- Root WebApplicationContext: initialization completed in 3643 ms
2023-07-20 15:44:46,746 INFO (FeignClientFactoryBean.java:437)- For 'novel-book-service' URL not provided. Will try picking an instance via load-balancing.
2023-07-20 15:44:47,317 INFO (Version.java:41)- Redisson 3.19.1
2023-07-20 15:44:47,901 WARN (AbstractApplicationContext.java:592)- Exception encountered during context initialization - cancelling refresh attempt: org.springframework.beans.factory.UnsatisfiedDependencyException: Error creating bean with name 'lockAspect' defined in file [E:\IDEA-workspace\novel-cloud\novel-cloud-master\novel-core\novel-config\target\classes\io\github\xxyopen\novel\config\aspect\LockAspect.class]: Unsatisfied dependency expressed through constructor parameter 0: Error creating bean with name 'redisson' defined in class path resource [org/redisson/spring/starter/RedissonAutoConfiguration.class]: Failed to instantiate [org.redisson.api.RedissonClient]: Factory method 'redisson' threw exception with message: Unable to connect to Redis server: 127.0.0.1/127.0.0.1:6379
2023-07-20 15:44:47,903 WARN (AbstractApplicationContext.java:1039)- Exception thrown from ApplicationListener handling ContextClosedEvent
org.springframework.beans.factory.BeanCreationNotAllowedException: Error creating bean with name 'rabbitConnectionFactory': Singleton bean creation not allowed while singletons of this factory are in destruction (Do not request a bean from a BeanFactory in a destroy method implementation!)
	at org.springframework.beans.factory.support.DefaultSingletonBeanRegistry.getSingleton(DefaultSingletonBeanRegistry.java:220)
	at org.springframework.beans.factory.support.AbstractBeanFactory.doGetBean(AbstractBeanFactory.java:324)
	at org.springframework.beans.factory.support.AbstractBeanFactory.getBean(AbstractBeanFactory.java:205)
	at org.springframework.context.event.AbstractApplicationEventMulticaster.retrieveApplicationListeners(AbstractApplicationEventMulticaster.java:264)
	at org.springframework.context.event.AbstractApplicationEventMulticaster.getApplicationListeners(AbstractApplicationEventMulticaster.java:221)
	at org.springframework.context.event.SimpleApplicationEventMulticaster.multicastEvent(SimpleApplicationEventMulticaster.java:138)
	at org.springframework.context.support.AbstractApplicationContext.publishEvent(AbstractApplicationContext.java:413)
	at org.springframework.context.support.AbstractApplicationContext.publishEvent(AbstractApplicationContext.java:419)
	at org.springframework.context.support.AbstractApplicationContext.publishEvent(AbstractApplicationContext.java:370)
	at org.springframework.context.support.AbstractApplicationContext.doClose(AbstractApplicationContext.java:1036)
	at org.springframework.context.support.AbstractApplicationContext.close(AbstractApplicationContext.java:1003)
	at org.springframework.cloud.context.named.NamedContextFactory.destroy(NamedContextFactory.java:113)
	at org.springframework.beans.factory.support.DisposableBeanAdapter.destroy(DisposableBeanAdapter.java:200)
	at org.springframework.beans.factory.support.DefaultSingletonBeanRegistry.destroyBean(DefaultSingletonBeanRegistry.java:587)
	at org.springframework.beans.factory.support.DefaultSingletonBeanRegistry.destroySingleton(DefaultSingletonBeanRegistry.java:559)
	at org.springframework.beans.factory.support.DefaultListableBeanFactory.destroySingleton(DefaultListableBeanFactory.java:1189)
	at org.springframework.beans.factory.support.DefaultSingletonBeanRegistry.destroySingletons(DefaultSingletonBeanRegistry.java:520)
	at org.springframework.beans.factory.support.DefaultListableBeanFactory.destroySingletons(DefaultListableBeanFactory.java:1182)
	at org.springframework.context.support.AbstractApplicationContext.destroyBeans(AbstractApplicationContext.java:1084)
	at org.springframework.context.support.AbstractApplicationContext.refresh(AbstractApplicationContext.java:597)
	at org.springframework.boot.web.servlet.context.ServletWebServerApplicationContext.refresh(ServletWebServerApplicationContext.java:146)
	at org.springframework.boot.SpringApplication.refresh(SpringApplication.java:732)
	at org.springframework.boot.SpringApplication.refreshContext(SpringApplication.java:434)
	at org.springframework.boot.SpringApplication.run(SpringApplication.java:310)
	at org.springframework.boot.SpringApplication.run(SpringApplication.java:1304)
	at org.springframework.boot.SpringApplication.run(SpringApplication.java:1293)
	at io.github.xxyopen.novel.author.NovelAuthorApplication.main(NovelAuthorApplication.java:18)
2023-07-20 15:44:47,931 INFO (ConditionEvaluationReportLogger.java:82)- 

Error starting ApplicationContext. To display the condition evaluation report re-run your application with 'debug' enabled.
2023-07-20 15:44:47,976 ERROR (SpringApplication.java:822)- Application run failed
org.springframework.beans.factory.UnsatisfiedDependencyException: Error creating bean with name 'lockAspect' defined in file [E:\IDEA-workspace\novel-cloud\novel-cloud-master\novel-core\novel-config\target\classes\io\github\xxyopen\novel\config\aspect\LockAspect.class]: Unsatisfied dependency expressed through constructor parameter 0: Error creating bean with name 'redisson' defined in class path resource [org/redisson/spring/starter/RedissonAutoConfiguration.class]: Failed to instantiate [org.redisson.api.RedissonClient]: Factory method 'redisson' threw exception with message: Unable to connect to Redis server: 127.0.0.1/127.0.0.1:6379
	at org.springframework.beans.factory.support.ConstructorResolver.createArgumentArray(ConstructorResolver.java:798)
	at org.springframework.beans.factory.support.ConstructorResolver.autowireConstructor(ConstructorResolver.java:245)
	at org.springframework.beans.factory.support.AbstractAutowireCapableBeanFactory.autowireConstructor(AbstractAutowireCapableBeanFactory.java:1352)
	at org.springframework.beans.factory.support.AbstractAutowireCapableBeanFactory.createBeanInstance(AbstractAutowireCapableBeanFactory.java:1189)
	at org.springframework.beans.factory.support.AbstractAutowireCapableBeanFactory.doCreateBean(AbstractAutowireCapableBeanFactory.java:560)
	at org.springframework.beans.factory.support.AbstractAutowireCapableBeanFactory.createBean(AbstractAutowireCapableBeanFactory.java:520)
	at org.springframework.beans.factory.support.AbstractBeanFactory.lambda$doGetBean$0(AbstractBeanFactory.java:326)
	at org.springframework.beans.factory.support.DefaultSingletonBeanRegistry.getSingleton(DefaultSingletonBeanRegistry.java:234)
	at org.springframework.beans.factory.support.AbstractBeanFactory.doGetBean(AbstractBeanFactory.java:324)
	at org.springframework.beans.factory.support.AbstractBeanFactory.getBean(AbstractBeanFactory.java:200)
	at org.springframework.beans.factory.support.DefaultListableBeanFactory.preInstantiateSingletons(DefaultListableBeanFactory.java:973)
	at org.springframework.context.support.AbstractApplicationContext.finishBeanFactoryInitialization(AbstractApplicationContext.java:917)
	at org.springframework.context.support.AbstractApplicationContext.refresh(AbstractApplicationContext.java:584)
	at org.springframework.boot.web.servlet.context.ServletWebServerApplicationContext.refresh(ServletWebServerApplicationContext.java:146)
	at org.springframework.boot.SpringApplication.refresh(SpringApplication.java:732)
	at org.springframework.boot.SpringApplication.refreshContext(SpringApplication.java:434)
	at org.springframework.boot.SpringApplication.run(SpringApplication.java:310)
	at org.springframework.boot.SpringApplication.run(SpringApplication.java:1304)
	at org.springframework.boot.SpringApplication.run(SpringApplication.java:1293)
	at io.github.xxyopen.novel.author.NovelAuthorApplication.main(NovelAuthorApplication.java:18)
Caused by: org.springframework.beans.factory.BeanCreationException: Error creating bean with name 'redisson' defined in class path resource [org/redisson/spring/starter/RedissonAutoConfiguration.class]: Failed to instantiate [org.redisson.api.RedissonClient]: Factory method 'redisson' threw exception with message: Unable to connect to Redis server: 127.0.0.1/127.0.0.1:6379
	at org.springframework.beans.factory.support.ConstructorResolver.instantiate(ConstructorResolver.java:657)
	at org.springframework.beans.factory.support.ConstructorResolver.instantiateUsingFactoryMethod(ConstructorResolver.java:491)
	at org.springframework.beans.factory.support.AbstractAutowireCapableBeanFactory.instantiateUsingFactoryMethod(AbstractAutowireCapableBeanFactory.java:1332)
	at org.springframework.beans.factory.support.AbstractAutowireCapableBeanFactory.createBeanInstance(AbstractAutowireCapableBeanFactory.java:1162)
	at org.springframework.beans.factory.support.AbstractAutowireCapableBeanFactory.doCreateBean(AbstractAutowireCapableBeanFactory.java:560)
	at org.springframework.beans.factory.support.AbstractAutowireCapableBeanFactory.createBean(AbstractAutowireCapableBeanFactory.java:520)
	at org.springframework.beans.factory.support.AbstractBeanFactory.lambda$doGetBean$0(AbstractBeanFactory.java:326)
	at org.springframework.beans.factory.support.DefaultSingletonBeanRegistry.getSingleton(DefaultSingletonBeanRegistry.java:234)
	at org.springframework.beans.factory.support.AbstractBeanFactory.doGetBean(AbstractBeanFactory.java:324)
	at org.springframework.beans.factory.support.AbstractBeanFactory.getBean(AbstractBeanFactory.java:200)
	at org.springframework.beans.factory.config.DependencyDescriptor.resolveCandidate(DependencyDescriptor.java:254)
	at org.springframework.beans.factory.support.DefaultListableBeanFactory.doResolveDependency(DefaultListableBeanFactory.java:1417)
	at org.springframework.beans.factory.support.DefaultListableBeanFactory.resolveDependency(DefaultListableBeanFactory.java:1337)
	at org.springframework.beans.factory.support.ConstructorResolver.resolveAutowiredArgument(ConstructorResolver.java:885)
	at org.springframework.beans.factory.support.ConstructorResolver.createArgumentArray(ConstructorResolver.java:789)
	... 19 common frames omitted
Caused by: org.springframework.beans.BeanInstantiationException: Failed to instantiate [org.redisson.api.RedissonClient]: Factory method 'redisson' threw exception with message: Unable to connect to Redis server: 127.0.0.1/127.0.0.1:6379
	at org.springframework.beans.factory.support.SimpleInstantiationStrategy.instantiate(SimpleInstantiationStrategy.java:171)
	at org.springframework.beans.factory.support.ConstructorResolver.instantiate(ConstructorResolver.java:653)
	... 33 common frames omitted
Caused by: org.redisson.client.RedisConnectionException: Unable to connect to Redis server: 127.0.0.1/127.0.0.1:6379
	at org.redisson.connection.pool.ConnectionPool.lambda$createConnection$0(ConnectionPool.java:154)
	at java.base/java.util.concurrent.CompletableFuture.uniWhenComplete(CompletableFuture.java:863)
	at java.base/java.util.concurrent.CompletableFuture$UniWhenComplete.tryFire(CompletableFuture.java:841)
	at java.base/java.util.concurrent.CompletableFuture.postComplete(CompletableFuture.java:510)
	at java.base/java.util.concurrent.CompletableFuture.completeExceptionally(CompletableFuture.java:2162)
	at org.redisson.connection.pool.ConnectionPool.promiseFailure(ConnectionPool.java:318)
	at org.redisson.connection.pool.ConnectionPool.lambda$createConnection$6(ConnectionPool.java:277)
	at java.base/java.util.concurrent.CompletableFuture.uniWhenComplete(CompletableFuture.java:863)
	at java.base/java.util.concurrent.CompletableFuture$UniWhenComplete.tryFire(CompletableFuture.java:841)
	at java.base/java.util.concurrent.CompletableFuture.postComplete(CompletableFuture.java:510)
	at java.base/java.util.concurrent.CompletableFuture.completeExceptionally(CompletableFuture.java:2162)
	at org.redisson.client.RedisClient$1$2.run(RedisClient.java:250)
	at io.netty.util.concurrent.AbstractEventExecutor.runTask(AbstractEventExecutor.java:174)
	at io.netty.util.concurrent.AbstractEventExecutor.safeExecute(AbstractEventExecutor.java:167)
	at io.netty.util.concurrent.SingleThreadEventExecutor.runAllTasks(SingleThreadEventExecutor.java:470)
	at io.netty.channel.nio.NioEventLoop.run(NioEventLoop.java:569)
	at io.netty.util.concurrent.SingleThreadEventExecutor$4.run(SingleThreadEventExecutor.java:997)
	at io.netty.util.internal.ThreadExecutorMap$2.run(ThreadExecutorMap.java:74)
	at io.netty.util.concurrent.FastThreadLocalRunnable.run(FastThreadLocalRunnable.java:30)
	at java.base/java.lang.Thread.run(Thread.java:833)
Caused by: java.util.concurrent.CompletionException: io.netty.channel.AbstractChannel$AnnotatedConnectException: Connection refused: no further information: 127.0.0.1/127.0.0.1:6379
	at java.base/java.util.concurrent.CompletableFuture.encodeRelay(CompletableFuture.java:368)
	at java.base/java.util.concurrent.CompletableFuture.completeRelay(CompletableFuture.java:377)
	at java.base/java.util.concurrent.CompletableFuture$UniRelay.tryFire(CompletableFuture.java:1097)
	... 11 common frames omitted
Caused by: io.netty.channel.AbstractChannel$AnnotatedConnectException: Connection refused: no further information: 127.0.0.1/127.0.0.1:6379
Caused by: java.net.ConnectException: Connection refused: no further information
	at java.base/sun.nio.ch.Net.pollConnect(Native Method)
	at java.base/sun.nio.ch.Net.pollConnectNow(Net.java:672)
	at java.base/sun.nio.ch.SocketChannelImpl.finishConnect(SocketChannelImpl.java:946)
	at io.netty.channel.socket.nio.NioSocketChannel.doFinishConnect(NioSocketChannel.java:337)
	at io.netty.channel.nio.AbstractNioChannel$AbstractNioUnsafe.finishConnect(AbstractNioChannel.java:334)
	at io.netty.channel.nio.NioEventLoop.processSelectedKey(NioEventLoop.java:776)
	at io.netty.channel.nio.NioEventLoop.processSelectedKeysOptimized(NioEventLoop.java:724)
	at io.netty.channel.nio.NioEventLoop.processSelectedKeys(NioEventLoop.java:650)
	at io.netty.channel.nio.NioEventLoop.run(NioEventLoop.java:562)
	at io.netty.util.concurrent.SingleThreadEventExecutor$4.run(SingleThreadEventExecutor.java:997)
	at io.netty.util.internal.ThreadExecutorMap$2.run(ThreadExecutorMap.java:74)
	at io.netty.util.concurrent.FastThreadLocalRunnable.run(FastThreadLocalRunnable.java:30)
	at java.base/java.lang.Thread.run(Thread.java:833)
2023-07-20 15:44:48,018 WARN (NotifyCenter.java:136)- [NotifyCenter] Start destroying Publisher
2023-07-20 15:44:48,019 WARN (NotifyCenter.java:153)- [NotifyCenter] Destruction of the end
2023-07-20 15:44:48,021 WARN (HttpClientBeanHolder.java:102)- [HttpClientBeanHolder] Start destroying common HttpClient
2023-07-20 15:51:05,187 WARN (NacosLogging.java:64)- Load Logback Configuration of Nacos fail, message: org/slf4j/impl/StaticLoggerBinder
2023-07-20 15:51:05,190 WARN (NacosLogging.java:64)- Load Logback Configuration of Nacos fail, message: org/slf4j/impl/StaticLoggerBinder
2023-07-20 15:51:05,210 INFO (LocalConfigInfoProcessor.java:68)- LOCAL_SNAPSHOT_PATH:C:\Users\yisheng\nacos\config
2023-07-20 15:51:05,216 INFO (RpcClientFactory.java:94)- [RpcClientFactory] create a new rpc client of d264438e-aad3-4c6a-a824-9af0a2e8afa8_config-0
2023-07-20 15:51:05,235 INFO (LoggerUtils.java:60)- [d264438e-aad3-4c6a-a824-9af0a2e8afa8_config-0] Register server push request handler:com.alibaba.nacos.client.config.impl.ClientWorker$ConfigRpcTransportClient$$Lambda$651/0x0000000800fc5488
2023-07-20 15:51:05,236 INFO (LoggerUtils.java:60)- [d264438e-aad3-4c6a-a824-9af0a2e8afa8_config-0] Register server push request handler:com.alibaba.nacos.client.config.impl.ClientWorker$ConfigRpcTransportClient$$Lambda$652/0x0000000800fc58a8
2023-07-20 15:51:05,237 INFO (LoggerUtils.java:60)- [d264438e-aad3-4c6a-a824-9af0a2e8afa8_config-0] Registry connection listener to current client:com.alibaba.nacos.client.config.impl.ClientWorker$ConfigRpcTransportClient$1
2023-07-20 15:51:05,237 INFO (LoggerUtils.java:60)- [d264438e-aad3-4c6a-a824-9af0a2e8afa8_config-0] RpcClient init, ServerListFactory = com.alibaba.nacos.client.config.impl.ClientWorker$ConfigRpcTransportClient$2
2023-07-20 15:51:05,247 INFO (LoggerUtils.java:60)- [d264438e-aad3-4c6a-a824-9af0a2e8afa8_config-0] Try to connect to server on start up, server: {serverIp = '127.0.0.1', server main port = 8848}
2023-07-20 15:51:06,134 INFO (LoggerUtils.java:60)- [d264438e-aad3-4c6a-a824-9af0a2e8afa8_config-0] Success to connect to server [127.0.0.1:8848] on start up, connectionId = 1689839465924_127.0.0.1_63211
2023-07-20 15:51:06,135 INFO (LoggerUtils.java:60)- [d264438e-aad3-4c6a-a824-9af0a2e8afa8_config-0] Register server push request handler:com.alibaba.nacos.common.remote.client.RpcClient$ConnectResetRequestHandler
2023-07-20 15:51:06,135 INFO (LoggerUtils.java:60)- [d264438e-aad3-4c6a-a824-9af0a2e8afa8_config-0] Notify connected event to listeners.
2023-07-20 15:51:06,136 INFO (ClientWorker.java:638)- [d264438e-aad3-4c6a-a824-9af0a2e8afa8_config-0] Connected,notify listen context...
2023-07-20 15:51:06,136 INFO (LoggerUtils.java:60)- [d264438e-aad3-4c6a-a824-9af0a2e8afa8_config-0] Register server push request handler:com.alibaba.nacos.common.remote.client.RpcClient$$Lambda$671/0x00000008010f6bf8
2023-07-20 15:51:06,171 INFO (Limiter.java:62)- limitTime:5.0
2023-07-20 15:51:06,185 INFO (JvmUtil.java:54)- isMultiInstance:false
2023-07-20 15:51:06,207 WARN (NacosPropertySourceBuilder.java:87)- Ignore the empty nacos configuration and get it based on dataId[novel-author-service] & group[DEFAULT_GROUP]
2023-07-20 15:51:06,212 WARN (NacosPropertySourceBuilder.java:87)- Ignore the empty nacos configuration and get it based on dataId[novel-author-service.yml] & group[DEFAULT_GROUP]
2023-07-20 15:51:06,217 WARN (NacosPropertySourceBuilder.java:87)- Ignore the empty nacos configuration and get it based on dataId[novel-author-service-common.yml] & group[DEFAULT_GROUP]
2023-07-20 15:51:06,222 WARN (NacosPropertySourceBuilder.java:87)- Ignore the empty nacos configuration and get it based on dataId[novel-author-service-dev.yml] & group[DEFAULT_GROUP]
2023-07-20 15:51:06,223 INFO (PropertySourceBootstrapConfiguration.java:108)- Located property source: [BootstrapPropertySource {name='bootstrapProperties-novel-author-service-dev.yml,DEFAULT_GROUP'}, BootstrapPropertySource {name='bootstrapProperties-novel-author-service-common.yml,DEFAULT_GROUP'}, BootstrapPropertySource {name='bootstrapProperties-novel-author-service.yml,DEFAULT_GROUP'}, BootstrapPropertySource {name='bootstrapProperties-novel-author-service,DEFAULT_GROUP'}, BootstrapPropertySource {name='bootstrapProperties-novel-rabbitmq.yml,DEFAULT_GROUP'}, BootstrapPropertySource {name='bootstrapProperties-novel-redis.yml,DEFAULT_GROUP'}, BootstrapPropertySource {name='bootstrapProperties-novel-mysql.yml,DEFAULT_GROUP'}]
2023-07-20 15:51:06,230 INFO (SpringApplication.java:638)- The following 2 profiles are active: "common", "dev"
2023-07-20 15:51:07,521 INFO (RepositoryConfigurationDelegate.java:291)- Multiple Spring Data modules found, entering strict repository configuration mode
2023-07-20 15:51:07,523 INFO (RepositoryConfigurationDelegate.java:138)- Bootstrapping Spring Data Redis repositories in DEFAULT mode.
2023-07-20 15:51:07,543 INFO (RepositoryConfigurationDelegate.java:208)- Finished Spring Data repository scanning in 8 ms. Found 0 Redis repository interfaces.
2023-07-20 15:51:07,810 INFO (GenericScope.java:282)- BeanFactory id=ee16daae-7b90-3dd5-8b5f-1691d98d21ee
2023-07-20 15:51:09,027 WARN (Bootstrap.java:68)- UT026010: Buffer pool was not set on WebSocketDeploymentInfo, the default pool will be used
2023-07-20 15:51:09,057 INFO (ServletContextImpl.java:372)- Initializing Spring embedded WebApplicationContext
2023-07-20 15:51:09,058 INFO (ServletWebServerApplicationContext.java:291)- Root WebApplicationContext: initialization completed in 2808 ms
2023-07-20 15:51:10,121 INFO (FeignClientFactoryBean.java:437)- For 'novel-book-service' URL not provided. Will try picking an instance via load-balancing.
2023-07-20 15:51:10,594 INFO (Version.java:41)- Redisson 3.19.1
2023-07-20 15:51:11,030 INFO (ConnectionPool.java:162)- 1 connections initialized for 127.0.0.1/127.0.0.1:6379
2023-07-20 15:51:11,248 INFO (ConnectionPool.java:162)- 24 connections initialized for 127.0.0.1/127.0.0.1:6379
2023-07-20 15:51:11,885 INFO (SentinelWebMvcConfigurer.java:52)- [Sentinel Starter] register SentinelWebInterceptor with urlPatterns: [/**].
2023-07-20 15:51:14,025 INFO (InetUtils.java:170)- Cannot determine local hostname
2023-07-20 15:51:14,889 INFO (StdSchedulerFactory.java:1220)- Using default implementation for ThreadExecutor
2023-07-20 15:51:14,908 INFO (SchedulerSignalerImpl.java:61)- Initialized Scheduler Signaller of type: class org.quartz.core.SchedulerSignalerImpl
2023-07-20 15:51:14,909 INFO (QuartzScheduler.java:229)- Quartz Scheduler v.2.3.2 created.
2023-07-20 15:51:14,910 INFO (RAMJobStore.java:155)- RAMJobStore initialized.
2023-07-20 15:51:14,911 INFO (QuartzScheduler.java:294)- Scheduler meta-data: Quartz Scheduler (v2.3.2) 'quartzScheduler' with instanceId 'NON_CLUSTERED'
  Scheduler class: 'org.quartz.core.QuartzScheduler' - running locally.
  NOT STARTED.
  Currently in standby mode.
  Number of jobs executed: 0
  Using thread pool 'org.quartz.simpl.SimpleThreadPool' - with 10 threads.
  Using job-store 'org.quartz.simpl.RAMJobStore' - which does not support persistence. and is not clustered.

2023-07-20 15:51:14,912 INFO (StdSchedulerFactory.java:1374)- Quartz scheduler 'quartzScheduler' initialized from an externally provided properties instance.
2023-07-20 15:51:14,912 INFO (StdSchedulerFactory.java:1378)- Quartz scheduler version: 2.3.2
2023-07-20 15:51:14,913 INFO (QuartzScheduler.java:2293)- JobFactory set to: org.springframework.scheduling.quartz.SpringBeanJobFactory@4f06006d
2023-07-20 15:51:16,787 INFO (InetUtils.java:170)- Cannot determine local hostname
2023-07-20 15:51:16,973 INFO (EndpointLinksResolver.java:58)- Exposing 21 endpoint(s) beneath base path '/actuator'
2023-07-20 15:51:17,289 WARN (LocalVariableTableParameterNameDiscoverer.java:123)- Using deprecated '-debug' fallback for parameter name resolution. Compile the affected code with '-parameters' instead or avoid its introspection: org.springframework.amqp.rabbit.core.RabbitAdmin
2023-07-20 15:51:17,334 INFO (Undertow.java:120)- starting server: Undertow - 2.3.4.Final
2023-07-20 15:51:17,350 INFO (Xnio.java:95)- XNIO version 3.8.8.Final
2023-07-20 15:51:17,368 INFO (NioXnio.java:58)- XNIO NIO Implementation Version 3.8.8.Final
2023-07-20 15:51:17,414 INFO (Version.java:55)- JBoss Threads version 3.5.0.Final
2023-07-20 15:51:17,487 INFO (UndertowWebServer.java:121)- Undertow started on port(s) 9010 (http)
2023-07-20 15:51:17,492 INFO (SearchableProperties.java:197)- properties search order:PROPERTIES->JVM->ENV->DEFAULT_SETTING
2023-07-20 15:51:17,493 INFO (InitUtils.java:61)- initializer namespace from System Property : null
2023-07-20 15:51:17,494 INFO (InitUtils.java:65)- initializer namespace from System Environment :null
2023-07-20 15:51:17,494 INFO (InitUtils.java:72)- initializer namespace from System Property :
2023-07-20 15:51:17,512 INFO (ClientAuthPluginManager.java:56)- [ClientAuthPluginManager] Load ClientAuthService com.alibaba.nacos.client.auth.impl.NacosClientAuthServiceImpl success.
2023-07-20 15:51:17,512 INFO (ClientAuthPluginManager.java:56)- [ClientAuthPluginManager] Load ClientAuthService com.alibaba.nacos.client.auth.ram.RamClientAuthServiceImpl success.
2023-07-20 15:51:17,518 INFO (RpcClientFactory.java:94)- [RpcClientFactory] create a new rpc client of 34172a4a-6d00-40d0-8eb3-5f6a10917b74
2023-07-20 15:51:17,521 INFO (LoggerUtils.java:60)- [34172a4a-6d00-40d0-8eb3-5f6a10917b74] RpcClient init, ServerListFactory = com.alibaba.nacos.client.naming.core.ServerListManager
2023-07-20 15:51:17,521 INFO (LoggerUtils.java:60)- [34172a4a-6d00-40d0-8eb3-5f6a10917b74] Registry connection listener to current client:com.alibaba.nacos.client.naming.remote.gprc.redo.NamingGrpcRedoService
2023-07-20 15:51:17,522 INFO (LoggerUtils.java:60)- [34172a4a-6d00-40d0-8eb3-5f6a10917b74] Register server push request handler:com.alibaba.nacos.client.naming.remote.gprc.NamingPushRequestHandler
2023-07-20 15:51:17,522 INFO (LoggerUtils.java:60)- [34172a4a-6d00-40d0-8eb3-5f6a10917b74] Try to connect to server on start up, server: {serverIp = '127.0.0.1', server main port = 8848}
2023-07-20 15:51:17,639 INFO (LoggerUtils.java:60)- [34172a4a-6d00-40d0-8eb3-5f6a10917b74] Success to connect to server [127.0.0.1:8848] on start up, connectionId = 1689839477529_127.0.0.1_63300
2023-07-20 15:51:17,639 INFO (LoggerUtils.java:60)- [34172a4a-6d00-40d0-8eb3-5f6a10917b74] Register server push request handler:com.alibaba.nacos.common.remote.client.RpcClient$ConnectResetRequestHandler
2023-07-20 15:51:17,639 INFO (LoggerUtils.java:60)- [34172a4a-6d00-40d0-8eb3-5f6a10917b74] Notify connected event to listeners.
2023-07-20 15:51:17,639 INFO (LoggerUtils.java:60)- [34172a4a-6d00-40d0-8eb3-5f6a10917b74] Register server push request handler:com.alibaba.nacos.common.remote.client.RpcClient$$Lambda$671/0x00000008010f6bf8
2023-07-20 15:51:17,639 INFO (NamingGrpcRedoService.java:78)- Grpc connection connect
2023-07-20 15:51:17,641 INFO (NamingGrpcClientProxy.java:120)- [REGISTER-SERVICE] public registering service novel-author-service with instance Instance{instanceId='null', ip='192.168.43.1', port=9010, weight=1.0, healthy=true, enabled=true, ephemeral=true, clusterName='DEFAULT', serviceName='null', metadata={preserved.register.source=SPRING_CLOUD}}
2023-07-20 15:51:17,653 INFO (NacosServiceRegistry.java:76)- nacos registry, DEFAULT_GROUP novel-author-service 192.168.43.1:9010 register finished
2023-07-20 15:51:18,808 INFO (InetUtils.java:170)- Cannot determine local hostname
2023-07-20 15:51:18,809 INFO (SchedulerFactoryBean.java:729)- Starting Quartz Scheduler now
2023-07-20 15:51:18,809 INFO (QuartzScheduler.java:547)- Scheduler quartzScheduler_$_NON_CLUSTERED started.
2023-07-20 15:51:18,836 INFO (StartupInfoLogger.java:57)- Started NovelAuthorApplication in 17.042 seconds (process running for 17.656)
2023-07-20 15:51:18,845 INFO (CacheData.java:67)- nacos.cache.data.init.snapshot = true 
2023-07-20 15:51:18,847 INFO (ClientWorker.java:379)- [fixed-127.0.0.1_8848] [subscribe] novel-author-service.yml+DEFAULT_GROUP
2023-07-20 15:51:18,858 INFO (CacheData.java:197)- [fixed-127.0.0.1_8848] [add-listener] ok, tenant=, dataId=novel-author-service.yml, group=DEFAULT_GROUP, cnt=1
2023-07-20 15:51:18,858 INFO (NacosContextRefresher.java:129)- [Nacos Config] Listening config: dataId=novel-author-service.yml, group=DEFAULT_GROUP
2023-07-20 15:51:18,859 INFO (ClientWorker.java:379)- [fixed-127.0.0.1_8848] [subscribe] novel-mysql.yml+DEFAULT_GROUP
2023-07-20 15:51:18,859 INFO (CacheData.java:197)- [fixed-127.0.0.1_8848] [add-listener] ok, tenant=, dataId=novel-mysql.yml, group=DEFAULT_GROUP, cnt=1
2023-07-20 15:51:18,859 INFO (NacosContextRefresher.java:129)- [Nacos Config] Listening config: dataId=novel-mysql.yml, group=DEFAULT_GROUP
2023-07-20 15:51:18,860 INFO (ClientWorker.java:379)- [fixed-127.0.0.1_8848] [subscribe] novel-author-service-common.yml+DEFAULT_GROUP
2023-07-20 15:51:18,860 INFO (CacheData.java:197)- [fixed-127.0.0.1_8848] [add-listener] ok, tenant=, dataId=novel-author-service-common.yml, group=DEFAULT_GROUP, cnt=1
2023-07-20 15:51:18,861 INFO (NacosContextRefresher.java:129)- [Nacos Config] Listening config: dataId=novel-author-service-common.yml, group=DEFAULT_GROUP
2023-07-20 15:51:18,861 INFO (ClientWorker.java:379)- [fixed-127.0.0.1_8848] [subscribe] novel-redis.yml+DEFAULT_GROUP
2023-07-20 15:51:18,861 INFO (CacheData.java:197)- [fixed-127.0.0.1_8848] [add-listener] ok, tenant=, dataId=novel-redis.yml, group=DEFAULT_GROUP, cnt=1
2023-07-20 15:51:18,861 INFO (NacosContextRefresher.java:129)- [Nacos Config] Listening config: dataId=novel-redis.yml, group=DEFAULT_GROUP
2023-07-20 15:51:18,863 INFO (ClientWorker.java:379)- [fixed-127.0.0.1_8848] [subscribe] novel-rabbitmq.yml+DEFAULT_GROUP
2023-07-20 15:51:18,863 INFO (CacheData.java:197)- [fixed-127.0.0.1_8848] [add-listener] ok, tenant=, dataId=novel-rabbitmq.yml, group=DEFAULT_GROUP, cnt=1
2023-07-20 15:51:18,863 INFO (NacosContextRefresher.java:129)- [Nacos Config] Listening config: dataId=novel-rabbitmq.yml, group=DEFAULT_GROUP
2023-07-20 15:51:18,864 INFO (ClientWorker.java:379)- [fixed-127.0.0.1_8848] [subscribe] novel-author-service+DEFAULT_GROUP
2023-07-20 15:51:18,864 INFO (CacheData.java:197)- [fixed-127.0.0.1_8848] [add-listener] ok, tenant=, dataId=novel-author-service, group=DEFAULT_GROUP, cnt=1
2023-07-20 15:51:18,864 INFO (NacosContextRefresher.java:129)- [Nacos Config] Listening config: dataId=novel-author-service, group=DEFAULT_GROUP
2023-07-20 15:51:18,864 INFO (ClientWorker.java:379)- [fixed-127.0.0.1_8848] [subscribe] novel-author-service-dev.yml+DEFAULT_GROUP
2023-07-20 15:51:18,865 INFO (CacheData.java:197)- [fixed-127.0.0.1_8848] [add-listener] ok, tenant=, dataId=novel-author-service-dev.yml, group=DEFAULT_GROUP, cnt=1
2023-07-20 15:51:18,865 INFO (NacosContextRefresher.java:129)- [Nacos Config] Listening config: dataId=novel-author-service-dev.yml, group=DEFAULT_GROUP
2023-07-20 15:51:19,209 INFO (ServletContextImpl.java:372)- Initializing Spring DispatcherServlet 'dispatcherServlet'
2023-07-20 15:51:19,209 INFO (FrameworkServlet.java:532)- Initializing Servlet 'dispatcherServlet'
2023-07-20 15:51:19,213 INFO (FrameworkServlet.java:554)- Completed initialization in 3 ms
2023-07-20 15:51:19,243 INFO (AbstractConnectionFactory.java:630)- Attempting to connect to: [192.168.10.110:5672]
2023-07-20 15:51:43,476 INFO (AbstractConnectionFactory.java:630)- Attempting to connect to: [192.168.10.110:5672]
2023-07-20 15:52:07,532 INFO (AbstractConnectionFactory.java:630)- Attempting to connect to: [192.168.10.110:5672]
2023-07-20 15:52:28,581 WARN (AbstractHealthIndicator.java:94)- Rabbit health check failed
org.springframework.amqp.AmqpConnectException: java.net.ConnectException: Connection timed out: no further information
	at org.springframework.amqp.rabbit.support.RabbitExceptionTranslator.convertRabbitAccessException(RabbitExceptionTranslator.java:61)
	at org.springframework.amqp.rabbit.connection.AbstractConnectionFactory.createBareConnection(AbstractConnectionFactory.java:594)
	at org.springframework.amqp.rabbit.connection.CachingConnectionFactory.createConnection(CachingConnectionFactory.java:687)
	at org.springframework.amqp.rabbit.connection.ConnectionFactoryUtils.createConnection(ConnectionFactoryUtils.java:257)
	at org.springframework.amqp.rabbit.core.RabbitTemplate.doExecute(RabbitTemplate.java:2225)
	at org.springframework.amqp.rabbit.core.RabbitTemplate.lambda$execute$13(RabbitTemplate.java:2187)
	at org.springframework.retry.support.RetryTemplate.doExecute(RetryTemplate.java:329)
	at org.springframework.retry.support.RetryTemplate.execute(RetryTemplate.java:225)
	at org.springframework.amqp.rabbit.core.RabbitTemplate.execute(RabbitTemplate.java:2186)
	at org.springframework.amqp.rabbit.core.RabbitTemplate.execute(RabbitTemplate.java:2178)
	at org.springframework.boot.actuate.amqp.RabbitHealthIndicator.getVersion(RabbitHealthIndicator.java:49)
	at org.springframework.boot.actuate.amqp.RabbitHealthIndicator.doHealthCheck(RabbitHealthIndicator.java:44)
	at org.springframework.boot.actuate.health.AbstractHealthIndicator.health(AbstractHealthIndicator.java:82)
	at org.springframework.boot.actuate.health.HealthIndicator.getHealth(HealthIndicator.java:37)
	at org.springframework.boot.actuate.health.HealthEndpoint.getHealth(HealthEndpoint.java:82)
	at org.springframework.boot.actuate.health.HealthEndpoint.getHealth(HealthEndpoint.java:41)
	at org.springframework.boot.actuate.health.HealthEndpointSupport.getLoggedHealth(HealthEndpointSupport.java:172)
	at org.springframework.boot.actuate.health.HealthEndpointSupport.getContribution(HealthEndpointSupport.java:145)
	at org.springframework.boot.actuate.health.HealthEndpointSupport.getAggregateContribution(HealthEndpointSupport.java:156)
	at org.springframework.boot.actuate.health.HealthEndpointSupport.getContribution(HealthEndpointSupport.java:141)
	at org.springframework.boot.actuate.health.HealthEndpointSupport.getHealth(HealthEndpointSupport.java:110)
	at org.springframework.boot.actuate.health.HealthEndpointSupport.getHealth(HealthEndpointSupport.java:81)
	at org.springframework.boot.actuate.health.HealthEndpoint.health(HealthEndpoint.java:76)
	at org.springframework.boot.actuate.health.HealthEndpoint.health(HealthEndpoint.java:66)
	at java.base/jdk.internal.reflect.NativeMethodAccessorImpl.invoke0(Native Method)
	at java.base/jdk.internal.reflect.NativeMethodAccessorImpl.invoke(NativeMethodAccessorImpl.java:77)
	at java.base/jdk.internal.reflect.DelegatingMethodAccessorImpl.invoke(DelegatingMethodAccessorImpl.java:43)
	at java.base/java.lang.reflect.Method.invoke(Method.java:568)
	at org.springframework.util.ReflectionUtils.invokeMethod(ReflectionUtils.java:281)
	at org.springframework.boot.actuate.endpoint.invoke.reflect.ReflectiveOperationInvoker.invoke(ReflectiveOperationInvoker.java:74)
	at org.springframework.boot.actuate.endpoint.annotation.AbstractDiscoveredOperation.invoke(AbstractDiscoveredOperation.java:60)
	at org.springframework.boot.actuate.endpoint.jmx.EndpointMBean.invoke(EndpointMBean.java:124)
	at org.springframework.boot.actuate.endpoint.jmx.EndpointMBean.invoke(EndpointMBean.java:97)
	at java.management/com.sun.jmx.interceptor.DefaultMBeanServerInterceptor.invoke(DefaultMBeanServerInterceptor.java:814)
	at java.management/com.sun.jmx.mbeanserver.JmxMBeanServer.invoke(JmxMBeanServer.java:802)
	at java.management.rmi/javax.management.remote.rmi.RMIConnectionImpl.doOperation(RMIConnectionImpl.java:1472)
	at java.management.rmi/javax.management.remote.rmi.RMIConnectionImpl$PrivilegedOperation.run(RMIConnectionImpl.java:1310)
	at java.management.rmi/javax.management.remote.rmi.RMIConnectionImpl.doPrivilegedOperation(RMIConnectionImpl.java:1405)
	at java.management.rmi/javax.management.remote.rmi.RMIConnectionImpl.invoke(RMIConnectionImpl.java:829)
	at java.base/jdk.internal.reflect.GeneratedMethodAccessor52.invoke(Unknown Source)
	at java.base/jdk.internal.reflect.DelegatingMethodAccessorImpl.invoke(DelegatingMethodAccessorImpl.java:43)
	at java.base/java.lang.reflect.Method.invoke(Method.java:568)
	at java.rmi/sun.rmi.server.UnicastServerRef.dispatch(UnicastServerRef.java:360)
	at java.rmi/sun.rmi.transport.Transport$1.run(Transport.java:200)
	at java.rmi/sun.rmi.transport.Transport$1.run(Transport.java:197)
	at java.base/java.security.AccessController.doPrivileged(AccessController.java:712)
	at java.rmi/sun.rmi.transport.Transport.serviceCall(Transport.java:196)
	at java.rmi/sun.rmi.transport.tcp.TCPTransport.handleMessages(TCPTransport.java:587)
	at java.rmi/sun.rmi.transport.tcp.TCPTransport$ConnectionHandler.run0(TCPTransport.java:828)
	at java.rmi/sun.rmi.transport.tcp.TCPTransport$ConnectionHandler.lambda$run$0(TCPTransport.java:705)
	at java.base/java.security.AccessController.doPrivileged(AccessController.java:399)
	at java.rmi/sun.rmi.transport.tcp.TCPTransport$ConnectionHandler.run(TCPTransport.java:704)
	at java.base/java.util.concurrent.ThreadPoolExecutor.runWorker(ThreadPoolExecutor.java:1136)
	at java.base/java.util.concurrent.ThreadPoolExecutor$Worker.run(ThreadPoolExecutor.java:635)
	at java.base/java.lang.Thread.run(Thread.java:833)
Caused by: java.net.ConnectException: Connection timed out: no further information
	at java.base/sun.nio.ch.Net.pollConnect(Native Method)
	at java.base/sun.nio.ch.Net.pollConnectNow(Net.java:672)
	at java.base/sun.nio.ch.NioSocketImpl.timedFinishConnect(NioSocketImpl.java:549)
	at java.base/sun.nio.ch.NioSocketImpl.connect(NioSocketImpl.java:597)
	at java.base/java.net.SocksSocketImpl.connect(SocksSocketImpl.java:327)
	at java.base/java.net.Socket.connect(Socket.java:633)
	at com.rabbitmq.client.impl.SocketFrameHandlerFactory.create(SocketFrameHandlerFactory.java:59)
	at com.rabbitmq.client.ConnectionFactory.newConnection(ConnectionFactory.java:1223)
	at com.rabbitmq.client.ConnectionFactory.newConnection(ConnectionFactory.java:1173)
	at org.springframework.amqp.rabbit.connection.AbstractConnectionFactory.connectAddresses(AbstractConnectionFactory.java:632)
	at org.springframework.amqp.rabbit.connection.AbstractConnectionFactory.connect(AbstractConnectionFactory.java:607)
	at org.springframework.amqp.rabbit.connection.AbstractConnectionFactory.createBareConnection(AbstractConnectionFactory.java:557)
	... 53 common frames omitted
2023-07-20 15:52:28,588 WARN (HealthEndpointSupport.java:181)- Health contributor org.springframework.boot.actuate.amqp.RabbitHealthIndicator (rabbit) took 69354ms to respond
2023-07-20 15:52:28,594 INFO (HikariDataSource.java:110)- HikariPool-1 - Starting...
2023-07-20 15:52:28,837 INFO (HikariPool.java:565)- HikariPool-1 - Added connection com.mysql.cj.jdbc.ConnectionImpl@654543de
2023-07-20 15:52:28,850 INFO (HikariDataSource.java:123)- HikariPool-1 - Start completed.
2023-07-20 23:02:01,799 WARN (HttpClientBeanHolder.java:102)- [HttpClientBeanHolder] Start destroying common HttpClient
2023-07-20 23:02:01,799 WARN (NotifyCenter.java:136)- [NotifyCenter] Start destroying Publisher
2023-07-20 23:02:01,815 WARN (NotifyCenter.java:153)- [NotifyCenter] Destruction of the end
2023-07-20 23:02:01,826 WARN (HttpClientBeanHolder.java:111)- [HttpClientBeanHolder] Destruction of the end
2023-07-20 23:02:01,896 INFO (QuartzScheduler.java:585)- Scheduler quartzScheduler_$_NON_CLUSTERED paused.
2023-07-20 23:02:01,918 INFO (Undertow.java:259)- stopping server: Undertow - 2.3.4.Final
2023-07-20 23:02:02,037 INFO (ServletContextImpl.java:372)- Destroying Spring FrameworkServlet 'dispatcherServlet'
2023-07-20 23:02:02,086 INFO (SchedulerFactoryBean.java:847)- Shutting down Quartz Scheduler
2023-07-20 23:02:02,086 INFO (QuartzScheduler.java:666)- Scheduler quartzScheduler_$_NON_CLUSTERED shutting down.
2023-07-20 23:02:02,086 INFO (QuartzScheduler.java:585)- Scheduler quartzScheduler_$_NON_CLUSTERED paused.
2023-07-20 23:02:02,087 INFO (QuartzScheduler.java:740)- Scheduler quartzScheduler_$_NON_CLUSTERED shutdown complete.
2023-07-20 23:02:02,160 INFO (NacosServiceRegistry.java:95)- De-registering from Nacos Server now...
2023-07-20 23:02:02,162 INFO (NamingGrpcClientProxy.java:216)- [DEREGISTER-SERVICE] public deregistering service novel-author-service with instance: Instance{instanceId='null', ip='192.168.43.1', port=9010, weight=1.0, healthy=true, enabled=true, ephemeral=true, clusterName='DEFAULT', serviceName='null', metadata={}}
2023-07-20 23:02:02,172 INFO (NacosServiceRegistry.java:115)- De-registration finished.
2023-07-20 23:02:02,177 INFO (ServiceInfoHolder.java:256)- com.alibaba.nacos.client.naming.cache.ServiceInfoHolder do shutdown begin
2023-07-20 23:02:02,177 INFO (FailoverReactor.java:133)- com.alibaba.nacos.client.naming.backups.FailoverReactor do shutdown begin
2023-07-20 23:02:02,177 INFO (FailoverReactor.java:135)- com.alibaba.nacos.client.naming.backups.FailoverReactor do shutdown stop
2023-07-20 23:02:02,178 INFO (ServiceInfoHolder.java:258)- com.alibaba.nacos.client.naming.cache.ServiceInfoHolder do shutdown stop
2023-07-20 23:02:02,178 INFO (NamingClientProxyDelegate.java:204)- com.alibaba.nacos.client.naming.remote.NamingClientProxyDelegate do shutdown begin
2023-07-20 23:02:02,178 INFO (ServiceInfoUpdateService.java:143)- com.alibaba.nacos.client.naming.core.ServiceInfoUpdateService do shutdown begin
2023-07-20 23:02:02,178 INFO (ServiceInfoUpdateService.java:145)- com.alibaba.nacos.client.naming.core.ServiceInfoUpdateService do shutdown stop
2023-07-20 23:02:02,178 INFO (ServerListManager.java:194)- com.alibaba.nacos.client.naming.core.ServerListManager do shutdown begin
2023-07-20 23:02:02,179 WARN (NamingHttpClientManager.java:74)- [NamingHttpClientManager] Start destroying NacosRestTemplate
2023-07-20 23:02:02,179 WARN (NamingHttpClientManager.java:81)- [NamingHttpClientManager] Destruction of the end
2023-07-20 23:02:02,180 INFO (ServerListManager.java:199)- com.alibaba.nacos.client.naming.core.ServerListManager do shutdown stop
2023-07-20 23:02:02,180 INFO (NamingHttpClientProxy.java:484)- com.alibaba.nacos.client.naming.remote.http.NamingHttpClientProxy do shutdown begin
2023-07-20 23:02:02,180 WARN (NamingHttpClientManager.java:74)- [NamingHttpClientManager] Start destroying NacosRestTemplate
2023-07-20 23:02:02,180 WARN (NamingHttpClientManager.java:81)- [NamingHttpClientManager] Destruction of the end
2023-07-20 23:02:02,180 INFO (NamingHttpClientProxy.java:486)- com.alibaba.nacos.client.naming.remote.http.NamingHttpClientProxy do shutdown stop
2023-07-20 23:02:02,181 INFO (RpcClient.java:425)- Shutdown rpc client, set status to shutdown
2023-07-20 23:02:02,182 INFO (RpcClient.java:427)- Shutdown client event executor java.util.concurrent.ScheduledThreadPoolExecutor@3ed5224d[Running, pool size = 2, active threads = 2, queued tasks = 0, completed tasks = 0]
2023-07-20 23:02:02,182 INFO (RpcClient.java:580)- Close current connection 1689839477529_127.0.0.1_63300
2023-07-20 23:02:02,186 INFO (LoggerUtils.java:60)- [1689839477529_127.0.0.1_63300]Ignore complete event,isRunning:false,isAbandon=false
2023-07-20 23:02:02,209 INFO (GrpcClient.java:140)- Shutdown grpc executor java.util.concurrent.ThreadPoolExecutor@2141083e[Running, pool size = 4, active threads = 0, queued tasks = 0, completed tasks = 5236]
2023-07-20 23:02:02,209 INFO (NamingGrpcRedoService.java:292)- Shutdown grpc redo service executor java.util.concurrent.ScheduledThreadPoolExecutor@5a4a3f69[Running, pool size = 1, active threads = 0, queued tasks = 1, completed tasks = 8609]
2023-07-20 23:02:02,210 INFO (CredentialWatcher.java:106)- [null] CredentialWatcher is stopped
2023-07-20 23:02:02,211 INFO (CredentialService.java:100)- [null] CredentialService is freed
2023-07-20 23:02:02,211 INFO (NamingClientProxyDelegate.java:211)- com.alibaba.nacos.client.naming.remote.NamingClientProxyDelegate do shutdown stop
2023-07-20 23:02:02,294 INFO (HikariDataSource.java:350)- HikariPool-1 - Shutdown initiated...
2023-07-20 23:02:02,298 INFO (HikariDataSource.java:352)- HikariPool-1 - Shutdown completed.
