2023-07-23 10:52:50,985 WARN (NacosLogging.java:64)- Load Logback Configuration of Nacos fail, message: org/slf4j/impl/StaticLoggerBinder
2023-07-23 10:52:50,992 WARN (NacosLogging.java:64)- Load Logback Configuration of Nacos fail, message: org/slf4j/impl/StaticLoggerBinder
2023-07-23 10:52:51,014 INFO (LocalConfigInfoProcessor.java:68)- LOCAL_SNAPSHOT_PATH:C:\Users\yisheng\nacos\config
2023-07-23 10:52:51,019 INFO (RpcClientFactory.java:94)- [RpcClientFactory] create a new rpc client of e61c2808-53fd-4af7-b26a-4f80f0cb1984_config-0
2023-07-23 10:52:51,038 INFO (LoggerUtils.java:60)- [e61c2808-53fd-4af7-b26a-4f80f0cb1984_config-0] Register server push request handler:com.alibaba.nacos.client.config.impl.ClientWorker$ConfigRpcTransportClient$$Lambda$651/0x0000000800fc6710
2023-07-23 10:52:51,043 INFO (LoggerUtils.java:60)- [e61c2808-53fd-4af7-b26a-4f80f0cb1984_config-0] Register server push request handler:com.alibaba.nacos.client.config.impl.ClientWorker$ConfigRpcTransportClient$$Lambda$652/0x0000000800fc6b30
2023-07-23 10:52:51,044 INFO (LoggerUtils.java:60)- [e61c2808-53fd-4af7-b26a-4f80f0cb1984_config-0] Registry connection listener to current client:com.alibaba.nacos.client.config.impl.ClientWorker$ConfigRpcTransportClient$1
2023-07-23 10:52:51,045 INFO (LoggerUtils.java:60)- [e61c2808-53fd-4af7-b26a-4f80f0cb1984_config-0] RpcClient init, ServerListFactory = com.alibaba.nacos.client.config.impl.ClientWorker$ConfigRpcTransportClient$2
2023-07-23 10:52:51,055 INFO (LoggerUtils.java:60)- [e61c2808-53fd-4af7-b26a-4f80f0cb1984_config-0] Try to connect to server on start up, server: {serverIp = '127.0.0.1', server main port = 8848}
2023-07-23 10:52:52,036 INFO (LoggerUtils.java:60)- [e61c2808-53fd-4af7-b26a-4f80f0cb1984_config-0] Success to connect to server [127.0.0.1:8848] on start up, connectionId = 1690080771816_127.0.0.1_57299
2023-07-23 10:52:52,038 INFO (LoggerUtils.java:60)- [e61c2808-53fd-4af7-b26a-4f80f0cb1984_config-0] Notify connected event to listeners.
2023-07-23 10:52:52,039 INFO (ClientWorker.java:638)- [e61c2808-53fd-4af7-b26a-4f80f0cb1984_config-0] Connected,notify listen context...
2023-07-23 10:52:52,039 INFO (LoggerUtils.java:60)- [e61c2808-53fd-4af7-b26a-4f80f0cb1984_config-0] Register server push request handler:com.alibaba.nacos.common.remote.client.RpcClient$ConnectResetRequestHandler
2023-07-23 10:52:52,041 INFO (LoggerUtils.java:60)- [e61c2808-53fd-4af7-b26a-4f80f0cb1984_config-0] Register server push request handler:com.alibaba.nacos.common.remote.client.RpcClient$$Lambda$671/0x00000008010f8228
2023-07-23 10:52:52,094 INFO (Limiter.java:62)- limitTime:5.0
2023-07-23 10:52:52,114 INFO (JvmUtil.java:54)- isMultiInstance:false
2023-07-23 10:52:52,151 WARN (NacosPropertySourceBuilder.java:87)- Ignore the empty nacos configuration and get it based on dataId[novel-user-service] & group[DEFAULT_GROUP]
2023-07-23 10:52:52,159 WARN (NacosPropertySourceBuilder.java:87)- Ignore the empty nacos configuration and get it based on dataId[novel-user-service.yml] & group[DEFAULT_GROUP]
2023-07-23 10:52:52,165 WARN (NacosPropertySourceBuilder.java:87)- Ignore the empty nacos configuration and get it based on dataId[novel-user-service-common.yml] & group[DEFAULT_GROUP]
2023-07-23 10:52:52,171 WARN (NacosPropertySourceBuilder.java:87)- Ignore the empty nacos configuration and get it based on dataId[novel-user-service-dev.yml] & group[DEFAULT_GROUP]
2023-07-23 10:52:52,173 INFO (PropertySourceBootstrapConfiguration.java:108)- Located property source: [BootstrapPropertySource {name='bootstrapProperties-novel-user-service-dev.yml,DEFAULT_GROUP'}, BootstrapPropertySource {name='bootstrapProperties-novel-user-service-common.yml,DEFAULT_GROUP'}, BootstrapPropertySource {name='bootstrapProperties-novel-user-service.yml,DEFAULT_GROUP'}, BootstrapPropertySource {name='bootstrapProperties-novel-user-service,DEFAULT_GROUP'}, BootstrapPropertySource {name='bootstrapProperties-novel-rabbitmq.yml,DEFAULT_GROUP'}, BootstrapPropertySource {name='bootstrapProperties-novel-redis.yml,DEFAULT_GROUP'}, BootstrapPropertySource {name='bootstrapProperties-novel-mysql.yml,DEFAULT_GROUP'}]
2023-07-23 10:52:52,184 INFO (SpringApplication.java:638)- The following 2 profiles are active: "common", "dev"
2023-07-23 10:52:53,806 INFO (RepositoryConfigurationDelegate.java:291)- Multiple Spring Data modules found, entering strict repository configuration mode
2023-07-23 10:52:53,810 INFO (RepositoryConfigurationDelegate.java:138)- Bootstrapping Spring Data Redis repositories in DEFAULT mode.
2023-07-23 10:52:53,838 INFO (RepositoryConfigurationDelegate.java:208)- Finished Spring Data repository scanning in 12 ms. Found 0 Redis repository interfaces.
2023-07-23 10:52:54,386 INFO (GenericScope.java:282)- BeanFactory id=2acd4375-aa8a-3ed9-a896-29a228ebdfb2
2023-07-23 10:52:55,447 WARN (Bootstrap.java:68)- UT026010: Buffer pool was not set on WebSocketDeploymentInfo, the default pool will be used
2023-07-23 10:52:55,466 INFO (ServletContextImpl.java:372)- Initializing Spring embedded WebApplicationContext
2023-07-23 10:52:55,467 INFO (ServletWebServerApplicationContext.java:291)- Root WebApplicationContext: initialization completed in 3254 ms
2023-07-23 10:52:56,456 INFO (Version.java:41)- Redisson 3.19.1
2023-07-23 10:52:56,857 INFO (ConnectionPool.java:162)- 1 connections initialized for 127.0.0.1/127.0.0.1:6379
2023-07-23 10:52:56,893 INFO (ConnectionPool.java:162)- 24 connections initialized for 127.0.0.1/127.0.0.1:6379
2023-07-23 10:52:57,294 INFO (FeignClientFactoryBean.java:437)- For 'novel-book-service' URL not provided. Will try picking an instance via load-balancing.
2023-07-23 10:52:57,509 INFO (SentinelWebMvcConfigurer.java:52)- [Sentinel Starter] register SentinelWebInterceptor with urlPatterns: [/**].
2023-07-23 10:52:59,313 INFO (InetUtils.java:170)- Cannot determine local hostname
2023-07-23 10:52:59,836 INFO (StdSchedulerFactory.java:1220)- Using default implementation for ThreadExecutor
2023-07-23 10:52:59,846 INFO (SchedulerSignalerImpl.java:61)- Initialized Scheduler Signaller of type: class org.quartz.core.SchedulerSignalerImpl
2023-07-23 10:52:59,847 INFO (QuartzScheduler.java:229)- Quartz Scheduler v.2.3.2 created.
2023-07-23 10:52:59,848 INFO (RAMJobStore.java:155)- RAMJobStore initialized.
2023-07-23 10:52:59,848 INFO (QuartzScheduler.java:294)- Scheduler meta-data: Quartz Scheduler (v2.3.2) 'quartzScheduler' with instanceId 'NON_CLUSTERED'
  Scheduler class: 'org.quartz.core.QuartzScheduler' - running locally.
  NOT STARTED.
  Currently in standby mode.
  Number of jobs executed: 0
  Using thread pool 'org.quartz.simpl.SimpleThreadPool' - with 10 threads.
  Using job-store 'org.quartz.simpl.RAMJobStore' - which does not support persistence. and is not clustered.

2023-07-23 10:52:59,848 INFO (StdSchedulerFactory.java:1374)- Quartz scheduler 'quartzScheduler' initialized from an externally provided properties instance.
2023-07-23 10:52:59,848 INFO (StdSchedulerFactory.java:1378)- Quartz scheduler version: 2.3.2
2023-07-23 10:52:59,849 INFO (QuartzScheduler.java:2293)- JobFactory set to: org.springframework.scheduling.quartz.SpringBeanJobFactory@4872d04d
2023-07-23 10:53:01,349 INFO (InetUtils.java:170)- Cannot determine local hostname
2023-07-23 10:53:01,388 INFO (EndpointLinksResolver.java:58)- Exposing 21 endpoint(s) beneath base path '/actuator'
2023-07-23 10:53:01,612 WARN (LocalVariableTableParameterNameDiscoverer.java:123)- Using deprecated '-debug' fallback for parameter name resolution. Compile the affected code with '-parameters' instead or avoid its introspection: org.springframework.amqp.rabbit.core.RabbitAdmin
2023-07-23 10:53:01,646 INFO (Undertow.java:120)- starting server: Undertow - 2.3.4.Final
2023-07-23 10:53:01,657 INFO (Xnio.java:95)- XNIO version 3.8.8.Final
2023-07-23 10:53:01,669 INFO (NioXnio.java:58)- XNIO NIO Implementation Version 3.8.8.Final
2023-07-23 10:53:01,694 INFO (Version.java:55)- JBoss Threads version 3.5.0.Final
2023-07-23 10:53:01,732 INFO (UndertowWebServer.java:121)- Undertow started on port(s) 9060 (http)
2023-07-23 10:53:01,736 INFO (SearchableProperties.java:197)- properties search order:PROPERTIES->JVM->ENV->DEFAULT_SETTING
2023-07-23 10:53:01,737 INFO (InitUtils.java:61)- initializer namespace from System Property : null
2023-07-23 10:53:01,737 INFO (InitUtils.java:65)- initializer namespace from System Environment :null
2023-07-23 10:53:01,738 INFO (InitUtils.java:72)- initializer namespace from System Property :
2023-07-23 10:53:01,746 INFO (ClientAuthPluginManager.java:56)- [ClientAuthPluginManager] Load ClientAuthService com.alibaba.nacos.client.auth.impl.NacosClientAuthServiceImpl success.
2023-07-23 10:53:01,746 INFO (ClientAuthPluginManager.java:56)- [ClientAuthPluginManager] Load ClientAuthService com.alibaba.nacos.client.auth.ram.RamClientAuthServiceImpl success.
2023-07-23 10:53:01,750 INFO (RpcClientFactory.java:94)- [RpcClientFactory] create a new rpc client of 34ea8da0-e470-4def-9ba8-83c990af7e64
2023-07-23 10:53:01,752 INFO (LoggerUtils.java:60)- [34ea8da0-e470-4def-9ba8-83c990af7e64] RpcClient init, ServerListFactory = com.alibaba.nacos.client.naming.core.ServerListManager
2023-07-23 10:53:01,753 INFO (LoggerUtils.java:60)- [34ea8da0-e470-4def-9ba8-83c990af7e64] Registry connection listener to current client:com.alibaba.nacos.client.naming.remote.gprc.redo.NamingGrpcRedoService
2023-07-23 10:53:01,753 INFO (LoggerUtils.java:60)- [34ea8da0-e470-4def-9ba8-83c990af7e64] Register server push request handler:com.alibaba.nacos.client.naming.remote.gprc.NamingPushRequestHandler
2023-07-23 10:53:01,754 INFO (LoggerUtils.java:60)- [34ea8da0-e470-4def-9ba8-83c990af7e64] Try to connect to server on start up, server: {serverIp = '127.0.0.1', server main port = 8848}
2023-07-23 10:53:01,875 INFO (LoggerUtils.java:60)- [34ea8da0-e470-4def-9ba8-83c990af7e64] Success to connect to server [127.0.0.1:8848] on start up, connectionId = 1690080781759_127.0.0.1_57365
2023-07-23 10:53:01,876 INFO (LoggerUtils.java:60)- [34ea8da0-e470-4def-9ba8-83c990af7e64] Notify connected event to listeners.
2023-07-23 10:53:01,876 INFO (LoggerUtils.java:60)- [34ea8da0-e470-4def-9ba8-83c990af7e64] Register server push request handler:com.alibaba.nacos.common.remote.client.RpcClient$ConnectResetRequestHandler
2023-07-23 10:53:01,876 INFO (NamingGrpcRedoService.java:78)- Grpc connection connect
2023-07-23 10:53:01,876 INFO (LoggerUtils.java:60)- [34ea8da0-e470-4def-9ba8-83c990af7e64] Register server push request handler:com.alibaba.nacos.common.remote.client.RpcClient$$Lambda$671/0x00000008010f8228
2023-07-23 10:53:01,878 INFO (NamingGrpcClientProxy.java:120)- [REGISTER-SERVICE] public registering service novel-user-service with instance Instance{instanceId='null', ip='192.168.43.1', port=9060, weight=1.0, healthy=true, enabled=true, ephemeral=true, clusterName='DEFAULT', serviceName='null', metadata={preserved.register.source=SPRING_CLOUD}}
2023-07-23 10:53:01,886 INFO (NacosServiceRegistry.java:76)- nacos registry, DEFAULT_GROUP novel-user-service 192.168.43.1:9060 register finished
2023-07-23 10:53:02,977 INFO (InetUtils.java:170)- Cannot determine local hostname
2023-07-23 10:53:02,977 INFO (SchedulerFactoryBean.java:729)- Starting Quartz Scheduler now
2023-07-23 10:53:02,977 INFO (QuartzScheduler.java:547)- Scheduler quartzScheduler_$_NON_CLUSTERED started.
2023-07-23 10:53:02,995 INFO (StartupInfoLogger.java:57)- Started NovelUserApplication in 15.733 seconds (process running for 16.399)
2023-07-23 10:53:02,999 INFO (CacheData.java:67)- nacos.cache.data.init.snapshot = true 
2023-07-23 10:53:03,000 INFO (ClientWorker.java:379)- [fixed-127.0.0.1_8848] [subscribe] novel-user-service+DEFAULT_GROUP
2023-07-23 10:53:03,006 INFO (CacheData.java:197)- [fixed-127.0.0.1_8848] [add-listener] ok, tenant=, dataId=novel-user-service, group=DEFAULT_GROUP, cnt=1
2023-07-23 10:53:03,006 INFO (NacosContextRefresher.java:129)- [Nacos Config] Listening config: dataId=novel-user-service, group=DEFAULT_GROUP
2023-07-23 10:53:03,007 INFO (ClientWorker.java:379)- [fixed-127.0.0.1_8848] [subscribe] novel-user-service.yml+DEFAULT_GROUP
2023-07-23 10:53:03,007 INFO (CacheData.java:197)- [fixed-127.0.0.1_8848] [add-listener] ok, tenant=, dataId=novel-user-service.yml, group=DEFAULT_GROUP, cnt=1
2023-07-23 10:53:03,007 INFO (NacosContextRefresher.java:129)- [Nacos Config] Listening config: dataId=novel-user-service.yml, group=DEFAULT_GROUP
2023-07-23 10:53:03,008 INFO (ClientWorker.java:379)- [fixed-127.0.0.1_8848] [subscribe] novel-mysql.yml+DEFAULT_GROUP
2023-07-23 10:53:03,008 INFO (CacheData.java:197)- [fixed-127.0.0.1_8848] [add-listener] ok, tenant=, dataId=novel-mysql.yml, group=DEFAULT_GROUP, cnt=1
2023-07-23 10:53:03,008 INFO (NacosContextRefresher.java:129)- [Nacos Config] Listening config: dataId=novel-mysql.yml, group=DEFAULT_GROUP
2023-07-23 10:53:03,009 INFO (ClientWorker.java:379)- [fixed-127.0.0.1_8848] [subscribe] novel-redis.yml+DEFAULT_GROUP
2023-07-23 10:53:03,009 INFO (CacheData.java:197)- [fixed-127.0.0.1_8848] [add-listener] ok, tenant=, dataId=novel-redis.yml, group=DEFAULT_GROUP, cnt=1
2023-07-23 10:53:03,009 INFO (NacosContextRefresher.java:129)- [Nacos Config] Listening config: dataId=novel-redis.yml, group=DEFAULT_GROUP
2023-07-23 10:53:03,010 INFO (ClientWorker.java:379)- [fixed-127.0.0.1_8848] [subscribe] novel-rabbitmq.yml+DEFAULT_GROUP
2023-07-23 10:53:03,010 INFO (CacheData.java:197)- [fixed-127.0.0.1_8848] [add-listener] ok, tenant=, dataId=novel-rabbitmq.yml, group=DEFAULT_GROUP, cnt=1
2023-07-23 10:53:03,010 INFO (NacosContextRefresher.java:129)- [Nacos Config] Listening config: dataId=novel-rabbitmq.yml, group=DEFAULT_GROUP
2023-07-23 10:53:03,010 INFO (ClientWorker.java:379)- [fixed-127.0.0.1_8848] [subscribe] novel-user-service-dev.yml+DEFAULT_GROUP
2023-07-23 10:53:03,011 INFO (CacheData.java:197)- [fixed-127.0.0.1_8848] [add-listener] ok, tenant=, dataId=novel-user-service-dev.yml, group=DEFAULT_GROUP, cnt=1
2023-07-23 10:53:03,011 INFO (NacosContextRefresher.java:129)- [Nacos Config] Listening config: dataId=novel-user-service-dev.yml, group=DEFAULT_GROUP
2023-07-23 10:53:03,011 INFO (ClientWorker.java:379)- [fixed-127.0.0.1_8848] [subscribe] novel-user-service-common.yml+DEFAULT_GROUP
2023-07-23 10:53:03,011 INFO (CacheData.java:197)- [fixed-127.0.0.1_8848] [add-listener] ok, tenant=, dataId=novel-user-service-common.yml, group=DEFAULT_GROUP, cnt=1
2023-07-23 10:53:03,011 INFO (NacosContextRefresher.java:129)- [Nacos Config] Listening config: dataId=novel-user-service-common.yml, group=DEFAULT_GROUP
2023-07-23 10:53:03,173 INFO (ServletContextImpl.java:372)- Initializing Spring DispatcherServlet 'dispatcherServlet'
2023-07-23 10:53:03,173 INFO (FrameworkServlet.java:532)- Initializing Servlet 'dispatcherServlet'
2023-07-23 10:53:03,178 INFO (FrameworkServlet.java:554)- Completed initialization in 4 ms
2023-07-23 10:53:03,215 INFO (AbstractConnectionFactory.java:630)- Attempting to connect to: [192.168.10.110:5672]
2023-07-23 10:53:27,276 INFO (AbstractConnectionFactory.java:630)- Attempting to connect to: [192.168.10.110:5672]
2023-07-23 10:53:51,321 INFO (AbstractConnectionFactory.java:630)- Attempting to connect to: [192.168.10.110:5672]
2023-07-23 10:54:12,350 WARN (AbstractHealthIndicator.java:94)- Rabbit health check failed
org.springframework.amqp.AmqpConnectException: java.net.ConnectException: Connection timed out: no further information
	at org.springframework.amqp.rabbit.support.RabbitExceptionTranslator.convertRabbitAccessException(RabbitExceptionTranslator.java:61)
	at org.springframework.amqp.rabbit.connection.AbstractConnectionFactory.createBareConnection(AbstractConnectionFactory.java:594)
	at org.springframework.amqp.rabbit.connection.CachingConnectionFactory.createConnection(CachingConnectionFactory.java:687)
	at org.springframework.amqp.rabbit.connection.ConnectionFactoryUtils.createConnection(ConnectionFactoryUtils.java:257)
	at org.springframework.amqp.rabbit.core.RabbitTemplate.doExecute(RabbitTemplate.java:2225)
	at org.springframework.amqp.rabbit.core.RabbitTemplate.lambda$execute$13(RabbitTemplate.java:2187)
	at org.springframework.retry.support.RetryTemplate.doExecute(RetryTemplate.java:329)
	at org.springframework.retry.support.RetryTemplate.execute(RetryTemplate.java:225)
	at org.springframework.amqp.rabbit.core.RabbitTemplate.execute(RabbitTemplate.java:2186)
	at org.springframework.amqp.rabbit.core.RabbitTemplate.execute(RabbitTemplate.java:2178)
	at org.springframework.boot.actuate.amqp.RabbitHealthIndicator.getVersion(RabbitHealthIndicator.java:49)
	at org.springframework.boot.actuate.amqp.RabbitHealthIndicator.doHealthCheck(RabbitHealthIndicator.java:44)
	at org.springframework.boot.actuate.health.AbstractHealthIndicator.health(AbstractHealthIndicator.java:82)
	at org.springframework.boot.actuate.health.HealthIndicator.getHealth(HealthIndicator.java:37)
	at org.springframework.boot.actuate.health.HealthEndpoint.getHealth(HealthEndpoint.java:82)
	at org.springframework.boot.actuate.health.HealthEndpoint.getHealth(HealthEndpoint.java:41)
	at org.springframework.boot.actuate.health.HealthEndpointSupport.getLoggedHealth(HealthEndpointSupport.java:172)
	at org.springframework.boot.actuate.health.HealthEndpointSupport.getContribution(HealthEndpointSupport.java:145)
	at org.springframework.boot.actuate.health.HealthEndpointSupport.getAggregateContribution(HealthEndpointSupport.java:156)
	at org.springframework.boot.actuate.health.HealthEndpointSupport.getContribution(HealthEndpointSupport.java:141)
	at org.springframework.boot.actuate.health.HealthEndpointSupport.getHealth(HealthEndpointSupport.java:110)
	at org.springframework.boot.actuate.health.HealthEndpointSupport.getHealth(HealthEndpointSupport.java:81)
	at org.springframework.boot.actuate.health.HealthEndpoint.health(HealthEndpoint.java:76)
	at org.springframework.boot.actuate.health.HealthEndpoint.health(HealthEndpoint.java:66)
	at java.base/jdk.internal.reflect.NativeMethodAccessorImpl.invoke0(Native Method)
	at java.base/jdk.internal.reflect.NativeMethodAccessorImpl.invoke(NativeMethodAccessorImpl.java:77)
	at java.base/jdk.internal.reflect.DelegatingMethodAccessorImpl.invoke(DelegatingMethodAccessorImpl.java:43)
	at java.base/java.lang.reflect.Method.invoke(Method.java:568)
	at org.springframework.util.ReflectionUtils.invokeMethod(ReflectionUtils.java:281)
	at org.springframework.boot.actuate.endpoint.invoke.reflect.ReflectiveOperationInvoker.invoke(ReflectiveOperationInvoker.java:74)
	at org.springframework.boot.actuate.endpoint.annotation.AbstractDiscoveredOperation.invoke(AbstractDiscoveredOperation.java:60)
	at org.springframework.boot.actuate.endpoint.jmx.EndpointMBean.invoke(EndpointMBean.java:124)
	at org.springframework.boot.actuate.endpoint.jmx.EndpointMBean.invoke(EndpointMBean.java:97)
	at java.management/com.sun.jmx.interceptor.DefaultMBeanServerInterceptor.invoke(DefaultMBeanServerInterceptor.java:814)
	at java.management/com.sun.jmx.mbeanserver.JmxMBeanServer.invoke(JmxMBeanServer.java:802)
	at java.management.rmi/javax.management.remote.rmi.RMIConnectionImpl.doOperation(RMIConnectionImpl.java:1472)
	at java.management.rmi/javax.management.remote.rmi.RMIConnectionImpl$PrivilegedOperation.run(RMIConnectionImpl.java:1310)
	at java.management.rmi/javax.management.remote.rmi.RMIConnectionImpl.doPrivilegedOperation(RMIConnectionImpl.java:1405)
	at java.management.rmi/javax.management.remote.rmi.RMIConnectionImpl.invoke(RMIConnectionImpl.java:829)
	at java.base/jdk.internal.reflect.GeneratedMethodAccessor53.invoke(Unknown Source)
	at java.base/jdk.internal.reflect.DelegatingMethodAccessorImpl.invoke(DelegatingMethodAccessorImpl.java:43)
	at java.base/java.lang.reflect.Method.invoke(Method.java:568)
	at java.rmi/sun.rmi.server.UnicastServerRef.dispatch(UnicastServerRef.java:360)
	at java.rmi/sun.rmi.transport.Transport$1.run(Transport.java:200)
	at java.rmi/sun.rmi.transport.Transport$1.run(Transport.java:197)
	at java.base/java.security.AccessController.doPrivileged(AccessController.java:712)
	at java.rmi/sun.rmi.transport.Transport.serviceCall(Transport.java:196)
	at java.rmi/sun.rmi.transport.tcp.TCPTransport.handleMessages(TCPTransport.java:587)
	at java.rmi/sun.rmi.transport.tcp.TCPTransport$ConnectionHandler.run0(TCPTransport.java:828)
	at java.rmi/sun.rmi.transport.tcp.TCPTransport$ConnectionHandler.lambda$run$0(TCPTransport.java:705)
	at java.base/java.security.AccessController.doPrivileged(AccessController.java:399)
	at java.rmi/sun.rmi.transport.tcp.TCPTransport$ConnectionHandler.run(TCPTransport.java:704)
	at java.base/java.util.concurrent.ThreadPoolExecutor.runWorker(ThreadPoolExecutor.java:1136)
	at java.base/java.util.concurrent.ThreadPoolExecutor$Worker.run(ThreadPoolExecutor.java:635)
	at java.base/java.lang.Thread.run(Thread.java:833)
Caused by: java.net.ConnectException: Connection timed out: no further information
	at java.base/sun.nio.ch.Net.pollConnect(Native Method)
	at java.base/sun.nio.ch.Net.pollConnectNow(Net.java:672)
	at java.base/sun.nio.ch.NioSocketImpl.timedFinishConnect(NioSocketImpl.java:549)
	at java.base/sun.nio.ch.NioSocketImpl.connect(NioSocketImpl.java:597)
	at java.base/java.net.SocksSocketImpl.connect(SocksSocketImpl.java:327)
	at java.base/java.net.Socket.connect(Socket.java:633)
	at com.rabbitmq.client.impl.SocketFrameHandlerFactory.create(SocketFrameHandlerFactory.java:59)
	at com.rabbitmq.client.ConnectionFactory.newConnection(ConnectionFactory.java:1223)
	at com.rabbitmq.client.ConnectionFactory.newConnection(ConnectionFactory.java:1173)
	at org.springframework.amqp.rabbit.connection.AbstractConnectionFactory.connectAddresses(AbstractConnectionFactory.java:632)
	at org.springframework.amqp.rabbit.connection.AbstractConnectionFactory.connect(AbstractConnectionFactory.java:607)
	at org.springframework.amqp.rabbit.connection.AbstractConnectionFactory.createBareConnection(AbstractConnectionFactory.java:557)
	... 53 common frames omitted
2023-07-23 10:54:12,355 WARN (HealthEndpointSupport.java:181)- Health contributor org.springframework.boot.actuate.amqp.RabbitHealthIndicator (rabbit) took 69143ms to respond
2023-07-23 10:54:12,360 INFO (HikariDataSource.java:110)- HikariPool-1 - Starting...
2023-07-23 10:54:12,517 INFO (HikariPool.java:565)- HikariPool-1 - Added connection com.mysql.cj.jdbc.ConnectionImpl@3d40ec71
2023-07-23 10:54:12,526 INFO (HikariDataSource.java:123)- HikariPool-1 - Start completed.
2023-07-23 18:14:06,850 WARN (NotifyCenter.java:136)- [NotifyCenter] Start destroying Publisher
2023-07-23 18:14:06,851 WARN (HttpClientBeanHolder.java:102)- [HttpClientBeanHolder] Start destroying common HttpClient
2023-07-23 18:14:06,853 WARN (NotifyCenter.java:153)- [NotifyCenter] Destruction of the end
2023-07-23 18:14:06,856 WARN (HttpClientBeanHolder.java:111)- [HttpClientBeanHolder] Destruction of the end
2023-07-23 18:14:06,863 INFO (QuartzScheduler.java:585)- Scheduler quartzScheduler_$_NON_CLUSTERED paused.
2023-07-23 18:14:06,868 INFO (Undertow.java:259)- stopping server: Undertow - 2.3.4.Final
2023-07-23 18:14:06,892 INFO (ServletContextImpl.java:372)- Destroying Spring FrameworkServlet 'dispatcherServlet'
2023-07-23 18:14:06,906 INFO (SchedulerFactoryBean.java:847)- Shutting down Quartz Scheduler
2023-07-23 18:14:06,906 INFO (QuartzScheduler.java:666)- Scheduler quartzScheduler_$_NON_CLUSTERED shutting down.
2023-07-23 18:14:06,906 INFO (QuartzScheduler.java:585)- Scheduler quartzScheduler_$_NON_CLUSTERED paused.
2023-07-23 18:14:06,907 INFO (QuartzScheduler.java:740)- Scheduler quartzScheduler_$_NON_CLUSTERED shutdown complete.
2023-07-23 18:14:06,919 INFO (NacosServiceRegistry.java:95)- De-registering from Nacos Server now...
2023-07-23 18:14:06,920 INFO (NamingGrpcClientProxy.java:216)- [DEREGISTER-SERVICE] public deregistering service novel-user-service with instance: Instance{instanceId='null', ip='192.168.43.1', port=9060, weight=1.0, healthy=true, enabled=true, ephemeral=true, clusterName='DEFAULT', serviceName='null', metadata={}}
2023-07-23 18:14:06,923 INFO (NacosServiceRegistry.java:115)- De-registration finished.
2023-07-23 18:14:06,924 INFO (ServiceInfoHolder.java:256)- com.alibaba.nacos.client.naming.cache.ServiceInfoHolder do shutdown begin
2023-07-23 18:14:06,925 INFO (FailoverReactor.java:133)- com.alibaba.nacos.client.naming.backups.FailoverReactor do shutdown begin
2023-07-23 18:14:06,925 INFO (FailoverReactor.java:135)- com.alibaba.nacos.client.naming.backups.FailoverReactor do shutdown stop
2023-07-23 18:14:06,925 INFO (ServiceInfoHolder.java:258)- com.alibaba.nacos.client.naming.cache.ServiceInfoHolder do shutdown stop
2023-07-23 18:14:06,925 INFO (NamingClientProxyDelegate.java:204)- com.alibaba.nacos.client.naming.remote.NamingClientProxyDelegate do shutdown begin
2023-07-23 18:14:06,926 INFO (ServiceInfoUpdateService.java:143)- com.alibaba.nacos.client.naming.core.ServiceInfoUpdateService do shutdown begin
2023-07-23 18:14:06,926 INFO (ServiceInfoUpdateService.java:145)- com.alibaba.nacos.client.naming.core.ServiceInfoUpdateService do shutdown stop
2023-07-23 18:14:06,926 INFO (ServerListManager.java:194)- com.alibaba.nacos.client.naming.core.ServerListManager do shutdown begin
2023-07-23 18:14:06,926 WARN (NamingHttpClientManager.java:74)- [NamingHttpClientManager] Start destroying NacosRestTemplate
2023-07-23 18:14:06,926 WARN (NamingHttpClientManager.java:81)- [NamingHttpClientManager] Destruction of the end
2023-07-23 18:14:06,926 INFO (ServerListManager.java:199)- com.alibaba.nacos.client.naming.core.ServerListManager do shutdown stop
2023-07-23 18:14:06,926 INFO (NamingHttpClientProxy.java:484)- com.alibaba.nacos.client.naming.remote.http.NamingHttpClientProxy do shutdown begin
2023-07-23 18:14:06,926 WARN (NamingHttpClientManager.java:74)- [NamingHttpClientManager] Start destroying NacosRestTemplate
2023-07-23 18:14:06,927 WARN (NamingHttpClientManager.java:81)- [NamingHttpClientManager] Destruction of the end
2023-07-23 18:14:06,927 INFO (NamingHttpClientProxy.java:486)- com.alibaba.nacos.client.naming.remote.http.NamingHttpClientProxy do shutdown stop
2023-07-23 18:14:06,927 INFO (RpcClient.java:425)- Shutdown rpc client, set status to shutdown
2023-07-23 18:14:06,927 INFO (RpcClient.java:427)- Shutdown client event executor java.util.concurrent.ScheduledThreadPoolExecutor@2ebd8141[Running, pool size = 2, active threads = 2, queued tasks = 0, completed tasks = 0]
2023-07-23 18:14:06,927 INFO (RpcClient.java:580)- Close current connection 1690080781759_127.0.0.1_57365
2023-07-23 18:14:06,928 INFO (LoggerUtils.java:60)- [1690080781759_127.0.0.1_57365]Ignore complete event,isRunning:false,isAbandon=false
2023-07-23 18:14:06,933 INFO (GrpcClient.java:140)- Shutdown grpc executor java.util.concurrent.ThreadPoolExecutor@6564e48f[Running, pool size = 4, active threads = 0, queued tasks = 0, completed tasks = 5381]
2023-07-23 18:14:06,933 INFO (NamingGrpcRedoService.java:292)- Shutdown grpc redo service executor java.util.concurrent.ScheduledThreadPoolExecutor@6554b980[Running, pool size = 1, active threads = 0, queued tasks = 1, completed tasks = 8816]
2023-07-23 18:14:06,934 INFO (CredentialWatcher.java:106)- [null] CredentialWatcher is stopped
2023-07-23 18:14:06,934 INFO (CredentialService.java:100)- [null] CredentialService is freed
2023-07-23 18:14:06,935 INFO (NamingClientProxyDelegate.java:211)- com.alibaba.nacos.client.naming.remote.NamingClientProxyDelegate do shutdown stop
2023-07-23 18:14:07,017 INFO (HikariDataSource.java:350)- HikariPool-1 - Shutdown initiated...
2023-07-23 18:14:07,020 INFO (HikariDataSource.java:352)- HikariPool-1 - Shutdown completed.
2023-07-23 22:05:38,348 WARN (NacosLogging.java:64)- Load Logback Configuration of Nacos fail, message: org/slf4j/impl/StaticLoggerBinder
2023-07-23 22:05:38,354 WARN (NacosLogging.java:64)- Load Logback Configuration of Nacos fail, message: org/slf4j/impl/StaticLoggerBinder
2023-07-23 22:05:38,379 INFO (LocalConfigInfoProcessor.java:68)- LOCAL_SNAPSHOT_PATH:C:\Users\yisheng\nacos\config
2023-07-23 22:05:38,383 INFO (RpcClientFactory.java:94)- [RpcClientFactory] create a new rpc client of 6c805000-dc94-42d3-aa87-0358d27faf69_config-0
2023-07-23 22:05:38,404 INFO (LoggerUtils.java:60)- [6c805000-dc94-42d3-aa87-0358d27faf69_config-0] Register server push request handler:com.alibaba.nacos.client.config.impl.ClientWorker$ConfigRpcTransportClient$$Lambda$651/0x0000000800fc64c0
2023-07-23 22:05:38,405 INFO (LoggerUtils.java:60)- [6c805000-dc94-42d3-aa87-0358d27faf69_config-0] Register server push request handler:com.alibaba.nacos.client.config.impl.ClientWorker$ConfigRpcTransportClient$$Lambda$652/0x0000000800fc68e0
2023-07-23 22:05:38,405 INFO (LoggerUtils.java:60)- [6c805000-dc94-42d3-aa87-0358d27faf69_config-0] Registry connection listener to current client:com.alibaba.nacos.client.config.impl.ClientWorker$ConfigRpcTransportClient$1
2023-07-23 22:05:38,406 INFO (LoggerUtils.java:60)- [6c805000-dc94-42d3-aa87-0358d27faf69_config-0] RpcClient init, ServerListFactory = com.alibaba.nacos.client.config.impl.ClientWorker$ConfigRpcTransportClient$2
2023-07-23 22:05:38,415 INFO (LoggerUtils.java:60)- [6c805000-dc94-42d3-aa87-0358d27faf69_config-0] Try to connect to server on start up, server: {serverIp = '127.0.0.1', server main port = 8848}
2023-07-23 22:05:39,522 INFO (LoggerUtils.java:60)- [6c805000-dc94-42d3-aa87-0358d27faf69_config-0] Success to connect to server [127.0.0.1:8848] on start up, connectionId = 1690121139294_127.0.0.1_56660
2023-07-23 22:05:39,523 INFO (LoggerUtils.java:60)- [6c805000-dc94-42d3-aa87-0358d27faf69_config-0] Notify connected event to listeners.
2023-07-23 22:05:39,523 INFO (LoggerUtils.java:60)- [6c805000-dc94-42d3-aa87-0358d27faf69_config-0] Register server push request handler:com.alibaba.nacos.common.remote.client.RpcClient$ConnectResetRequestHandler
2023-07-23 22:05:39,523 INFO (ClientWorker.java:638)- [6c805000-dc94-42d3-aa87-0358d27faf69_config-0] Connected,notify listen context...
2023-07-23 22:05:39,523 INFO (LoggerUtils.java:60)- [6c805000-dc94-42d3-aa87-0358d27faf69_config-0] Register server push request handler:com.alibaba.nacos.common.remote.client.RpcClient$$Lambda$671/0x00000008010f5d28
2023-07-23 22:05:39,567 INFO (Limiter.java:62)- limitTime:5.0
2023-07-23 22:05:39,592 INFO (JvmUtil.java:54)- isMultiInstance:false
2023-07-23 22:05:39,626 WARN (NacosPropertySourceBuilder.java:87)- Ignore the empty nacos configuration and get it based on dataId[novel-user-service] & group[DEFAULT_GROUP]
2023-07-23 22:05:39,632 WARN (NacosPropertySourceBuilder.java:87)- Ignore the empty nacos configuration and get it based on dataId[novel-user-service.yml] & group[DEFAULT_GROUP]
2023-07-23 22:05:39,639 WARN (NacosPropertySourceBuilder.java:87)- Ignore the empty nacos configuration and get it based on dataId[novel-user-service-common.yml] & group[DEFAULT_GROUP]
2023-07-23 22:05:39,645 WARN (NacosPropertySourceBuilder.java:87)- Ignore the empty nacos configuration and get it based on dataId[novel-user-service-dev.yml] & group[DEFAULT_GROUP]
2023-07-23 22:05:39,646 INFO (PropertySourceBootstrapConfiguration.java:108)- Located property source: [BootstrapPropertySource {name='bootstrapProperties-novel-user-service-dev.yml,DEFAULT_GROUP'}, BootstrapPropertySource {name='bootstrapProperties-novel-user-service-common.yml,DEFAULT_GROUP'}, BootstrapPropertySource {name='bootstrapProperties-novel-user-service.yml,DEFAULT_GROUP'}, BootstrapPropertySource {name='bootstrapProperties-novel-user-service,DEFAULT_GROUP'}, BootstrapPropertySource {name='bootstrapProperties-novel-rabbitmq.yml,DEFAULT_GROUP'}, BootstrapPropertySource {name='bootstrapProperties-novel-redis.yml,DEFAULT_GROUP'}, BootstrapPropertySource {name='bootstrapProperties-novel-mysql.yml,DEFAULT_GROUP'}]
2023-07-23 22:05:39,655 INFO (SpringApplication.java:638)- The following 2 profiles are active: "common", "dev"
2023-07-23 22:05:41,691 INFO (RepositoryConfigurationDelegate.java:291)- Multiple Spring Data modules found, entering strict repository configuration mode
2023-07-23 22:05:41,696 INFO (RepositoryConfigurationDelegate.java:138)- Bootstrapping Spring Data Redis repositories in DEFAULT mode.
2023-07-23 22:05:41,743 INFO (RepositoryConfigurationDelegate.java:208)- Finished Spring Data repository scanning in 18 ms. Found 0 Redis repository interfaces.
2023-07-23 22:05:42,150 INFO (GenericScope.java:282)- BeanFactory id=2acd4375-aa8a-3ed9-a896-29a228ebdfb2
2023-07-23 22:05:43,524 WARN (Bootstrap.java:68)- UT026010: Buffer pool was not set on WebSocketDeploymentInfo, the default pool will be used
2023-07-23 22:05:43,584 INFO (ServletContextImpl.java:372)- Initializing Spring embedded WebApplicationContext
2023-07-23 22:05:43,584 INFO (ServletWebServerApplicationContext.java:291)- Root WebApplicationContext: initialization completed in 3873 ms
2023-07-23 22:05:45,350 INFO (Version.java:41)- Redisson 3.19.1
2023-07-23 22:05:45,951 INFO (ConnectionPool.java:162)- 1 connections initialized for 127.0.0.1/127.0.0.1:6379
2023-07-23 22:05:46,005 INFO (ConnectionPool.java:162)- 24 connections initialized for 127.0.0.1/127.0.0.1:6379
2023-07-23 22:05:47,043 INFO (FeignClientFactoryBean.java:437)- For 'novel-book-service' URL not provided. Will try picking an instance via load-balancing.
2023-07-23 22:05:47,655 INFO (SentinelWebMvcConfigurer.java:52)- [Sentinel Starter] register SentinelWebInterceptor with urlPatterns: [/**].
2023-07-23 22:05:50,114 INFO (StdSchedulerFactory.java:1220)- Using default implementation for ThreadExecutor
2023-07-23 22:05:50,131 INFO (SchedulerSignalerImpl.java:61)- Initialized Scheduler Signaller of type: class org.quartz.core.SchedulerSignalerImpl
2023-07-23 22:05:50,132 INFO (QuartzScheduler.java:229)- Quartz Scheduler v.2.3.2 created.
2023-07-23 22:05:50,134 INFO (RAMJobStore.java:155)- RAMJobStore initialized.
2023-07-23 22:05:50,136 INFO (QuartzScheduler.java:294)- Scheduler meta-data: Quartz Scheduler (v2.3.2) 'quartzScheduler' with instanceId 'NON_CLUSTERED'
  Scheduler class: 'org.quartz.core.QuartzScheduler' - running locally.
  NOT STARTED.
  Currently in standby mode.
  Number of jobs executed: 0
  Using thread pool 'org.quartz.simpl.SimpleThreadPool' - with 10 threads.
  Using job-store 'org.quartz.simpl.RAMJobStore' - which does not support persistence. and is not clustered.

2023-07-23 22:05:50,136 INFO (StdSchedulerFactory.java:1374)- Quartz scheduler 'quartzScheduler' initialized from an externally provided properties instance.
2023-07-23 22:05:50,136 INFO (StdSchedulerFactory.java:1378)- Quartz scheduler version: 2.3.2
2023-07-23 22:05:50,136 INFO (QuartzScheduler.java:2293)- JobFactory set to: org.springframework.scheduling.quartz.SpringBeanJobFactory@29c471f6
2023-07-23 22:05:50,911 INFO (EndpointLinksResolver.java:58)- Exposing 21 endpoint(s) beneath base path '/actuator'
2023-07-23 22:05:51,152 WARN (LocalVariableTableParameterNameDiscoverer.java:123)- Using deprecated '-debug' fallback for parameter name resolution. Compile the affected code with '-parameters' instead or avoid its introspection: org.springframework.amqp.rabbit.core.RabbitAdmin
2023-07-23 22:05:51,192 INFO (Undertow.java:120)- starting server: Undertow - 2.3.4.Final
2023-07-23 22:05:51,204 INFO (Xnio.java:95)- XNIO version 3.8.8.Final
2023-07-23 22:05:51,214 INFO (NioXnio.java:58)- XNIO NIO Implementation Version 3.8.8.Final
2023-07-23 22:05:51,241 INFO (Version.java:55)- JBoss Threads version 3.5.0.Final
2023-07-23 22:05:51,287 INFO (UndertowWebServer.java:121)- Undertow started on port(s) 9060 (http)
2023-07-23 22:05:51,291 INFO (SearchableProperties.java:197)- properties search order:PROPERTIES->JVM->ENV->DEFAULT_SETTING
2023-07-23 22:05:51,292 INFO (InitUtils.java:61)- initializer namespace from System Property : null
2023-07-23 22:05:51,292 INFO (InitUtils.java:65)- initializer namespace from System Environment :null
2023-07-23 22:05:51,292 INFO (InitUtils.java:72)- initializer namespace from System Property :
2023-07-23 22:05:51,300 INFO (ClientAuthPluginManager.java:56)- [ClientAuthPluginManager] Load ClientAuthService com.alibaba.nacos.client.auth.impl.NacosClientAuthServiceImpl success.
2023-07-23 22:05:51,301 INFO (ClientAuthPluginManager.java:56)- [ClientAuthPluginManager] Load ClientAuthService com.alibaba.nacos.client.auth.ram.RamClientAuthServiceImpl success.
2023-07-23 22:05:51,305 INFO (RpcClientFactory.java:94)- [RpcClientFactory] create a new rpc client of 4d40620d-1264-4b0c-8f75-9f949e882f33
2023-07-23 22:05:51,308 INFO (LoggerUtils.java:60)- [4d40620d-1264-4b0c-8f75-9f949e882f33] RpcClient init, ServerListFactory = com.alibaba.nacos.client.naming.core.ServerListManager
2023-07-23 22:05:51,308 INFO (LoggerUtils.java:60)- [4d40620d-1264-4b0c-8f75-9f949e882f33] Registry connection listener to current client:com.alibaba.nacos.client.naming.remote.gprc.redo.NamingGrpcRedoService
2023-07-23 22:05:51,309 INFO (LoggerUtils.java:60)- [4d40620d-1264-4b0c-8f75-9f949e882f33] Register server push request handler:com.alibaba.nacos.client.naming.remote.gprc.NamingPushRequestHandler
2023-07-23 22:05:51,310 INFO (LoggerUtils.java:60)- [4d40620d-1264-4b0c-8f75-9f949e882f33] Try to connect to server on start up, server: {serverIp = '127.0.0.1', server main port = 8848}
2023-07-23 22:05:51,427 INFO (LoggerUtils.java:60)- [4d40620d-1264-4b0c-8f75-9f949e882f33] Success to connect to server [127.0.0.1:8848] on start up, connectionId = 1690121151316_127.0.0.1_56706
2023-07-23 22:05:51,428 INFO (LoggerUtils.java:60)- [4d40620d-1264-4b0c-8f75-9f949e882f33] Register server push request handler:com.alibaba.nacos.common.remote.client.RpcClient$ConnectResetRequestHandler
2023-07-23 22:05:51,428 INFO (LoggerUtils.java:60)- [4d40620d-1264-4b0c-8f75-9f949e882f33] Notify connected event to listeners.
2023-07-23 22:05:51,428 INFO (NamingGrpcRedoService.java:78)- Grpc connection connect
2023-07-23 22:05:51,428 INFO (LoggerUtils.java:60)- [4d40620d-1264-4b0c-8f75-9f949e882f33] Register server push request handler:com.alibaba.nacos.common.remote.client.RpcClient$$Lambda$671/0x00000008010f5d28
2023-07-23 22:05:51,428 INFO (NamingGrpcClientProxy.java:120)- [REGISTER-SERVICE] public registering service novel-user-service with instance Instance{instanceId='null', ip='192.168.43.1', port=9060, weight=1.0, healthy=true, enabled=true, ephemeral=true, clusterName='DEFAULT', serviceName='null', metadata={preserved.register.source=SPRING_CLOUD}}
2023-07-23 22:05:51,439 INFO (NacosServiceRegistry.java:76)- nacos registry, DEFAULT_GROUP novel-user-service 192.168.43.1:9060 register finished
2023-07-23 22:05:51,522 INFO (SchedulerFactoryBean.java:729)- Starting Quartz Scheduler now
2023-07-23 22:05:51,522 INFO (QuartzScheduler.java:547)- Scheduler quartzScheduler_$_NON_CLUSTERED started.
2023-07-23 22:05:51,539 INFO (StartupInfoLogger.java:57)- Started NovelUserApplication in 15.073 seconds (process running for 15.884)
2023-07-23 22:05:51,543 INFO (CacheData.java:67)- nacos.cache.data.init.snapshot = true 
2023-07-23 22:05:51,544 INFO (ClientWorker.java:379)- [fixed-127.0.0.1_8848] [subscribe] novel-user-service+DEFAULT_GROUP
2023-07-23 22:05:51,552 INFO (CacheData.java:197)- [fixed-127.0.0.1_8848] [add-listener] ok, tenant=, dataId=novel-user-service, group=DEFAULT_GROUP, cnt=1
2023-07-23 22:05:51,552 INFO (NacosContextRefresher.java:129)- [Nacos Config] Listening config: dataId=novel-user-service, group=DEFAULT_GROUP
2023-07-23 22:05:51,553 INFO (ClientWorker.java:379)- [fixed-127.0.0.1_8848] [subscribe] novel-user-service.yml+DEFAULT_GROUP
2023-07-23 22:05:51,553 INFO (CacheData.java:197)- [fixed-127.0.0.1_8848] [add-listener] ok, tenant=, dataId=novel-user-service.yml, group=DEFAULT_GROUP, cnt=1
2023-07-23 22:05:51,553 INFO (NacosContextRefresher.java:129)- [Nacos Config] Listening config: dataId=novel-user-service.yml, group=DEFAULT_GROUP
2023-07-23 22:05:51,553 INFO (ClientWorker.java:379)- [fixed-127.0.0.1_8848] [subscribe] novel-mysql.yml+DEFAULT_GROUP
2023-07-23 22:05:51,554 INFO (CacheData.java:197)- [fixed-127.0.0.1_8848] [add-listener] ok, tenant=, dataId=novel-mysql.yml, group=DEFAULT_GROUP, cnt=1
2023-07-23 22:05:51,555 INFO (NacosContextRefresher.java:129)- [Nacos Config] Listening config: dataId=novel-mysql.yml, group=DEFAULT_GROUP
2023-07-23 22:05:51,556 INFO (ClientWorker.java:379)- [fixed-127.0.0.1_8848] [subscribe] novel-redis.yml+DEFAULT_GROUP
2023-07-23 22:05:51,556 INFO (CacheData.java:197)- [fixed-127.0.0.1_8848] [add-listener] ok, tenant=, dataId=novel-redis.yml, group=DEFAULT_GROUP, cnt=1
2023-07-23 22:05:51,556 INFO (NacosContextRefresher.java:129)- [Nacos Config] Listening config: dataId=novel-redis.yml, group=DEFAULT_GROUP
2023-07-23 22:05:51,556 INFO (ClientWorker.java:379)- [fixed-127.0.0.1_8848] [subscribe] novel-rabbitmq.yml+DEFAULT_GROUP
2023-07-23 22:05:51,557 INFO (CacheData.java:197)- [fixed-127.0.0.1_8848] [add-listener] ok, tenant=, dataId=novel-rabbitmq.yml, group=DEFAULT_GROUP, cnt=1
2023-07-23 22:05:51,557 INFO (NacosContextRefresher.java:129)- [Nacos Config] Listening config: dataId=novel-rabbitmq.yml, group=DEFAULT_GROUP
2023-07-23 22:05:51,557 INFO (ClientWorker.java:379)- [fixed-127.0.0.1_8848] [subscribe] novel-user-service-dev.yml+DEFAULT_GROUP
2023-07-23 22:05:51,558 INFO (CacheData.java:197)- [fixed-127.0.0.1_8848] [add-listener] ok, tenant=, dataId=novel-user-service-dev.yml, group=DEFAULT_GROUP, cnt=1
2023-07-23 22:05:51,558 INFO (NacosContextRefresher.java:129)- [Nacos Config] Listening config: dataId=novel-user-service-dev.yml, group=DEFAULT_GROUP
2023-07-23 22:05:51,559 INFO (ClientWorker.java:379)- [fixed-127.0.0.1_8848] [subscribe] novel-user-service-common.yml+DEFAULT_GROUP
2023-07-23 22:05:51,559 INFO (CacheData.java:197)- [fixed-127.0.0.1_8848] [add-listener] ok, tenant=, dataId=novel-user-service-common.yml, group=DEFAULT_GROUP, cnt=1
2023-07-23 22:05:51,559 INFO (NacosContextRefresher.java:129)- [Nacos Config] Listening config: dataId=novel-user-service-common.yml, group=DEFAULT_GROUP
2023-07-23 22:05:51,870 INFO (ServletContextImpl.java:372)- Initializing Spring DispatcherServlet 'dispatcherServlet'
2023-07-23 22:05:51,871 INFO (FrameworkServlet.java:532)- Initializing Servlet 'dispatcherServlet'
2023-07-23 22:05:51,873 INFO (FrameworkServlet.java:554)- Completed initialization in 1 ms
2023-07-23 22:05:51,909 INFO (AbstractConnectionFactory.java:630)- Attempting to connect to: [192.168.10.110:5672]
2023-07-23 22:06:15,955 INFO (AbstractConnectionFactory.java:630)- Attempting to connect to: [192.168.10.110:5672]
2023-07-23 22:06:39,996 INFO (AbstractConnectionFactory.java:630)- Attempting to connect to: [192.168.10.110:5672]
2023-07-23 22:07:01,026 WARN (AbstractHealthIndicator.java:94)- Rabbit health check failed
org.springframework.amqp.AmqpConnectException: java.net.ConnectException: Connection timed out: no further information
	at org.springframework.amqp.rabbit.support.RabbitExceptionTranslator.convertRabbitAccessException(RabbitExceptionTranslator.java:61)
	at org.springframework.amqp.rabbit.connection.AbstractConnectionFactory.createBareConnection(AbstractConnectionFactory.java:594)
	at org.springframework.amqp.rabbit.connection.CachingConnectionFactory.createConnection(CachingConnectionFactory.java:687)
	at org.springframework.amqp.rabbit.connection.ConnectionFactoryUtils.createConnection(ConnectionFactoryUtils.java:257)
	at org.springframework.amqp.rabbit.core.RabbitTemplate.doExecute(RabbitTemplate.java:2225)
	at org.springframework.amqp.rabbit.core.RabbitTemplate.lambda$execute$13(RabbitTemplate.java:2187)
	at org.springframework.retry.support.RetryTemplate.doExecute(RetryTemplate.java:329)
	at org.springframework.retry.support.RetryTemplate.execute(RetryTemplate.java:225)
	at org.springframework.amqp.rabbit.core.RabbitTemplate.execute(RabbitTemplate.java:2186)
	at org.springframework.amqp.rabbit.core.RabbitTemplate.execute(RabbitTemplate.java:2178)
	at org.springframework.boot.actuate.amqp.RabbitHealthIndicator.getVersion(RabbitHealthIndicator.java:49)
	at org.springframework.boot.actuate.amqp.RabbitHealthIndicator.doHealthCheck(RabbitHealthIndicator.java:44)
	at org.springframework.boot.actuate.health.AbstractHealthIndicator.health(AbstractHealthIndicator.java:82)
	at org.springframework.boot.actuate.health.HealthIndicator.getHealth(HealthIndicator.java:37)
	at org.springframework.boot.actuate.health.HealthEndpoint.getHealth(HealthEndpoint.java:82)
	at org.springframework.boot.actuate.health.HealthEndpoint.getHealth(HealthEndpoint.java:41)
	at org.springframework.boot.actuate.health.HealthEndpointSupport.getLoggedHealth(HealthEndpointSupport.java:172)
	at org.springframework.boot.actuate.health.HealthEndpointSupport.getContribution(HealthEndpointSupport.java:145)
	at org.springframework.boot.actuate.health.HealthEndpointSupport.getAggregateContribution(HealthEndpointSupport.java:156)
	at org.springframework.boot.actuate.health.HealthEndpointSupport.getContribution(HealthEndpointSupport.java:141)
	at org.springframework.boot.actuate.health.HealthEndpointSupport.getHealth(HealthEndpointSupport.java:110)
	at org.springframework.boot.actuate.health.HealthEndpointSupport.getHealth(HealthEndpointSupport.java:81)
	at org.springframework.boot.actuate.health.HealthEndpoint.health(HealthEndpoint.java:76)
	at org.springframework.boot.actuate.health.HealthEndpoint.health(HealthEndpoint.java:66)
	at java.base/jdk.internal.reflect.NativeMethodAccessorImpl.invoke0(Native Method)
	at java.base/jdk.internal.reflect.NativeMethodAccessorImpl.invoke(NativeMethodAccessorImpl.java:77)
	at java.base/jdk.internal.reflect.DelegatingMethodAccessorImpl.invoke(DelegatingMethodAccessorImpl.java:43)
	at java.base/java.lang.reflect.Method.invoke(Method.java:568)
	at org.springframework.util.ReflectionUtils.invokeMethod(ReflectionUtils.java:281)
	at org.springframework.boot.actuate.endpoint.invoke.reflect.ReflectiveOperationInvoker.invoke(ReflectiveOperationInvoker.java:74)
	at org.springframework.boot.actuate.endpoint.annotation.AbstractDiscoveredOperation.invoke(AbstractDiscoveredOperation.java:60)
	at org.springframework.boot.actuate.endpoint.jmx.EndpointMBean.invoke(EndpointMBean.java:124)
	at org.springframework.boot.actuate.endpoint.jmx.EndpointMBean.invoke(EndpointMBean.java:97)
	at java.management/com.sun.jmx.interceptor.DefaultMBeanServerInterceptor.invoke(DefaultMBeanServerInterceptor.java:814)
	at java.management/com.sun.jmx.mbeanserver.JmxMBeanServer.invoke(JmxMBeanServer.java:802)
	at java.management.rmi/javax.management.remote.rmi.RMIConnectionImpl.doOperation(RMIConnectionImpl.java:1472)
	at java.management.rmi/javax.management.remote.rmi.RMIConnectionImpl$PrivilegedOperation.run(RMIConnectionImpl.java:1310)
	at java.management.rmi/javax.management.remote.rmi.RMIConnectionImpl.doPrivilegedOperation(RMIConnectionImpl.java:1405)
	at java.management.rmi/javax.management.remote.rmi.RMIConnectionImpl.invoke(RMIConnectionImpl.java:829)
	at java.base/jdk.internal.reflect.GeneratedMethodAccessor52.invoke(Unknown Source)
	at java.base/jdk.internal.reflect.DelegatingMethodAccessorImpl.invoke(DelegatingMethodAccessorImpl.java:43)
	at java.base/java.lang.reflect.Method.invoke(Method.java:568)
	at java.rmi/sun.rmi.server.UnicastServerRef.dispatch(UnicastServerRef.java:360)
	at java.rmi/sun.rmi.transport.Transport$1.run(Transport.java:200)
	at java.rmi/sun.rmi.transport.Transport$1.run(Transport.java:197)
	at java.base/java.security.AccessController.doPrivileged(AccessController.java:712)
	at java.rmi/sun.rmi.transport.Transport.serviceCall(Transport.java:196)
	at java.rmi/sun.rmi.transport.tcp.TCPTransport.handleMessages(TCPTransport.java:587)
	at java.rmi/sun.rmi.transport.tcp.TCPTransport$ConnectionHandler.run0(TCPTransport.java:828)
	at java.rmi/sun.rmi.transport.tcp.TCPTransport$ConnectionHandler.lambda$run$0(TCPTransport.java:705)
	at java.base/java.security.AccessController.doPrivileged(AccessController.java:399)
	at java.rmi/sun.rmi.transport.tcp.TCPTransport$ConnectionHandler.run(TCPTransport.java:704)
	at java.base/java.util.concurrent.ThreadPoolExecutor.runWorker(ThreadPoolExecutor.java:1136)
	at java.base/java.util.concurrent.ThreadPoolExecutor$Worker.run(ThreadPoolExecutor.java:635)
	at java.base/java.lang.Thread.run(Thread.java:833)
Caused by: java.net.ConnectException: Connection timed out: no further information
	at java.base/sun.nio.ch.Net.pollConnect(Native Method)
	at java.base/sun.nio.ch.Net.pollConnectNow(Net.java:672)
	at java.base/sun.nio.ch.NioSocketImpl.timedFinishConnect(NioSocketImpl.java:549)
	at java.base/sun.nio.ch.NioSocketImpl.connect(NioSocketImpl.java:597)
	at java.base/java.net.SocksSocketImpl.connect(SocksSocketImpl.java:327)
	at java.base/java.net.Socket.connect(Socket.java:633)
	at com.rabbitmq.client.impl.SocketFrameHandlerFactory.create(SocketFrameHandlerFactory.java:59)
	at com.rabbitmq.client.ConnectionFactory.newConnection(ConnectionFactory.java:1223)
	at com.rabbitmq.client.ConnectionFactory.newConnection(ConnectionFactory.java:1173)
	at org.springframework.amqp.rabbit.connection.AbstractConnectionFactory.connectAddresses(AbstractConnectionFactory.java:632)
	at org.springframework.amqp.rabbit.connection.AbstractConnectionFactory.connect(AbstractConnectionFactory.java:607)
	at org.springframework.amqp.rabbit.connection.AbstractConnectionFactory.createBareConnection(AbstractConnectionFactory.java:557)
	... 53 common frames omitted
2023-07-23 22:07:01,030 WARN (HealthEndpointSupport.java:181)- Health contributor org.springframework.boot.actuate.amqp.RabbitHealthIndicator (rabbit) took 69125ms to respond
2023-07-23 22:07:01,035 INFO (HikariDataSource.java:110)- HikariPool-1 - Starting...
2023-07-23 22:07:01,256 INFO (HikariPool.java:565)- HikariPool-1 - Added connection com.mysql.cj.jdbc.ConnectionImpl@38fd1bf2
2023-07-23 22:07:01,260 INFO (HikariDataSource.java:123)- HikariPool-1 - Start completed.
2023-07-23 23:27:40,330 DEBUG (BaseJdbcLogger.java:137)- ==>  Preparing: SELECT id,username,password,salt,nick_name,user_photo,user_sex,account_balance,status,create_time,update_time FROM user_info WHERE id=?
2023-07-23 23:27:40,397 DEBUG (BaseJdbcLogger.java:137)- ==> Parameters: 1(Long)
2023-07-23 23:27:40,472 DEBUG (BaseJdbcLogger.java:137)- <==      Total: 1
2023-07-23 23:27:40,520 DEBUG (BaseJdbcLogger.java:137)- ==>  Preparing: SELECT id,username,password,salt,nick_name,user_photo,user_sex,account_balance,status,create_time,update_time FROM user_info WHERE id=?
2023-07-23 23:27:40,522 DEBUG (BaseJdbcLogger.java:137)- ==> Parameters: 1(Long)
2023-07-23 23:27:40,524 DEBUG (BaseJdbcLogger.java:137)- <==      Total: 1
2023-07-23 23:28:33,081 DEBUG (BaseJdbcLogger.java:137)- ==>  Preparing: SELECT id,username,password,salt,nick_name,user_photo,user_sex,account_balance,status,create_time,update_time FROM user_info WHERE id=?
2023-07-23 23:28:33,081 DEBUG (BaseJdbcLogger.java:137)- ==> Parameters: 1(Long)
2023-07-23 23:28:33,083 DEBUG (BaseJdbcLogger.java:137)- <==      Total: 1
2023-07-24 00:12:21,706 WARN (NotifyCenter.java:136)- [NotifyCenter] Start destroying Publisher
2023-07-24 00:12:21,706 WARN (HttpClientBeanHolder.java:102)- [HttpClientBeanHolder] Start destroying common HttpClient
2023-07-24 00:12:21,718 WARN (NotifyCenter.java:153)- [NotifyCenter] Destruction of the end
2023-07-24 00:12:21,719 WARN (HttpClientBeanHolder.java:111)- [HttpClientBeanHolder] Destruction of the end
2023-07-24 00:12:21,767 INFO (QuartzScheduler.java:585)- Scheduler quartzScheduler_$_NON_CLUSTERED paused.
2023-07-24 00:12:21,771 INFO (Undertow.java:259)- stopping server: Undertow - 2.3.4.Final
2023-07-24 00:12:21,780 INFO (ServletContextImpl.java:372)- Destroying Spring FrameworkServlet 'dispatcherServlet'
2023-07-24 00:12:21,799 INFO (SchedulerFactoryBean.java:847)- Shutting down Quartz Scheduler
2023-07-24 00:12:21,800 INFO (QuartzScheduler.java:666)- Scheduler quartzScheduler_$_NON_CLUSTERED shutting down.
2023-07-24 00:12:21,800 INFO (QuartzScheduler.java:585)- Scheduler quartzScheduler_$_NON_CLUSTERED paused.
2023-07-24 00:12:21,801 INFO (QuartzScheduler.java:740)- Scheduler quartzScheduler_$_NON_CLUSTERED shutdown complete.
2023-07-24 00:12:21,818 INFO (NacosServiceRegistry.java:95)- De-registering from Nacos Server now...
2023-07-24 00:12:21,820 INFO (NamingGrpcClientProxy.java:216)- [DEREGISTER-SERVICE] public deregistering service novel-user-service with instance: Instance{instanceId='null', ip='192.168.43.1', port=9060, weight=1.0, healthy=true, enabled=true, ephemeral=true, clusterName='DEFAULT', serviceName='null', metadata={}}
2023-07-24 00:12:21,825 INFO (NacosServiceRegistry.java:115)- De-registration finished.
2023-07-24 00:12:21,828 INFO (ServiceInfoHolder.java:256)- com.alibaba.nacos.client.naming.cache.ServiceInfoHolder do shutdown begin
2023-07-24 00:12:21,829 INFO (FailoverReactor.java:133)- com.alibaba.nacos.client.naming.backups.FailoverReactor do shutdown begin
2023-07-24 00:12:21,829 INFO (FailoverReactor.java:135)- com.alibaba.nacos.client.naming.backups.FailoverReactor do shutdown stop
2023-07-24 00:12:21,830 INFO (ServiceInfoHolder.java:258)- com.alibaba.nacos.client.naming.cache.ServiceInfoHolder do shutdown stop
2023-07-24 00:12:21,830 INFO (NamingClientProxyDelegate.java:204)- com.alibaba.nacos.client.naming.remote.NamingClientProxyDelegate do shutdown begin
2023-07-24 00:12:21,830 INFO (ServiceInfoUpdateService.java:143)- com.alibaba.nacos.client.naming.core.ServiceInfoUpdateService do shutdown begin
2023-07-24 00:12:21,830 INFO (ServiceInfoUpdateService.java:145)- com.alibaba.nacos.client.naming.core.ServiceInfoUpdateService do shutdown stop
2023-07-24 00:12:21,830 INFO (ServerListManager.java:194)- com.alibaba.nacos.client.naming.core.ServerListManager do shutdown begin
2023-07-24 00:12:21,830 WARN (NamingHttpClientManager.java:74)- [NamingHttpClientManager] Start destroying NacosRestTemplate
2023-07-24 00:12:21,831 WARN (NamingHttpClientManager.java:81)- [NamingHttpClientManager] Destruction of the end
2023-07-24 00:12:21,831 INFO (ServerListManager.java:199)- com.alibaba.nacos.client.naming.core.ServerListManager do shutdown stop
2023-07-24 00:12:21,831 INFO (NamingHttpClientProxy.java:484)- com.alibaba.nacos.client.naming.remote.http.NamingHttpClientProxy do shutdown begin
2023-07-24 00:12:21,831 WARN (NamingHttpClientManager.java:74)- [NamingHttpClientManager] Start destroying NacosRestTemplate
2023-07-24 00:12:21,831 WARN (NamingHttpClientManager.java:81)- [NamingHttpClientManager] Destruction of the end
2023-07-24 00:12:21,831 INFO (NamingHttpClientProxy.java:486)- com.alibaba.nacos.client.naming.remote.http.NamingHttpClientProxy do shutdown stop
2023-07-24 00:12:21,831 INFO (RpcClient.java:425)- Shutdown rpc client, set status to shutdown
2023-07-24 00:12:21,832 INFO (RpcClient.java:427)- Shutdown client event executor java.util.concurrent.ScheduledThreadPoolExecutor@2ae89859[Running, pool size = 2, active threads = 2, queued tasks = 0, completed tasks = 0]
2023-07-24 00:12:21,832 INFO (RpcClient.java:580)- Close current connection 1690121151316_127.0.0.1_56706
2023-07-24 00:12:21,834 INFO (LoggerUtils.java:60)- [1690121151316_127.0.0.1_56706]Ignore complete event,isRunning:false,isAbandon=false
2023-07-24 00:12:21,846 INFO (GrpcClient.java:140)- Shutdown grpc executor java.util.concurrent.ThreadPoolExecutor@414071ef[Running, pool size = 4, active threads = 0, queued tasks = 0, completed tasks = 1552]
2023-07-24 00:12:21,846 INFO (NamingGrpcRedoService.java:292)- Shutdown grpc redo service executor java.util.concurrent.ScheduledThreadPoolExecutor@51645518[Running, pool size = 1, active threads = 0, queued tasks = 1, completed tasks = 2528]
2023-07-24 00:12:21,847 INFO (CredentialWatcher.java:106)- [null] CredentialWatcher is stopped
2023-07-24 00:12:21,847 INFO (CredentialService.java:100)- [null] CredentialService is freed
2023-07-24 00:12:21,848 INFO (NamingClientProxyDelegate.java:211)- com.alibaba.nacos.client.naming.remote.NamingClientProxyDelegate do shutdown stop
2023-07-24 00:12:21,932 INFO (HikariDataSource.java:350)- HikariPool-1 - Shutdown initiated...
2023-07-24 00:12:21,936 INFO (HikariDataSource.java:352)- HikariPool-1 - Shutdown completed.
