2023-07-02 14:54:51,522 WARN (NacosLogging.java:64)- Load Logback Configuration of Nacos fail, message: org/slf4j/impl/StaticLoggerBinder
2023-07-02 14:54:51,525 WARN (NacosLogging.java:64)- Load Logback Configuration of Nacos fail, message: org/slf4j/impl/StaticLoggerBinder
2023-07-02 14:54:51,542 INFO (LocalConfigInfoProcessor.java:68)- LOCAL_SNAPSHOT_PATH:C:\Users\yisheng\nacos\config
2023-07-02 14:54:51,545 INFO (RpcClientFactory.java:94)- [RpcClientFactory] create a new rpc client of 97547a1b-d9d4-478a-99fc-f8ba317fa7c8_config-0
2023-07-02 14:54:51,565 INFO (LoggerUtils.java:60)- [97547a1b-d9d4-478a-99fc-f8ba317fa7c8_config-0] Register server push request handler:com.alibaba.nacos.client.config.impl.ClientWorker$ConfigRpcTransportClient$$Lambda$651/0x0000000800fc6b08
2023-07-02 14:54:51,566 INFO (LoggerUtils.java:60)- [97547a1b-d9d4-478a-99fc-f8ba317fa7c8_config-0] Register server push request handler:com.alibaba.nacos.client.config.impl.ClientWorker$ConfigRpcTransportClient$$Lambda$652/0x0000000800fc6f28
2023-07-02 14:54:51,567 INFO (LoggerUtils.java:60)- [97547a1b-d9d4-478a-99fc-f8ba317fa7c8_config-0] Registry connection listener to current client:com.alibaba.nacos.client.config.impl.ClientWorker$ConfigRpcTransportClient$1
2023-07-02 14:54:51,567 INFO (LoggerUtils.java:60)- [97547a1b-d9d4-478a-99fc-f8ba317fa7c8_config-0] RpcClient init, ServerListFactory = com.alibaba.nacos.client.config.impl.ClientWorker$ConfigRpcTransportClient$2
2023-07-02 14:54:51,574 INFO (LoggerUtils.java:60)- [97547a1b-d9d4-478a-99fc-f8ba317fa7c8_config-0] Try to connect to server on start up, server: {serverIp = '127.0.0.1', server main port = 8848}
2023-07-02 14:54:52,260 INFO (LoggerUtils.java:60)- [97547a1b-d9d4-478a-99fc-f8ba317fa7c8_config-0] Success to connect to server [127.0.0.1:8848] on start up, connectionId = 1688280892082_127.0.0.1_50560
2023-07-02 14:54:52,261 INFO (LoggerUtils.java:60)- [97547a1b-d9d4-478a-99fc-f8ba317fa7c8_config-0] Notify connected event to listeners.
2023-07-02 14:54:52,261 INFO (LoggerUtils.java:60)- [97547a1b-d9d4-478a-99fc-f8ba317fa7c8_config-0] Register server push request handler:com.alibaba.nacos.common.remote.client.RpcClient$ConnectResetRequestHandler
2023-07-02 14:54:52,261 INFO (ClientWorker.java:638)- [97547a1b-d9d4-478a-99fc-f8ba317fa7c8_config-0] Connected,notify listen context...
2023-07-02 14:54:52,261 INFO (LoggerUtils.java:60)- [97547a1b-d9d4-478a-99fc-f8ba317fa7c8_config-0] Register server push request handler:com.alibaba.nacos.common.remote.client.RpcClient$$Lambda$671/0x00000008010f6180
2023-07-02 14:54:52,287 INFO (Limiter.java:62)- limitTime:5.0
2023-07-02 14:54:52,299 INFO (JvmUtil.java:54)- isMultiInstance:false
2023-07-02 14:54:52,313 WARN (NacosPropertySourceBuilder.java:87)- Ignore the empty nacos configuration and get it based on dataId[novel-rabbitmq.yml] & group[DEFAULT_GROUP]
2023-07-02 14:54:52,317 WARN (NacosPropertySourceBuilder.java:87)- Ignore the empty nacos configuration and get it based on dataId[novel-user-service] & group[DEFAULT_GROUP]
2023-07-02 14:54:52,321 WARN (NacosPropertySourceBuilder.java:87)- Ignore the empty nacos configuration and get it based on dataId[novel-user-service.yml] & group[DEFAULT_GROUP]
2023-07-02 14:54:52,324 WARN (NacosPropertySourceBuilder.java:87)- Ignore the empty nacos configuration and get it based on dataId[novel-user-service-common.yml] & group[DEFAULT_GROUP]
2023-07-02 14:54:52,328 WARN (NacosPropertySourceBuilder.java:87)- Ignore the empty nacos configuration and get it based on dataId[novel-user-service-dev.yml] & group[DEFAULT_GROUP]
2023-07-02 14:54:52,329 INFO (PropertySourceBootstrapConfiguration.java:108)- Located property source: [BootstrapPropertySource {name='bootstrapProperties-novel-user-service-dev.yml,DEFAULT_GROUP'}, BootstrapPropertySource {name='bootstrapProperties-novel-user-service-common.yml,DEFAULT_GROUP'}, BootstrapPropertySource {name='bootstrapProperties-novel-user-service.yml,DEFAULT_GROUP'}, BootstrapPropertySource {name='bootstrapProperties-novel-user-service,DEFAULT_GROUP'}, BootstrapPropertySource {name='bootstrapProperties-novel-rabbitmq.yml,DEFAULT_GROUP'}, BootstrapPropertySource {name='bootstrapProperties-novel-redis.yml,DEFAULT_GROUP'}, BootstrapPropertySource {name='bootstrapProperties-novel-mysql.yml,DEFAULT_GROUP'}]
2023-07-02 14:54:52,334 INFO (SpringApplication.java:638)- The following 2 profiles are active: "common", "dev"
2023-07-02 14:54:53,353 INFO (RepositoryConfigurationDelegate.java:291)- Multiple Spring Data modules found, entering strict repository configuration mode
2023-07-02 14:54:53,355 INFO (RepositoryConfigurationDelegate.java:138)- Bootstrapping Spring Data Redis repositories in DEFAULT mode.
2023-07-02 14:54:53,383 INFO (RepositoryConfigurationDelegate.java:208)- Finished Spring Data repository scanning in 18 ms. Found 0 Redis repository interfaces.
2023-07-02 14:54:53,613 INFO (GenericScope.java:282)- BeanFactory id=edc6c518-94d6-30b9-8104-670a327698bb
2023-07-02 14:54:54,321 WARN (Bootstrap.java:68)- UT026010: Buffer pool was not set on WebSocketDeploymentInfo, the default pool will be used
2023-07-02 14:54:54,341 INFO (ServletContextImpl.java:372)- Initializing Spring embedded WebApplicationContext
2023-07-02 14:54:54,342 INFO (ServletWebServerApplicationContext.java:291)- Root WebApplicationContext: initialization completed in 1993 ms
2023-07-02 14:54:55,143 INFO (Version.java:41)- Redisson 3.19.1
2023-07-02 14:54:55,402 INFO (ConnectionPool.java:162)- 1 connections initialized for 127.0.0.1/127.0.0.1:6379
2023-07-02 14:54:55,432 INFO (ConnectionPool.java:162)- 24 connections initialized for 127.0.0.1/127.0.0.1:6379
2023-07-02 14:54:55,817 INFO (FeignClientFactoryBean.java:437)- For 'novel-book-service' URL not provided. Will try picking an instance via load-balancing.
2023-07-02 14:54:56,042 INFO (SentinelWebMvcConfigurer.java:52)- [Sentinel Starter] register SentinelWebInterceptor with urlPatterns: [/**].
2023-07-02 14:54:57,225 INFO (StdSchedulerFactory.java:1220)- Using default implementation for ThreadExecutor
2023-07-02 14:54:57,235 INFO (SchedulerSignalerImpl.java:61)- Initialized Scheduler Signaller of type: class org.quartz.core.SchedulerSignalerImpl
2023-07-02 14:54:57,235 INFO (QuartzScheduler.java:229)- Quartz Scheduler v.2.3.2 created.
2023-07-02 14:54:57,236 INFO (RAMJobStore.java:155)- RAMJobStore initialized.
2023-07-02 14:54:57,236 INFO (QuartzScheduler.java:294)- Scheduler meta-data: Quartz Scheduler (v2.3.2) 'quartzScheduler' with instanceId 'NON_CLUSTERED'
  Scheduler class: 'org.quartz.core.QuartzScheduler' - running locally.
  NOT STARTED.
  Currently in standby mode.
  Number of jobs executed: 0
  Using thread pool 'org.quartz.simpl.SimpleThreadPool' - with 10 threads.
  Using job-store 'org.quartz.simpl.RAMJobStore' - which does not support persistence. and is not clustered.

2023-07-02 14:54:57,237 INFO (StdSchedulerFactory.java:1374)- Quartz scheduler 'quartzScheduler' initialized from an externally provided properties instance.
2023-07-02 14:54:57,237 INFO (StdSchedulerFactory.java:1378)- Quartz scheduler version: 2.3.2
2023-07-02 14:54:57,237 INFO (QuartzScheduler.java:2293)- JobFactory set to: org.springframework.scheduling.quartz.SpringBeanJobFactory@4872d04d
2023-07-02 14:54:57,640 INFO (EndpointLinksResolver.java:58)- Exposing 21 endpoint(s) beneath base path '/actuator'
2023-07-02 14:54:57,855 WARN (LocalVariableTableParameterNameDiscoverer.java:123)- Using deprecated '-debug' fallback for parameter name resolution. Compile the affected code with '-parameters' instead or avoid its introspection: org.springframework.amqp.rabbit.core.RabbitAdmin
2023-07-02 14:54:57,884 INFO (Undertow.java:120)- starting server: Undertow - 2.3.4.Final
2023-07-02 14:54:57,893 INFO (Xnio.java:95)- XNIO version 3.8.8.Final
2023-07-02 14:54:57,902 INFO (NioXnio.java:58)- XNIO NIO Implementation Version 3.8.8.Final
2023-07-02 14:54:57,923 INFO (Version.java:55)- JBoss Threads version 3.5.0.Final
2023-07-02 14:54:57,961 INFO (UndertowWebServer.java:121)- Undertow started on port(s) 9060 (http)
2023-07-02 14:54:57,965 INFO (SearchableProperties.java:197)- properties search order:PROPERTIES->JVM->ENV->DEFAULT_SETTING
2023-07-02 14:54:57,966 INFO (InitUtils.java:61)- initializer namespace from System Property : null
2023-07-02 14:54:57,966 INFO (InitUtils.java:65)- initializer namespace from System Environment :null
2023-07-02 14:54:57,967 INFO (InitUtils.java:72)- initializer namespace from System Property :
2023-07-02 14:54:57,973 INFO (ClientAuthPluginManager.java:56)- [ClientAuthPluginManager] Load ClientAuthService com.alibaba.nacos.client.auth.impl.NacosClientAuthServiceImpl success.
2023-07-02 14:54:57,974 INFO (ClientAuthPluginManager.java:56)- [ClientAuthPluginManager] Load ClientAuthService com.alibaba.nacos.client.auth.ram.RamClientAuthServiceImpl success.
2023-07-02 14:54:57,976 INFO (RpcClientFactory.java:94)- [RpcClientFactory] create a new rpc client of 62599311-a69d-4f24-bcef-fe4c75884237
2023-07-02 14:54:57,978 INFO (LoggerUtils.java:60)- [62599311-a69d-4f24-bcef-fe4c75884237] RpcClient init, ServerListFactory = com.alibaba.nacos.client.naming.core.ServerListManager
2023-07-02 14:54:57,978 INFO (LoggerUtils.java:60)- [62599311-a69d-4f24-bcef-fe4c75884237] Registry connection listener to current client:com.alibaba.nacos.client.naming.remote.gprc.redo.NamingGrpcRedoService
2023-07-02 14:54:57,979 INFO (LoggerUtils.java:60)- [62599311-a69d-4f24-bcef-fe4c75884237] Register server push request handler:com.alibaba.nacos.client.naming.remote.gprc.NamingPushRequestHandler
2023-07-02 14:54:57,979 INFO (LoggerUtils.java:60)- [62599311-a69d-4f24-bcef-fe4c75884237] Try to connect to server on start up, server: {serverIp = '127.0.0.1', server main port = 8848}
2023-07-02 14:54:58,100 INFO (LoggerUtils.java:60)- [62599311-a69d-4f24-bcef-fe4c75884237] Success to connect to server [127.0.0.1:8848] on start up, connectionId = 1688280897983_127.0.0.1_50597
2023-07-02 14:54:58,101 INFO (LoggerUtils.java:60)- [62599311-a69d-4f24-bcef-fe4c75884237] Notify connected event to listeners.
2023-07-02 14:54:58,101 INFO (LoggerUtils.java:60)- [62599311-a69d-4f24-bcef-fe4c75884237] Register server push request handler:com.alibaba.nacos.common.remote.client.RpcClient$ConnectResetRequestHandler
2023-07-02 14:54:58,102 INFO (NamingGrpcRedoService.java:78)- Grpc connection connect
2023-07-02 14:54:58,102 INFO (LoggerUtils.java:60)- [62599311-a69d-4f24-bcef-fe4c75884237] Register server push request handler:com.alibaba.nacos.common.remote.client.RpcClient$$Lambda$671/0x00000008010f6180
2023-07-02 14:54:58,103 INFO (NamingGrpcClientProxy.java:120)- [REGISTER-SERVICE] public registering service novel-user-service with instance Instance{instanceId='null', ip='192.168.43.1', port=9060, weight=1.0, healthy=true, enabled=true, ephemeral=true, clusterName='DEFAULT', serviceName='null', metadata={preserved.register.source=SPRING_CLOUD}}
2023-07-02 14:54:58,110 INFO (NacosServiceRegistry.java:76)- nacos registry, DEFAULT_GROUP novel-user-service 192.168.43.1:9060 register finished
2023-07-02 14:54:58,176 INFO (SchedulerFactoryBean.java:729)- Starting Quartz Scheduler now
2023-07-02 14:54:58,176 INFO (QuartzScheduler.java:547)- Scheduler quartzScheduler_$_NON_CLUSTERED started.
2023-07-02 14:54:58,191 INFO (StartupInfoLogger.java:57)- Started NovelUserApplication in 7.994 seconds (process running for 8.49)
2023-07-02 14:54:58,195 INFO (CacheData.java:67)- nacos.cache.data.init.snapshot = true 
2023-07-02 14:54:58,196 INFO (ClientWorker.java:379)- [fixed-127.0.0.1_8848] [subscribe] novel-user-service+DEFAULT_GROUP
2023-07-02 14:54:58,202 INFO (CacheData.java:197)- [fixed-127.0.0.1_8848] [add-listener] ok, tenant=, dataId=novel-user-service, group=DEFAULT_GROUP, cnt=1
2023-07-02 14:54:58,202 INFO (NacosContextRefresher.java:129)- [Nacos Config] Listening config: dataId=novel-user-service, group=DEFAULT_GROUP
2023-07-02 14:54:58,203 INFO (ClientWorker.java:379)- [fixed-127.0.0.1_8848] [subscribe] novel-user-service.yml+DEFAULT_GROUP
2023-07-02 14:54:58,203 INFO (CacheData.java:197)- [fixed-127.0.0.1_8848] [add-listener] ok, tenant=, dataId=novel-user-service.yml, group=DEFAULT_GROUP, cnt=1
2023-07-02 14:54:58,203 INFO (NacosContextRefresher.java:129)- [Nacos Config] Listening config: dataId=novel-user-service.yml, group=DEFAULT_GROUP
2023-07-02 14:54:58,204 INFO (ClientWorker.java:379)- [fixed-127.0.0.1_8848] [subscribe] novel-mysql.yml+DEFAULT_GROUP
2023-07-02 14:54:58,204 INFO (CacheData.java:197)- [fixed-127.0.0.1_8848] [add-listener] ok, tenant=, dataId=novel-mysql.yml, group=DEFAULT_GROUP, cnt=1
2023-07-02 14:54:58,204 INFO (NacosContextRefresher.java:129)- [Nacos Config] Listening config: dataId=novel-mysql.yml, group=DEFAULT_GROUP
2023-07-02 14:54:58,205 INFO (ClientWorker.java:379)- [fixed-127.0.0.1_8848] [subscribe] novel-redis.yml+DEFAULT_GROUP
2023-07-02 14:54:58,205 INFO (CacheData.java:197)- [fixed-127.0.0.1_8848] [add-listener] ok, tenant=, dataId=novel-redis.yml, group=DEFAULT_GROUP, cnt=1
2023-07-02 14:54:58,205 INFO (NacosContextRefresher.java:129)- [Nacos Config] Listening config: dataId=novel-redis.yml, group=DEFAULT_GROUP
2023-07-02 14:54:58,206 INFO (ClientWorker.java:379)- [fixed-127.0.0.1_8848] [subscribe] novel-rabbitmq.yml+DEFAULT_GROUP
2023-07-02 14:54:58,206 INFO (CacheData.java:197)- [fixed-127.0.0.1_8848] [add-listener] ok, tenant=, dataId=novel-rabbitmq.yml, group=DEFAULT_GROUP, cnt=1
2023-07-02 14:54:58,206 INFO (NacosContextRefresher.java:129)- [Nacos Config] Listening config: dataId=novel-rabbitmq.yml, group=DEFAULT_GROUP
2023-07-02 14:54:58,206 INFO (ClientWorker.java:379)- [fixed-127.0.0.1_8848] [subscribe] novel-user-service-dev.yml+DEFAULT_GROUP
2023-07-02 14:54:58,206 INFO (CacheData.java:197)- [fixed-127.0.0.1_8848] [add-listener] ok, tenant=, dataId=novel-user-service-dev.yml, group=DEFAULT_GROUP, cnt=1
2023-07-02 14:54:58,206 INFO (NacosContextRefresher.java:129)- [Nacos Config] Listening config: dataId=novel-user-service-dev.yml, group=DEFAULT_GROUP
2023-07-02 14:54:58,207 INFO (ClientWorker.java:379)- [fixed-127.0.0.1_8848] [subscribe] novel-user-service-common.yml+DEFAULT_GROUP
2023-07-02 14:54:58,207 INFO (CacheData.java:197)- [fixed-127.0.0.1_8848] [add-listener] ok, tenant=, dataId=novel-user-service-common.yml, group=DEFAULT_GROUP, cnt=1
2023-07-02 14:54:58,207 INFO (NacosContextRefresher.java:129)- [Nacos Config] Listening config: dataId=novel-user-service-common.yml, group=DEFAULT_GROUP
2023-07-02 14:54:58,526 INFO (ServletContextImpl.java:372)- Initializing Spring DispatcherServlet 'dispatcherServlet'
2023-07-02 14:54:58,527 INFO (FrameworkServlet.java:532)- Initializing Servlet 'dispatcherServlet'
2023-07-02 14:54:58,528 INFO (FrameworkServlet.java:554)- Completed initialization in 1 ms
2023-07-02 14:54:58,558 INFO (AbstractConnectionFactory.java:630)- Attempting to connect to: [192.168.10.110:5672]
2023-07-02 14:55:22,603 INFO (AbstractConnectionFactory.java:630)- Attempting to connect to: [192.168.10.110:5672]
2023-07-02 14:55:46,638 INFO (AbstractConnectionFactory.java:630)- Attempting to connect to: [192.168.10.110:5672]
2023-07-02 14:56:07,686 WARN (AbstractHealthIndicator.java:94)- Rabbit health check failed
org.springframework.amqp.AmqpConnectException: java.net.ConnectException: Connection timed out: no further information
	at org.springframework.amqp.rabbit.support.RabbitExceptionTranslator.convertRabbitAccessException(RabbitExceptionTranslator.java:61)
	at org.springframework.amqp.rabbit.connection.AbstractConnectionFactory.createBareConnection(AbstractConnectionFactory.java:594)
	at org.springframework.amqp.rabbit.connection.CachingConnectionFactory.createConnection(CachingConnectionFactory.java:687)
	at org.springframework.amqp.rabbit.connection.ConnectionFactoryUtils.createConnection(ConnectionFactoryUtils.java:257)
	at org.springframework.amqp.rabbit.core.RabbitTemplate.doExecute(RabbitTemplate.java:2225)
	at org.springframework.amqp.rabbit.core.RabbitTemplate.lambda$execute$13(RabbitTemplate.java:2187)
	at org.springframework.retry.support.RetryTemplate.doExecute(RetryTemplate.java:329)
	at org.springframework.retry.support.RetryTemplate.execute(RetryTemplate.java:225)
	at org.springframework.amqp.rabbit.core.RabbitTemplate.execute(RabbitTemplate.java:2186)
	at org.springframework.amqp.rabbit.core.RabbitTemplate.execute(RabbitTemplate.java:2178)
	at org.springframework.boot.actuate.amqp.RabbitHealthIndicator.getVersion(RabbitHealthIndicator.java:49)
	at org.springframework.boot.actuate.amqp.RabbitHealthIndicator.doHealthCheck(RabbitHealthIndicator.java:44)
	at org.springframework.boot.actuate.health.AbstractHealthIndicator.health(AbstractHealthIndicator.java:82)
	at org.springframework.boot.actuate.health.HealthIndicator.getHealth(HealthIndicator.java:37)
	at org.springframework.boot.actuate.health.HealthEndpoint.getHealth(HealthEndpoint.java:82)
	at org.springframework.boot.actuate.health.HealthEndpoint.getHealth(HealthEndpoint.java:41)
	at org.springframework.boot.actuate.health.HealthEndpointSupport.getLoggedHealth(HealthEndpointSupport.java:172)
	at org.springframework.boot.actuate.health.HealthEndpointSupport.getContribution(HealthEndpointSupport.java:145)
	at org.springframework.boot.actuate.health.HealthEndpointSupport.getAggregateContribution(HealthEndpointSupport.java:156)
	at org.springframework.boot.actuate.health.HealthEndpointSupport.getContribution(HealthEndpointSupport.java:141)
	at org.springframework.boot.actuate.health.HealthEndpointSupport.getHealth(HealthEndpointSupport.java:110)
	at org.springframework.boot.actuate.health.HealthEndpointSupport.getHealth(HealthEndpointSupport.java:81)
	at org.springframework.boot.actuate.health.HealthEndpoint.health(HealthEndpoint.java:76)
	at org.springframework.boot.actuate.health.HealthEndpoint.health(HealthEndpoint.java:66)
	at java.base/jdk.internal.reflect.NativeMethodAccessorImpl.invoke0(Native Method)
	at java.base/jdk.internal.reflect.NativeMethodAccessorImpl.invoke(NativeMethodAccessorImpl.java:77)
	at java.base/jdk.internal.reflect.DelegatingMethodAccessorImpl.invoke(DelegatingMethodAccessorImpl.java:43)
	at java.base/java.lang.reflect.Method.invoke(Method.java:568)
	at org.springframework.util.ReflectionUtils.invokeMethod(ReflectionUtils.java:281)
	at org.springframework.boot.actuate.endpoint.invoke.reflect.ReflectiveOperationInvoker.invoke(ReflectiveOperationInvoker.java:74)
	at org.springframework.boot.actuate.endpoint.annotation.AbstractDiscoveredOperation.invoke(AbstractDiscoveredOperation.java:60)
	at org.springframework.boot.actuate.endpoint.jmx.EndpointMBean.invoke(EndpointMBean.java:124)
	at org.springframework.boot.actuate.endpoint.jmx.EndpointMBean.invoke(EndpointMBean.java:97)
	at java.management/com.sun.jmx.interceptor.DefaultMBeanServerInterceptor.invoke(DefaultMBeanServerInterceptor.java:814)
	at java.management/com.sun.jmx.mbeanserver.JmxMBeanServer.invoke(JmxMBeanServer.java:802)
	at java.management.rmi/javax.management.remote.rmi.RMIConnectionImpl.doOperation(RMIConnectionImpl.java:1472)
	at java.management.rmi/javax.management.remote.rmi.RMIConnectionImpl$PrivilegedOperation.run(RMIConnectionImpl.java:1310)
	at java.management.rmi/javax.management.remote.rmi.RMIConnectionImpl.doPrivilegedOperation(RMIConnectionImpl.java:1405)
	at java.management.rmi/javax.management.remote.rmi.RMIConnectionImpl.invoke(RMIConnectionImpl.java:829)
	at java.base/jdk.internal.reflect.GeneratedMethodAccessor51.invoke(Unknown Source)
	at java.base/jdk.internal.reflect.DelegatingMethodAccessorImpl.invoke(DelegatingMethodAccessorImpl.java:43)
	at java.base/java.lang.reflect.Method.invoke(Method.java:568)
	at java.rmi/sun.rmi.server.UnicastServerRef.dispatch(UnicastServerRef.java:360)
	at java.rmi/sun.rmi.transport.Transport$1.run(Transport.java:200)
	at java.rmi/sun.rmi.transport.Transport$1.run(Transport.java:197)
	at java.base/java.security.AccessController.doPrivileged(AccessController.java:712)
	at java.rmi/sun.rmi.transport.Transport.serviceCall(Transport.java:196)
	at java.rmi/sun.rmi.transport.tcp.TCPTransport.handleMessages(TCPTransport.java:587)
	at java.rmi/sun.rmi.transport.tcp.TCPTransport$ConnectionHandler.run0(TCPTransport.java:828)
	at java.rmi/sun.rmi.transport.tcp.TCPTransport$ConnectionHandler.lambda$run$0(TCPTransport.java:705)
	at java.base/java.security.AccessController.doPrivileged(AccessController.java:399)
	at java.rmi/sun.rmi.transport.tcp.TCPTransport$ConnectionHandler.run(TCPTransport.java:704)
	at java.base/java.util.concurrent.ThreadPoolExecutor.runWorker(ThreadPoolExecutor.java:1136)
	at java.base/java.util.concurrent.ThreadPoolExecutor$Worker.run(ThreadPoolExecutor.java:635)
	at java.base/java.lang.Thread.run(Thread.java:833)
Caused by: java.net.ConnectException: Connection timed out: no further information
	at java.base/sun.nio.ch.Net.pollConnect(Native Method)
	at java.base/sun.nio.ch.Net.pollConnectNow(Net.java:672)
	at java.base/sun.nio.ch.NioSocketImpl.timedFinishConnect(NioSocketImpl.java:549)
	at java.base/sun.nio.ch.NioSocketImpl.connect(NioSocketImpl.java:597)
	at java.base/java.net.SocksSocketImpl.connect(SocksSocketImpl.java:327)
	at java.base/java.net.Socket.connect(Socket.java:633)
	at com.rabbitmq.client.impl.SocketFrameHandlerFactory.create(SocketFrameHandlerFactory.java:59)
	at com.rabbitmq.client.ConnectionFactory.newConnection(ConnectionFactory.java:1223)
	at com.rabbitmq.client.ConnectionFactory.newConnection(ConnectionFactory.java:1173)
	at org.springframework.amqp.rabbit.connection.AbstractConnectionFactory.connectAddresses(AbstractConnectionFactory.java:632)
	at org.springframework.amqp.rabbit.connection.AbstractConnectionFactory.connect(AbstractConnectionFactory.java:607)
	at org.springframework.amqp.rabbit.connection.AbstractConnectionFactory.createBareConnection(AbstractConnectionFactory.java:557)
	... 53 common frames omitted
2023-07-02 14:56:07,691 WARN (HealthEndpointSupport.java:181)- Health contributor org.springframework.boot.actuate.amqp.RabbitHealthIndicator (rabbit) took 69135ms to respond
2023-07-02 14:56:07,696 INFO (HikariDataSource.java:110)- HikariPool-1 - Starting...
2023-07-02 14:56:07,915 INFO (HikariPool.java:565)- HikariPool-1 - Added connection com.mysql.cj.jdbc.ConnectionImpl@3199ac4
2023-07-02 14:56:07,929 INFO (HikariDataSource.java:123)- HikariPool-1 - Start completed.
2023-07-02 15:00:26,997 WARN (HttpClientBeanHolder.java:102)- [HttpClientBeanHolder] Start destroying common HttpClient
2023-07-02 15:00:26,997 WARN (NotifyCenter.java:136)- [NotifyCenter] Start destroying Publisher
2023-07-02 15:00:26,999 WARN (NotifyCenter.java:153)- [NotifyCenter] Destruction of the end
2023-07-02 15:00:26,999 WARN (HttpClientBeanHolder.java:111)- [HttpClientBeanHolder] Destruction of the end
2023-07-02 15:00:27,002 INFO (QuartzScheduler.java:585)- Scheduler quartzScheduler_$_NON_CLUSTERED paused.
2023-07-02 15:00:27,004 INFO (Undertow.java:259)- stopping server: Undertow - 2.3.4.Final
2023-07-02 15:00:27,012 INFO (ServletContextImpl.java:372)- Destroying Spring FrameworkServlet 'dispatcherServlet'
2023-07-02 15:00:27,019 INFO (SchedulerFactoryBean.java:847)- Shutting down Quartz Scheduler
2023-07-02 15:00:27,019 INFO (QuartzScheduler.java:666)- Scheduler quartzScheduler_$_NON_CLUSTERED shutting down.
2023-07-02 15:00:27,019 INFO (QuartzScheduler.java:585)- Scheduler quartzScheduler_$_NON_CLUSTERED paused.
2023-07-02 15:00:27,020 INFO (QuartzScheduler.java:740)- Scheduler quartzScheduler_$_NON_CLUSTERED shutdown complete.
2023-07-02 15:00:27,024 INFO (NacosServiceRegistry.java:95)- De-registering from Nacos Server now...
2023-07-02 15:00:27,024 INFO (NamingGrpcClientProxy.java:216)- [DEREGISTER-SERVICE] public deregistering service novel-user-service with instance: Instance{instanceId='null', ip='192.168.43.1', port=9060, weight=1.0, healthy=true, enabled=true, ephemeral=true, clusterName='DEFAULT', serviceName='null', metadata={}}
2023-07-02 15:00:27,028 INFO (NacosServiceRegistry.java:115)- De-registration finished.
2023-07-02 15:00:27,030 INFO (ServiceInfoHolder.java:256)- com.alibaba.nacos.client.naming.cache.ServiceInfoHolder do shutdown begin
2023-07-02 15:00:27,030 INFO (FailoverReactor.java:133)- com.alibaba.nacos.client.naming.backups.FailoverReactor do shutdown begin
2023-07-02 15:00:27,030 INFO (FailoverReactor.java:135)- com.alibaba.nacos.client.naming.backups.FailoverReactor do shutdown stop
2023-07-02 15:00:27,030 INFO (ServiceInfoHolder.java:258)- com.alibaba.nacos.client.naming.cache.ServiceInfoHolder do shutdown stop
2023-07-02 15:00:27,030 INFO (NamingClientProxyDelegate.java:204)- com.alibaba.nacos.client.naming.remote.NamingClientProxyDelegate do shutdown begin
2023-07-02 15:00:27,030 INFO (ServiceInfoUpdateService.java:143)- com.alibaba.nacos.client.naming.core.ServiceInfoUpdateService do shutdown begin
2023-07-02 15:00:27,030 INFO (ServiceInfoUpdateService.java:145)- com.alibaba.nacos.client.naming.core.ServiceInfoUpdateService do shutdown stop
2023-07-02 15:00:27,030 INFO (ServerListManager.java:194)- com.alibaba.nacos.client.naming.core.ServerListManager do shutdown begin
2023-07-02 15:00:27,030 WARN (NamingHttpClientManager.java:74)- [NamingHttpClientManager] Start destroying NacosRestTemplate
2023-07-02 15:00:27,031 WARN (NamingHttpClientManager.java:81)- [NamingHttpClientManager] Destruction of the end
2023-07-02 15:00:27,031 INFO (ServerListManager.java:199)- com.alibaba.nacos.client.naming.core.ServerListManager do shutdown stop
2023-07-02 15:00:27,031 INFO (NamingHttpClientProxy.java:484)- com.alibaba.nacos.client.naming.remote.http.NamingHttpClientProxy do shutdown begin
2023-07-02 15:00:27,031 WARN (NamingHttpClientManager.java:74)- [NamingHttpClientManager] Start destroying NacosRestTemplate
2023-07-02 15:00:27,031 WARN (NamingHttpClientManager.java:81)- [NamingHttpClientManager] Destruction of the end
2023-07-02 15:00:27,031 INFO (NamingHttpClientProxy.java:486)- com.alibaba.nacos.client.naming.remote.http.NamingHttpClientProxy do shutdown stop
2023-07-02 15:00:27,031 INFO (RpcClient.java:425)- Shutdown rpc client, set status to shutdown
2023-07-02 15:00:27,031 INFO (RpcClient.java:427)- Shutdown client event executor java.util.concurrent.ScheduledThreadPoolExecutor@761388d[Running, pool size = 2, active threads = 2, queued tasks = 0, completed tasks = 0]
2023-07-02 15:00:27,031 INFO (RpcClient.java:580)- Close current connection 1688280897983_127.0.0.1_50597
2023-07-02 15:00:27,033 INFO (LoggerUtils.java:60)- [1688280897983_127.0.0.1_50597]Ignore complete event,isRunning:false,isAbandon=false
2023-07-02 15:00:27,033 INFO (GrpcClient.java:140)- Shutdown grpc executor java.util.concurrent.ThreadPoolExecutor@6bc73ac0[Running, pool size = 4, active threads = 1, queued tasks = 0, completed tasks = 88]
2023-07-02 15:00:27,033 INFO (NamingGrpcRedoService.java:292)- Shutdown grpc redo service executor java.util.concurrent.ScheduledThreadPoolExecutor@2b873202[Running, pool size = 1, active threads = 0, queued tasks = 1, completed tasks = 109]
2023-07-02 15:00:27,033 INFO (CredentialWatcher.java:106)- [null] CredentialWatcher is stopped
2023-07-02 15:00:27,033 INFO (CredentialService.java:100)- [null] CredentialService is freed
2023-07-02 15:00:27,034 INFO (NamingClientProxyDelegate.java:211)- com.alibaba.nacos.client.naming.remote.NamingClientProxyDelegate do shutdown stop
2023-07-02 15:00:27,053 INFO (HikariDataSource.java:350)- HikariPool-1 - Shutdown initiated...
2023-07-02 15:00:27,060 INFO (HikariDataSource.java:352)- HikariPool-1 - Shutdown completed.
